2020-05-07 11:17:29.743 [main] ERROR s.d.s.web.plugins.DocumentationPluginsBootstrapper - Unable to scan documentation context default
com.google.common.util.concurrent.UncheckedExecutionException: java.lang.NullPointerException
	at com.google.common.cache.LocalCache$Segment.get(LocalCache.java:2214)
	at com.google.common.cache.LocalCache.get(LocalCache.java:4053)
	at com.google.common.cache.LocalCache.getOrLoad(LocalCache.java:4057)
	at com.google.common.cache.LocalCache$LocalLoadingCache.get(LocalCache.java:4986)
	at com.google.common.cache.LocalCache$LocalLoadingCache.getUnchecked(LocalCache.java:4992)
	at springfox.documentation.spring.web.scanners.CachingOperationReader.read(CachingOperationReader.java:57)
	at springfox.documentation.spring.web.scanners.ApiDescriptionReader.read(ApiDescriptionReader.java:70)
	at springfox.documentation.spring.web.scanners.ApiListingScanner.scan(ApiListingScanner.java:90)
	at springfox.documentation.spring.web.scanners.ApiDocumentationScanner.scan(ApiDocumentationScanner.java:71)
	at springfox.documentation.spring.web.plugins.DocumentationPluginsBootstrapper.scanDocumentation(DocumentationPluginsBootstrapper.java:96)
	at springfox.documentation.spring.web.plugins.DocumentationPluginsBootstrapper.start(DocumentationPluginsBootstrapper.java:158)
	at org.springframework.context.support.DefaultLifecycleProcessor.doStart(DefaultLifecycleProcessor.java:182)
	at org.springframework.context.support.DefaultLifecycleProcessor.access$200(DefaultLifecycleProcessor.java:53)
	at org.springframework.context.support.DefaultLifecycleProcessor$LifecycleGroup.start(DefaultLifecycleProcessor.java:360)
	at org.springframework.context.support.DefaultLifecycleProcessor.startBeans(DefaultLifecycleProcessor.java:158)
	at org.springframework.context.support.DefaultLifecycleProcessor.onRefresh(DefaultLifecycleProcessor.java:122)
	at org.springframework.context.support.AbstractApplicationContext.finishRefresh(AbstractApplicationContext.java:894)
	at org.springframework.boot.web.servlet.context.ServletWebServerApplicationContext.finishRefresh(ServletWebServerApplicationContext.java:162)
	at org.springframework.context.support.AbstractApplicationContext.refresh(AbstractApplicationContext.java:553)
	at org.springframework.boot.web.servlet.context.ServletWebServerApplicationContext.refresh(ServletWebServerApplicationContext.java:141)
	at org.springframework.boot.SpringApplication.refresh(SpringApplication.java:747)
	at org.springframework.boot.SpringApplication.refreshContext(SpringApplication.java:397)
	at org.springframework.boot.SpringApplication.run(SpringApplication.java:315)
	at org.springframework.boot.SpringApplication.run(SpringApplication.java:1226)
	at org.springframework.boot.SpringApplication.run(SpringApplication.java:1215)
	at com.nine.one.yuedu.read.NineOneYueDuApplication.main(NineOneYueDuApplication.java:12)
Caused by: java.lang.NullPointerException: null
	at com.google.common.base.Preconditions.checkNotNull(Preconditions.java:770)
	at com.google.common.collect.SingletonImmutableSet.<init>(SingletonImmutableSet.java:45)
	at com.google.common.collect.ImmutableSet.of(ImmutableSet.java:60)
	at com.google.common.collect.ImmutableSet.copyOf(ImmutableSet.java:280)
	at com.google.common.collect.ImmutableSet.copyOf(ImmutableSet.java:262)
	at com.google.common.collect.FluentIterable.toSet(FluentIterable.java:646)
	at springfox.documentation.builders.ParameterMerger.merged(ParameterMerger.java:47)
	at springfox.documentation.builders.OperationBuilder.parameters(OperationBuilder.java:197)
	at springfox.documentation.spring.web.readers.operation.OperationParameterReader.apply(OperationParameterReader.java:74)
	at springfox.documentation.spring.web.plugins.DocumentationPluginsManager.operation(DocumentationPluginsManager.java:120)
	at springfox.documentation.spring.web.readers.operation.ApiOperationReader.read(ApiOperationReader.java:73)
	at springfox.documentation.spring.web.scanners.CachingOperationReader$1.load(CachingOperationReader.java:50)
	at springfox.documentation.spring.web.scanners.CachingOperationReader$1.load(CachingOperationReader.java:48)
	at com.google.common.cache.LocalCache$LoadingValueReference.loadFuture(LocalCache.java:3628)
	at com.google.common.cache.LocalCache$Segment.loadSync(LocalCache.java:2336)
	at com.google.common.cache.LocalCache$Segment.lockedGetOrLoad(LocalCache.java:2295)
	at com.google.common.cache.LocalCache$Segment.get(LocalCache.java:2208)
	... 25 common frames omitted
