2020-05-15 10:43:04.339 [main] INFO  com.nine.one.yuedu.read.NineOneYueDuApplication - Starting NineOneYueDuApplication on 192.168.0.104 with PID 97013 (/Users/wangyuliang/ideaProjects/91yuedu-read/target/classes started by wangyuliang in /Users/wangyuliang/ideaProjects/91yuedu-read)
2020-05-15 10:43:04.341 [main] INFO  com.nine.one.yuedu.read.NineOneYueDuApplication - No active profile set, falling back to default profiles: default
2020-05-15 10:43:05.166 [main] INFO  o.s.d.r.config.RepositoryConfigurationDelegate - Multiple Spring Data modules found, entering strict repository configuration mode!
2020-05-15 10:43:05.169 [main] INFO  o.s.d.r.config.RepositoryConfigurationDelegate - Bootstrapping Spring Data Redis repositories in DEFAULT mode.
2020-05-15 10:43:05.203 [main] INFO  o.s.d.r.config.RepositoryConfigurationDelegate - Finished Spring Data repository scanning in 15ms. Found 0 Redis repository interfaces.
2020-05-15 10:43:05.664 [main] INFO  o.s.boot.web.embedded.tomcat.TomcatWebServer - Tomcat initialized with port(s): 9004 (http)
2020-05-15 10:43:05.672 [main] INFO  org.apache.coyote.http11.Http11NioProtocol - Initializing ProtocolHandler ["http-nio-9004"]
2020-05-15 10:43:05.672 [main] INFO  org.apache.catalina.core.StandardService - Starting service [Tomcat]
2020-05-15 10:43:05.672 [main] INFO  org.apache.catalina.core.StandardEngine - Starting Servlet engine: [Apache Tomcat/9.0.33]
2020-05-15 10:43:05.739 [main] INFO  o.a.c.core.ContainerBase.[Tomcat].[localhost].[/] - Initializing Spring embedded WebApplicationContext
2020-05-15 10:43:05.739 [main] INFO  org.springframework.web.context.ContextLoader - Root WebApplicationContext: initialization completed in 1360 ms
2020-05-15 10:43:05.880 [main] INFO  c.a.d.s.b.a.DruidDataSourceAutoConfigure - Init DruidDataSource
2020-05-15 10:43:06.502 [main] INFO  com.alibaba.druid.pool.DruidDataSource - {dataSource-1} inited
2020-05-15 10:43:10.292 [main] INFO  s.d.s.w.PropertySourcedRequestMappingHandlerMapping - Mapped URL path [/v2/api-docs] onto method [springfox.documentation.swagger2.web.Swagger2Controller#getDocumentation(String, HttpServletRequest)]
2020-05-15 10:43:10.348 [main] INFO  o.s.b.a.s.s.UserDetailsServiceAutoConfiguration - 

Using generated security password: 23e0387a-0aef-4fb3-acaa-f5a01c5a56a5

2020-05-15 10:43:10.435 [main] INFO  o.s.security.web.DefaultSecurityFilterChain - Creating filter chain: any request, [org.springframework.security.web.context.request.async.WebAsyncManagerIntegrationFilter@7a65a360, org.springframework.security.web.context.SecurityContextPersistenceFilter@5e180aaf, org.springframework.security.web.header.HeaderWriterFilter@113ee1ce, org.springframework.security.web.authentication.logout.LogoutFilter@1f4f0fcc, org.springframework.security.web.savedrequest.RequestCacheAwareFilter@44592c39, org.springframework.security.web.servletapi.SecurityContextHolderAwareRequestFilter@1df5c7e3, org.springframework.security.web.authentication.AnonymousAuthenticationFilter@30a7653e, org.springframework.security.web.session.SessionManagementFilter@c3719e5, org.springframework.security.web.access.ExceptionTranslationFilter@58dad04a, org.springframework.security.web.access.intercept.FilterSecurityInterceptor@16b3c905]
2020-05-15 10:43:10.531 [main] INFO  o.s.scheduling.concurrent.ThreadPoolTaskExecutor - Initializing ExecutorService 'applicationTaskExecutor'
2020-05-15 10:43:10.965 [main] INFO  s.d.s.web.plugins.DocumentationPluginsBootstrapper - Context refreshed
2020-05-15 10:43:10.982 [main] INFO  s.d.s.web.plugins.DocumentationPluginsBootstrapper - Found 1 custom documentation plugin(s)
2020-05-15 10:43:11.009 [main] INFO  s.d.spring.web.scanners.ApiListingReferenceScanner - Scanning for api listing references
2020-05-15 10:43:11.160 [main] INFO  s.d.s.w.r.operation.CachingOperationNameGenerator - Generating unique operation named: uploadHeadUsingPOST_1
2020-05-15 10:43:11.197 [main] INFO  s.d.s.w.r.operation.CachingOperationNameGenerator - Generating unique operation named: findByIdUsingGET_1
2020-05-15 10:43:11.202 [main] INFO  s.d.s.w.r.operation.CachingOperationNameGenerator - Generating unique operation named: uploadHeadUsingPOST_2
2020-05-15 10:43:11.218 [main] INFO  org.apache.coyote.http11.Http11NioProtocol - Starting ProtocolHandler ["http-nio-9004"]
2020-05-15 10:43:11.245 [main] INFO  o.s.boot.web.embedded.tomcat.TomcatWebServer - Tomcat started on port(s): 9004 (http) with context path ''
2020-05-15 10:43:11.248 [main] INFO  com.nine.one.yuedu.read.NineOneYueDuApplication - Started NineOneYueDuApplication in 7.266 seconds (JVM running for 7.864)
2020-05-15 10:48:24.234 [http-nio-9004-exec-1] INFO  o.a.c.core.ContainerBase.[Tomcat].[localhost].[/] - Initializing Spring DispatcherServlet 'dispatcherServlet'
2020-05-15 10:48:24.235 [http-nio-9004-exec-1] INFO  org.springframework.web.servlet.DispatcherServlet - Initializing Servlet 'dispatcherServlet'
2020-05-15 10:48:24.246 [http-nio-9004-exec-1] INFO  org.springframework.web.servlet.DispatcherServlet - Completed initialization in 11 ms
2020-05-15 10:48:31.513 [http-nio-9004-exec-3] INFO  c.n.o.yuedu.read.service.impl.BookInfoServiceImpl - 分页查询的数据为:
2020-05-15 10:48:59.407 [http-nio-9004-exec-10] INFO  c.n.one.yuedu.read.service.impl.ChapterServiceImpl - 检查之后扶着太上皇走出来，太上皇如今可惜身得很，出入还得要扶着，唯恐摔倒，这可是前所未见。
元卿凌和他们在廊下说了会儿话，元卿凌猜知道原来当年他们几个住在肃王府里头，是安丰王妃带着的，长嫂如母，是真真的把他们几个当儿子看待。
“如今我们几个倒是聚得多一些，早几年，也是各有各的忙，褚小五尤其的不愿意来乾坤殿，不想见小喜，孤其实也曾生气，但罢了，他已经在外头为北唐忙得焦头烂额，也就原谅了他。”太上皇自顾自地说着，整个人的情绪处于极度的亢奋中，平南王要回来的消息，让他仿佛打了鸡血。
褚小五？元卿凌看向褚首辅，他不是叫褚大吗？怎地叫褚小五？
褚首辅笑笑，“如今一切都好了。”
阳光徐徐照着几位暮年老者，他们眼底都有一种悠远的情怀，可见大家都沉浸在当年之中，元卿凌觉得这简直是一幅最美好的画卷，少年情谊，相伴到老。
她也希望，到她年迈的时候，除了膝下儿孙环绕，昔日旧人也能一一陪伴在身侧，哪怕不能日日相见，可想见的时候，人就在不远处，如此人生，还有什么遗憾？
说了一会儿话，褚首辅与逍遥公又忙活去了，元卿凌也去了一趟前殿，给明元帝看看。
明元帝的病情没有这么严重，三天食不下饭之后，再进食就腹痛胃痛，元卿凌给了药之后，配合御医的治疗，如今已经好多，只是肝火郁结也有。
放权是他的安排，也是和宇文皓那日在御书房商议的决定，太子监国，各处衙门也定然不若原先稳固，若有人要钻空子，眼下是最好的时候。
明元帝在躺在廊前的贵妃椅上，扈妃伺候在侧，给他念着话本，整个殿中，除扈妃的声音之外，静悄悄的，再无其他声响。
元卿凌福身见过，扈妃把话本放在了竹案上，揉揉眉心，“可算是有个人来了。”
元卿凌笑笑，她知道不是无人来，而是父皇谁也不见。
元卿凌问安，“父皇可觉得好些了？”
明元帝瘦了一圈，下巴都尖了，眼底也是一圈的淤青，近乎黑色了，可见睡眠极为不好，他懒洋洋地道：“好多了，只是依旧不能入睡。”
“一直都睡不着？”元卿凌问道。
“夜里不能睡，白天也不能睡。”扈妃轻声道，眉目里染着担忧之色。
元卿凌道：“那没叫御医开安神茶？”
“开了酸枣仁茶，但是喝下去没多大效果。”扈妃也代为解答。
元卿凌打开药箱，从里头取出了一瓶药，递给扈妃，“这是安眠药，但不可多服，实在睡不着就吃一颗，只是副作用大，睡醒之后没精神。”
“那就如今吃一颗！”明元帝显然是累得很，想睡过去，好让脑子静下来。
扈妃便给他倒了一颗，他直接便咽下，扈妃刚拿水上手，见他已经吃了，道：“那就再喝一口水。”
“不喝了，搁下吧！”明元帝显得毫无精神。
扈妃轻轻叹气，“吃不下，水也不喝，这怎么成呢？除了汤药，这几天都没沾过别的。”
明元帝拍了拍她的手背，“你也不必总是在这里守着，穆如在外头呢，回去歇会儿。”
扈妃摇头，这几天，她也跟着瘦了些，“回去能休息，心不安，在这里守着你，心里头便踏实。”
明元帝缓缓地闭上眼睛，整个人觉得乏力，“你还是要把心思多放一些在老十的身上，或者帮着皇贵妃料理宫中的事，朕总有先你们而去的时候。”
扈妃听得这话，倏然而惊，“你怎可胡说？以后再不许说这样的话。”
明元帝唇角扬了扬，挤出了一个无力的笑，“终究会这样，不也不能避免。”
扈妃眼底迅速蓄泪，颤声道：“你非得这样让我难过不可么？”
明元帝便睁开眸子，伸手抓住她的手，“好，不说也罢。”
元卿凌知道因着宇文君的死，父皇心里头灰暗得很，目睹亲人的离世，除了伤心难过之外，不免也会感怀自身，她轻声道：“父皇，您要保重龙体，老五肩膀太嫩，许多东西，他背不起！”
明元帝便眯起眼睛笑了起来，“合着你到朕跟前，是为老五鸣冤了？”
“不敢！”元卿凌可还真想鸣冤，一个老五给开成几块用了，哪哪都似乎离不了他，事实上，自打宇文君的丧事之后，他们夫妻之间几天没怎么说过话了，他回来的时候她睡了，早上她没起，他已经出门，家里都成旅店，就别提去镜湖，连一起吃顿饭的时间都没。
明元帝道：“朕知道难为了他，但为君父分忧，他责无旁贷！且这江山迟早是他的，他提前辛苦一下，也并无不可，他总有登基的那一天。”
扈妃潸然泪下。
这话对她来说太残忍了，因为若太子登基，意味着他已经山崩了。
“哭什么？不过是闲话而已。”明元帝还是心疼小妻，伸手给她擦眼泪。
扈妃咬牙，杏眼圆瞪，“臣妾只求您，莫再说这样的话，这日子本就不好够了，还三番四次地提这些叫人伤心的话，就这么恨我么？”
明元帝笑了起来，眸色一下子柔和了下来，“这才是你，不要为朕担心，不要委曲求全，就这样。”
元卿凌拿开药箱，另外开一些药，他的胃病其实也比较严重，当皇帝着实也是辛苦活儿，这些年也没停下来的时候，遇到国中发生大事，常常是废寝忘餐，长久下来，胃就不行了。
等元卿凌开好药之后，走出去一看，明元帝却是睡着了，扈妃轻轻地为他搭上被褥，招呼穆如公公进来守着，她蹑手蹑脚地进了殿，拉着元卿凌的手坐下来。
“太子妃，你如实告诉我，皇上的情况是否很严重？”扈妃虽然每日守在身边，但说病情的时候，总是避开她的，她担心得不行。
“不是特别严重，但还是要注意。”元卿凌道。
扈妃眼底涩红，哽咽道：“你们休得瞒我，每一回说病情都瞒着我，且他吃不下，也睡不着，人足足瘦了一圈。”
元卿凌心道：他的病情本不是十分严重，瞒着说病情，只是不想让人知道病情尚轻，没想倒是让扈妃误会了。
正欲劝慰，却听得扈妃哭泣道：“他若有什么事，我也不活了。”

2020-05-15 10:49:02.754 [http-nio-9004-exec-1] INFO  c.n.one.yuedu.read.service.impl.ChapterServiceImpl - 北唐，楚王府凤仪阁。
蜡烛摇曳，照影着房中处处张贴的半旧大红喜字，光影从烫金边散开柔和的芒荧，漫着墙上奋力交缠着的一双影子。
元卿凌被楚王压在了身下，衣衫被大肆扯开，露出光滑柔嫩的肌肤。
她脸上没有一丝情谷欠，只有隐忍和不甘。
成亲一年，他不曾碰过她半根指头，前天入宫，太后看着她平坦的小腹，叹了口气，甚是失望，且提起了娶侧妃之事，她才不得已告知太后他们成亲一年，还没圆房。
她不想哭诉告状，她只是，不甘心啊。
从十三岁第一次见他，她的心便系在了他的身上，用尽了所有的办法，终于嫁给他为妃。本以为，再冷的石头，她也能捂热，可她始终是高估了自己。
明明是她的夫君，她却看不到他眼底有丝毫的怜悯，只有执狂的恨意。
“呃……”
身下传来尖锐的痛楚，她忍不住闷哼了一声，但在看到他眼底的冷意之后，那痛楚仿佛毒针般狠狠往心底里钻去。
心里莫名涌出一股恨意，她抱住他的身躯，费力撑起身子，用力咬住他的唇。
鲜血溢出，腥甜的血液滴入了她的口中。
他眸色一沉，修长的身体从她身上起来，一巴掌劈向她的脸，夹着玉碎般的冷意，“元卿凌，本王如你所愿与你圆房，可从今往后，本王与你形同陌路。”
元卿凌笑了起来，笑得绝望悲凉，“你果然恨我。”
出嫁之前，母亲教过她房中之事，可他喝了迷，情药前来，只破了她的身子，便再无一丝眷恋地起身。
青袍一卷，裹住了他强壮结实的身体，修长的腿一踢，桌子椅子轰然倒地，东西碎乱满地，他声音裹着冷意，凤眼尽是鄙夷，“恨？你不配，本王只是厌恶你，在本王眼中，你便如那逐臭的蝇虫，叫人憎恶，否则，本王也不需要喝药才来与你圆房。”
他旋风般出了去，她看着青袍消失在门口，只有冰冷的风从门口卷入来，瞬间便冷却了她的心。
他的声音远远地传来，“以后不必把她当主子看，只当我楚王府多养了一条狗。”
痛，真痛啊，她如愿以偿与他圆房了，但是，他却用这种方式，碾碎了她的心。
她拔出头上的簪子……
凤仪宫中，传出侍女的惊叫声。
“王妃自尽了……”
黑沉笼罩着凤仪阁，其嬷嬷送了大夫出去，转身寒着脸进了屋中。
“王妃若要死，等王爷休了你回去再死，休得脏了王府的地，再给王爷沾了晦气。”
元卿凌慢慢地睁开眼睛，看着眼前这个满脸凶恶的妇女。
“水……”
她嗓子干得要命，简直快冒烟了。
“有本事去死，就有本事自己倒水喝。”其嬷嬷说完，厌恶地看了她一眼，呸了一声便出去了。
元卿凌挣扎着起身，全身像散架一样的疼，趴在桌子上，颤巍巍地倒了一杯水，咕咚咕咚地喝下去，才觉得是真的活过来了。
她看向自己手腕上的伤口，有片刻的怔忡，到现在还不太能接受眼前所发生的一切。
她从小便被称为神童，十岁读完高三后被广市医科大学录取读现代临床医学，十六岁读博，是二十二世纪最年轻的博士研究生，之后她没有从医，而是读了生物医学，拿下博士学位之后又醉心病毒学，在病毒研究所浸淫了两年，被一家生物公司聘用研发一种刺激开发大脑的药物。


2020-05-15 10:49:09.668 [http-nio-9004-exec-2] INFO  c.n.one.yuedu.read.service.impl.ChapterServiceImpl - 她是注射了自己研发的药物之后便昏倒，醒来，便在这里了。
脑子里有些不属于她的记忆在慢慢地和自己的记忆交缠。
静候嫡女元卿凌，思慕楚王宇文皓已久，十五岁及笄后，到公主府饮宴，设下计谋陷害楚王“轻薄”了她，一番寻死觅活之下，得偿所愿成为楚王妃。
只可惜，嫁入王府一年，费尽心思，楚王连看都没看她一眼。
工科女，虽没谈过恋爱，但是从身体的酸痛和某个部位残留的撕裂疼痛告诉她，在原主死之前，应该是经历了一场侵略性的行为。
原主残留在她脑子里的记忆也证实了这一点。
从天才博士晋升到某不知名朝代的楚王妃，元卿凌唯一可惜的是她手头上的研究项目不能再进行了。
灵魂穿越这种一点都不科学的事情，发生在她的身上，她没有太过忧虑自己的处境，反而想着如果自己能再回到现代，她或许会去研究灵异学。
失血过多让她的觉得脑子昏昏沉沉，她干脆什么都不想，走回床前，倒头就睡。
也不知道过去了多久，外面，传来一声巨响，伴随着一声惨烈的痛叫声。
“快，快去叫大夫！”
门外，传来了其嬷嬷急促而凌乱的声音。
血腥的味道，从虚掩的木门透进来。
元卿凌双手扶着椅子，稳住虚浮的脚步看了出去。
只见其嬷嬷和一名侍女扶着一名小厮坐在廊前，那小厮的眼睛汩汩流血，有东西插在了眼睛里，急痛得放声大哭。
其嬷嬷着急得很，想伸手为他捂住流血的地方，可那尖锐物就突出在眼球上，她便想把那尖锐物拔掉。
元卿凌见状，也不顾身体各处都疼痛，快步走了出去，“不许动！”
其嬷嬷吓了一跳，回头见是她，没好气地道：“没王妃什么事，王妃回去吧。”
元卿凌看了一下，心中稍松，那尖锐物是一枚钉子，不是插入眼球，而是在眼角边缘擦着眼角插了进去。
钉子没入很深，若强行拔掉，会伤了角膜甚至引起眼球爆破。
“镊子，棉花，针，烈酒，再以乌头、莨菪子、麻蕡、羊踯躅，曼陀罗花熬汤拿上来，要快！”元卿凌拉开其嬷嬷，沉稳地吩咐道。
其嬷嬷一把推开她，狂怒地道：“你别碰我孙子。”
“你等到大夫……”
其嬷嬷见她还要再说，竟用了狠戾使劲推搡她进了屋中，把门关起来。
元卿凌被推跌在地上，脑子里有一句冰冷的话在回荡，“不必把她当主子看待，便当我楚王府多养了一条狗。”
她只是一条狗，自然，下人们也不会尊重她。
元卿凌慢慢地躺回了床上，听着外头那小厮的痛哭声，心里很沉重无力。
声音渐渐地远去，应该是被安置到了其他地方。
那孩子，大概就十岁左右？
可惜了，若延误治疗，伤了眼睛不说，还可能因为感染而丢了一条性命。
元卿凌没什么悲天悯人的心肠，她只认为自己学的就是医药，做的是药物和病毒研究，家人都是医生，从小在家里祖辈父辈谈论得最多的话题便是做医生的责任与救治方式。
在元家人看来，救治就是天职。
他们身体力行，用一辈子去做好这件事情。
原主的身子太虚弱了，她昏昏沉沉地睡去。
她做了一个梦，梦见自己竟然回到了她的研究室里。
公司给她安排的这个研究室，很隐秘，除了公司的董事长和她的助手之外，几乎无人知道研究室所在地。
一切都没变，她触摸着桌子，电脑，显微镜，她注射时候的针筒，丢弃在一边的试管。
电脑是开着的，她的微信在电脑上登录，有很多信息不断地弹出来，都是家人发来的信息，问她在哪里。
她触摸键盘，心底才有了从现代死亡之后的悲伤。
她是再也见不了父母家人了。
怔忡半响，她看到桌面上放着一瓶碘伏，这是她给自己注射之前拿过来的，因长期在研究所，所以，研究所里总会放有各种药物。
她打开药箱，药物几乎都没怎么动过。
若是她有这些药物，那孩子，大概还有救。
不知道睡了多久，听得咿呀的推门声，她才忽然从梦里醒来。
有侍女掌灯进来，手里捧着一碟馒头，重重地放在桌子上，冷冷地道：“王妃请用膳！”
说完，把灯放在桌子上便出去了。
元卿凌怅然若失，是梦！
她真的饿了，慢慢地起来下床走过去，脚却忽然被绊了一下，她低头看去，却见地上放着一个药箱。
她全身的血液顿时凝固。
这药箱，和她研究所里的药箱一模一样。
她迅速提起药箱拿到桌子上打开，颤抖的手慢慢地触摸着药箱里的药物，一模一样，一模一样，是她在研究所里的药箱。
呼吸屏住，她简直不能相信眼前所见。
灵魂穿越已经够匪夷所思了，而这药箱竟然也跟着来？

2020-05-15 10:49:12.881 [http-nio-9004-exec-3] INFO  c.n.one.yuedu.read.service.impl.ChapterServiceImpl - 
不，不，方才似乎没有的，是她梦了一场之后这药箱才出现。
怎么回事？
她先把怪力乱神一说摒弃脑后，试图用科学的角度去解释这件事情。
就当这里是平行空间……
不，不，解释不通，就算有平行空间，她因缘际会进了一个平行空间，但是脑子是她的，这身体不是她的，这点怎么都没办法解释。
许久，她才冷静下来。
藏好了药箱，狼吞虎咽地吃下几个馒头，她又躺回床上想继续睡觉，看还能不能做梦回到研究所。
但是，心潮澎湃，激动异常，她翻来覆去也睡不着了。
不仅如此，接下来的两天，她都没能睡着，就算身子乏得一点力气都没有，眼睛都睁不开了，可脑子还在高速运转，怎么都停不下来。
第三天，她还是没能睡着。
坐在铜镜前，她看到自己像一只鬼。
披头散发，眼窝深陷，脸色青白，眉心处结了一块小小的疤痕，手腕上的伤口已经没什么大碍，就是偶尔会传来一阵子抽痛。
这是伤口愈合的症状。
不知道那男孩怎么样了。
她慢慢地调整思绪，觉得自己再急也无用，不如先适应了眼前的生活再说。
所以，当侍女再送餐来的时候，她问：“绿芽，其嬷嬷的孙子怎么样了？”
侍女叫绿芽，她脑子里有原主的记忆。
绿芽冷冷地道：“快死了，你高兴了吧?”
她为什么会高兴？


2020-05-15 10:49:14.004 [http-nio-9004-exec-4] INFO  c.n.one.yuedu.read.service.impl.ChapterServiceImpl - 
元卿凌怔了一下，脑子里忽然涌上一些记忆，火哥儿出事的前一天，原主才斥打过他，且令他抓紧把茅房上的木板盖严实一些，他出事，应该是从茅房上滚下来被钉子插伤了。
而这些活儿，本不该是他做的。
不仅如此，因着自己陪嫁过来的人被发卖出去，她迁怒在楚王安排过来的这些人身上，平日对身边的人动辄非打即骂，其嬷嬷也被她用杯子砸过，流了很多血。
原主心肠不太好，难怪惹人生厌。
“你问问其嬷嬷，我能不能去看看他？”元卿凌问道。
“王妃有这等好心肠，就不会落得如斯田地，不必假惺惺了，其嬷嬷和火哥儿也不想见到王妃。”绿芽说完，转身就出去了。
大门再度关闭。
元卿凌轻轻地叹气，那孩子快要死了？
她不知道那火哥儿的伤势有重，也不知道这里大夫怎么样给他也处理伤口，如果处理不妥当，多半是角膜脱落眼球爆裂伴随感染。
人命对她来说，重于一切，她始终还是没能安心吃饭，打开药箱取了几粒抗生素，便走了出去。
其嬷嬷是卖身王府的，那火哥儿是家生奴才，住在了凤仪阁后面的矮院里。
元卿凌转了几个圈，终于找到了。
“你来做什么？”其嬷嬷看到了她，一双红肿的眼睛盯着元卿凌，满脸生恨。
“我想看看火哥儿。”元卿凌说。
“你走，我们婆孙受不起！”其嬷嬷冷冷地道。
元卿凌试图道歉，“对不起，我不知道叫他去修茅房会出这样的意外……”
“意外？他才九岁，只能做些洒扫的功夫，可你去叫他去修茅房，修缮的活儿府中有专门的人做，你却偏不许其他人做指定要他做，你偏要为难他，他才九岁啊，你的心肠为什么那么狠毒？”
面对其嬷嬷愤怒声声质问，元卿凌不知道如何辩解。
她一向不善言辞。
她只得把几粒抗生素递给其嬷嬷，“这些药你给他服下，一天三次，一次两粒……”
手中的药丸，被其嬷嬷一手打落地上，其嬷嬷发狠地踩碎，“不必了，王妃请回吧，婆子不想骂人，想替孙子积德。”
元卿凌看着那些变成粉末的药，很心疼，药箱里的抗生素，没有太多。
看着其嬷嬷那张愤怒伤心的脸，她知道说什么也无用，只得转身而去。
火哥儿当晚就病危了。
其嬷嬷还是很得楚王的心，楚王知道情况之后特意叫家臣去请京中有名的利大夫过来，利大夫看到情况，没开方子摇摇头，让准备后事。
其嬷嬷哭得撕心裂肺，哭声传到了元卿凌的耳中，元卿凌疾步走出去，拉住了急忙走过去的绿芽，“出什么事了？”
“火哥儿快没了。”绿芽情急之下，也顾不得憎恨她，脱口便说了。
元卿凌一急，回屋便拿了药箱跟着跑过去。


2020-05-15 10:49:14.636 [http-nio-9004-exec-6] INFO  c.n.one.yuedu.read.service.impl.ChapterServiceImpl - 其嬷嬷跪在地上求利大夫，利大夫求救地看着家臣汤阳，汤阳为难地道：“大夫，要不试试？”
利大夫冷笑一声，“试试？将死之人，老夫接手，损的是老夫的名声。”
其嬷嬷听了这话，哭得几乎昏死过去，一个劲地抽着气喊：“我那苦命的孙子啊！”
绿芽上前安抚，把其嬷嬷扶起来坐在一边去。
而家臣汤阳则跟大夫说：“那孩子着实痛苦，要不您开个药，缓缓他的痛楚，对外绝不宣称您曾救治。”
汤阳说着，便往大夫袖子里塞银子。
利大夫这才道：“若是止痛倒还好，只是止痛也没什么用处，该去还是得去。”
“是是是！”汤阳也但求火哥儿去得舒适一点，那孩子着实可怜，也是他看着长大的。
利大夫正想进去写方子，却不料，那门砰地一声就关上了，且还在里头上了闩。
绿芽认得方才关门时候看到的那一抹衣料，惊叫了一声，“是王妃。”
其嬷嬷听说是王妃进去了，又伤心又愤怒，像一头发疯的母狮子般冲了上去，使劲地锤门，“你开门，开门，你想怎么样？”
里头传出元卿凌的声音，声音不大，话不多，就三个字，“还有救。”
利大夫当场就冷笑一声，“人都只剩下半口气了，还有救？王府哪里来的大罗神仙啊？”
其嬷嬷身子瘫软，绝望地看着汤阳，“汤大人，求求您，让人把门撞开，老奴要陪着他，他害怕啊！”
汤阳没想到王妃会在这个节骨眼上过来，真是凑什么乱子？
看来王爷的话她还是没听进去。
既然如此，便休怪他禀报王爷。
他沉声吩咐，“绿芽，去请王爷，王爷不在，我们不好对王妃无礼，再叫几个人过来，把门撞开。”
“是！”绿芽也是气愤得很，当下就小跑出去了。
汤阳便请大夫在院子的石头上开方子，好叫人去抓药。
元卿凌在里头听到外头的动静，她只有抓紧时间。
火哥儿已经昏昏沉沉，但是一直喊着疼。
元卿凌看着他的伤口，眼角起脓，整个眼睛都肿起来了，是细菌感染了。
她打开药箱，取出注射液，先给他注射了抗生素，再取出小叶刀和碘伏，消毒之后开始引流血脓。
没有麻药，强行引流，小孩子受不住，痛得惨叫起来。
外头的其嬷嬷听得孙子惨叫，发了狠地用头撞门，赌咒道：“你有什么便冲我来，你折磨了他，我便是死也不会放过你。”
“太残忍了！”大夫听得这惨叫声，也不禁摇头道。
汤阳又气又心疼，但是怕其嬷嬷把自己给撞坏了，只得上前拉住了她。
绿芽很快就把楚王请过来了。
楚王刚进矮院门口，便听得里头传来火哥儿的惨叫声。
其嬷嬷见楚王来了，噗通一声跪在地上，哀哭道：“王爷，救老奴的孙子啊！”
楚王眸子一沉，脸色铁青地道：“来人，撞门！”
府中几名侍卫连忙便上前撞门，几人一起撞，不过三四下，门便被撞开了。
其嬷嬷冲进去，见元卿凌手里拿着刀，地上一片沾染了血污的棉花，她冲过去拦在身前，“你这是要了我的命，你这是要了我的命啊！”
“奶奶，我疼，我疼啊！”火哥儿全身颤抖，用尽全身的力气拉住了其嬷嬷的手哭喊着。
元卿凌已经处理完了，本还想包扎一下的，但是看着来不及了。
她提起药箱，眼前倏然被一道阴影笼罩，刚抬头，一巴掌便落在了她的脸上，直打得她耳朵嗡嗡嗡地响，脸颊火辣辣得麻木了好一会儿才觉得辣痛。


2020-05-15 10:49:15.313 [http-nio-9004-exec-9] INFO  c.n.one.yuedu.read.service.impl.ChapterServiceImpl - 还没回过神来，脖子便被他的铁指钳住，她瞪大眼睛，就看到楚王那张狂怒得喷火的脸，空气从胸腔里被强行挤出，她眼前一黑，几乎就要晕过去。
“不过十岁孩儿，”他咬牙切齿的声音在她耳边响起，“你竟下得了这般狠毒的手，来人，把王妃拖出去，杖打三十！”
元卿凌已经连续几天不能入睡，体力几乎是没有的，被打了一巴掌之后，虚弱得连站都站不住，他掐住的手一松开，人就软软地跌在了地上，空气重回，她大口呼吸，身子却骤然被人拖起，强行拖了出去。
暗暗沉沉间，她只看到楚王那张冷峻得几乎透着寒冰的脸，还有眼底那抹厌恶，那一抹华贵的锦缎衣袂……
她直接被拖下了石阶，头磕在坚硬锋利的石阶上，有尖锐的刺痛感传来，她两眼一黑，终于晕了过去。
她没有晕太久，一阵阵的痛楚从身上传来，是她前生从未受过的痛，一板子一板子地打在她的腰和大腿上，每一下都疼得入骨，她觉得，腰和腿大概都要断掉了。
口腔里有血液的味道，她咬破了唇，咬破了舌头，眼前一阵阵的黑暗却就是没办法再昏过去。
痛楚让她清醒着。
三十板打完，她却觉得过了一辈子那么长。
她元卿凌，二十二世纪的天才，崇拜她敬重她的人大排长龙，她出席每一个场合，都是焦点中的焦点。
多少病人殷殷期盼，盼着她能研发出救命良药。
但是，在这里，她要救一个小男孩，却是这般的艰难，艰难到要付出生命的代价。
她被拖了回去，无人管她的死活，最好她是死了。
她被丢在凤仪阁的云石地板上，连同她的药箱，重重地砸在她的背上。
她无法翻身，也能想到自己的后背已经血肉模糊一片，她勉强反手去拖药箱过来，打开，取出一粒药咽下，再给自己打一针，希望能熬过这一劫。
慢慢地，她昏过去了。
矮院里，楚王宇文皓命人痛打了元卿凌一顿，余怒未消，安抚了其嬷嬷几句，他便走了。
汤阳追上来，“王爷，王妃那边，要不要请大夫过去看看？”
宇文皓眼底扬起了一抹阴鸷之色，“不必，死了便报暴毙！”
“静候那边……如何交代？”汤阳问道。
“需要如何交代?”宇文皓声音冰冷。
汤阳明白，“是！”
宇文皓大步而去。
汤阳回了矮院，吩咐绿芽去为火哥儿抓药。
进了矮院，却见火哥儿竟睡了过去。
其嬷嬷抹着眼泪收拾好那些带血脓的棉花团，哭着道：“能睡着就好，他一直疼得睡不着。”
汤阳瞧了一眼火哥儿的眼睛，怔了一下，“似乎没那么肿了。”
其嬷嬷连忙抬头，果然看到他的眼睛已经消了一部分肿，而且，血脓看不到了。
汤阳看到她方才收拾的东西，取了针管看，“这是什么东西？”
“不知道，是那女人方才扔在这里的。”其嬷嬷道。
因恨极，只以那女人来称呼元卿凌。
汤阳没见过这样的东西，“该不是再下毒了吧？”
“大夫走了吗？”其嬷嬷急问道。
“走了，留下了方子。”汤阳看了火哥儿一眼，“放心，我只是猜测，看样子没中毒。”
其嬷嬷抬起红肿的眼睛，略放了心，对汤阳道：“老奴想守着他，大人能否容老奴……”
“不必说，你陪着火哥儿就好。”汤阳道。
“谢谢大人！”
汤阳轻轻叹息，“大夫说，大概就是今晚了，你看着点儿。”
其嬷嬷泪水又落了下来。


2020-05-15 10:49:16.083 [http-nio-9004-exec-7] INFO  c.n.one.yuedu.read.service.impl.ChapterServiceImpl - 汤阳吩咐绿芽去抓药，再安慰了其嬷嬷几句，便转身去了。
其嬷嬷一直守着，入黑就开始害怕。
绿芽也过来陪着，两人也没说话，屏住呼吸地看着火哥儿，就怕他一个呼吸提不上来。
只是，火哥儿却一直沉睡，到了将近子时，竟然醒了过来，睁开一只眼睛看着其嬷嬷，“奶奶，我饿！”
其嬷嬷惊喜得几乎跳起来，自打伤情严重之后，便再吃不下东西，便连她辛苦求来的羊奶都喝不下去。
她伸手摸了一下他的额头，竟然没那么烫了。
“大夫的药见效了，见效了！”其嬷嬷惊喜地对绿芽道。
“是啊，大夫的药见效了！”绿芽也很高兴。
利大夫翌日再被请到了楚王府。
听得那孩儿还没死，利大夫也觉得很神奇，“这小子命真大，本来都快没了。”
其嬷嬷跪下来磕头，“大夫，您再开一副药，救救我孙子。”
利大夫怔了一下，昨天开的药压根不能治他的伤，顶多是止痛镇静用的，对伤势的作用不大。
不过，兴许是误打误撞了。
他诊过火哥儿的脉象，确实比昨天好一些了，身子也么那么滚烫。
他于是再开了个方子，“叫丫头跟我回去抓药吧，这药连续服两天，还有敷伤口的药粉，若见好，继续来抓药。”
“谢大夫！”
“诊金药费谁给？”李大夫问道。
昨天的诊金是汤阳给的，但是今日的诊金药费，却得其嬷嬷给。
其嬷嬷看着大夫举起的手，试探地问道：“五十文？”
“五两！”利大夫不高兴地道。
他不是江湖郎中，不开那些几文钱的药。
其嬷嬷眼珠子都快掉下来了。
五两银子？那可是她半年的工钱。
这才两服药啊。
可孙子的命，自然要比银子金贵，她咬了咬牙掏出五两银子给大夫。
绿芽陪同利大夫去抓药，回来的时候见其嬷嬷垂泪，便安慰道：“嬷嬷别伤心，火哥儿一定会好起来的。”
其嬷嬷恨声道：“怎就有那么狠心的人？我想起撞门进来的时候看到她拿着刀子划火哥儿的眼睛，我就恨不得杀了她，若火哥儿出点什么事，我也不活了，便是拼了这条命都要杀了她。”
绿芽安慰道：“别生气了，气坏自己多不值当，王爷已经下令，让她自生自灭，她被打得那么伤，怕是活不了了，我横竖也不给她送饭了，让她病死也好，饿死也好，总归是出了这口气了。”
凤仪阁里。
元卿凌不知道昏迷了多久，慢慢地醒来，屋中一片漆黑。
没有梦回实验室，她很失望。
摸索着爬过去，爬到桌子附近，她记得，上头有茶水，还有馒头。
她需要喝水，需要吃点东西。
药箱里，没有葡萄糖，无法给自己输液。
几步的路，她爬了许久才爬到，慢慢地挣扎起来，站不住，噗通一声又跪了下去，但是手里抓住了一只馒头，她就趴在地上，一小口一小口地吃起来。
她知道自己发烧了，不敢吃太多，以免增加肠胃的负担。


2020-05-15 10:49:17.433 [http-nio-9004-exec-8] INFO  c.n.one.yuedu.read.service.impl.ChapterServiceImpl - 
吃了大半个馒头，她感觉力气恢复了一些，挣扎起来趴在桌子上，用上身来支撑身体，无法倒水，只能是趴下去喝了杯子剩下的。
感觉好一些了，便慢慢地把双腿尝试挪后，让自己趴下来，力气不支，还是俯扑在地上，震得后背的伤口一阵疼痛。
她咬住牙关忍过，才以双肘支撑爬过去找药箱，虽然看不到，但是她记得消炎药和退烧药放在什么位置。
无法打针，她只能是加重分量吃药。
过了大概有半个小时左右，她再摸出维C，吃了几颗，没有水吞咽，酸得她想捶地。
吃了药，她蜷缩着身子在地上喘气，自出娘胎，她没受过这样的皮肉之苦，这一次的杖打，让她意识到这个时代和自己生活的时代大不一样，位高权重者，手里掌握着生杀大权。
而她的命，在楚王的手中捏着。
她必须要适应这种恶劣的生存环境。
只是不知道那孩子怎么样了，伤口虽说清理了脓，但是不用药，也好不了。
矮院。
火哥儿吃了药之后，再度高烧。
其嬷嬷急疯了，分明白天好很多了，为什么到晚上又开始高烧起来了？
绿芽也急了，道：“要不，我再去请利大夫吧。”
其嬷嬷看着烧得昏昏沉沉连喘气都辛苦的孙子，再想起利大夫五两银子两服药，她实在没银子了，绝望地道：“无用，无用了。”
绿芽急得落泪，“那怎么办？难道眼睁睁看着火哥儿……”那个字，她不忍心说出口。
其嬷嬷咬咬牙，眼底迸出悲愤，“火哥儿若没了，我便是拼了这条命，也要杀了那女人。”
她只剩下火哥儿这个孙子，孙子没了，她活着也没意思了。
那女人是王妃，又是静候的嫡女，若杀了她，自己也决计活不了，但是，她不在乎这条老命了。
火哥儿听了这话，却慢慢地醒来了。
他睁开眼睛，脸上烧得是一片滚烫发红，小小的孩子，十分的懂事，带着哭腔道：“奶奶，我没事。”
其嬷嬷落了泪，粗粝的手在孙儿的脸上抚摸过，咬牙切齿地道：“你放心，奶奶一定为你出这口气，不会叫元氏好过。”
火哥儿错愕，稍稍弓起身子来吸气，说：“王妃……为我治病，王妃是好人。”
绿芽怔了一下，“火哥儿是烧糊涂了么？怎么说胡话？”
火哥儿急了，道：“王妃为我刮脓，说刮了脓吃了药就能好，王妃还抚摸我的头，说我会没事的。”
他说完，瘫在了床上，大口大口呼吸。
其嬷嬷站起来，吃惊地看着火哥儿，“当真？她不是要害你么？”
“没害我……”火哥儿剩下的一只眼睛显得有些迷离，焦点涣散，他伸出手，“奶奶，我很冷啊。”
他全身发抖，张嘴呼吸，却只见出的气，不见进的气了。
“绿芽，看着火哥儿，我去请王妃。”其嬷嬷提着灯笼马上跑了出去。
其嬷嬷冲到凤仪阁，推开门，灯笼一照，便看到元卿凌趴在地上，一脸狼狈的样子。
地上，东西碎乱一地，自那一日之后，凤仪阁便不曾有人进去收拾过。


2020-05-15 10:49:19.531 [http-nio-9004-exec-5] INFO  c.n.one.yuedu.read.service.impl.ChapterServiceImpl - 
元卿凌适应了黑暗，忽如其来的光芒刺了她的眼睛，她下意识地伸手阻挡，便听得膝盖噗通的声音，其嬷嬷跪在了地上，“王妃，老奴不识好人心，错怪了您，求您救救火哥儿。”
“扶我起来！”元卿凌慢慢地放开手，哑声道。
其嬷嬷连忙放下灯笼去扶元卿凌，看到元卿凌身后一滩血迹，知是杖打的伤，她犹豫了一下，她心底对这个女人还是很厌恶，但是，或许火哥儿说的是真的呢？
“王妃，您能站起来吗？”
“拿我的药箱！”元卿凌知道其嬷嬷恨极了她，也愿意跪下恳求，大概是火哥儿情况不好了，所以，也就顾不得被人发现她的药箱。
“是，是！”其嬷嬷走过去拿药箱然后回来搀扶她。
元卿凌走一步，便觉得后臀和腿部钻心的痛，才出了门口，便已经大汗淋漓，疼得牙关打颤。
“王妃……”
“别废话，走！”元卿凌咬着牙，忍住疼痛道。
救人在她认为是纯粹的，但是，如今救火哥儿，她却多了一份心思，那就是要挽回人心，只有这样，她才能活下去。
“死不了人了。”
忽然，听到有人在说话。
元卿凌下意识地看向其嬷嬷，其嬷嬷一手提着灯笼，一手搀扶她，并未说话，见元卿凌看着她，她额头便起了皱褶，连忙问道：“王妃，是不是太痛无法行走？”
声音不一样。
其嬷嬷的声音是苍老的，而方才听到的声音是稚嫩的，仿若孩童的声音。
元卿凌慢慢地摇头，又听得一些声音钻入耳中，这一次，没听真切是什么，只是辨别了声音的方向，是院子里的一株大树。
有两只鸟，从树上扑腾而起，振翅高飞而去。
是鸟鸣声？哎，她神经错乱，竟以为是人在说话。
来到矮院，元卿凌已经用尽了全身的力气，双腿在打颤，但是，她甚至无法坐下来休息。
“你们先出去！”元卿凌对其嬷嬷和绿芽道。
其嬷嬷犹豫了一下，对元卿凌，她始终还是不太相信。
“老奴在这里帮衬一下。”
元卿凌沉下脸，“要不，你来治？”
其嬷嬷见火哥儿已经烧得不省人事，想着横竖是临死一拼了，便道：“那好，老奴和绿芽在外头守着，王妃若需要，尽管吩咐。”
心里却想着如果火哥儿真出事，便跟她拼了这条命。
绿芽还想说话，其嬷嬷已经拉着她出去了。
元卿凌道：“关上门，不许偷看，否则出了什么事，我不负责。”
“不敢偷看的。”其嬷嬷把门关上，道。
元卿凌舒了一口气，提着药箱慢慢地挪过去。
伸手摸了一下火哥儿的额头，手感温度起码有四十度。
元卿凌先给了一颗退烧药，然后为他注射。
她拆开伤口的纱布，伤口红肿了，上头有些黏黏糊糊的东西，像是药粉，她刮了一点下来捏了一下，是三七粉。
伤口发炎起脓，竟然还用三七粉外敷，怎会不继续感染发炎？
元卿凌不禁生气，庸医害人。
她再为火哥儿清洗了一下伤口，把和血水混合在一起的三七粉都刮掉，再包上纱布。


2020-05-15 10:56:12.907 [http-nio-9004-exec-9] INFO  c.n.o.yuedu.read.service.impl.BookInfoServiceImpl - 分页查询的数据为:
2020-05-15 10:56:15.654 [http-nio-9004-exec-1] INFO  c.n.o.yuedu.read.service.impl.BookInfoServiceImpl - 分页查询的数据为:
2020-05-15 11:21:41.079 [http-nio-9004-exec-7] INFO  c.n.one.yuedu.read.service.impl.ChapterServiceImpl - 检查之后扶着太上皇走出来，太上皇如今可惜身得很，出入还得要扶着，唯恐摔倒，这可是前所未见。
元卿凌和他们在廊下说了会儿话，元卿凌猜知道原来当年他们几个住在肃王府里头，是安丰王妃带着的，长嫂如母，是真真的把他们几个当儿子看待。
“如今我们几个倒是聚得多一些，早几年，也是各有各的忙，褚小五尤其的不愿意来乾坤殿，不想见小喜，孤其实也曾生气，但罢了，他已经在外头为北唐忙得焦头烂额，也就原谅了他。”太上皇自顾自地说着，整个人的情绪处于极度的亢奋中，平南王要回来的消息，让他仿佛打了鸡血。
褚小五？元卿凌看向褚首辅，他不是叫褚大吗？怎地叫褚小五？
褚首辅笑笑，“如今一切都好了。”
阳光徐徐照着几位暮年老者，他们眼底都有一种悠远的情怀，可见大家都沉浸在当年之中，元卿凌觉得这简直是一幅最美好的画卷，少年情谊，相伴到老。
她也希望，到她年迈的时候，除了膝下儿孙环绕，昔日旧人也能一一陪伴在身侧，哪怕不能日日相见，可想见的时候，人就在不远处，如此人生，还有什么遗憾？
说了一会儿话，褚首辅与逍遥公又忙活去了，元卿凌也去了一趟前殿，给明元帝看看。
明元帝的病情没有这么严重，三天食不下饭之后，再进食就腹痛胃痛，元卿凌给了药之后，配合御医的治疗，如今已经好多，只是肝火郁结也有。
放权是他的安排，也是和宇文皓那日在御书房商议的决定，太子监国，各处衙门也定然不若原先稳固，若有人要钻空子，眼下是最好的时候。
明元帝在躺在廊前的贵妃椅上，扈妃伺候在侧，给他念着话本，整个殿中，除扈妃的声音之外，静悄悄的，再无其他声响。
元卿凌福身见过，扈妃把话本放在了竹案上，揉揉眉心，“可算是有个人来了。”
元卿凌笑笑，她知道不是无人来，而是父皇谁也不见。
元卿凌问安，“父皇可觉得好些了？”
明元帝瘦了一圈，下巴都尖了，眼底也是一圈的淤青，近乎黑色了，可见睡眠极为不好，他懒洋洋地道：“好多了，只是依旧不能入睡。”
“一直都睡不着？”元卿凌问道。
“夜里不能睡，白天也不能睡。”扈妃轻声道，眉目里染着担忧之色。
元卿凌道：“那没叫御医开安神茶？”
“开了酸枣仁茶，但是喝下去没多大效果。”扈妃也代为解答。
元卿凌打开药箱，从里头取出了一瓶药，递给扈妃，“这是安眠药，但不可多服，实在睡不着就吃一颗，只是副作用大，睡醒之后没精神。”
“那就如今吃一颗！”明元帝显然是累得很，想睡过去，好让脑子静下来。
扈妃便给他倒了一颗，他直接便咽下，扈妃刚拿水上手，见他已经吃了，道：“那就再喝一口水。”
“不喝了，搁下吧！”明元帝显得毫无精神。
扈妃轻轻叹气，“吃不下，水也不喝，这怎么成呢？除了汤药，这几天都没沾过别的。”
明元帝拍了拍她的手背，“你也不必总是在这里守着，穆如在外头呢，回去歇会儿。”
扈妃摇头，这几天，她也跟着瘦了些，“回去能休息，心不安，在这里守着你，心里头便踏实。”
明元帝缓缓地闭上眼睛，整个人觉得乏力，“你还是要把心思多放一些在老十的身上，或者帮着皇贵妃料理宫中的事，朕总有先你们而去的时候。”
扈妃听得这话，倏然而惊，“你怎可胡说？以后再不许说这样的话。”
明元帝唇角扬了扬，挤出了一个无力的笑，“终究会这样，不也不能避免。”
扈妃眼底迅速蓄泪，颤声道：“你非得这样让我难过不可么？”
明元帝便睁开眸子，伸手抓住她的手，“好，不说也罢。”
元卿凌知道因着宇文君的死，父皇心里头灰暗得很，目睹亲人的离世，除了伤心难过之外，不免也会感怀自身，她轻声道：“父皇，您要保重龙体，老五肩膀太嫩，许多东西，他背不起！”
明元帝便眯起眼睛笑了起来，“合着你到朕跟前，是为老五鸣冤了？”
“不敢！”元卿凌可还真想鸣冤，一个老五给开成几块用了，哪哪都似乎离不了他，事实上，自打宇文君的丧事之后，他们夫妻之间几天没怎么说过话了，他回来的时候她睡了，早上她没起，他已经出门，家里都成旅店，就别提去镜湖，连一起吃顿饭的时间都没。
明元帝道：“朕知道难为了他，但为君父分忧，他责无旁贷！且这江山迟早是他的，他提前辛苦一下，也并无不可，他总有登基的那一天。”
扈妃潸然泪下。
这话对她来说太残忍了，因为若太子登基，意味着他已经山崩了。
“哭什么？不过是闲话而已。”明元帝还是心疼小妻，伸手给她擦眼泪。
扈妃咬牙，杏眼圆瞪，“臣妾只求您，莫再说这样的话，这日子本就不好够了，还三番四次地提这些叫人伤心的话，就这么恨我么？”
明元帝笑了起来，眸色一下子柔和了下来，“这才是你，不要为朕担心，不要委曲求全，就这样。”
元卿凌拿开药箱，另外开一些药，他的胃病其实也比较严重，当皇帝着实也是辛苦活儿，这些年也没停下来的时候，遇到国中发生大事，常常是废寝忘餐，长久下来，胃就不行了。
等元卿凌开好药之后，走出去一看，明元帝却是睡着了，扈妃轻轻地为他搭上被褥，招呼穆如公公进来守着，她蹑手蹑脚地进了殿，拉着元卿凌的手坐下来。
“太子妃，你如实告诉我，皇上的情况是否很严重？”扈妃虽然每日守在身边，但说病情的时候，总是避开她的，她担心得不行。
“不是特别严重，但还是要注意。”元卿凌道。
扈妃眼底涩红，哽咽道：“你们休得瞒我，每一回说病情都瞒着我，且他吃不下，也睡不着，人足足瘦了一圈。”
元卿凌心道：他的病情本不是十分严重，瞒着说病情，只是不想让人知道病情尚轻，没想倒是让扈妃误会了。
正欲劝慰，却听得扈妃哭泣道：“他若有什么事，我也不活了。”

2020-05-15 11:22:09.141 [http-nio-9004-exec-1] INFO  c.n.one.yuedu.read.service.impl.ChapterServiceImpl - 北唐，楚王府凤仪阁。
蜡烛摇曳，照影着房中处处张贴的半旧大红喜字，光影从烫金边散开柔和的芒荧，漫着墙上奋力交缠着的一双影子。
元卿凌被楚王压在了身下，衣衫被大肆扯开，露出光滑柔嫩的肌肤。
她脸上没有一丝情谷欠，只有隐忍和不甘。
成亲一年，他不曾碰过她半根指头，前天入宫，太后看着她平坦的小腹，叹了口气，甚是失望，且提起了娶侧妃之事，她才不得已告知太后他们成亲一年，还没圆房。
她不想哭诉告状，她只是，不甘心啊。
从十三岁第一次见他，她的心便系在了他的身上，用尽了所有的办法，终于嫁给他为妃。本以为，再冷的石头，她也能捂热，可她始终是高估了自己。
明明是她的夫君，她却看不到他眼底有丝毫的怜悯，只有执狂的恨意。
“呃……”
身下传来尖锐的痛楚，她忍不住闷哼了一声，但在看到他眼底的冷意之后，那痛楚仿佛毒针般狠狠往心底里钻去。
心里莫名涌出一股恨意，她抱住他的身躯，费力撑起身子，用力咬住他的唇。
鲜血溢出，腥甜的血液滴入了她的口中。
他眸色一沉，修长的身体从她身上起来，一巴掌劈向她的脸，夹着玉碎般的冷意，“元卿凌，本王如你所愿与你圆房，可从今往后，本王与你形同陌路。”
元卿凌笑了起来，笑得绝望悲凉，“你果然恨我。”
出嫁之前，母亲教过她房中之事，可他喝了迷，情药前来，只破了她的身子，便再无一丝眷恋地起身。
青袍一卷，裹住了他强壮结实的身体，修长的腿一踢，桌子椅子轰然倒地，东西碎乱满地，他声音裹着冷意，凤眼尽是鄙夷，“恨？你不配，本王只是厌恶你，在本王眼中，你便如那逐臭的蝇虫，叫人憎恶，否则，本王也不需要喝药才来与你圆房。”
他旋风般出了去，她看着青袍消失在门口，只有冰冷的风从门口卷入来，瞬间便冷却了她的心。
他的声音远远地传来，“以后不必把她当主子看，只当我楚王府多养了一条狗。”
痛，真痛啊，她如愿以偿与他圆房了，但是，他却用这种方式，碾碎了她的心。
她拔出头上的簪子……
凤仪宫中，传出侍女的惊叫声。
“王妃自尽了……”
黑沉笼罩着凤仪阁，其嬷嬷送了大夫出去，转身寒着脸进了屋中。
“王妃若要死，等王爷休了你回去再死，休得脏了王府的地，再给王爷沾了晦气。”
元卿凌慢慢地睁开眼睛，看着眼前这个满脸凶恶的妇女。
“水……”
她嗓子干得要命，简直快冒烟了。
“有本事去死，就有本事自己倒水喝。”其嬷嬷说完，厌恶地看了她一眼，呸了一声便出去了。
元卿凌挣扎着起身，全身像散架一样的疼，趴在桌子上，颤巍巍地倒了一杯水，咕咚咕咚地喝下去，才觉得是真的活过来了。
她看向自己手腕上的伤口，有片刻的怔忡，到现在还不太能接受眼前所发生的一切。
她从小便被称为神童，十岁读完高三后被广市医科大学录取读现代临床医学，十六岁读博，是二十二世纪最年轻的博士研究生，之后她没有从医，而是读了生物医学，拿下博士学位之后又醉心病毒学，在病毒研究所浸淫了两年，被一家生物公司聘用研发一种刺激开发大脑的药物。


2020-05-15 13:48:33.288 [http-nio-9004-exec-7] INFO  c.n.one.yuedu.read.service.impl.ChapterServiceImpl - 检查之后扶着太上皇走出来，太上皇如今可惜身得很，出入还得要扶着，唯恐摔倒，这可是前所未见。
元卿凌和他们在廊下说了会儿话，元卿凌猜知道原来当年他们几个住在肃王府里头，是安丰王妃带着的，长嫂如母，是真真的把他们几个当儿子看待。
“如今我们几个倒是聚得多一些，早几年，也是各有各的忙，褚小五尤其的不愿意来乾坤殿，不想见小喜，孤其实也曾生气，但罢了，他已经在外头为北唐忙得焦头烂额，也就原谅了他。”太上皇自顾自地说着，整个人的情绪处于极度的亢奋中，平南王要回来的消息，让他仿佛打了鸡血。
褚小五？元卿凌看向褚首辅，他不是叫褚大吗？怎地叫褚小五？
褚首辅笑笑，“如今一切都好了。”
阳光徐徐照着几位暮年老者，他们眼底都有一种悠远的情怀，可见大家都沉浸在当年之中，元卿凌觉得这简直是一幅最美好的画卷，少年情谊，相伴到老。
她也希望，到她年迈的时候，除了膝下儿孙环绕，昔日旧人也能一一陪伴在身侧，哪怕不能日日相见，可想见的时候，人就在不远处，如此人生，还有什么遗憾？
说了一会儿话，褚首辅与逍遥公又忙活去了，元卿凌也去了一趟前殿，给明元帝看看。
明元帝的病情没有这么严重，三天食不下饭之后，再进食就腹痛胃痛，元卿凌给了药之后，配合御医的治疗，如今已经好多，只是肝火郁结也有。
放权是他的安排，也是和宇文皓那日在御书房商议的决定，太子监国，各处衙门也定然不若原先稳固，若有人要钻空子，眼下是最好的时候。
明元帝在躺在廊前的贵妃椅上，扈妃伺候在侧，给他念着话本，整个殿中，除扈妃的声音之外，静悄悄的，再无其他声响。
元卿凌福身见过，扈妃把话本放在了竹案上，揉揉眉心，“可算是有个人来了。”
元卿凌笑笑，她知道不是无人来，而是父皇谁也不见。
元卿凌问安，“父皇可觉得好些了？”
明元帝瘦了一圈，下巴都尖了，眼底也是一圈的淤青，近乎黑色了，可见睡眠极为不好，他懒洋洋地道：“好多了，只是依旧不能入睡。”
“一直都睡不着？”元卿凌问道。
“夜里不能睡，白天也不能睡。”扈妃轻声道，眉目里染着担忧之色。
元卿凌道：“那没叫御医开安神茶？”
“开了酸枣仁茶，但是喝下去没多大效果。”扈妃也代为解答。
元卿凌打开药箱，从里头取出了一瓶药，递给扈妃，“这是安眠药，但不可多服，实在睡不着就吃一颗，只是副作用大，睡醒之后没精神。”
“那就如今吃一颗！”明元帝显然是累得很，想睡过去，好让脑子静下来。
扈妃便给他倒了一颗，他直接便咽下，扈妃刚拿水上手，见他已经吃了，道：“那就再喝一口水。”
“不喝了，搁下吧！”明元帝显得毫无精神。
扈妃轻轻叹气，“吃不下，水也不喝，这怎么成呢？除了汤药，这几天都没沾过别的。”
明元帝拍了拍她的手背，“你也不必总是在这里守着，穆如在外头呢，回去歇会儿。”
扈妃摇头，这几天，她也跟着瘦了些，“回去能休息，心不安，在这里守着你，心里头便踏实。”
明元帝缓缓地闭上眼睛，整个人觉得乏力，“你还是要把心思多放一些在老十的身上，或者帮着皇贵妃料理宫中的事，朕总有先你们而去的时候。”
扈妃听得这话，倏然而惊，“你怎可胡说？以后再不许说这样的话。”
明元帝唇角扬了扬，挤出了一个无力的笑，“终究会这样，不也不能避免。”
扈妃眼底迅速蓄泪，颤声道：“你非得这样让我难过不可么？”
明元帝便睁开眸子，伸手抓住她的手，“好，不说也罢。”
元卿凌知道因着宇文君的死，父皇心里头灰暗得很，目睹亲人的离世，除了伤心难过之外，不免也会感怀自身，她轻声道：“父皇，您要保重龙体，老五肩膀太嫩，许多东西，他背不起！”
明元帝便眯起眼睛笑了起来，“合着你到朕跟前，是为老五鸣冤了？”
“不敢！”元卿凌可还真想鸣冤，一个老五给开成几块用了，哪哪都似乎离不了他，事实上，自打宇文君的丧事之后，他们夫妻之间几天没怎么说过话了，他回来的时候她睡了，早上她没起，他已经出门，家里都成旅店，就别提去镜湖，连一起吃顿饭的时间都没。
明元帝道：“朕知道难为了他，但为君父分忧，他责无旁贷！且这江山迟早是他的，他提前辛苦一下，也并无不可，他总有登基的那一天。”
扈妃潸然泪下。
这话对她来说太残忍了，因为若太子登基，意味着他已经山崩了。
“哭什么？不过是闲话而已。”明元帝还是心疼小妻，伸手给她擦眼泪。
扈妃咬牙，杏眼圆瞪，“臣妾只求您，莫再说这样的话，这日子本就不好够了，还三番四次地提这些叫人伤心的话，就这么恨我么？”
明元帝笑了起来，眸色一下子柔和了下来，“这才是你，不要为朕担心，不要委曲求全，就这样。”
元卿凌拿开药箱，另外开一些药，他的胃病其实也比较严重，当皇帝着实也是辛苦活儿，这些年也没停下来的时候，遇到国中发生大事，常常是废寝忘餐，长久下来，胃就不行了。
等元卿凌开好药之后，走出去一看，明元帝却是睡着了，扈妃轻轻地为他搭上被褥，招呼穆如公公进来守着，她蹑手蹑脚地进了殿，拉着元卿凌的手坐下来。
“太子妃，你如实告诉我，皇上的情况是否很严重？”扈妃虽然每日守在身边，但说病情的时候，总是避开她的，她担心得不行。
“不是特别严重，但还是要注意。”元卿凌道。
扈妃眼底涩红，哽咽道：“你们休得瞒我，每一回说病情都瞒着我，且他吃不下，也睡不着，人足足瘦了一圈。”
元卿凌心道：他的病情本不是十分严重，瞒着说病情，只是不想让人知道病情尚轻，没想倒是让扈妃误会了。
正欲劝慰，却听得扈妃哭泣道：“他若有什么事，我也不活了。”

2020-05-15 14:08:09.583 [SpringContextShutdownHook] INFO  o.s.scheduling.concurrent.ThreadPoolTaskExecutor - Shutting down ExecutorService 'applicationTaskExecutor'
2020-05-15 14:08:09.589 [SpringContextShutdownHook] INFO  com.alibaba.druid.pool.DruidDataSource - {dataSource-1} closed
2020-05-15 16:45:02.634 [main] INFO  com.nine.one.yuedu.read.NineOneYueDuApplication - Starting NineOneYueDuApplication on 192.168.0.104 with PID 1095 (/Users/wangyuliang/ideaProjects/91yuedu-read/target/classes started by wangyuliang in /Users/wangyuliang/ideaProjects/91yuedu-read)
2020-05-15 16:45:02.636 [main] INFO  com.nine.one.yuedu.read.NineOneYueDuApplication - No active profile set, falling back to default profiles: default
2020-05-15 16:45:03.435 [main] INFO  o.s.d.r.config.RepositoryConfigurationDelegate - Multiple Spring Data modules found, entering strict repository configuration mode!
2020-05-15 16:45:03.437 [main] INFO  o.s.d.r.config.RepositoryConfigurationDelegate - Bootstrapping Spring Data Redis repositories in DEFAULT mode.
2020-05-15 16:45:03.471 [main] INFO  o.s.d.r.config.RepositoryConfigurationDelegate - Finished Spring Data repository scanning in 17ms. Found 0 Redis repository interfaces.
2020-05-15 16:45:03.949 [main] INFO  o.s.boot.web.embedded.tomcat.TomcatWebServer - Tomcat initialized with port(s): 9004 (http)
2020-05-15 16:45:03.955 [main] INFO  org.apache.coyote.http11.Http11NioProtocol - Initializing ProtocolHandler ["http-nio-9004"]
2020-05-15 16:45:03.956 [main] INFO  org.apache.catalina.core.StandardService - Starting service [Tomcat]
2020-05-15 16:45:03.956 [main] INFO  org.apache.catalina.core.StandardEngine - Starting Servlet engine: [Apache Tomcat/9.0.33]
2020-05-15 16:45:04.024 [main] INFO  o.a.c.core.ContainerBase.[Tomcat].[localhost].[/] - Initializing Spring embedded WebApplicationContext
2020-05-15 16:45:04.024 [main] INFO  org.springframework.web.context.ContextLoader - Root WebApplicationContext: initialization completed in 1355 ms
2020-05-15 16:45:04.181 [main] INFO  c.a.d.s.b.a.DruidDataSourceAutoConfigure - Init DruidDataSource
2020-05-15 16:45:04.738 [main] INFO  com.alibaba.druid.pool.DruidDataSource - {dataSource-1} inited
2020-05-15 16:45:07.641 [main] INFO  s.d.s.w.PropertySourcedRequestMappingHandlerMapping - Mapped URL path [/v2/api-docs] onto method [springfox.documentation.swagger2.web.Swagger2Controller#getDocumentation(String, HttpServletRequest)]
2020-05-15 16:45:07.696 [main] INFO  o.s.b.a.s.s.UserDetailsServiceAutoConfiguration - 

Using generated security password: 7b3609a9-acc4-4e67-802e-e066e94046fa

2020-05-15 16:45:07.780 [main] INFO  o.s.security.web.DefaultSecurityFilterChain - Creating filter chain: any request, [org.springframework.security.web.context.request.async.WebAsyncManagerIntegrationFilter@7cfb0c4c, org.springframework.security.web.context.SecurityContextPersistenceFilter@15c6027d, org.springframework.security.web.header.HeaderWriterFilter@2e590b, org.springframework.security.web.authentication.logout.LogoutFilter@2a8f6e6, org.springframework.security.web.savedrequest.RequestCacheAwareFilter@2bb62414, org.springframework.security.web.servletapi.SecurityContextHolderAwareRequestFilter@28e8888d, org.springframework.security.web.authentication.AnonymousAuthenticationFilter@6b37df8e, org.springframework.security.web.session.SessionManagementFilter@b0f2d91, org.springframework.security.web.access.ExceptionTranslationFilter@7135ce0a, org.springframework.security.web.access.intercept.FilterSecurityInterceptor@521441d5]
2020-05-15 16:45:07.874 [main] INFO  o.s.scheduling.concurrent.ThreadPoolTaskExecutor - Initializing ExecutorService 'applicationTaskExecutor'
2020-05-15 16:45:08.333 [main] INFO  s.d.s.web.plugins.DocumentationPluginsBootstrapper - Context refreshed
2020-05-15 16:45:08.350 [main] INFO  s.d.s.web.plugins.DocumentationPluginsBootstrapper - Found 1 custom documentation plugin(s)
2020-05-15 16:45:08.389 [main] INFO  s.d.spring.web.scanners.ApiListingReferenceScanner - Scanning for api listing references
2020-05-15 16:45:08.530 [main] INFO  s.d.s.w.r.operation.CachingOperationNameGenerator - Generating unique operation named: uploadHeadUsingPOST_1
2020-05-15 16:45:08.564 [main] INFO  s.d.s.w.r.operation.CachingOperationNameGenerator - Generating unique operation named: findByIdUsingGET_1
2020-05-15 16:45:08.569 [main] INFO  s.d.s.w.r.operation.CachingOperationNameGenerator - Generating unique operation named: uploadHeadUsingPOST_2
2020-05-15 16:45:08.584 [main] INFO  org.apache.coyote.http11.Http11NioProtocol - Starting ProtocolHandler ["http-nio-9004"]
2020-05-15 16:45:08.608 [main] INFO  o.s.boot.web.embedded.tomcat.TomcatWebServer - Tomcat started on port(s): 9004 (http) with context path ''
2020-05-15 16:45:08.610 [main] INFO  com.nine.one.yuedu.read.NineOneYueDuApplication - Started NineOneYueDuApplication in 6.281 seconds (JVM running for 6.867)
2020-05-15 16:47:16.002 [http-nio-9004-exec-1] INFO  o.a.c.core.ContainerBase.[Tomcat].[localhost].[/] - Initializing Spring DispatcherServlet 'dispatcherServlet'
2020-05-15 16:47:16.003 [http-nio-9004-exec-1] INFO  org.springframework.web.servlet.DispatcherServlet - Initializing Servlet 'dispatcherServlet'
2020-05-15 16:47:16.009 [http-nio-9004-exec-1] INFO  org.springframework.web.servlet.DispatcherServlet - Completed initialization in 6 ms
2020-05-15 17:19:08.491 [http-nio-9004-exec-3] INFO  c.n.one.yuedu.read.service.impl.ChapterServiceImpl - 检查之后扶着太上皇走出来，太上皇如今可惜身得很，出入还得要扶着，唯恐摔倒，这可是前所未见。
元卿凌和他们在廊下说了会儿话，元卿凌猜知道原来当年他们几个住在肃王府里头，是安丰王妃带着的，长嫂如母，是真真的把他们几个当儿子看待。
“如今我们几个倒是聚得多一些，早几年，也是各有各的忙，褚小五尤其的不愿意来乾坤殿，不想见小喜，孤其实也曾生气，但罢了，他已经在外头为北唐忙得焦头烂额，也就原谅了他。”太上皇自顾自地说着，整个人的情绪处于极度的亢奋中，平南王要回来的消息，让他仿佛打了鸡血。
褚小五？元卿凌看向褚首辅，他不是叫褚大吗？怎地叫褚小五？
褚首辅笑笑，“如今一切都好了。”
阳光徐徐照着几位暮年老者，他们眼底都有一种悠远的情怀，可见大家都沉浸在当年之中，元卿凌觉得这简直是一幅最美好的画卷，少年情谊，相伴到老。
她也希望，到她年迈的时候，除了膝下儿孙环绕，昔日旧人也能一一陪伴在身侧，哪怕不能日日相见，可想见的时候，人就在不远处，如此人生，还有什么遗憾？
说了一会儿话，褚首辅与逍遥公又忙活去了，元卿凌也去了一趟前殿，给明元帝看看。
明元帝的病情没有这么严重，三天食不下饭之后，再进食就腹痛胃痛，元卿凌给了药之后，配合御医的治疗，如今已经好多，只是肝火郁结也有。
放权是他的安排，也是和宇文皓那日在御书房商议的决定，太子监国，各处衙门也定然不若原先稳固，若有人要钻空子，眼下是最好的时候。
明元帝在躺在廊前的贵妃椅上，扈妃伺候在侧，给他念着话本，整个殿中，除扈妃的声音之外，静悄悄的，再无其他声响。
元卿凌福身见过，扈妃把话本放在了竹案上，揉揉眉心，“可算是有个人来了。”
元卿凌笑笑，她知道不是无人来，而是父皇谁也不见。
元卿凌问安，“父皇可觉得好些了？”
明元帝瘦了一圈，下巴都尖了，眼底也是一圈的淤青，近乎黑色了，可见睡眠极为不好，他懒洋洋地道：“好多了，只是依旧不能入睡。”
“一直都睡不着？”元卿凌问道。
“夜里不能睡，白天也不能睡。”扈妃轻声道，眉目里染着担忧之色。
元卿凌道：“那没叫御医开安神茶？”
“开了酸枣仁茶，但是喝下去没多大效果。”扈妃也代为解答。
元卿凌打开药箱，从里头取出了一瓶药，递给扈妃，“这是安眠药，但不可多服，实在睡不着就吃一颗，只是副作用大，睡醒之后没精神。”
“那就如今吃一颗！”明元帝显然是累得很，想睡过去，好让脑子静下来。
扈妃便给他倒了一颗，他直接便咽下，扈妃刚拿水上手，见他已经吃了，道：“那就再喝一口水。”
“不喝了，搁下吧！”明元帝显得毫无精神。
扈妃轻轻叹气，“吃不下，水也不喝，这怎么成呢？除了汤药，这几天都没沾过别的。”
明元帝拍了拍她的手背，“你也不必总是在这里守着，穆如在外头呢，回去歇会儿。”
扈妃摇头，这几天，她也跟着瘦了些，“回去能休息，心不安，在这里守着你，心里头便踏实。”
明元帝缓缓地闭上眼睛，整个人觉得乏力，“你还是要把心思多放一些在老十的身上，或者帮着皇贵妃料理宫中的事，朕总有先你们而去的时候。”
扈妃听得这话，倏然而惊，“你怎可胡说？以后再不许说这样的话。”
明元帝唇角扬了扬，挤出了一个无力的笑，“终究会这样，不也不能避免。”
扈妃眼底迅速蓄泪，颤声道：“你非得这样让我难过不可么？”
明元帝便睁开眸子，伸手抓住她的手，“好，不说也罢。”
元卿凌知道因着宇文君的死，父皇心里头灰暗得很，目睹亲人的离世，除了伤心难过之外，不免也会感怀自身，她轻声道：“父皇，您要保重龙体，老五肩膀太嫩，许多东西，他背不起！”
明元帝便眯起眼睛笑了起来，“合着你到朕跟前，是为老五鸣冤了？”
“不敢！”元卿凌可还真想鸣冤，一个老五给开成几块用了，哪哪都似乎离不了他，事实上，自打宇文君的丧事之后，他们夫妻之间几天没怎么说过话了，他回来的时候她睡了，早上她没起，他已经出门，家里都成旅店，就别提去镜湖，连一起吃顿饭的时间都没。
明元帝道：“朕知道难为了他，但为君父分忧，他责无旁贷！且这江山迟早是他的，他提前辛苦一下，也并无不可，他总有登基的那一天。”
扈妃潸然泪下。
这话对她来说太残忍了，因为若太子登基，意味着他已经山崩了。
“哭什么？不过是闲话而已。”明元帝还是心疼小妻，伸手给她擦眼泪。
扈妃咬牙，杏眼圆瞪，“臣妾只求您，莫再说这样的话，这日子本就不好够了，还三番四次地提这些叫人伤心的话，就这么恨我么？”
明元帝笑了起来，眸色一下子柔和了下来，“这才是你，不要为朕担心，不要委曲求全，就这样。”
元卿凌拿开药箱，另外开一些药，他的胃病其实也比较严重，当皇帝着实也是辛苦活儿，这些年也没停下来的时候，遇到国中发生大事，常常是废寝忘餐，长久下来，胃就不行了。
等元卿凌开好药之后，走出去一看，明元帝却是睡着了，扈妃轻轻地为他搭上被褥，招呼穆如公公进来守着，她蹑手蹑脚地进了殿，拉着元卿凌的手坐下来。
“太子妃，你如实告诉我，皇上的情况是否很严重？”扈妃虽然每日守在身边，但说病情的时候，总是避开她的，她担心得不行。
“不是特别严重，但还是要注意。”元卿凌道。
扈妃眼底涩红，哽咽道：“你们休得瞒我，每一回说病情都瞒着我，且他吃不下，也睡不着，人足足瘦了一圈。”
元卿凌心道：他的病情本不是十分严重，瞒着说病情，只是不想让人知道病情尚轻，没想倒是让扈妃误会了。
正欲劝慰，却听得扈妃哭泣道：“他若有什么事，我也不活了。”

2020-05-15 17:19:28.600 [http-nio-9004-exec-10] INFO  c.n.one.yuedu.read.service.impl.ChapterServiceImpl - 检查之后扶着太上皇走出来，太上皇如今可惜身得很，出入还得要扶着，唯恐摔倒，这可是前所未见。
元卿凌和他们在廊下说了会儿话，元卿凌猜知道原来当年他们几个住在肃王府里头，是安丰王妃带着的，长嫂如母，是真真的把他们几个当儿子看待。
“如今我们几个倒是聚得多一些，早几年，也是各有各的忙，褚小五尤其的不愿意来乾坤殿，不想见小喜，孤其实也曾生气，但罢了，他已经在外头为北唐忙得焦头烂额，也就原谅了他。”太上皇自顾自地说着，整个人的情绪处于极度的亢奋中，平南王要回来的消息，让他仿佛打了鸡血。
褚小五？元卿凌看向褚首辅，他不是叫褚大吗？怎地叫褚小五？
褚首辅笑笑，“如今一切都好了。”
阳光徐徐照着几位暮年老者，他们眼底都有一种悠远的情怀，可见大家都沉浸在当年之中，元卿凌觉得这简直是一幅最美好的画卷，少年情谊，相伴到老。
她也希望，到她年迈的时候，除了膝下儿孙环绕，昔日旧人也能一一陪伴在身侧，哪怕不能日日相见，可想见的时候，人就在不远处，如此人生，还有什么遗憾？
说了一会儿话，褚首辅与逍遥公又忙活去了，元卿凌也去了一趟前殿，给明元帝看看。
明元帝的病情没有这么严重，三天食不下饭之后，再进食就腹痛胃痛，元卿凌给了药之后，配合御医的治疗，如今已经好多，只是肝火郁结也有。
放权是他的安排，也是和宇文皓那日在御书房商议的决定，太子监国，各处衙门也定然不若原先稳固，若有人要钻空子，眼下是最好的时候。
明元帝在躺在廊前的贵妃椅上，扈妃伺候在侧，给他念着话本，整个殿中，除扈妃的声音之外，静悄悄的，再无其他声响。
元卿凌福身见过，扈妃把话本放在了竹案上，揉揉眉心，“可算是有个人来了。”
元卿凌笑笑，她知道不是无人来，而是父皇谁也不见。
元卿凌问安，“父皇可觉得好些了？”
明元帝瘦了一圈，下巴都尖了，眼底也是一圈的淤青，近乎黑色了，可见睡眠极为不好，他懒洋洋地道：“好多了，只是依旧不能入睡。”
“一直都睡不着？”元卿凌问道。
“夜里不能睡，白天也不能睡。”扈妃轻声道，眉目里染着担忧之色。
元卿凌道：“那没叫御医开安神茶？”
“开了酸枣仁茶，但是喝下去没多大效果。”扈妃也代为解答。
元卿凌打开药箱，从里头取出了一瓶药，递给扈妃，“这是安眠药，但不可多服，实在睡不着就吃一颗，只是副作用大，睡醒之后没精神。”
“那就如今吃一颗！”明元帝显然是累得很，想睡过去，好让脑子静下来。
扈妃便给他倒了一颗，他直接便咽下，扈妃刚拿水上手，见他已经吃了，道：“那就再喝一口水。”
“不喝了，搁下吧！”明元帝显得毫无精神。
扈妃轻轻叹气，“吃不下，水也不喝，这怎么成呢？除了汤药，这几天都没沾过别的。”
明元帝拍了拍她的手背，“你也不必总是在这里守着，穆如在外头呢，回去歇会儿。”
扈妃摇头，这几天，她也跟着瘦了些，“回去能休息，心不安，在这里守着你，心里头便踏实。”
明元帝缓缓地闭上眼睛，整个人觉得乏力，“你还是要把心思多放一些在老十的身上，或者帮着皇贵妃料理宫中的事，朕总有先你们而去的时候。”
扈妃听得这话，倏然而惊，“你怎可胡说？以后再不许说这样的话。”
明元帝唇角扬了扬，挤出了一个无力的笑，“终究会这样，不也不能避免。”
扈妃眼底迅速蓄泪，颤声道：“你非得这样让我难过不可么？”
明元帝便睁开眸子，伸手抓住她的手，“好，不说也罢。”
元卿凌知道因着宇文君的死，父皇心里头灰暗得很，目睹亲人的离世，除了伤心难过之外，不免也会感怀自身，她轻声道：“父皇，您要保重龙体，老五肩膀太嫩，许多东西，他背不起！”
明元帝便眯起眼睛笑了起来，“合着你到朕跟前，是为老五鸣冤了？”
“不敢！”元卿凌可还真想鸣冤，一个老五给开成几块用了，哪哪都似乎离不了他，事实上，自打宇文君的丧事之后，他们夫妻之间几天没怎么说过话了，他回来的时候她睡了，早上她没起，他已经出门，家里都成旅店，就别提去镜湖，连一起吃顿饭的时间都没。
明元帝道：“朕知道难为了他，但为君父分忧，他责无旁贷！且这江山迟早是他的，他提前辛苦一下，也并无不可，他总有登基的那一天。”
扈妃潸然泪下。
这话对她来说太残忍了，因为若太子登基，意味着他已经山崩了。
“哭什么？不过是闲话而已。”明元帝还是心疼小妻，伸手给她擦眼泪。
扈妃咬牙，杏眼圆瞪，“臣妾只求您，莫再说这样的话，这日子本就不好够了，还三番四次地提这些叫人伤心的话，就这么恨我么？”
明元帝笑了起来，眸色一下子柔和了下来，“这才是你，不要为朕担心，不要委曲求全，就这样。”
元卿凌拿开药箱，另外开一些药，他的胃病其实也比较严重，当皇帝着实也是辛苦活儿，这些年也没停下来的时候，遇到国中发生大事，常常是废寝忘餐，长久下来，胃就不行了。
等元卿凌开好药之后，走出去一看，明元帝却是睡着了，扈妃轻轻地为他搭上被褥，招呼穆如公公进来守着，她蹑手蹑脚地进了殿，拉着元卿凌的手坐下来。
“太子妃，你如实告诉我，皇上的情况是否很严重？”扈妃虽然每日守在身边，但说病情的时候，总是避开她的，她担心得不行。
“不是特别严重，但还是要注意。”元卿凌道。
扈妃眼底涩红，哽咽道：“你们休得瞒我，每一回说病情都瞒着我，且他吃不下，也睡不着，人足足瘦了一圈。”
元卿凌心道：他的病情本不是十分严重，瞒着说病情，只是不想让人知道病情尚轻，没想倒是让扈妃误会了。
正欲劝慰，却听得扈妃哭泣道：“他若有什么事，我也不活了。”

2020-05-15 17:19:34.559 [http-nio-9004-exec-7] INFO  c.n.one.yuedu.read.service.impl.ChapterServiceImpl - 
2020-05-15 17:19:42.906 [http-nio-9004-exec-8] INFO  c.n.one.yuedu.read.service.impl.ChapterServiceImpl - 
2020-05-18 10:02:43.186 [http-nio-9004-exec-7] INFO  c.n.o.yuedu.read.service.impl.BookInfoServiceImpl - 分页查询的数据为:
2020-05-18 10:02:46.508 [http-nio-9004-exec-1] INFO  c.n.o.yuedu.read.service.impl.BookInfoServiceImpl - 分页查询的数据为:
2020-05-18 11:34:52.206 [http-nio-9004-exec-2] INFO  c.n.o.yuedu.read.service.impl.BookInfoServiceImpl - 分页查询的数据为:
2020-05-18 11:35:11.069 [http-nio-9004-exec-4] INFO  c.n.one.yuedu.read.service.impl.ChapterServiceImpl - 出了京城，颜雨陌便被萧寻一直抱着坐在马上，一路狂奔，漆黑的夜幕笼罩在小道上，凄凉透着孤寂。
……
颜雨陌坐在软椅上，放下手中的杯盏，看着窗棂外，眉宇微蹙。
两天了，她已被萧寻抱着坐在马上，从未停歇，累死一匹马便换上另一匹。
这两天来，萧寻和照顾她，她垂眸，心中对这个男人更加好奇。
他的性情总是不定，时而冰冷，却又透着一抹邪魅，和云卿尘的性格完全迥异。
云卿尘始终是一副漠然清冷的神态，仿似世间所有之物在他眼里不值一提。
看着外面漆黑的夜幕，她轻叹一声，奔波两天，她也疲惫至极，收拾一番她刚要躺在床榻上。，骤然间想起从吏部盗取的那几封信函。
她迅速拿出来，夜色寂静，她随意打开一封，看着里面的内容。
她一震，这些字迹和现代的有些出处，大致还是能够看来。
她想起当初给御史台的那封信函，为何她一个字也看不懂？
她冷冷蹙眉，垂眸看着信函的内容，上面郝然写着一行字，“杀了颜雨陌，决不能让她与忻国太子联姻，否则一切计划毁之一旦。”
她心中凛然，那日云卿尘对她说的话一直在脑海徘徊，若想知道是谁暗中刺杀她，只要得到吏部的密信便一切明了。
她打开第二封信函，看着里面的内容，“杀了颜丞相和颜雨陌，不然忻国和元国他日联合，齐国大危！”
齐国！
颜雨陌冷然蹙眉，她已经大致了解了一些，这个世界有四个国家，而她所在则是元国。
皇上将她许配给忻国太子，若是联姻成功，再加上双方的互利条件，或许这两国便会联盟。
两国联盟，无疑是实力大增，这对另两个国家来说却是最大的忌惮。
若是元国和忻国联盟试图吞了齐国简直易如反掌。
手中紧紧攥着信函，她不知道吏部究竟是什么人，为何会有和齐国来往的书信。
还有御史台，他为何会唤她为大小姐？
那封书信她为何看懂不字迹，而这些却可以看懂？
萦绕在她身边的愈加复杂，她烦闷蹙眉，现在她知道一点，目前想要杀她的人是齐国的人。
或许也是吏部派来的人！
她垂眸，看着手中的信函，这是最后一封，她打开，看着里面的内容，下一瞬她面色一冷。
上面清晰的写道，“颜丞相去了扬州城办事，皇上有意让颜丞相死在杭扬州城，为了得到他手中掌握的虎符军令，你们得到虎符军令灭了颜丞相，彻底离开扬州城。”
颜雨陌冷冷蹙眉，这几天她查探了一些，颜丞相在朝中是两朝元老，手中掌握着元国一半的兵力。
皇上不仅想要将她当做物品联姻给忻国太子，还想要除掉颜丞相！
若是颜雨陌嫁过去，一旦在那边遭受非人的对待，颜丞相必然不会坐视不理，或许还会动用手中的兵权。
皇上就怕这样，一旦丞相动用兵权，两国平息的战争会再次爆发。
所以他想要将颜丞相手中的虎符军令得到手，这样一来，即使颜雨陌受了非人对待，颜丞相没有兵权，别无他法，他只能求皇上！
颜雨陌冷冷蹙眉，手中紧紧攥着信函，骤然更是泛着冰冷的怒意和寒凉。
皇上这一招倒是毒辣！
既可以得到兵权，又可以控制颜丞相，他真以为他的计谋会成功吗？
她冷笑勾唇，之前那个维诺的颜雨陌已经死了，如今她是颜雨陌，却是另一个人不会屈服他人的颜雨陌！
这桩婚姻，她不会接受，更会想办法将她解除！
为今之计是她必须要尽快赶到扬州城，确保颜丞相无恙，而现在能够帮她的人，似乎只有萧寻了。
她拿着信函走到烛台前，将手中的信函烧化成灰，看着飘落在地上的黑灰，她转身走出房间。
来到萧寻的房外，看着紧闭的房门，她想要抬手敲门，却不知道见了他要说什么。
即使说了，他会帮他救颜丞相吗？
紧抿着唇，她紧紧蹙眉，半晌，她终是抬手，敲了敲门，里面传来一到低沉的声音，“进来。”
颜雨陌深吸了一口气，推开房门，抬眸间便看到萧寻坐在软椅上，指间处捏着翠绿的杯盏。
面容上依旧带着黑色的面具，她紧抿着唇关上房门走了进来。
“有事？”萧寻淡淡出声，看着她的眸子也泛着不知名的意味。
颜雨陌蹙眉，走到他身前，想要开口却不知如何说。
萧寻微微挑眉，放下手中的杯盏，手肘支在桌上，以手支额，好整以暇的看着她。
见她立在身前，眸底的踌躇和犹豫尽显无疑。
萧寻骤然起身，将颜雨陌搂在怀里，看着她忽然震惊怔愣的神情，他垂眸愉悦勾唇，“夜幕深黑，你到我房中来，只是来站我跟前发呆的吗？”
他灼热的气息喷薄在她面容处，颜雨陌面色骤然一红，她双臂撑在身前，冷眉瞪着他。
而后想起她找他之事，顿时眸底的冷色褪了一些，有些僵硬道，“我来想跟你问你一件事。”
萧寻淡淡挑眉，抱着她腰肢的手仍旧没有松开，语气更显得缱绻了几分，“找我何事？”
这样的气氛让颜雨陌有些不适，虽然她是现代人，但男女之间这般近的距离她还是有些排斥。
况且眼前的这个男人更是深不可测。
她抬眸，目光一瞬不瞬的凝着他，“你当初说的话作数吗？我是你的人，只要我有任何危难，你都不会袖手旁观？”
萧寻不意她会问这个，只是怔了一瞬便点头，“你有难？”
这三个字他语调拉的颇长，意味不明。
颜雨陌抿了抿唇，点头，“我们此次去扬州城，可以帮我一个忙吗？”
萧寻微微蹙眉，薄唇紧抿，他沉吟了半晌，语气冷了几分，“是否想要我救你的父亲。”
不是疑问而是肯定！


2020-05-18 11:37:00.446 [http-nio-9004-exec-2] INFO  c.n.one.yuedu.read.service.impl.ChapterServiceImpl - 
2020-05-18 11:37:03.138 [http-nio-9004-exec-4] INFO  c.n.one.yuedu.read.service.impl.ChapterServiceImpl - 
2020-05-18 11:37:07.838 [http-nio-9004-exec-10] INFO  c.n.one.yuedu.read.service.impl.ChapterServiceImpl - 检查之后扶着太上皇走出来，太上皇如今可惜身得很，出入还得要扶着，唯恐摔倒，这可是前所未见。
元卿凌和他们在廊下说了会儿话，元卿凌猜知道原来当年他们几个住在肃王府里头，是安丰王妃带着的，长嫂如母，是真真的把他们几个当儿子看待。
“如今我们几个倒是聚得多一些，早几年，也是各有各的忙，褚小五尤其的不愿意来乾坤殿，不想见小喜，孤其实也曾生气，但罢了，他已经在外头为北唐忙得焦头烂额，也就原谅了他。”太上皇自顾自地说着，整个人的情绪处于极度的亢奋中，平南王要回来的消息，让他仿佛打了鸡血。
褚小五？元卿凌看向褚首辅，他不是叫褚大吗？怎地叫褚小五？
褚首辅笑笑，“如今一切都好了。”
阳光徐徐照着几位暮年老者，他们眼底都有一种悠远的情怀，可见大家都沉浸在当年之中，元卿凌觉得这简直是一幅最美好的画卷，少年情谊，相伴到老。
她也希望，到她年迈的时候，除了膝下儿孙环绕，昔日旧人也能一一陪伴在身侧，哪怕不能日日相见，可想见的时候，人就在不远处，如此人生，还有什么遗憾？
说了一会儿话，褚首辅与逍遥公又忙活去了，元卿凌也去了一趟前殿，给明元帝看看。
明元帝的病情没有这么严重，三天食不下饭之后，再进食就腹痛胃痛，元卿凌给了药之后，配合御医的治疗，如今已经好多，只是肝火郁结也有。
放权是他的安排，也是和宇文皓那日在御书房商议的决定，太子监国，各处衙门也定然不若原先稳固，若有人要钻空子，眼下是最好的时候。
明元帝在躺在廊前的贵妃椅上，扈妃伺候在侧，给他念着话本，整个殿中，除扈妃的声音之外，静悄悄的，再无其他声响。
元卿凌福身见过，扈妃把话本放在了竹案上，揉揉眉心，“可算是有个人来了。”
元卿凌笑笑，她知道不是无人来，而是父皇谁也不见。
元卿凌问安，“父皇可觉得好些了？”
明元帝瘦了一圈，下巴都尖了，眼底也是一圈的淤青，近乎黑色了，可见睡眠极为不好，他懒洋洋地道：“好多了，只是依旧不能入睡。”
“一直都睡不着？”元卿凌问道。
“夜里不能睡，白天也不能睡。”扈妃轻声道，眉目里染着担忧之色。
元卿凌道：“那没叫御医开安神茶？”
“开了酸枣仁茶，但是喝下去没多大效果。”扈妃也代为解答。
元卿凌打开药箱，从里头取出了一瓶药，递给扈妃，“这是安眠药，但不可多服，实在睡不着就吃一颗，只是副作用大，睡醒之后没精神。”
“那就如今吃一颗！”明元帝显然是累得很，想睡过去，好让脑子静下来。
扈妃便给他倒了一颗，他直接便咽下，扈妃刚拿水上手，见他已经吃了，道：“那就再喝一口水。”
“不喝了，搁下吧！”明元帝显得毫无精神。
扈妃轻轻叹气，“吃不下，水也不喝，这怎么成呢？除了汤药，这几天都没沾过别的。”
明元帝拍了拍她的手背，“你也不必总是在这里守着，穆如在外头呢，回去歇会儿。”
扈妃摇头，这几天，她也跟着瘦了些，“回去能休息，心不安，在这里守着你，心里头便踏实。”
明元帝缓缓地闭上眼睛，整个人觉得乏力，“你还是要把心思多放一些在老十的身上，或者帮着皇贵妃料理宫中的事，朕总有先你们而去的时候。”
扈妃听得这话，倏然而惊，“你怎可胡说？以后再不许说这样的话。”
明元帝唇角扬了扬，挤出了一个无力的笑，“终究会这样，不也不能避免。”
扈妃眼底迅速蓄泪，颤声道：“你非得这样让我难过不可么？”
明元帝便睁开眸子，伸手抓住她的手，“好，不说也罢。”
元卿凌知道因着宇文君的死，父皇心里头灰暗得很，目睹亲人的离世，除了伤心难过之外，不免也会感怀自身，她轻声道：“父皇，您要保重龙体，老五肩膀太嫩，许多东西，他背不起！”
明元帝便眯起眼睛笑了起来，“合着你到朕跟前，是为老五鸣冤了？”
“不敢！”元卿凌可还真想鸣冤，一个老五给开成几块用了，哪哪都似乎离不了他，事实上，自打宇文君的丧事之后，他们夫妻之间几天没怎么说过话了，他回来的时候她睡了，早上她没起，他已经出门，家里都成旅店，就别提去镜湖，连一起吃顿饭的时间都没。
明元帝道：“朕知道难为了他，但为君父分忧，他责无旁贷！且这江山迟早是他的，他提前辛苦一下，也并无不可，他总有登基的那一天。”
扈妃潸然泪下。
这话对她来说太残忍了，因为若太子登基，意味着他已经山崩了。
“哭什么？不过是闲话而已。”明元帝还是心疼小妻，伸手给她擦眼泪。
扈妃咬牙，杏眼圆瞪，“臣妾只求您，莫再说这样的话，这日子本就不好够了，还三番四次地提这些叫人伤心的话，就这么恨我么？”
明元帝笑了起来，眸色一下子柔和了下来，“这才是你，不要为朕担心，不要委曲求全，就这样。”
元卿凌拿开药箱，另外开一些药，他的胃病其实也比较严重，当皇帝着实也是辛苦活儿，这些年也没停下来的时候，遇到国中发生大事，常常是废寝忘餐，长久下来，胃就不行了。
等元卿凌开好药之后，走出去一看，明元帝却是睡着了，扈妃轻轻地为他搭上被褥，招呼穆如公公进来守着，她蹑手蹑脚地进了殿，拉着元卿凌的手坐下来。
“太子妃，你如实告诉我，皇上的情况是否很严重？”扈妃虽然每日守在身边，但说病情的时候，总是避开她的，她担心得不行。
“不是特别严重，但还是要注意。”元卿凌道。
扈妃眼底涩红，哽咽道：“你们休得瞒我，每一回说病情都瞒着我，且他吃不下，也睡不着，人足足瘦了一圈。”
元卿凌心道：他的病情本不是十分严重，瞒着说病情，只是不想让人知道病情尚轻，没想倒是让扈妃误会了。
正欲劝慰，却听得扈妃哭泣道：“他若有什么事，我也不活了。”

2020-05-18 11:37:08.870 [http-nio-9004-exec-6] INFO  c.n.one.yuedu.read.service.impl.ChapterServiceImpl - 北唐，楚王府凤仪阁。
蜡烛摇曳，照影着房中处处张贴的半旧大红喜字，光影从烫金边散开柔和的芒荧，漫着墙上奋力交缠着的一双影子。
元卿凌被楚王压在了身下，衣衫被大肆扯开，露出光滑柔嫩的肌肤。
她脸上没有一丝情谷欠，只有隐忍和不甘。
成亲一年，他不曾碰过她半根指头，前天入宫，太后看着她平坦的小腹，叹了口气，甚是失望，且提起了娶侧妃之事，她才不得已告知太后他们成亲一年，还没圆房。
她不想哭诉告状，她只是，不甘心啊。
从十三岁第一次见他，她的心便系在了他的身上，用尽了所有的办法，终于嫁给他为妃。本以为，再冷的石头，她也能捂热，可她始终是高估了自己。
明明是她的夫君，她却看不到他眼底有丝毫的怜悯，只有执狂的恨意。
“呃……”
身下传来尖锐的痛楚，她忍不住闷哼了一声，但在看到他眼底的冷意之后，那痛楚仿佛毒针般狠狠往心底里钻去。
心里莫名涌出一股恨意，她抱住他的身躯，费力撑起身子，用力咬住他的唇。
鲜血溢出，腥甜的血液滴入了她的口中。
他眸色一沉，修长的身体从她身上起来，一巴掌劈向她的脸，夹着玉碎般的冷意，“元卿凌，本王如你所愿与你圆房，可从今往后，本王与你形同陌路。”
元卿凌笑了起来，笑得绝望悲凉，“你果然恨我。”
出嫁之前，母亲教过她房中之事，可他喝了迷，情药前来，只破了她的身子，便再无一丝眷恋地起身。
青袍一卷，裹住了他强壮结实的身体，修长的腿一踢，桌子椅子轰然倒地，东西碎乱满地，他声音裹着冷意，凤眼尽是鄙夷，“恨？你不配，本王只是厌恶你，在本王眼中，你便如那逐臭的蝇虫，叫人憎恶，否则，本王也不需要喝药才来与你圆房。”
他旋风般出了去，她看着青袍消失在门口，只有冰冷的风从门口卷入来，瞬间便冷却了她的心。
他的声音远远地传来，“以后不必把她当主子看，只当我楚王府多养了一条狗。”
痛，真痛啊，她如愿以偿与他圆房了，但是，他却用这种方式，碾碎了她的心。
她拔出头上的簪子……
凤仪宫中，传出侍女的惊叫声。
“王妃自尽了……”
黑沉笼罩着凤仪阁，其嬷嬷送了大夫出去，转身寒着脸进了屋中。
“王妃若要死，等王爷休了你回去再死，休得脏了王府的地，再给王爷沾了晦气。”
元卿凌慢慢地睁开眼睛，看着眼前这个满脸凶恶的妇女。
“水……”
她嗓子干得要命，简直快冒烟了。
“有本事去死，就有本事自己倒水喝。”其嬷嬷说完，厌恶地看了她一眼，呸了一声便出去了。
元卿凌挣扎着起身，全身像散架一样的疼，趴在桌子上，颤巍巍地倒了一杯水，咕咚咕咚地喝下去，才觉得是真的活过来了。
她看向自己手腕上的伤口，有片刻的怔忡，到现在还不太能接受眼前所发生的一切。
她从小便被称为神童，十岁读完高三后被广市医科大学录取读现代临床医学，十六岁读博，是二十二世纪最年轻的博士研究生，之后她没有从医，而是读了生物医学，拿下博士学位之后又醉心病毒学，在病毒研究所浸淫了两年，被一家生物公司聘用研发一种刺激开发大脑的药物。


2020-05-18 11:37:11.494 [http-nio-9004-exec-2] INFO  c.n.one.yuedu.read.service.impl.ChapterServiceImpl - 她是注射了自己研发的药物之后便昏倒，醒来，便在这里了。
脑子里有些不属于她的记忆在慢慢地和自己的记忆交缠。
静候嫡女元卿凌，思慕楚王宇文皓已久，十五岁及笄后，到公主府饮宴，设下计谋陷害楚王“轻薄”了她，一番寻死觅活之下，得偿所愿成为楚王妃。
只可惜，嫁入王府一年，费尽心思，楚王连看都没看她一眼。
工科女，虽没谈过恋爱，但是从身体的酸痛和某个部位残留的撕裂疼痛告诉她，在原主死之前，应该是经历了一场侵略性的行为。
原主残留在她脑子里的记忆也证实了这一点。
从天才博士晋升到某不知名朝代的楚王妃，元卿凌唯一可惜的是她手头上的研究项目不能再进行了。
灵魂穿越这种一点都不科学的事情，发生在她的身上，她没有太过忧虑自己的处境，反而想着如果自己能再回到现代，她或许会去研究灵异学。
失血过多让她的觉得脑子昏昏沉沉，她干脆什么都不想，走回床前，倒头就睡。
也不知道过去了多久，外面，传来一声巨响，伴随着一声惨烈的痛叫声。
“快，快去叫大夫！”
门外，传来了其嬷嬷急促而凌乱的声音。
血腥的味道，从虚掩的木门透进来。
元卿凌双手扶着椅子，稳住虚浮的脚步看了出去。
只见其嬷嬷和一名侍女扶着一名小厮坐在廊前，那小厮的眼睛汩汩流血，有东西插在了眼睛里，急痛得放声大哭。
其嬷嬷着急得很，想伸手为他捂住流血的地方，可那尖锐物就突出在眼球上，她便想把那尖锐物拔掉。
元卿凌见状，也不顾身体各处都疼痛，快步走了出去，“不许动！”
其嬷嬷吓了一跳，回头见是她，没好气地道：“没王妃什么事，王妃回去吧。”
元卿凌看了一下，心中稍松，那尖锐物是一枚钉子，不是插入眼球，而是在眼角边缘擦着眼角插了进去。
钉子没入很深，若强行拔掉，会伤了角膜甚至引起眼球爆破。
“镊子，棉花，针，烈酒，再以乌头、莨菪子、麻蕡、羊踯躅，曼陀罗花熬汤拿上来，要快！”元卿凌拉开其嬷嬷，沉稳地吩咐道。
其嬷嬷一把推开她，狂怒地道：“你别碰我孙子。”
“你等到大夫……”
其嬷嬷见她还要再说，竟用了狠戾使劲推搡她进了屋中，把门关起来。
元卿凌被推跌在地上，脑子里有一句冰冷的话在回荡，“不必把她当主子看待，便当我楚王府多养了一条狗。”
她只是一条狗，自然，下人们也不会尊重她。
元卿凌慢慢地躺回了床上，听着外头那小厮的痛哭声，心里很沉重无力。
声音渐渐地远去，应该是被安置到了其他地方。
那孩子，大概就十岁左右？
可惜了，若延误治疗，伤了眼睛不说，还可能因为感染而丢了一条性命。
元卿凌没什么悲天悯人的心肠，她只认为自己学的就是医药，做的是药物和病毒研究，家人都是医生，从小在家里祖辈父辈谈论得最多的话题便是做医生的责任与救治方式。
在元家人看来，救治就是天职。
他们身体力行，用一辈子去做好这件事情。
原主的身子太虚弱了，她昏昏沉沉地睡去。
她做了一个梦，梦见自己竟然回到了她的研究室里。
公司给她安排的这个研究室，很隐秘，除了公司的董事长和她的助手之外，几乎无人知道研究室所在地。
一切都没变，她触摸着桌子，电脑，显微镜，她注射时候的针筒，丢弃在一边的试管。
电脑是开着的，她的微信在电脑上登录，有很多信息不断地弹出来，都是家人发来的信息，问她在哪里。
她触摸键盘，心底才有了从现代死亡之后的悲伤。
她是再也见不了父母家人了。
怔忡半响，她看到桌面上放着一瓶碘伏，这是她给自己注射之前拿过来的，因长期在研究所，所以，研究所里总会放有各种药物。
她打开药箱，药物几乎都没怎么动过。
若是她有这些药物，那孩子，大概还有救。
不知道睡了多久，听得咿呀的推门声，她才忽然从梦里醒来。
有侍女掌灯进来，手里捧着一碟馒头，重重地放在桌子上，冷冷地道：“王妃请用膳！”
说完，把灯放在桌子上便出去了。
元卿凌怅然若失，是梦！
她真的饿了，慢慢地起来下床走过去，脚却忽然被绊了一下，她低头看去，却见地上放着一个药箱。
她全身的血液顿时凝固。
这药箱，和她研究所里的药箱一模一样。
她迅速提起药箱拿到桌子上打开，颤抖的手慢慢地触摸着药箱里的药物，一模一样，一模一样，是她在研究所里的药箱。
呼吸屏住，她简直不能相信眼前所见。
灵魂穿越已经够匪夷所思了，而这药箱竟然也跟着来？

2020-05-18 11:37:13.181 [http-nio-9004-exec-4] INFO  c.n.one.yuedu.read.service.impl.ChapterServiceImpl - 
不，不，方才似乎没有的，是她梦了一场之后这药箱才出现。
怎么回事？
她先把怪力乱神一说摒弃脑后，试图用科学的角度去解释这件事情。
就当这里是平行空间……
不，不，解释不通，就算有平行空间，她因缘际会进了一个平行空间，但是脑子是她的，这身体不是她的，这点怎么都没办法解释。
许久，她才冷静下来。
藏好了药箱，狼吞虎咽地吃下几个馒头，她又躺回床上想继续睡觉，看还能不能做梦回到研究所。
但是，心潮澎湃，激动异常，她翻来覆去也睡不着了。
不仅如此，接下来的两天，她都没能睡着，就算身子乏得一点力气都没有，眼睛都睁不开了，可脑子还在高速运转，怎么都停不下来。
第三天，她还是没能睡着。
坐在铜镜前，她看到自己像一只鬼。
披头散发，眼窝深陷，脸色青白，眉心处结了一块小小的疤痕，手腕上的伤口已经没什么大碍，就是偶尔会传来一阵子抽痛。
这是伤口愈合的症状。
不知道那男孩怎么样了。
她慢慢地调整思绪，觉得自己再急也无用，不如先适应了眼前的生活再说。
所以，当侍女再送餐来的时候，她问：“绿芽，其嬷嬷的孙子怎么样了？”
侍女叫绿芽，她脑子里有原主的记忆。
绿芽冷冷地道：“快死了，你高兴了吧?”
她为什么会高兴？


2020-05-18 11:37:15.823 [http-nio-9004-exec-8] INFO  c.n.one.yuedu.read.service.impl.ChapterServiceImpl - 
元卿凌怔了一下，脑子里忽然涌上一些记忆，火哥儿出事的前一天，原主才斥打过他，且令他抓紧把茅房上的木板盖严实一些，他出事，应该是从茅房上滚下来被钉子插伤了。
而这些活儿，本不该是他做的。
不仅如此，因着自己陪嫁过来的人被发卖出去，她迁怒在楚王安排过来的这些人身上，平日对身边的人动辄非打即骂，其嬷嬷也被她用杯子砸过，流了很多血。
原主心肠不太好，难怪惹人生厌。
“你问问其嬷嬷，我能不能去看看他？”元卿凌问道。
“王妃有这等好心肠，就不会落得如斯田地，不必假惺惺了，其嬷嬷和火哥儿也不想见到王妃。”绿芽说完，转身就出去了。
大门再度关闭。
元卿凌轻轻地叹气，那孩子快要死了？
她不知道那火哥儿的伤势有重，也不知道这里大夫怎么样给他也处理伤口，如果处理不妥当，多半是角膜脱落眼球爆裂伴随感染。
人命对她来说，重于一切，她始终还是没能安心吃饭，打开药箱取了几粒抗生素，便走了出去。
其嬷嬷是卖身王府的，那火哥儿是家生奴才，住在了凤仪阁后面的矮院里。
元卿凌转了几个圈，终于找到了。
“你来做什么？”其嬷嬷看到了她，一双红肿的眼睛盯着元卿凌，满脸生恨。
“我想看看火哥儿。”元卿凌说。
“你走，我们婆孙受不起！”其嬷嬷冷冷地道。
元卿凌试图道歉，“对不起，我不知道叫他去修茅房会出这样的意外……”
“意外？他才九岁，只能做些洒扫的功夫，可你去叫他去修茅房，修缮的活儿府中有专门的人做，你却偏不许其他人做指定要他做，你偏要为难他，他才九岁啊，你的心肠为什么那么狠毒？”
面对其嬷嬷愤怒声声质问，元卿凌不知道如何辩解。
她一向不善言辞。
她只得把几粒抗生素递给其嬷嬷，“这些药你给他服下，一天三次，一次两粒……”
手中的药丸，被其嬷嬷一手打落地上，其嬷嬷发狠地踩碎，“不必了，王妃请回吧，婆子不想骂人，想替孙子积德。”
元卿凌看着那些变成粉末的药，很心疼，药箱里的抗生素，没有太多。
看着其嬷嬷那张愤怒伤心的脸，她知道说什么也无用，只得转身而去。
火哥儿当晚就病危了。
其嬷嬷还是很得楚王的心，楚王知道情况之后特意叫家臣去请京中有名的利大夫过来，利大夫看到情况，没开方子摇摇头，让准备后事。
其嬷嬷哭得撕心裂肺，哭声传到了元卿凌的耳中，元卿凌疾步走出去，拉住了急忙走过去的绿芽，“出什么事了？”
“火哥儿快没了。”绿芽情急之下，也顾不得憎恨她，脱口便说了。
元卿凌一急，回屋便拿了药箱跟着跑过去。


2020-05-18 11:37:18.038 [http-nio-9004-exec-7] INFO  c.n.one.yuedu.read.service.impl.ChapterServiceImpl - 其嬷嬷跪在地上求利大夫，利大夫求救地看着家臣汤阳，汤阳为难地道：“大夫，要不试试？”
利大夫冷笑一声，“试试？将死之人，老夫接手，损的是老夫的名声。”
其嬷嬷听了这话，哭得几乎昏死过去，一个劲地抽着气喊：“我那苦命的孙子啊！”
绿芽上前安抚，把其嬷嬷扶起来坐在一边去。
而家臣汤阳则跟大夫说：“那孩子着实痛苦，要不您开个药，缓缓他的痛楚，对外绝不宣称您曾救治。”
汤阳说着，便往大夫袖子里塞银子。
利大夫这才道：“若是止痛倒还好，只是止痛也没什么用处，该去还是得去。”
“是是是！”汤阳也但求火哥儿去得舒适一点，那孩子着实可怜，也是他看着长大的。
利大夫正想进去写方子，却不料，那门砰地一声就关上了，且还在里头上了闩。
绿芽认得方才关门时候看到的那一抹衣料，惊叫了一声，“是王妃。”
其嬷嬷听说是王妃进去了，又伤心又愤怒，像一头发疯的母狮子般冲了上去，使劲地锤门，“你开门，开门，你想怎么样？”
里头传出元卿凌的声音，声音不大，话不多，就三个字，“还有救。”
利大夫当场就冷笑一声，“人都只剩下半口气了，还有救？王府哪里来的大罗神仙啊？”
其嬷嬷身子瘫软，绝望地看着汤阳，“汤大人，求求您，让人把门撞开，老奴要陪着他，他害怕啊！”
汤阳没想到王妃会在这个节骨眼上过来，真是凑什么乱子？
看来王爷的话她还是没听进去。
既然如此，便休怪他禀报王爷。
他沉声吩咐，“绿芽，去请王爷，王爷不在，我们不好对王妃无礼，再叫几个人过来，把门撞开。”
“是！”绿芽也是气愤得很，当下就小跑出去了。
汤阳便请大夫在院子的石头上开方子，好叫人去抓药。
元卿凌在里头听到外头的动静，她只有抓紧时间。
火哥儿已经昏昏沉沉，但是一直喊着疼。
元卿凌看着他的伤口，眼角起脓，整个眼睛都肿起来了，是细菌感染了。
她打开药箱，取出注射液，先给他注射了抗生素，再取出小叶刀和碘伏，消毒之后开始引流血脓。
没有麻药，强行引流，小孩子受不住，痛得惨叫起来。
外头的其嬷嬷听得孙子惨叫，发了狠地用头撞门，赌咒道：“你有什么便冲我来，你折磨了他，我便是死也不会放过你。”
“太残忍了！”大夫听得这惨叫声，也不禁摇头道。
汤阳又气又心疼，但是怕其嬷嬷把自己给撞坏了，只得上前拉住了她。
绿芽很快就把楚王请过来了。
楚王刚进矮院门口，便听得里头传来火哥儿的惨叫声。
其嬷嬷见楚王来了，噗通一声跪在地上，哀哭道：“王爷，救老奴的孙子啊！”
楚王眸子一沉，脸色铁青地道：“来人，撞门！”
府中几名侍卫连忙便上前撞门，几人一起撞，不过三四下，门便被撞开了。
其嬷嬷冲进去，见元卿凌手里拿着刀，地上一片沾染了血污的棉花，她冲过去拦在身前，“你这是要了我的命，你这是要了我的命啊！”
“奶奶，我疼，我疼啊！”火哥儿全身颤抖，用尽全身的力气拉住了其嬷嬷的手哭喊着。
元卿凌已经处理完了，本还想包扎一下的，但是看着来不及了。
她提起药箱，眼前倏然被一道阴影笼罩，刚抬头，一巴掌便落在了她的脸上，直打得她耳朵嗡嗡嗡地响，脸颊火辣辣得麻木了好一会儿才觉得辣痛。


2020-05-18 11:37:20.407 [http-nio-9004-exec-3] INFO  c.n.one.yuedu.read.service.impl.ChapterServiceImpl - 还没回过神来，脖子便被他的铁指钳住，她瞪大眼睛，就看到楚王那张狂怒得喷火的脸，空气从胸腔里被强行挤出，她眼前一黑，几乎就要晕过去。
“不过十岁孩儿，”他咬牙切齿的声音在她耳边响起，“你竟下得了这般狠毒的手，来人，把王妃拖出去，杖打三十！”
元卿凌已经连续几天不能入睡，体力几乎是没有的，被打了一巴掌之后，虚弱得连站都站不住，他掐住的手一松开，人就软软地跌在了地上，空气重回，她大口呼吸，身子却骤然被人拖起，强行拖了出去。
暗暗沉沉间，她只看到楚王那张冷峻得几乎透着寒冰的脸，还有眼底那抹厌恶，那一抹华贵的锦缎衣袂……
她直接被拖下了石阶，头磕在坚硬锋利的石阶上，有尖锐的刺痛感传来，她两眼一黑，终于晕了过去。
她没有晕太久，一阵阵的痛楚从身上传来，是她前生从未受过的痛，一板子一板子地打在她的腰和大腿上，每一下都疼得入骨，她觉得，腰和腿大概都要断掉了。
口腔里有血液的味道，她咬破了唇，咬破了舌头，眼前一阵阵的黑暗却就是没办法再昏过去。
痛楚让她清醒着。
三十板打完，她却觉得过了一辈子那么长。
她元卿凌，二十二世纪的天才，崇拜她敬重她的人大排长龙，她出席每一个场合，都是焦点中的焦点。
多少病人殷殷期盼，盼着她能研发出救命良药。
但是，在这里，她要救一个小男孩，却是这般的艰难，艰难到要付出生命的代价。
她被拖了回去，无人管她的死活，最好她是死了。
她被丢在凤仪阁的云石地板上，连同她的药箱，重重地砸在她的背上。
她无法翻身，也能想到自己的后背已经血肉模糊一片，她勉强反手去拖药箱过来，打开，取出一粒药咽下，再给自己打一针，希望能熬过这一劫。
慢慢地，她昏过去了。
矮院里，楚王宇文皓命人痛打了元卿凌一顿，余怒未消，安抚了其嬷嬷几句，他便走了。
汤阳追上来，“王爷，王妃那边，要不要请大夫过去看看？”
宇文皓眼底扬起了一抹阴鸷之色，“不必，死了便报暴毙！”
“静候那边……如何交代？”汤阳问道。
“需要如何交代?”宇文皓声音冰冷。
汤阳明白，“是！”
宇文皓大步而去。
汤阳回了矮院，吩咐绿芽去为火哥儿抓药。
进了矮院，却见火哥儿竟睡了过去。
其嬷嬷抹着眼泪收拾好那些带血脓的棉花团，哭着道：“能睡着就好，他一直疼得睡不着。”
汤阳瞧了一眼火哥儿的眼睛，怔了一下，“似乎没那么肿了。”
其嬷嬷连忙抬头，果然看到他的眼睛已经消了一部分肿，而且，血脓看不到了。
汤阳看到她方才收拾的东西，取了针管看，“这是什么东西？”
“不知道，是那女人方才扔在这里的。”其嬷嬷道。
因恨极，只以那女人来称呼元卿凌。
汤阳没见过这样的东西，“该不是再下毒了吧？”
“大夫走了吗？”其嬷嬷急问道。
“走了，留下了方子。”汤阳看了火哥儿一眼，“放心，我只是猜测，看样子没中毒。”
其嬷嬷抬起红肿的眼睛，略放了心，对汤阳道：“老奴想守着他，大人能否容老奴……”
“不必说，你陪着火哥儿就好。”汤阳道。
“谢谢大人！”
汤阳轻轻叹息，“大夫说，大概就是今晚了，你看着点儿。”
其嬷嬷泪水又落了下来。


2020-05-18 11:37:23.261 [http-nio-9004-exec-5] INFO  c.n.one.yuedu.read.service.impl.ChapterServiceImpl - 汤阳吩咐绿芽去抓药，再安慰了其嬷嬷几句，便转身去了。
其嬷嬷一直守着，入黑就开始害怕。
绿芽也过来陪着，两人也没说话，屏住呼吸地看着火哥儿，就怕他一个呼吸提不上来。
只是，火哥儿却一直沉睡，到了将近子时，竟然醒了过来，睁开一只眼睛看着其嬷嬷，“奶奶，我饿！”
其嬷嬷惊喜得几乎跳起来，自打伤情严重之后，便再吃不下东西，便连她辛苦求来的羊奶都喝不下去。
她伸手摸了一下他的额头，竟然没那么烫了。
“大夫的药见效了，见效了！”其嬷嬷惊喜地对绿芽道。
“是啊，大夫的药见效了！”绿芽也很高兴。
利大夫翌日再被请到了楚王府。
听得那孩儿还没死，利大夫也觉得很神奇，“这小子命真大，本来都快没了。”
其嬷嬷跪下来磕头，“大夫，您再开一副药，救救我孙子。”
利大夫怔了一下，昨天开的药压根不能治他的伤，顶多是止痛镇静用的，对伤势的作用不大。
不过，兴许是误打误撞了。
他诊过火哥儿的脉象，确实比昨天好一些了，身子也么那么滚烫。
他于是再开了个方子，“叫丫头跟我回去抓药吧，这药连续服两天，还有敷伤口的药粉，若见好，继续来抓药。”
“谢大夫！”
“诊金药费谁给？”李大夫问道。
昨天的诊金是汤阳给的，但是今日的诊金药费，却得其嬷嬷给。
其嬷嬷看着大夫举起的手，试探地问道：“五十文？”
“五两！”利大夫不高兴地道。
他不是江湖郎中，不开那些几文钱的药。
其嬷嬷眼珠子都快掉下来了。
五两银子？那可是她半年的工钱。
这才两服药啊。
可孙子的命，自然要比银子金贵，她咬了咬牙掏出五两银子给大夫。
绿芽陪同利大夫去抓药，回来的时候见其嬷嬷垂泪，便安慰道：“嬷嬷别伤心，火哥儿一定会好起来的。”
其嬷嬷恨声道：“怎就有那么狠心的人？我想起撞门进来的时候看到她拿着刀子划火哥儿的眼睛，我就恨不得杀了她，若火哥儿出点什么事，我也不活了，便是拼了这条命都要杀了她。”
绿芽安慰道：“别生气了，气坏自己多不值当，王爷已经下令，让她自生自灭，她被打得那么伤，怕是活不了了，我横竖也不给她送饭了，让她病死也好，饿死也好，总归是出了这口气了。”
凤仪阁里。
元卿凌不知道昏迷了多久，慢慢地醒来，屋中一片漆黑。
没有梦回实验室，她很失望。
摸索着爬过去，爬到桌子附近，她记得，上头有茶水，还有馒头。
她需要喝水，需要吃点东西。
药箱里，没有葡萄糖，无法给自己输液。
几步的路，她爬了许久才爬到，慢慢地挣扎起来，站不住，噗通一声又跪了下去，但是手里抓住了一只馒头，她就趴在地上，一小口一小口地吃起来。
她知道自己发烧了，不敢吃太多，以免增加肠胃的负担。


2020-05-18 12:37:30.741 [http-nio-9004-exec-9] INFO  c.n.o.yuedu.read.service.impl.BookInfoServiceImpl - 分页查询的数据为:
2020-05-18 12:38:30.760 [http-nio-9004-exec-3] INFO  c.n.one.yuedu.read.service.impl.ChapterServiceImpl - 第1章上传成功
2020-05-18 12:38:30.913 [http-nio-9004-exec-3] INFO  c.n.one.yuedu.read.service.impl.ChapterServiceImpl - 第2章上传成功
2020-05-18 12:38:31.062 [http-nio-9004-exec-3] INFO  c.n.one.yuedu.read.service.impl.ChapterServiceImpl - 第3章上传成功
2020-05-18 12:38:31.213 [http-nio-9004-exec-3] INFO  c.n.one.yuedu.read.service.impl.ChapterServiceImpl - 第4章上传成功
2020-05-18 12:38:31.358 [http-nio-9004-exec-3] INFO  c.n.one.yuedu.read.service.impl.ChapterServiceImpl - 第5章上传成功
2020-05-18 12:38:31.500 [http-nio-9004-exec-3] INFO  c.n.one.yuedu.read.service.impl.ChapterServiceImpl - 第6章上传成功
2020-05-18 12:38:31.637 [http-nio-9004-exec-3] INFO  c.n.one.yuedu.read.service.impl.ChapterServiceImpl - 第7章上传成功
2020-05-18 12:38:31.779 [http-nio-9004-exec-3] INFO  c.n.one.yuedu.read.service.impl.ChapterServiceImpl - 第8章上传成功
2020-05-18 12:38:31.921 [http-nio-9004-exec-3] INFO  c.n.one.yuedu.read.service.impl.ChapterServiceImpl - 第9章上传成功
2020-05-18 12:38:32.060 [http-nio-9004-exec-3] INFO  c.n.one.yuedu.read.service.impl.ChapterServiceImpl - 第10章上传成功
2020-05-18 12:38:32.194 [http-nio-9004-exec-3] INFO  c.n.one.yuedu.read.service.impl.ChapterServiceImpl - 第11章上传成功
2020-05-18 12:38:32.328 [http-nio-9004-exec-3] INFO  c.n.one.yuedu.read.service.impl.ChapterServiceImpl - 第12章上传成功
2020-05-18 12:38:32.461 [http-nio-9004-exec-3] INFO  c.n.one.yuedu.read.service.impl.ChapterServiceImpl - 第13章上传成功
2020-05-18 12:38:32.594 [http-nio-9004-exec-3] INFO  c.n.one.yuedu.read.service.impl.ChapterServiceImpl - 第14章上传成功
2020-05-18 12:38:32.727 [http-nio-9004-exec-3] INFO  c.n.one.yuedu.read.service.impl.ChapterServiceImpl - 第15章上传成功
2020-05-18 12:38:32.858 [http-nio-9004-exec-3] INFO  c.n.one.yuedu.read.service.impl.ChapterServiceImpl - 第16章上传成功
2020-05-18 12:38:33.013 [http-nio-9004-exec-3] INFO  c.n.one.yuedu.read.service.impl.ChapterServiceImpl - 第17章上传成功
2020-05-18 12:38:33.153 [http-nio-9004-exec-3] INFO  c.n.one.yuedu.read.service.impl.ChapterServiceImpl - 第18章上传成功
2020-05-18 12:38:33.305 [http-nio-9004-exec-3] INFO  c.n.one.yuedu.read.service.impl.ChapterServiceImpl - 第19章上传成功
2020-05-18 12:38:33.453 [http-nio-9004-exec-3] INFO  c.n.one.yuedu.read.service.impl.ChapterServiceImpl - 第20章上传成功
2020-05-18 12:38:33.599 [http-nio-9004-exec-3] INFO  c.n.one.yuedu.read.service.impl.ChapterServiceImpl - 第21章上传成功
2020-05-18 12:38:33.746 [http-nio-9004-exec-3] INFO  c.n.one.yuedu.read.service.impl.ChapterServiceImpl - 第22章上传成功
2020-05-18 12:38:33.889 [http-nio-9004-exec-3] INFO  c.n.one.yuedu.read.service.impl.ChapterServiceImpl - 第23章上传成功
2020-05-18 12:38:34.035 [http-nio-9004-exec-3] INFO  c.n.one.yuedu.read.service.impl.ChapterServiceImpl - 第24章上传成功
2020-05-18 12:38:34.173 [http-nio-9004-exec-3] INFO  c.n.one.yuedu.read.service.impl.ChapterServiceImpl - 第25章上传成功
2020-05-18 12:38:34.311 [http-nio-9004-exec-3] INFO  c.n.one.yuedu.read.service.impl.ChapterServiceImpl - 第26章上传成功
2020-05-18 12:38:34.456 [http-nio-9004-exec-3] INFO  c.n.one.yuedu.read.service.impl.ChapterServiceImpl - 第27章上传成功
2020-05-18 12:38:34.595 [http-nio-9004-exec-3] INFO  c.n.one.yuedu.read.service.impl.ChapterServiceImpl - 第28章上传成功
2020-05-18 12:38:34.734 [http-nio-9004-exec-3] INFO  c.n.one.yuedu.read.service.impl.ChapterServiceImpl - 第29章上传成功
2020-05-18 12:38:34.866 [http-nio-9004-exec-3] INFO  c.n.one.yuedu.read.service.impl.ChapterServiceImpl - 第30章上传成功
2020-05-18 12:38:35.008 [http-nio-9004-exec-3] INFO  c.n.one.yuedu.read.service.impl.ChapterServiceImpl - 第31章上传成功
2020-05-18 12:38:35.140 [http-nio-9004-exec-3] INFO  c.n.one.yuedu.read.service.impl.ChapterServiceImpl - 第32章上传成功
2020-05-18 12:38:50.909 [http-nio-9004-exec-10] INFO  c.n.o.yuedu.read.service.impl.BookInfoServiceImpl - 分页查询的数据为:
2020-05-18 14:30:02.797 [http-nio-9004-exec-1] INFO  c.n.o.yuedu.read.service.impl.BookInfoServiceImpl - 分页查询的数据为:
2020-05-18 20:51:56.161 [SpringContextShutdownHook] INFO  o.s.scheduling.concurrent.ThreadPoolTaskExecutor - Shutting down ExecutorService 'applicationTaskExecutor'
2020-05-18 20:51:56.196 [SpringContextShutdownHook] INFO  com.alibaba.druid.pool.DruidDataSource - {dataSource-1} closed
