2020-06-28 10:21:46.993 [main] INFO  com.nine.one.yuedu.read.NineOneYueDuApplication - Starting NineOneYueDuApplication on LAPTOP-VRL8D1D5 with PID 74732 (D:\JXTC\91yuedu-read\target\classes started by asus in D:\JXTC\91yuedu-read)
2020-06-28 10:21:46.996 [main] INFO  com.nine.one.yuedu.read.NineOneYueDuApplication - The following profiles are active: test
2020-06-28 10:21:47.996 [main] INFO  o.s.d.r.config.RepositoryConfigurationDelegate - Multiple Spring Data modules found, entering strict repository configuration mode!
2020-06-28 10:21:47.998 [main] INFO  o.s.d.r.config.RepositoryConfigurationDelegate - Bootstrapping Spring Data Redis repositories in DEFAULT mode.
2020-06-28 10:21:48.049 [main] INFO  o.s.d.r.config.RepositoryConfigurationDelegate - Finished Spring Data repository scanning in 34ms. Found 0 Redis repository interfaces.
2020-06-28 10:21:48.572 [main] INFO  o.s.boot.web.embedded.tomcat.TomcatWebServer - Tomcat initialized with port(s): 9004 (http)
2020-06-28 10:21:48.580 [main] INFO  org.apache.coyote.http11.Http11NioProtocol - Initializing ProtocolHandler ["http-nio-9004"]
2020-06-28 10:21:48.580 [main] INFO  org.apache.catalina.core.StandardService - Starting service [Tomcat]
2020-06-28 10:21:48.580 [main] INFO  org.apache.catalina.core.StandardEngine - Starting Servlet engine: [Apache Tomcat/9.0.33]
2020-06-28 10:21:48.749 [main] INFO  o.a.c.core.ContainerBase.[Tomcat].[localhost].[/] - Initializing Spring embedded WebApplicationContext
2020-06-28 10:21:48.749 [main] INFO  org.springframework.web.context.ContextLoader - Root WebApplicationContext: initialization completed in 1707 ms
2020-06-28 10:21:48.893 [main] INFO  c.a.d.s.b.a.DruidDataSourceAutoConfigure - Init DruidDataSource
2020-06-28 10:21:49.172 [main] INFO  com.alibaba.druid.pool.DruidDataSource - {dataSource-1} inited
2020-06-28 10:21:50.633 [main] INFO  s.d.s.w.PropertySourcedRequestMappingHandlerMapping - Mapped URL path [/v2/api-docs] onto method [springfox.documentation.swagger2.web.Swagger2Controller#getDocumentation(String, HttpServletRequest)]
2020-06-28 10:21:50.686 [main] INFO  o.s.b.a.s.s.UserDetailsServiceAutoConfiguration - 

Using generated security password: 04258ea9-031d-448e-b501-5727c5935cb0

2020-06-28 10:21:50.767 [main] INFO  o.s.security.web.DefaultSecurityFilterChain - Creating filter chain: any request, [org.springframework.security.web.context.request.async.WebAsyncManagerIntegrationFilter@2b3b1124, org.springframework.security.web.context.SecurityContextPersistenceFilter@664f49f, org.springframework.security.web.header.HeaderWriterFilter@25e95af1, org.springframework.security.web.authentication.logout.LogoutFilter@1926f962, org.springframework.security.web.savedrequest.RequestCacheAwareFilter@295f2d1b, org.springframework.security.web.servletapi.SecurityContextHolderAwareRequestFilter@36511772, org.springframework.security.web.authentication.AnonymousAuthenticationFilter@54286339, org.springframework.security.web.session.SessionManagementFilter@7497a554, org.springframework.security.web.access.ExceptionTranslationFilter@f44d033, org.springframework.security.web.access.intercept.FilterSecurityInterceptor@26cdd4af]
2020-06-28 10:21:50.862 [main] INFO  o.s.scheduling.concurrent.ThreadPoolTaskExecutor - Initializing ExecutorService 'applicationTaskExecutor'
2020-06-28 10:21:51.269 [main] INFO  s.d.s.web.plugins.DocumentationPluginsBootstrapper - Context refreshed
2020-06-28 10:21:51.286 [main] INFO  s.d.s.web.plugins.DocumentationPluginsBootstrapper - Found 1 custom documentation plugin(s)
2020-06-28 10:21:51.313 [main] INFO  s.d.spring.web.scanners.ApiListingReferenceScanner - Scanning for api listing references
2020-06-28 10:21:51.384 [main] INFO  s.d.s.w.r.operation.CachingOperationNameGenerator - Generating unique operation named: getChapterListByBookIdUsingGET_1
2020-06-28 10:21:51.472 [main] INFO  s.d.s.w.r.operation.CachingOperationNameGenerator - Generating unique operation named: uploadHeadUsingPOST_1
2020-06-28 10:21:51.530 [main] INFO  s.d.s.w.r.operation.CachingOperationNameGenerator - Generating unique operation named: addBookUsingPOST_1
2020-06-28 10:21:51.536 [main] INFO  s.d.s.w.r.operation.CachingOperationNameGenerator - Generating unique operation named: findByIdUsingGET_1
2020-06-28 10:21:51.540 [main] INFO  s.d.s.w.r.operation.CachingOperationNameGenerator - Generating unique operation named: uploadHeadUsingPOST_2
2020-06-28 10:21:51.541 [main] INFO  s.d.s.w.r.operation.CachingOperationNameGenerator - Generating unique operation named: getBookUsingGET_1
2020-06-28 10:21:51.542 [main] INFO  s.d.s.w.r.operation.CachingOperationNameGenerator - Generating unique operation named: getChapterUsingGET_1
2020-06-28 10:21:51.543 [main] INFO  s.d.s.w.r.operation.CachingOperationNameGenerator - Generating unique operation named: getBookUsingGET_2
2020-06-28 10:21:51.544 [main] INFO  s.d.s.w.r.operation.CachingOperationNameGenerator - Generating unique operation named: getChapterUsingGET_2
2020-06-28 10:21:51.560 [main] INFO  org.apache.coyote.http11.Http11NioProtocol - Starting ProtocolHandler ["http-nio-9004"]
2020-06-28 10:21:51.583 [main] INFO  o.s.boot.web.embedded.tomcat.TomcatWebServer - Tomcat started on port(s): 9004 (http) with context path ''
2020-06-28 10:21:51.585 [main] INFO  com.nine.one.yuedu.read.NineOneYueDuApplication - Started NineOneYueDuApplication in 5.026 seconds (JVM running for 6.282)
2020-06-28 10:22:29.261 [http-nio-9004-exec-1] INFO  o.a.c.core.ContainerBase.[Tomcat].[localhost].[/] - Initializing Spring DispatcherServlet 'dispatcherServlet'
2020-06-28 10:22:29.263 [http-nio-9004-exec-1] INFO  org.springframework.web.servlet.DispatcherServlet - Initializing Servlet 'dispatcherServlet'
2020-06-28 10:22:29.276 [http-nio-9004-exec-1] INFO  org.springframework.web.servlet.DispatcherServlet - Completed initialization in 13 ms
2020-06-28 10:22:58.894 [http-nio-9004-exec-8] INFO  com.nine.one.yuedu.read.utils.FileOptionUtil - 后缀是:.jpg
2020-06-28 10:22:58.896 [http-nio-9004-exec-8] INFO  com.nine.one.yuedu.read.utils.FileOptionUtil - 临时文件创建成功=C:\Users\asus\AppData\Local\Temp\pattern2461794493272778051.jpg
2020-06-28 10:23:18.981 [http-nio-9004-exec-8] INFO  com.nine.one.yuedu.read.utils.FileOptionUtil - 后缀是:.jpg
2020-06-28 10:23:18.982 [http-nio-9004-exec-8] INFO  com.nine.one.yuedu.read.utils.FileOptionUtil - 临时文件创建成功=C:\Users\asus\AppData\Local\Temp\pattern5198347593689723135.jpg
2020-06-28 10:29:30.386 [SpringContextShutdownHook] INFO  o.s.scheduling.concurrent.ThreadPoolTaskExecutor - Shutting down ExecutorService 'applicationTaskExecutor'
2020-06-28 10:29:30.401 [SpringContextShutdownHook] INFO  com.alibaba.druid.pool.DruidDataSource - {dataSource-1} closed
2020-06-28 10:29:42.948 [main] INFO  com.nine.one.yuedu.read.NineOneYueDuApplication - Starting NineOneYueDuApplication on LAPTOP-VRL8D1D5 with PID 2132 (D:\JXTC\91yuedu-read\target\classes started by asus in D:\JXTC\91yuedu-read)
2020-06-28 10:29:42.948 [main] INFO  com.nine.one.yuedu.read.NineOneYueDuApplication - The following profiles are active: test
2020-06-28 10:29:44.479 [main] INFO  o.s.d.r.config.RepositoryConfigurationDelegate - Multiple Spring Data modules found, entering strict repository configuration mode!
2020-06-28 10:29:44.494 [main] INFO  o.s.d.r.config.RepositoryConfigurationDelegate - Bootstrapping Spring Data Redis repositories in DEFAULT mode.
2020-06-28 10:29:44.557 [main] INFO  o.s.d.r.config.RepositoryConfigurationDelegate - Finished Spring Data repository scanning in 46ms. Found 0 Redis repository interfaces.
2020-06-28 10:29:45.276 [main] INFO  o.s.boot.web.embedded.tomcat.TomcatWebServer - Tomcat initialized with port(s): 9004 (http)
2020-06-28 10:29:45.291 [main] INFO  org.apache.coyote.http11.Http11NioProtocol - Initializing ProtocolHandler ["http-nio-9004"]
2020-06-28 10:29:45.291 [main] INFO  org.apache.catalina.core.StandardService - Starting service [Tomcat]
2020-06-28 10:29:45.291 [main] INFO  org.apache.catalina.core.StandardEngine - Starting Servlet engine: [Apache Tomcat/9.0.33]
2020-06-28 10:29:45.526 [main] INFO  o.a.c.core.ContainerBase.[Tomcat].[localhost].[/] - Initializing Spring embedded WebApplicationContext
2020-06-28 10:29:45.526 [main] INFO  org.springframework.web.context.ContextLoader - Root WebApplicationContext: initialization completed in 2469 ms
2020-06-28 10:29:45.807 [main] INFO  c.a.d.s.b.a.DruidDataSourceAutoConfigure - Init DruidDataSource
2020-06-28 10:29:46.182 [main] INFO  com.alibaba.druid.pool.DruidDataSource - {dataSource-1} inited
2020-06-28 10:29:48.011 [main] INFO  s.d.s.w.PropertySourcedRequestMappingHandlerMapping - Mapped URL path [/v2/api-docs] onto method [springfox.documentation.swagger2.web.Swagger2Controller#getDocumentation(String, HttpServletRequest)]
2020-06-28 10:29:48.105 [main] INFO  o.s.b.a.s.s.UserDetailsServiceAutoConfiguration - 

Using generated security password: ab489f4d-6c88-4845-8e5d-79cd0105c79b

2020-06-28 10:29:48.214 [main] INFO  o.s.security.web.DefaultSecurityFilterChain - Creating filter chain: any request, [org.springframework.security.web.context.request.async.WebAsyncManagerIntegrationFilter@31433df9, org.springframework.security.web.context.SecurityContextPersistenceFilter@213ceb4e, org.springframework.security.web.header.HeaderWriterFilter@19739906, org.springframework.security.web.authentication.logout.LogoutFilter@6487f7f8, org.springframework.security.web.savedrequest.RequestCacheAwareFilter@2bd2430f, org.springframework.security.web.servletapi.SecurityContextHolderAwareRequestFilter@1dbc607d, org.springframework.security.web.authentication.AnonymousAuthenticationFilter@2d4a0671, org.springframework.security.web.session.SessionManagementFilter@2e44cb34, org.springframework.security.web.access.ExceptionTranslationFilter@153c6603, org.springframework.security.web.access.intercept.FilterSecurityInterceptor@67a38]
2020-06-28 10:29:48.386 [main] INFO  o.s.scheduling.concurrent.ThreadPoolTaskExecutor - Initializing ExecutorService 'applicationTaskExecutor'
2020-06-28 10:29:48.964 [main] INFO  s.d.s.web.plugins.DocumentationPluginsBootstrapper - Context refreshed
2020-06-28 10:29:48.980 [main] INFO  s.d.s.web.plugins.DocumentationPluginsBootstrapper - Found 1 custom documentation plugin(s)
2020-06-28 10:29:49.026 [main] INFO  s.d.spring.web.scanners.ApiListingReferenceScanner - Scanning for api listing references
2020-06-28 10:29:49.120 [main] INFO  s.d.s.w.r.operation.CachingOperationNameGenerator - Generating unique operation named: getChapterListByBookIdUsingGET_1
2020-06-28 10:29:49.294 [main] INFO  s.d.s.w.r.operation.CachingOperationNameGenerator - Generating unique operation named: uploadHeadUsingPOST_1
2020-06-28 10:29:49.372 [main] INFO  s.d.s.w.r.operation.CachingOperationNameGenerator - Generating unique operation named: addBookUsingPOST_1
2020-06-28 10:29:49.388 [main] INFO  s.d.s.w.r.operation.CachingOperationNameGenerator - Generating unique operation named: findByIdUsingGET_1
2020-06-28 10:29:49.388 [main] INFO  s.d.s.w.r.operation.CachingOperationNameGenerator - Generating unique operation named: uploadHeadUsingPOST_2
2020-06-28 10:29:49.388 [main] INFO  s.d.s.w.r.operation.CachingOperationNameGenerator - Generating unique operation named: getBookUsingGET_1
2020-06-28 10:29:49.388 [main] INFO  s.d.s.w.r.operation.CachingOperationNameGenerator - Generating unique operation named: getChapterUsingGET_1
2020-06-28 10:29:49.388 [main] INFO  s.d.s.w.r.operation.CachingOperationNameGenerator - Generating unique operation named: getBookUsingGET_2
2020-06-28 10:29:49.388 [main] INFO  s.d.s.w.r.operation.CachingOperationNameGenerator - Generating unique operation named: getChapterUsingGET_2
2020-06-28 10:29:49.419 [main] INFO  org.apache.coyote.http11.Http11NioProtocol - Starting ProtocolHandler ["http-nio-9004"]
2020-06-28 10:29:49.450 [main] INFO  o.s.boot.web.embedded.tomcat.TomcatWebServer - Tomcat started on port(s): 9004 (http) with context path ''
2020-06-28 10:29:49.466 [main] INFO  com.nine.one.yuedu.read.NineOneYueDuApplication - Started NineOneYueDuApplication in 7.39 seconds (JVM running for 9.296)
2020-06-28 10:30:04.903 [http-nio-9004-exec-1] INFO  o.a.c.core.ContainerBase.[Tomcat].[localhost].[/] - Initializing Spring DispatcherServlet 'dispatcherServlet'
2020-06-28 10:30:04.919 [http-nio-9004-exec-1] INFO  org.springframework.web.servlet.DispatcherServlet - Initializing Servlet 'dispatcherServlet'
2020-06-28 10:30:04.919 [http-nio-9004-exec-1] INFO  org.springframework.web.servlet.DispatcherServlet - Completed initialization in 0 ms
2020-06-28 11:27:54.020 [SpringContextShutdownHook] INFO  o.s.scheduling.concurrent.ThreadPoolTaskExecutor - Shutting down ExecutorService 'applicationTaskExecutor'
2020-06-28 11:27:54.036 [SpringContextShutdownHook] INFO  com.alibaba.druid.pool.DruidDataSource - {dataSource-1} closed
