2020-11-24 15:34:10.879 [main] INFO  com.nine.one.yuedu.read.NineOneYueDuApplication - Starting NineOneYueDuApplication on LAPTOP-VRL8D1D5 with PID 25160 (D:\JXTC\91yuedu-read\target\classes started by asus in D:\JXTC\91yuedu-read)
2020-11-24 15:34:10.882 [main] INFO  com.nine.one.yuedu.read.NineOneYueDuApplication - The following profiles are active: test
2020-11-24 15:34:12.253 [main] INFO  o.s.d.r.config.RepositoryConfigurationDelegate - Multiple Spring Data modules found, entering strict repository configuration mode!
2020-11-24 15:34:12.253 [main] INFO  o.s.d.r.config.RepositoryConfigurationDelegate - Bootstrapping Spring Data Redis repositories in DEFAULT mode.
2020-11-24 15:34:12.345 [main] INFO  o.s.d.r.config.RepositoryConfigurationDelegate - Finished Spring Data repository scanning in 64ms. Found 0 Redis repository interfaces.
2020-11-24 15:34:12.639 [main] INFO  o.s.d.r.config.RepositoryConfigurationDelegate - Multiple Spring Data modules found, entering strict repository configuration mode!
2020-11-24 15:34:12.639 [main] INFO  o.s.d.r.config.RepositoryConfigurationDelegate - Bootstrapping Spring Data Redis repositories in DEFAULT mode.
2020-11-24 15:34:12.676 [main] INFO  o.s.d.r.config.RepositoryConfigurationDelegate - Finished Spring Data repository scanning in 36ms. Found 0 Redis repository interfaces.
2020-11-24 15:34:13.389 [main] INFO  o.s.boot.web.embedded.tomcat.TomcatWebServer - Tomcat initialized with port(s): 9004 (http)
2020-11-24 15:34:13.451 [main] INFO  org.apache.coyote.http11.Http11NioProtocol - Initializing ProtocolHandler ["http-nio-9004"]
2020-11-24 15:34:13.452 [main] INFO  org.apache.catalina.core.StandardService - Starting service [Tomcat]
2020-11-24 15:34:13.452 [main] INFO  org.apache.catalina.core.StandardEngine - Starting Servlet engine: [Apache Tomcat/9.0.33]
2020-11-24 15:34:13.592 [main] INFO  o.a.c.core.ContainerBase.[Tomcat].[localhost].[/] - Initializing Spring embedded WebApplicationContext
2020-11-24 15:34:13.593 [main] INFO  org.springframework.web.context.ContextLoader - Root WebApplicationContext: initialization completed in 2558 ms
2020-11-24 15:34:13.870 [main] INFO  c.a.d.s.b.a.DruidDataSourceAutoConfigure - Init DruidDataSource
2020-11-24 15:34:14.170 [main] INFO  com.alibaba.druid.pool.DruidDataSource - {dataSource-1} inited
2020-11-24 15:34:16.317 [main] INFO  s.d.s.w.PropertySourcedRequestMappingHandlerMapping - Mapped URL path [/v2/api-docs] onto method [springfox.documentation.swagger2.web.Swagger2Controller#getDocumentation(String, HttpServletRequest)]
2020-11-24 15:34:16.377 [main] INFO  o.s.b.a.s.s.UserDetailsServiceAutoConfiguration - 

Using generated security password: 8d1d70bc-db30-4f0b-8bba-bcc15798c36a

2020-11-24 15:34:16.480 [main] INFO  o.s.security.web.DefaultSecurityFilterChain - Creating filter chain: any request, [org.springframework.security.web.context.request.async.WebAsyncManagerIntegrationFilter@5e37fb82, org.springframework.security.web.context.SecurityContextPersistenceFilter@796c68bf, org.springframework.security.web.header.HeaderWriterFilter@653a5967, org.springframework.security.web.authentication.logout.LogoutFilter@239b98cb, org.springframework.security.web.savedrequest.RequestCacheAwareFilter@1a7163e3, org.springframework.security.web.servletapi.SecurityContextHolderAwareRequestFilter@4e4f4092, org.springframework.security.web.authentication.AnonymousAuthenticationFilter@59ec7020, org.springframework.security.web.session.SessionManagementFilter@5bb2fb2b, org.springframework.security.web.access.ExceptionTranslationFilter@11c7a0b4, org.springframework.security.web.access.intercept.FilterSecurityInterceptor@7cb29ea8]
2020-11-24 15:34:16.631 [main] INFO  o.s.scheduling.concurrent.ThreadPoolTaskExecutor - Initializing ExecutorService 'applicationTaskExecutor'
2020-11-24 15:34:16.784 [main] INFO  o.s.scheduling.concurrent.ThreadPoolTaskScheduler - Initializing ExecutorService 'taskScheduler'
2020-11-24 15:34:16.819 [main] INFO  s.d.s.web.plugins.DocumentationPluginsBootstrapper - Context refreshed
2020-11-24 15:34:16.837 [main] INFO  s.d.s.web.plugins.DocumentationPluginsBootstrapper - Found 1 custom documentation plugin(s)
2020-11-24 15:34:16.867 [main] INFO  s.d.spring.web.scanners.ApiListingReferenceScanner - Scanning for api listing references
2020-11-24 15:34:17.000 [main] INFO  s.d.s.w.r.operation.CachingOperationNameGenerator - Generating unique operation named: getChapterListByBookIdUsingGET_1
2020-11-24 15:34:17.052 [main] INFO  s.d.s.w.r.operation.CachingOperationNameGenerator - Generating unique operation named: getMaxChapterIdUsingGET_1
2020-11-24 15:34:17.096 [main] INFO  s.d.s.w.r.operation.CachingOperationNameGenerator - Generating unique operation named: addBookInfoUsingPOST_1
2020-11-24 15:34:17.097 [main] INFO  s.d.s.w.r.operation.CachingOperationNameGenerator - Generating unique operation named: delBookInfoByIdUsingDELETE_1
2020-11-24 15:34:17.099 [main] INFO  s.d.s.w.r.operation.CachingOperationNameGenerator - Generating unique operation named: downBookByIdUsingGET_1
2020-11-24 15:34:17.108 [main] INFO  s.d.s.w.r.operation.CachingOperationNameGenerator - Generating unique operation named: findBookInfoByIdUsingGET_1
2020-11-24 15:34:17.109 [main] INFO  s.d.s.w.r.operation.CachingOperationNameGenerator - Generating unique operation named: findByIdUsingGET_1
2020-11-24 15:34:17.111 [main] INFO  s.d.s.w.r.operation.CachingOperationNameGenerator - Generating unique operation named: getBookInfo4PageAndParamUsingGET_1
2020-11-24 15:34:17.112 [main] INFO  s.d.s.w.r.operation.CachingOperationNameGenerator - Generating unique operation named: updateBookInfoUsingPUT_1
2020-11-24 15:34:17.113 [main] INFO  s.d.s.w.r.operation.CachingOperationNameGenerator - Generating unique operation named: uploadHeadUsingPOST_1
2020-11-24 15:34:17.121 [main] INFO  s.d.s.w.r.operation.CachingOperationNameGenerator - Generating unique operation named: addChapterUsingPOST_1
2020-11-24 15:34:17.122 [main] INFO  s.d.s.w.r.operation.CachingOperationNameGenerator - Generating unique operation named: addChapterUsingPOST_2
2020-11-24 15:34:17.123 [main] INFO  s.d.s.w.r.operation.CachingOperationNameGenerator - Generating unique operation named: delChapterByIdUsingDELETE_1
2020-11-24 15:34:17.125 [main] INFO  s.d.s.w.r.operation.CachingOperationNameGenerator - Generating unique operation named: getChapterInfoByBookIdAndChapterIdUsingGET_1
2020-11-24 15:34:17.126 [main] INFO  s.d.s.w.r.operation.CachingOperationNameGenerator - Generating unique operation named: getChapterListByBookIdPageAndSortUsingGET_1
2020-11-24 15:34:17.127 [main] INFO  s.d.s.w.r.operation.CachingOperationNameGenerator - Generating unique operation named: updateChapterUsingPUT_1
2020-11-24 15:34:17.185 [main] INFO  s.d.s.w.r.operation.CachingOperationNameGenerator - Generating unique operation named: addBookUsingPOST_1
2020-11-24 15:34:17.200 [main] INFO  s.d.s.w.r.operation.CachingOperationNameGenerator - Generating unique operation named: findByIdUsingGET_2
2020-11-24 15:34:17.203 [main] INFO  s.d.s.w.r.operation.CachingOperationNameGenerator - Generating unique operation named: loginUsingPOST_1
2020-11-24 15:34:17.206 [main] INFO  s.d.s.w.r.operation.CachingOperationNameGenerator - Generating unique operation named: uploadHeadUsingPOST_2
2020-11-24 15:34:17.215 [main] INFO  s.d.s.w.r.operation.CachingOperationNameGenerator - Generating unique operation named: getChapterUsingGET_1
2020-11-24 15:34:17.224 [main] INFO  s.d.s.w.r.operation.CachingOperationNameGenerator - Generating unique operation named: getBookUsingGET_1
2020-11-24 15:34:17.226 [main] INFO  s.d.s.w.r.operation.CachingOperationNameGenerator - Generating unique operation named: getChapterUsingGET_2
2020-11-24 15:34:17.228 [main] INFO  s.d.s.w.r.operation.CachingOperationNameGenerator - Generating unique operation named: repairUsingPOST_1
2020-11-24 15:34:17.251 [main] INFO  org.apache.coyote.http11.Http11NioProtocol - Starting ProtocolHandler ["http-nio-9004"]
2020-11-24 15:34:17.277 [main] INFO  o.s.boot.web.embedded.tomcat.TomcatWebServer - Tomcat started on port(s): 9004 (http) with context path ''
2020-11-24 15:34:17.279 [main] INFO  com.nine.one.yuedu.read.NineOneYueDuApplication - Started NineOneYueDuApplication in 6.94 seconds (JVM running for 8.301)
2020-11-24 15:37:22.245 [http-nio-9004-exec-2] INFO  o.a.c.core.ContainerBase.[Tomcat].[localhost].[/] - Initializing Spring DispatcherServlet 'dispatcherServlet'
2020-11-24 15:37:22.246 [http-nio-9004-exec-2] INFO  org.springframework.web.servlet.DispatcherServlet - Initializing Servlet 'dispatcherServlet'
2020-11-24 15:37:22.255 [http-nio-9004-exec-2] INFO  org.springframework.web.servlet.DispatcherServlet - Completed initialization in 8 ms
2020-11-24 15:37:22.494 [http-nio-9004-exec-2] INFO  c.n.o.yuedu.read.service.impl.BookInfoServiceImpl - 分页查询的数据为:
2020-11-24 15:58:19.668 [http-nio-9004-exec-1] INFO  c.n.o.yuedu.read.service.impl.BookInfoServiceImpl - 分页查询的数据为:
2020-11-24 16:10:11.391 [main] INFO  com.nine.one.yuedu.read.NineOneYueDuApplication - Starting NineOneYueDuApplication on LAPTOP-VRL8D1D5 with PID 16504 (D:\JXTC\91yuedu-read\target\classes started by asus in D:\JXTC\91yuedu-read)
2020-11-24 16:10:11.392 [main] INFO  com.nine.one.yuedu.read.NineOneYueDuApplication - The following profiles are active: test
2020-11-24 16:10:12.125 [main] INFO  o.s.d.r.config.RepositoryConfigurationDelegate - Multiple Spring Data modules found, entering strict repository configuration mode!
2020-11-24 16:10:12.126 [main] INFO  o.s.d.r.config.RepositoryConfigurationDelegate - Bootstrapping Spring Data Redis repositories in DEFAULT mode.
2020-11-24 16:10:12.185 [main] INFO  o.s.d.r.config.RepositoryConfigurationDelegate - Finished Spring Data repository scanning in 49ms. Found 0 Redis repository interfaces.
2020-11-24 16:10:12.385 [main] INFO  o.s.d.r.config.RepositoryConfigurationDelegate - Multiple Spring Data modules found, entering strict repository configuration mode!
2020-11-24 16:10:12.385 [main] INFO  o.s.d.r.config.RepositoryConfigurationDelegate - Bootstrapping Spring Data Redis repositories in DEFAULT mode.
2020-11-24 16:10:12.417 [main] INFO  o.s.d.r.config.RepositoryConfigurationDelegate - Finished Spring Data repository scanning in 32ms. Found 0 Redis repository interfaces.
2020-11-24 16:10:12.895 [main] INFO  o.s.boot.web.embedded.tomcat.TomcatWebServer - Tomcat initialized with port(s): 9004 (http)
2020-11-24 16:10:12.946 [main] INFO  org.apache.coyote.http11.Http11NioProtocol - Initializing ProtocolHandler ["http-nio-9004"]
2020-11-24 16:10:12.947 [main] INFO  org.apache.catalina.core.StandardService - Starting service [Tomcat]
2020-11-24 16:10:12.947 [main] INFO  org.apache.catalina.core.StandardEngine - Starting Servlet engine: [Apache Tomcat/9.0.33]
2020-11-24 16:10:13.057 [main] INFO  o.a.c.core.ContainerBase.[Tomcat].[localhost].[/] - Initializing Spring embedded WebApplicationContext
2020-11-24 16:10:13.057 [main] INFO  org.springframework.web.context.ContextLoader - Root WebApplicationContext: initialization completed in 1593 ms
2020-11-24 16:10:13.183 [main] INFO  c.a.d.s.b.a.DruidDataSourceAutoConfigure - Init DruidDataSource
2020-11-24 16:10:13.423 [main] INFO  com.alibaba.druid.pool.DruidDataSource - {dataSource-1} inited
2020-11-24 16:10:15.117 [main] INFO  s.d.s.w.PropertySourcedRequestMappingHandlerMapping - Mapped URL path [/v2/api-docs] onto method [springfox.documentation.swagger2.web.Swagger2Controller#getDocumentation(String, HttpServletRequest)]
2020-11-24 16:10:15.160 [main] INFO  o.s.b.a.s.s.UserDetailsServiceAutoConfiguration - 

Using generated security password: 9099736c-c5b8-4854-a57b-b76073d77b29

2020-11-24 16:10:15.226 [main] INFO  o.s.security.web.DefaultSecurityFilterChain - Creating filter chain: any request, [org.springframework.security.web.context.request.async.WebAsyncManagerIntegrationFilter@6b3d9c38, org.springframework.security.web.context.SecurityContextPersistenceFilter@790ac3e0, org.springframework.security.web.header.HeaderWriterFilter@49ced9c7, org.springframework.security.web.authentication.logout.LogoutFilter@6c6928c, org.springframework.security.web.savedrequest.RequestCacheAwareFilter@2cee5365, org.springframework.security.web.servletapi.SecurityContextHolderAwareRequestFilter@2b170932, org.springframework.security.web.authentication.AnonymousAuthenticationFilter@426710f0, org.springframework.security.web.session.SessionManagementFilter@23ea8830, org.springframework.security.web.access.ExceptionTranslationFilter@19bfbe28, org.springframework.security.web.access.intercept.FilterSecurityInterceptor@66234b0f]
2020-11-24 16:10:15.332 [main] INFO  o.s.scheduling.concurrent.ThreadPoolTaskExecutor - Initializing ExecutorService 'applicationTaskExecutor'
2020-11-24 16:10:15.462 [main] INFO  o.s.scheduling.concurrent.ThreadPoolTaskScheduler - Initializing ExecutorService 'taskScheduler'
2020-11-24 16:10:15.491 [main] INFO  s.d.s.web.plugins.DocumentationPluginsBootstrapper - Context refreshed
2020-11-24 16:10:15.508 [main] INFO  s.d.s.web.plugins.DocumentationPluginsBootstrapper - Found 1 custom documentation plugin(s)
2020-11-24 16:10:15.532 [main] INFO  s.d.spring.web.scanners.ApiListingReferenceScanner - Scanning for api listing references
2020-11-24 16:10:15.648 [main] INFO  s.d.s.w.r.operation.CachingOperationNameGenerator - Generating unique operation named: getChapterListByBookIdUsingGET_1
2020-11-24 16:10:15.684 [main] INFO  s.d.s.w.r.operation.CachingOperationNameGenerator - Generating unique operation named: getMaxChapterIdUsingGET_1
2020-11-24 16:10:15.722 [main] INFO  s.d.s.w.r.operation.CachingOperationNameGenerator - Generating unique operation named: addBookInfoUsingPOST_1
2020-11-24 16:10:15.722 [main] INFO  s.d.s.w.r.operation.CachingOperationNameGenerator - Generating unique operation named: delBookInfoByIdUsingDELETE_1
2020-11-24 16:10:15.724 [main] INFO  s.d.s.w.r.operation.CachingOperationNameGenerator - Generating unique operation named: downBookByIdUsingGET_1
2020-11-24 16:10:15.732 [main] INFO  s.d.s.w.r.operation.CachingOperationNameGenerator - Generating unique operation named: findBookInfoByIdUsingGET_1
2020-11-24 16:10:15.732 [main] INFO  s.d.s.w.r.operation.CachingOperationNameGenerator - Generating unique operation named: findByIdUsingGET_1
2020-11-24 16:10:15.734 [main] INFO  s.d.s.w.r.operation.CachingOperationNameGenerator - Generating unique operation named: getBookInfo4PageAndParamUsingGET_1
2020-11-24 16:10:15.735 [main] INFO  s.d.s.w.r.operation.CachingOperationNameGenerator - Generating unique operation named: updateBookInfoUsingPUT_1
2020-11-24 16:10:15.736 [main] INFO  s.d.s.w.r.operation.CachingOperationNameGenerator - Generating unique operation named: uploadHeadUsingPOST_1
2020-11-24 16:10:15.742 [main] INFO  s.d.s.w.r.operation.CachingOperationNameGenerator - Generating unique operation named: addChapterUsingPOST_1
2020-11-24 16:10:15.743 [main] INFO  s.d.s.w.r.operation.CachingOperationNameGenerator - Generating unique operation named: addChapterUsingPOST_2
2020-11-24 16:10:15.744 [main] INFO  s.d.s.w.r.operation.CachingOperationNameGenerator - Generating unique operation named: delChapterByIdUsingDELETE_1
2020-11-24 16:10:15.745 [main] INFO  s.d.s.w.r.operation.CachingOperationNameGenerator - Generating unique operation named: getChapterInfoByBookIdAndChapterIdUsingGET_1
2020-11-24 16:10:15.746 [main] INFO  s.d.s.w.r.operation.CachingOperationNameGenerator - Generating unique operation named: getChapterListByBookIdPageAndSortUsingGET_1
2020-11-24 16:10:15.747 [main] INFO  s.d.s.w.r.operation.CachingOperationNameGenerator - Generating unique operation named: updateChapterUsingPUT_1
2020-11-24 16:10:15.798 [main] INFO  s.d.s.w.r.operation.CachingOperationNameGenerator - Generating unique operation named: addBookUsingPOST_1
2020-11-24 16:10:15.812 [main] INFO  s.d.s.w.r.operation.CachingOperationNameGenerator - Generating unique operation named: findByIdUsingGET_2
2020-11-24 16:10:15.814 [main] INFO  s.d.s.w.r.operation.CachingOperationNameGenerator - Generating unique operation named: loginUsingPOST_1
2020-11-24 16:10:15.817 [main] INFO  s.d.s.w.r.operation.CachingOperationNameGenerator - Generating unique operation named: uploadHeadUsingPOST_2
2020-11-24 16:10:15.823 [main] INFO  s.d.s.w.r.operation.CachingOperationNameGenerator - Generating unique operation named: getChapterUsingGET_1
2020-11-24 16:10:15.828 [main] INFO  s.d.s.w.r.operation.CachingOperationNameGenerator - Generating unique operation named: getBookUsingGET_1
2020-11-24 16:10:15.829 [main] INFO  s.d.s.w.r.operation.CachingOperationNameGenerator - Generating unique operation named: getChapterUsingGET_2
2020-11-24 16:10:15.830 [main] INFO  s.d.s.w.r.operation.CachingOperationNameGenerator - Generating unique operation named: repairUsingPOST_1
2020-11-24 16:10:15.848 [main] INFO  org.apache.coyote.http11.Http11NioProtocol - Starting ProtocolHandler ["http-nio-9004"]
2020-11-24 16:10:15.868 [main] INFO  o.s.boot.web.embedded.tomcat.TomcatWebServer - Tomcat started on port(s): 9004 (http) with context path ''
2020-11-24 16:10:15.870 [main] INFO  com.nine.one.yuedu.read.NineOneYueDuApplication - Started NineOneYueDuApplication in 4.808 seconds (JVM running for 5.902)
2020-11-24 16:10:23.167 [http-nio-9004-exec-3] INFO  o.a.c.core.ContainerBase.[Tomcat].[localhost].[/] - Initializing Spring DispatcherServlet 'dispatcherServlet'
2020-11-24 16:10:23.167 [http-nio-9004-exec-3] INFO  org.springframework.web.servlet.DispatcherServlet - Initializing Servlet 'dispatcherServlet'
2020-11-24 16:10:23.172 [http-nio-9004-exec-3] INFO  org.springframework.web.servlet.DispatcherServlet - Completed initialization in 5 ms
2020-11-24 16:10:46.085 [http-nio-9004-exec-10] INFO  c.n.o.y.read.service.impl.UserAuthorServiceImpl - 修改过的名字
2020-11-24 16:13:34.686 [http-nio-9004-exec-2] INFO  c.n.o.yuedu.read.service.impl.BookInfoServiceImpl - 分页查询的数据为:
2020-11-24 16:20:49.285 [http-nio-9004-exec-4] INFO  c.n.o.yuedu.read.service.impl.BookInfoServiceImpl - 分页查询的数据为:
2020-11-24 16:22:12.306 [http-nio-9004-exec-8] INFO  c.n.o.yuedu.read.service.impl.BookInfoServiceImpl - 分页查询的数据为:
2020-11-24 16:22:25.679 [http-nio-9004-exec-2] INFO  c.n.o.yuedu.read.service.impl.BookInfoServiceImpl - 分页查询的数据为:
2020-11-24 16:36:03.424 [http-nio-9004-exec-1] INFO  c.n.o.yuedu.read.service.impl.BookInfoServiceImpl - 分页查询的数据为:
2020-11-24 16:36:07.560 [http-nio-9004-exec-9] INFO  c.n.o.yuedu.read.service.impl.BookInfoServiceImpl - 分页查询的数据为:
2020-11-24 16:36:10.130 [http-nio-9004-exec-6] INFO  c.n.o.yuedu.read.service.impl.BookInfoServiceImpl - 分页查询的数据为:
2020-11-24 17:09:28.259 [http-nio-9004-exec-7] INFO  c.n.o.yuedu.read.service.impl.BookInfoServiceImpl - 分页查询的数据为:
2020-11-24 17:09:34.394 [http-nio-9004-exec-5] INFO  c.n.o.yuedu.read.service.impl.BookInfoServiceImpl - 分页查询的数据为:
2020-11-24 17:09:37.897 [http-nio-9004-exec-9] INFO  c.n.o.yuedu.read.service.impl.BookInfoServiceImpl - 分页查询的数据为:
2020-11-24 17:16:21.803 [http-nio-9004-exec-3] INFO  c.n.o.yuedu.read.service.impl.BookInfoServiceImpl - 分页查询的数据为:
2020-11-24 17:47:32.434 [http-nio-9004-exec-6] INFO  c.n.o.yuedu.read.service.impl.BookInfoServiceImpl - 分页查询的数据为:
2020-11-24 17:49:34.953 [http-nio-9004-exec-5] INFO  c.n.o.yuedu.read.service.impl.BookInfoServiceImpl - 分页查询的数据为:
2020-11-24 17:49:40.340 [http-nio-9004-exec-7] INFO  c.n.o.yuedu.read.service.impl.BookInfoServiceImpl - 分页查询的数据为:
2020-11-24 17:49:51.515 [http-nio-9004-exec-4] INFO  c.n.o.yuedu.read.service.impl.BookInfoServiceImpl - 分页查询的数据为:
2020-11-24 17:49:53.535 [http-nio-9004-exec-4] INFO  c.n.o.yuedu.read.service.impl.BookInfoServiceImpl - 分页查询的数据为:
2020-11-24 17:49:54.990 [http-nio-9004-exec-8] INFO  c.n.o.yuedu.read.service.impl.BookInfoServiceImpl - 分页查询的数据为:
2020-11-24 17:49:57.919 [http-nio-9004-exec-10] INFO  c.n.o.yuedu.read.service.impl.BookInfoServiceImpl - 分页查询的数据为:
2020-11-24 17:49:59.333 [http-nio-9004-exec-1] INFO  c.n.o.yuedu.read.service.impl.BookInfoServiceImpl - 分页查询的数据为:
2020-11-24 17:51:38.463 [http-nio-9004-exec-7] INFO  c.n.o.yuedu.read.service.impl.BookInfoServiceImpl - 分页查询的数据为:
2020-11-24 17:51:40.139 [http-nio-9004-exec-1] INFO  c.n.o.yuedu.read.service.impl.BookInfoServiceImpl - 分页查询的数据为:
2020-11-24 17:53:32.398 [http-nio-9004-exec-5] INFO  c.n.o.yuedu.read.service.impl.BookInfoServiceImpl - 分页查询的数据为:
2020-11-24 17:53:33.963 [http-nio-9004-exec-10] INFO  c.n.o.yuedu.read.service.impl.BookInfoServiceImpl - 分页查询的数据为:
2020-11-24 17:53:35.739 [http-nio-9004-exec-8] INFO  c.n.o.yuedu.read.service.impl.BookInfoServiceImpl - 分页查询的数据为:
