2020-09-10 15:42:54.683 [main] INFO  com.nine.one.yuedu.read.NineOneYueDuApplication - Starting NineOneYueDuApplication on LAPTOP-VRL8D1D5 with PID 136404 (D:\JXTC\91yuedu-read\target\classes started by asus in D:\JXTC\91yuedu-read)
2020-09-10 15:42:54.686 [main] INFO  com.nine.one.yuedu.read.NineOneYueDuApplication - The following profiles are active: test
2020-09-10 15:42:55.817 [main] INFO  o.s.d.r.config.RepositoryConfigurationDelegate - Multiple Spring Data modules found, entering strict repository configuration mode!
2020-09-10 15:42:55.819 [main] INFO  o.s.d.r.config.RepositoryConfigurationDelegate - Bootstrapping Spring Data Redis repositories in DEFAULT mode.
2020-09-10 15:42:55.887 [main] INFO  o.s.d.r.config.RepositoryConfigurationDelegate - Finished Spring Data repository scanning in 48ms. Found 0 Redis repository interfaces.
2020-09-10 15:42:56.378 [main] INFO  o.s.boot.web.embedded.tomcat.TomcatWebServer - Tomcat initialized with port(s): 9004 (http)
2020-09-10 15:42:56.386 [main] INFO  org.apache.coyote.http11.Http11NioProtocol - Initializing ProtocolHandler ["http-nio-9004"]
2020-09-10 15:42:56.386 [main] INFO  org.apache.catalina.core.StandardService - Starting service [Tomcat]
2020-09-10 15:42:56.386 [main] INFO  org.apache.catalina.core.StandardEngine - Starting Servlet engine: [Apache Tomcat/9.0.33]
2020-09-10 15:42:56.569 [main] INFO  o.a.c.core.ContainerBase.[Tomcat].[localhost].[/] - Initializing Spring embedded WebApplicationContext
2020-09-10 15:42:56.569 [main] INFO  org.springframework.web.context.ContextLoader - Root WebApplicationContext: initialization completed in 1814 ms
2020-09-10 15:42:56.699 [main] INFO  c.a.d.s.b.a.DruidDataSourceAutoConfigure - Init DruidDataSource
2020-09-10 15:42:56.964 [main] INFO  com.alibaba.druid.pool.DruidDataSource - {dataSource-1} inited
2020-09-10 15:42:58.709 [main] INFO  s.d.s.w.PropertySourcedRequestMappingHandlerMapping - Mapped URL path [/v2/api-docs] onto method [springfox.documentation.swagger2.web.Swagger2Controller#getDocumentation(String, HttpServletRequest)]
2020-09-10 15:42:58.756 [main] INFO  o.s.b.a.s.s.UserDetailsServiceAutoConfiguration - 

Using generated security password: 98a97744-281f-4a86-a4e9-fc5ab2ad6d3a

2020-09-10 15:42:58.833 [main] INFO  o.s.security.web.DefaultSecurityFilterChain - Creating filter chain: any request, [org.springframework.security.web.context.request.async.WebAsyncManagerIntegrationFilter@1e721583, org.springframework.security.web.context.SecurityContextPersistenceFilter@439f2d87, org.springframework.security.web.header.HeaderWriterFilter@7e0f9528, org.springframework.security.web.authentication.logout.LogoutFilter@47a3d56a, org.springframework.security.web.savedrequest.RequestCacheAwareFilter@852ef8d, org.springframework.security.web.servletapi.SecurityContextHolderAwareRequestFilter@7b8aebd0, org.springframework.security.web.authentication.AnonymousAuthenticationFilter@79f5a6ed, org.springframework.security.web.session.SessionManagementFilter@161d95c6, org.springframework.security.web.access.ExceptionTranslationFilter@401788d5, org.springframework.security.web.access.intercept.FilterSecurityInterceptor@1002d192]
2020-09-10 15:42:58.925 [main] INFO  o.s.scheduling.concurrent.ThreadPoolTaskExecutor - Initializing ExecutorService 'applicationTaskExecutor'
2020-09-10 15:42:59.106 [main] INFO  s.d.s.web.plugins.DocumentationPluginsBootstrapper - Context refreshed
2020-09-10 15:42:59.121 [main] INFO  s.d.s.web.plugins.DocumentationPluginsBootstrapper - Found 1 custom documentation plugin(s)
2020-09-10 15:42:59.147 [main] INFO  s.d.spring.web.scanners.ApiListingReferenceScanner - Scanning for api listing references
2020-09-10 15:42:59.217 [main] INFO  s.d.s.w.r.operation.CachingOperationNameGenerator - Generating unique operation named: getChapterListByBookIdUsingGET_1
2020-09-10 15:42:59.285 [main] INFO  s.d.s.w.r.operation.CachingOperationNameGenerator - Generating unique operation named: getMaxChapterIdUsingGET_1
2020-09-10 15:42:59.324 [main] INFO  s.d.s.w.r.operation.CachingOperationNameGenerator - Generating unique operation named: addBookInfoUsingPOST_1
2020-09-10 15:42:59.325 [main] INFO  s.d.s.w.r.operation.CachingOperationNameGenerator - Generating unique operation named: delBookInfoByIdUsingDELETE_1
2020-09-10 15:42:59.327 [main] INFO  s.d.s.w.r.operation.CachingOperationNameGenerator - Generating unique operation named: downBookByIdUsingGET_1
2020-09-10 15:42:59.335 [main] INFO  s.d.s.w.r.operation.CachingOperationNameGenerator - Generating unique operation named: findBookInfoByIdUsingGET_1
2020-09-10 15:42:59.336 [main] INFO  s.d.s.w.r.operation.CachingOperationNameGenerator - Generating unique operation named: findByIdUsingGET_1
2020-09-10 15:42:59.338 [main] INFO  s.d.s.w.r.operation.CachingOperationNameGenerator - Generating unique operation named: getBookInfo4PageAndParamUsingGET_1
2020-09-10 15:42:59.339 [main] INFO  s.d.s.w.r.operation.CachingOperationNameGenerator - Generating unique operation named: updateBookInfoUsingPUT_1
2020-09-10 15:42:59.339 [main] INFO  s.d.s.w.r.operation.CachingOperationNameGenerator - Generating unique operation named: uploadHeadUsingPOST_1
2020-09-10 15:42:59.347 [main] INFO  s.d.s.w.r.operation.CachingOperationNameGenerator - Generating unique operation named: addChapterUsingPOST_1
2020-09-10 15:42:59.349 [main] INFO  s.d.s.w.r.operation.CachingOperationNameGenerator - Generating unique operation named: addChapterUsingPOST_2
2020-09-10 15:42:59.350 [main] INFO  s.d.s.w.r.operation.CachingOperationNameGenerator - Generating unique operation named: delChapterByIdUsingDELETE_1
2020-09-10 15:42:59.351 [main] INFO  s.d.s.w.r.operation.CachingOperationNameGenerator - Generating unique operation named: getChapterInfoByBookIdAndChapterIdUsingGET_1
2020-09-10 15:42:59.352 [main] INFO  s.d.s.w.r.operation.CachingOperationNameGenerator - Generating unique operation named: getChapterListByBookIdPageAndSortUsingGET_1
2020-09-10 15:42:59.353 [main] INFO  s.d.s.w.r.operation.CachingOperationNameGenerator - Generating unique operation named: updateChapterUsingPUT_1
2020-09-10 15:42:59.405 [main] INFO  s.d.s.w.r.operation.CachingOperationNameGenerator - Generating unique operation named: addBookUsingPOST_1
2020-09-10 15:42:59.416 [main] INFO  s.d.s.w.r.operation.CachingOperationNameGenerator - Generating unique operation named: findByIdUsingGET_2
2020-09-10 15:42:59.421 [main] INFO  s.d.s.w.r.operation.CachingOperationNameGenerator - Generating unique operation named: uploadHeadUsingPOST_2
2020-09-10 15:42:59.422 [main] INFO  s.d.s.w.r.operation.CachingOperationNameGenerator - Generating unique operation named: getChapterUsingGET_1
2020-09-10 15:42:59.431 [main] INFO  s.d.s.w.r.operation.CachingOperationNameGenerator - Generating unique operation named: getBookUsingGET_1
2020-09-10 15:42:59.432 [main] INFO  s.d.s.w.r.operation.CachingOperationNameGenerator - Generating unique operation named: getChapterUsingGET_2
2020-09-10 15:42:59.452 [main] INFO  org.apache.coyote.http11.Http11NioProtocol - Starting ProtocolHandler ["http-nio-9004"]
2020-09-10 15:42:59.479 [main] INFO  o.s.boot.web.embedded.tomcat.TomcatWebServer - Tomcat started on port(s): 9004 (http) with context path ''
2020-09-10 15:42:59.482 [main] INFO  com.nine.one.yuedu.read.NineOneYueDuApplication - Started NineOneYueDuApplication in 5.279 seconds (JVM running for 6.503)
2020-09-10 15:45:59.962 [http-nio-9004-exec-1] INFO  o.a.c.core.ContainerBase.[Tomcat].[localhost].[/] - Initializing Spring DispatcherServlet 'dispatcherServlet'
2020-09-10 15:45:59.963 [http-nio-9004-exec-1] INFO  org.springframework.web.servlet.DispatcherServlet - Initializing Servlet 'dispatcherServlet'
2020-09-10 15:45:59.975 [http-nio-9004-exec-1] INFO  org.springframework.web.servlet.DispatcherServlet - Completed initialization in 12 ms
2020-09-10 16:45:19.669 [http-nio-9004-exec-8] INFO  c.n.o.yuedu.read.service.impl.BookInfoServiceImpl - 分页查询的数据为:
2020-09-10 16:45:25.870 [http-nio-9004-exec-2] INFO  c.n.o.yuedu.read.service.impl.BookInfoServiceImpl - 分页查询的数据为:
2020-09-10 16:45:30.754 [http-nio-9004-exec-5] INFO  c.n.o.yuedu.read.service.impl.BookInfoServiceImpl - 分页查询的数据为:
2020-09-10 17:37:59.829 [main] INFO  com.nine.one.yuedu.read.NineOneYueDuApplication - Starting NineOneYueDuApplication on LAPTOP-VRL8D1D5 with PID 75436 (D:\JXTC\91yuedu-read\target\classes started by asus in D:\JXTC\91yuedu-read)
2020-09-10 17:37:59.831 [main] INFO  com.nine.one.yuedu.read.NineOneYueDuApplication - The following profiles are active: test
2020-09-10 17:38:00.774 [main] INFO  o.s.d.r.config.RepositoryConfigurationDelegate - Multiple Spring Data modules found, entering strict repository configuration mode!
2020-09-10 17:38:00.776 [main] INFO  o.s.d.r.config.RepositoryConfigurationDelegate - Bootstrapping Spring Data Redis repositories in DEFAULT mode.
2020-09-10 17:38:00.830 [main] INFO  o.s.d.r.config.RepositoryConfigurationDelegate - Finished Spring Data repository scanning in 41ms. Found 0 Redis repository interfaces.
2020-09-10 17:38:01.290 [main] INFO  o.s.boot.web.embedded.tomcat.TomcatWebServer - Tomcat initialized with port(s): 9004 (http)
2020-09-10 17:38:01.297 [main] INFO  org.apache.coyote.http11.Http11NioProtocol - Initializing ProtocolHandler ["http-nio-9004"]
2020-09-10 17:38:01.298 [main] INFO  org.apache.catalina.core.StandardService - Starting service [Tomcat]
2020-09-10 17:38:01.298 [main] INFO  org.apache.catalina.core.StandardEngine - Starting Servlet engine: [Apache Tomcat/9.0.33]
2020-09-10 17:38:01.510 [main] INFO  o.a.c.core.ContainerBase.[Tomcat].[localhost].[/] - Initializing Spring embedded WebApplicationContext
2020-09-10 17:38:01.510 [main] INFO  org.springframework.web.context.ContextLoader - Root WebApplicationContext: initialization completed in 1642 ms
2020-09-10 17:38:01.676 [main] INFO  c.a.d.s.b.a.DruidDataSourceAutoConfigure - Init DruidDataSource
2020-09-10 17:38:01.945 [main] INFO  com.alibaba.druid.pool.DruidDataSource - {dataSource-1} inited
2020-09-10 17:38:03.722 [main] INFO  s.d.s.w.PropertySourcedRequestMappingHandlerMapping - Mapped URL path [/v2/api-docs] onto method [springfox.documentation.swagger2.web.Swagger2Controller#getDocumentation(String, HttpServletRequest)]
2020-09-10 17:38:03.773 [main] INFO  o.s.b.a.s.s.UserDetailsServiceAutoConfiguration - 

Using generated security password: f376e81a-0b9b-45e6-95a8-c2fbfaeecb7f

2020-09-10 17:38:03.847 [main] INFO  o.s.security.web.DefaultSecurityFilterChain - Creating filter chain: any request, [org.springframework.security.web.context.request.async.WebAsyncManagerIntegrationFilter@4df7d9ee, org.springframework.security.web.context.SecurityContextPersistenceFilter@13e00016, org.springframework.security.web.header.HeaderWriterFilter@6b832551, org.springframework.security.web.authentication.logout.LogoutFilter@4607d78b, org.springframework.security.web.savedrequest.RequestCacheAwareFilter@177ede17, org.springframework.security.web.servletapi.SecurityContextHolderAwareRequestFilter@727986ad, org.springframework.security.web.authentication.AnonymousAuthenticationFilter@781dac73, org.springframework.security.web.session.SessionManagementFilter@6d6039df, org.springframework.security.web.access.ExceptionTranslationFilter@66020d69, org.springframework.security.web.access.intercept.FilterSecurityInterceptor@57c69937]
2020-09-10 17:38:03.941 [main] INFO  o.s.scheduling.concurrent.ThreadPoolTaskExecutor - Initializing ExecutorService 'applicationTaskExecutor'
2020-09-10 17:38:04.241 [main] INFO  s.d.s.web.plugins.DocumentationPluginsBootstrapper - Context refreshed
2020-09-10 17:38:04.256 [main] INFO  s.d.s.web.plugins.DocumentationPluginsBootstrapper - Found 1 custom documentation plugin(s)
2020-09-10 17:38:04.284 [main] INFO  s.d.spring.web.scanners.ApiListingReferenceScanner - Scanning for api listing references
2020-09-10 17:38:04.352 [main] INFO  s.d.s.w.r.operation.CachingOperationNameGenerator - Generating unique operation named: getChapterListByBookIdUsingGET_1
2020-09-10 17:38:04.421 [main] INFO  s.d.s.w.r.operation.CachingOperationNameGenerator - Generating unique operation named: getMaxChapterIdUsingGET_1
2020-09-10 17:38:04.463 [main] INFO  s.d.s.w.r.operation.CachingOperationNameGenerator - Generating unique operation named: addBookInfoUsingPOST_1
2020-09-10 17:38:04.465 [main] INFO  s.d.s.w.r.operation.CachingOperationNameGenerator - Generating unique operation named: delBookInfoByIdUsingDELETE_1
2020-09-10 17:38:04.467 [main] INFO  s.d.s.w.r.operation.CachingOperationNameGenerator - Generating unique operation named: downBookByIdUsingGET_1
2020-09-10 17:38:04.474 [main] INFO  s.d.s.w.r.operation.CachingOperationNameGenerator - Generating unique operation named: findBookInfoByIdUsingGET_1
2020-09-10 17:38:04.475 [main] INFO  s.d.s.w.r.operation.CachingOperationNameGenerator - Generating unique operation named: findByIdUsingGET_1
2020-09-10 17:38:04.477 [main] INFO  s.d.s.w.r.operation.CachingOperationNameGenerator - Generating unique operation named: getBookInfo4PageAndParamUsingGET_1
2020-09-10 17:38:04.477 [main] INFO  s.d.s.w.r.operation.CachingOperationNameGenerator - Generating unique operation named: updateBookInfoUsingPUT_1
2020-09-10 17:38:04.478 [main] INFO  s.d.s.w.r.operation.CachingOperationNameGenerator - Generating unique operation named: uploadHeadUsingPOST_1
2020-09-10 17:38:04.485 [main] INFO  s.d.s.w.r.operation.CachingOperationNameGenerator - Generating unique operation named: addChapterUsingPOST_1
2020-09-10 17:38:04.487 [main] INFO  s.d.s.w.r.operation.CachingOperationNameGenerator - Generating unique operation named: addChapterUsingPOST_2
2020-09-10 17:38:04.488 [main] INFO  s.d.s.w.r.operation.CachingOperationNameGenerator - Generating unique operation named: delChapterByIdUsingDELETE_1
2020-09-10 17:38:04.489 [main] INFO  s.d.s.w.r.operation.CachingOperationNameGenerator - Generating unique operation named: getChapterInfoByBookIdAndChapterIdUsingGET_1
2020-09-10 17:38:04.490 [main] INFO  s.d.s.w.r.operation.CachingOperationNameGenerator - Generating unique operation named: getChapterListByBookIdPageAndSortUsingGET_1
2020-09-10 17:38:04.491 [main] INFO  s.d.s.w.r.operation.CachingOperationNameGenerator - Generating unique operation named: updateChapterUsingPUT_1
2020-09-10 17:38:04.536 [main] INFO  s.d.s.w.r.operation.CachingOperationNameGenerator - Generating unique operation named: addBookUsingPOST_1
2020-09-10 17:38:04.544 [main] INFO  s.d.s.w.r.operation.CachingOperationNameGenerator - Generating unique operation named: findByIdUsingGET_2
2020-09-10 17:38:04.550 [main] INFO  s.d.s.w.r.operation.CachingOperationNameGenerator - Generating unique operation named: uploadHeadUsingPOST_2
2020-09-10 17:38:04.551 [main] INFO  s.d.s.w.r.operation.CachingOperationNameGenerator - Generating unique operation named: getChapterUsingGET_1
2020-09-10 17:38:04.557 [main] INFO  s.d.s.w.r.operation.CachingOperationNameGenerator - Generating unique operation named: getBookUsingGET_1
2020-09-10 17:38:04.557 [main] INFO  s.d.s.w.r.operation.CachingOperationNameGenerator - Generating unique operation named: getChapterUsingGET_2
2020-09-10 17:38:04.573 [main] INFO  org.apache.coyote.http11.Http11NioProtocol - Starting ProtocolHandler ["http-nio-9004"]
2020-09-10 17:38:04.593 [main] INFO  o.s.boot.web.embedded.tomcat.TomcatWebServer - Tomcat started on port(s): 9004 (http) with context path ''
2020-09-10 17:38:04.595 [main] INFO  com.nine.one.yuedu.read.NineOneYueDuApplication - Started NineOneYueDuApplication in 5.139 seconds (JVM running for 6.288)
2020-09-10 17:38:10.082 [http-nio-9004-exec-4] INFO  o.a.c.core.ContainerBase.[Tomcat].[localhost].[/] - Initializing Spring DispatcherServlet 'dispatcherServlet'
2020-09-10 17:38:10.082 [http-nio-9004-exec-4] INFO  org.springframework.web.servlet.DispatcherServlet - Initializing Servlet 'dispatcherServlet'
2020-09-10 17:38:10.092 [http-nio-9004-exec-4] INFO  org.springframework.web.servlet.DispatcherServlet - Completed initialization in 10 ms
2020-09-10 17:38:19.859 [http-nio-9004-exec-5] INFO  c.n.o.yuedu.read.service.impl.BookInfoServiceImpl - 分页查询的数据为:
2020-09-10 17:38:26.126 [http-nio-9004-exec-8] INFO  c.n.o.yuedu.read.service.impl.BookInfoServiceImpl - 分页查询的数据为:
2020-09-10 17:38:45.466 [http-nio-9004-exec-7] INFO  c.n.o.yuedu.read.service.impl.BookInfoServiceImpl - 分页查询的数据为:
2020-09-10 17:40:23.971 [http-nio-9004-exec-9] INFO  c.n.o.yuedu.read.service.impl.BookInfoServiceImpl - 分页查询的数据为:
2020-09-10 17:42:34.384 [http-nio-9004-exec-3] INFO  c.n.o.yuedu.read.service.impl.BookInfoServiceImpl - 分页查询的数据为:
2020-09-10 17:48:43.961 [main] INFO  com.nine.one.yuedu.read.NineOneYueDuApplication - Starting NineOneYueDuApplication on LAPTOP-VRL8D1D5 with PID 66316 (D:\JXTC\91yuedu-read\target\classes started by asus in D:\JXTC\91yuedu-read)
2020-09-10 17:48:43.964 [main] INFO  com.nine.one.yuedu.read.NineOneYueDuApplication - The following profiles are active: test
2020-09-10 17:48:44.815 [main] INFO  o.s.d.r.config.RepositoryConfigurationDelegate - Multiple Spring Data modules found, entering strict repository configuration mode!
2020-09-10 17:48:44.817 [main] INFO  o.s.d.r.config.RepositoryConfigurationDelegate - Bootstrapping Spring Data Redis repositories in DEFAULT mode.
2020-09-10 17:48:44.872 [main] INFO  o.s.d.r.config.RepositoryConfigurationDelegate - Finished Spring Data repository scanning in 44ms. Found 0 Redis repository interfaces.
2020-09-10 17:48:45.300 [main] INFO  o.s.boot.web.embedded.tomcat.TomcatWebServer - Tomcat initialized with port(s): 9004 (http)
2020-09-10 17:48:45.306 [main] INFO  org.apache.coyote.http11.Http11NioProtocol - Initializing ProtocolHandler ["http-nio-9004"]
2020-09-10 17:48:45.306 [main] INFO  org.apache.catalina.core.StandardService - Starting service [Tomcat]
2020-09-10 17:48:45.307 [main] INFO  org.apache.catalina.core.StandardEngine - Starting Servlet engine: [Apache Tomcat/9.0.33]
2020-09-10 17:48:45.413 [main] INFO  o.a.c.core.ContainerBase.[Tomcat].[localhost].[/] - Initializing Spring embedded WebApplicationContext
2020-09-10 17:48:45.414 [main] INFO  org.springframework.web.context.ContextLoader - Root WebApplicationContext: initialization completed in 1408 ms
2020-09-10 17:48:45.566 [main] INFO  c.a.d.s.b.a.DruidDataSourceAutoConfigure - Init DruidDataSource
2020-09-10 17:48:45.811 [main] INFO  com.alibaba.druid.pool.DruidDataSource - {dataSource-1} inited
2020-09-10 17:48:47.273 [main] INFO  s.d.s.w.PropertySourcedRequestMappingHandlerMapping - Mapped URL path [/v2/api-docs] onto method [springfox.documentation.swagger2.web.Swagger2Controller#getDocumentation(String, HttpServletRequest)]
2020-09-10 17:48:47.315 [main] INFO  o.s.b.a.s.s.UserDetailsServiceAutoConfiguration - 

Using generated security password: 4af8b28d-4f39-4a86-aef1-a68616ab5c19

2020-09-10 17:48:47.375 [main] INFO  o.s.security.web.DefaultSecurityFilterChain - Creating filter chain: any request, [org.springframework.security.web.context.request.async.WebAsyncManagerIntegrationFilter@da09250, org.springframework.security.web.context.SecurityContextPersistenceFilter@26d0ece6, org.springframework.security.web.header.HeaderWriterFilter@3dc39459, org.springframework.security.web.authentication.logout.LogoutFilter@19eea77c, org.springframework.security.web.savedrequest.RequestCacheAwareFilter@4ae280da, org.springframework.security.web.servletapi.SecurityContextHolderAwareRequestFilter@c472300, org.springframework.security.web.authentication.AnonymousAuthenticationFilter@6d31f106, org.springframework.security.web.session.SessionManagementFilter@3b6c2be6, org.springframework.security.web.access.ExceptionTranslationFilter@4b4a2fa8, org.springframework.security.web.access.intercept.FilterSecurityInterceptor@3719360c]
2020-09-10 17:48:47.461 [main] INFO  o.s.scheduling.concurrent.ThreadPoolTaskExecutor - Initializing ExecutorService 'applicationTaskExecutor'
2020-09-10 17:48:47.626 [main] INFO  s.d.s.web.plugins.DocumentationPluginsBootstrapper - Context refreshed
2020-09-10 17:48:47.638 [main] INFO  s.d.s.web.plugins.DocumentationPluginsBootstrapper - Found 1 custom documentation plugin(s)
2020-09-10 17:48:47.659 [main] INFO  s.d.spring.web.scanners.ApiListingReferenceScanner - Scanning for api listing references
2020-09-10 17:48:47.717 [main] INFO  s.d.s.w.r.operation.CachingOperationNameGenerator - Generating unique operation named: getChapterListByBookIdUsingGET_1
2020-09-10 17:48:47.776 [main] INFO  s.d.s.w.r.operation.CachingOperationNameGenerator - Generating unique operation named: getMaxChapterIdUsingGET_1
2020-09-10 17:48:47.812 [main] INFO  s.d.s.w.r.operation.CachingOperationNameGenerator - Generating unique operation named: addBookInfoUsingPOST_1
2020-09-10 17:48:47.813 [main] INFO  s.d.s.w.r.operation.CachingOperationNameGenerator - Generating unique operation named: delBookInfoByIdUsingDELETE_1
2020-09-10 17:48:47.815 [main] INFO  s.d.s.w.r.operation.CachingOperationNameGenerator - Generating unique operation named: downBookByIdUsingGET_1
2020-09-10 17:48:47.823 [main] INFO  s.d.s.w.r.operation.CachingOperationNameGenerator - Generating unique operation named: findBookInfoByIdUsingGET_1
2020-09-10 17:48:47.824 [main] INFO  s.d.s.w.r.operation.CachingOperationNameGenerator - Generating unique operation named: findByIdUsingGET_1
2020-09-10 17:48:47.826 [main] INFO  s.d.s.w.r.operation.CachingOperationNameGenerator - Generating unique operation named: getBookInfo4PageAndParamUsingGET_1
2020-09-10 17:48:47.827 [main] INFO  s.d.s.w.r.operation.CachingOperationNameGenerator - Generating unique operation named: updateBookInfoUsingPUT_1
2020-09-10 17:48:47.828 [main] INFO  s.d.s.w.r.operation.CachingOperationNameGenerator - Generating unique operation named: uploadHeadUsingPOST_1
2020-09-10 17:48:47.833 [main] INFO  s.d.s.w.r.operation.CachingOperationNameGenerator - Generating unique operation named: addChapterUsingPOST_1
2020-09-10 17:48:47.834 [main] INFO  s.d.s.w.r.operation.CachingOperationNameGenerator - Generating unique operation named: addChapterUsingPOST_2
2020-09-10 17:48:47.835 [main] INFO  s.d.s.w.r.operation.CachingOperationNameGenerator - Generating unique operation named: delChapterByIdUsingDELETE_1
2020-09-10 17:48:47.837 [main] INFO  s.d.s.w.r.operation.CachingOperationNameGenerator - Generating unique operation named: getChapterInfoByBookIdAndChapterIdUsingGET_1
2020-09-10 17:48:47.838 [main] INFO  s.d.s.w.r.operation.CachingOperationNameGenerator - Generating unique operation named: getChapterListByBookIdPageAndSortUsingGET_1
2020-09-10 17:48:47.839 [main] INFO  s.d.s.w.r.operation.CachingOperationNameGenerator - Generating unique operation named: updateChapterUsingPUT_1
2020-09-10 17:48:47.882 [main] INFO  s.d.s.w.r.operation.CachingOperationNameGenerator - Generating unique operation named: addBookUsingPOST_1
2020-09-10 17:48:47.891 [main] INFO  s.d.s.w.r.operation.CachingOperationNameGenerator - Generating unique operation named: findByIdUsingGET_2
2020-09-10 17:48:47.897 [main] INFO  s.d.s.w.r.operation.CachingOperationNameGenerator - Generating unique operation named: uploadHeadUsingPOST_2
2020-09-10 17:48:47.898 [main] INFO  s.d.s.w.r.operation.CachingOperationNameGenerator - Generating unique operation named: getChapterUsingGET_1
2020-09-10 17:48:47.904 [main] INFO  s.d.s.w.r.operation.CachingOperationNameGenerator - Generating unique operation named: getBookUsingGET_1
2020-09-10 17:48:47.905 [main] INFO  s.d.s.w.r.operation.CachingOperationNameGenerator - Generating unique operation named: getChapterUsingGET_2
2020-09-10 17:48:47.920 [main] INFO  org.apache.coyote.http11.Http11NioProtocol - Starting ProtocolHandler ["http-nio-9004"]
2020-09-10 17:48:47.939 [main] INFO  o.s.boot.web.embedded.tomcat.TomcatWebServer - Tomcat started on port(s): 9004 (http) with context path ''
2020-09-10 17:48:47.941 [main] INFO  com.nine.one.yuedu.read.NineOneYueDuApplication - Started NineOneYueDuApplication in 4.323 seconds (JVM running for 5.297)
2020-09-10 17:48:55.871 [http-nio-9004-exec-1] INFO  o.a.c.core.ContainerBase.[Tomcat].[localhost].[/] - Initializing Spring DispatcherServlet 'dispatcherServlet'
2020-09-10 17:48:55.872 [http-nio-9004-exec-1] INFO  org.springframework.web.servlet.DispatcherServlet - Initializing Servlet 'dispatcherServlet'
2020-09-10 17:48:55.885 [http-nio-9004-exec-1] INFO  org.springframework.web.servlet.DispatcherServlet - Completed initialization in 10 ms
2020-09-10 17:49:07.996 [http-nio-9004-exec-2] INFO  c.n.o.yuedu.read.service.impl.BookInfoServiceImpl - 分页查询的数据为:
2020-09-10 17:49:57.300 [http-nio-9004-exec-6] INFO  c.n.o.yuedu.read.service.impl.BookInfoServiceImpl - 分页查询的数据为:
2020-09-10 17:50:33.470 [http-nio-9004-exec-7] INFO  c.n.o.yuedu.read.service.impl.BookInfoServiceImpl - 分页查询的数据为:
