2020-06-10 09:49:14.208 [main] INFO  o.s.b.t.context.SpringBootTestContextBootstrapper - Neither @ContextConfiguration nor @ContextHierarchy found for test class [com.nine.one.yuedu.read.ApplicationTests], using SpringBootContextLoader
2020-06-10 09:49:14.215 [main] INFO  o.s.test.context.support.AbstractContextLoader - Could not detect default resource locations for test class [com.nine.one.yuedu.read.ApplicationTests]: no resource found for suffixes {-context.xml, Context.groovy}.
2020-06-10 09:49:14.216 [main] INFO  o.s.t.c.support.AnnotationConfigContextLoaderUtils - Could not detect default configuration classes for test class [com.nine.one.yuedu.read.ApplicationTests]: ApplicationTests does not declare any static, non-private, non-final, nested classes annotated with @Configuration.
2020-06-10 09:49:14.313 [main] INFO  o.s.b.t.context.SpringBootTestContextBootstrapper - Found @SpringBootConfiguration com.nine.one.yuedu.read.NineOneYueDuApplication for test class com.nine.one.yuedu.read.ApplicationTests
2020-06-10 09:49:14.394 [main] INFO  o.s.b.t.context.SpringBootTestContextBootstrapper - Loaded default TestExecutionListener class names from location [META-INF/spring.factories]: [org.springframework.boot.test.mock.mockito.MockitoTestExecutionListener, org.springframework.boot.test.mock.mockito.ResetMocksTestExecutionListener, org.springframework.boot.test.autoconfigure.restdocs.RestDocsTestExecutionListener, org.springframework.boot.test.autoconfigure.web.client.MockRestServiceServerResetTestExecutionListener, org.springframework.boot.test.autoconfigure.web.servlet.MockMvcPrintOnlyOnFailureTestExecutionListener, org.springframework.boot.test.autoconfigure.web.servlet.WebDriverTestExecutionListener, org.springframework.test.context.web.ServletTestExecutionListener, org.springframework.test.context.support.DirtiesContextBeforeModesTestExecutionListener, org.springframework.test.context.support.DependencyInjectionTestExecutionListener, org.springframework.test.context.support.DirtiesContextTestExecutionListener, org.springframework.test.context.transaction.TransactionalTestExecutionListener, org.springframework.test.context.jdbc.SqlScriptsTestExecutionListener, org.springframework.test.context.event.EventPublishingTestExecutionListener]
2020-06-10 09:49:14.408 [main] INFO  o.s.b.t.context.SpringBootTestContextBootstrapper - Using TestExecutionListeners: [org.springframework.test.context.web.ServletTestExecutionListener@5d43661b, org.springframework.test.context.support.DirtiesContextBeforeModesTestExecutionListener@12299890, org.springframework.boot.test.mock.mockito.MockitoTestExecutionListener@2fba3fc4, org.springframework.boot.test.autoconfigure.SpringBootDependencyInjectionTestExecutionListener@4bf48f6, org.springframework.test.context.support.DirtiesContextTestExecutionListener@420a85c4, org.springframework.test.context.transaction.TransactionalTestExecutionListener@1c39680d, org.springframework.test.context.jdbc.SqlScriptsTestExecutionListener@62833051, org.springframework.test.context.event.EventPublishingTestExecutionListener@1c852c0f, org.springframework.boot.test.mock.mockito.ResetMocksTestExecutionListener@a37aefe, org.springframework.boot.test.autoconfigure.restdocs.RestDocsTestExecutionListener@5d99c6b5, org.springframework.boot.test.autoconfigure.web.client.MockRestServiceServerResetTestExecutionListener@266374ef, org.springframework.boot.test.autoconfigure.web.servlet.MockMvcPrintOnlyOnFailureTestExecutionListener@13b3d178, org.springframework.boot.test.autoconfigure.web.servlet.WebDriverTestExecutionListener@24c4ddae]
2020-06-10 09:49:14.670 [main] INFO  com.nine.one.yuedu.read.ApplicationTests - Starting ApplicationTests on 192.168.0.104 with PID 45103 (started by wangyuliang in /Users/wangyuliang/ideaProjects/91yuedu-read)
2020-06-10 09:49:14.671 [main] INFO  com.nine.one.yuedu.read.ApplicationTests - The following profiles are active: test
2020-06-10 09:49:15.410 [main] INFO  o.s.d.r.config.RepositoryConfigurationDelegate - Multiple Spring Data modules found, entering strict repository configuration mode!
2020-06-10 09:49:15.413 [main] INFO  o.s.d.r.config.RepositoryConfigurationDelegate - Bootstrapping Spring Data Redis repositories in DEFAULT mode.
2020-06-10 09:49:15.444 [main] INFO  o.s.d.r.config.RepositoryConfigurationDelegate - Finished Spring Data repository scanning in 19ms. Found 0 Redis repository interfaces.
2020-06-10 09:49:16.139 [main] INFO  c.a.d.s.b.a.DruidDataSourceAutoConfigure - Init DruidDataSource
2020-06-10 09:49:19.518 [main] INFO  com.alibaba.druid.pool.DruidDataSource - {dataSource-1} inited
2020-06-10 09:49:27.468 [main] INFO  s.d.s.w.PropertySourcedRequestMappingHandlerMapping - Mapped URL path [/v2/api-docs] onto method [springfox.documentation.swagger2.web.Swagger2Controller#getDocumentation(String, HttpServletRequest)]
2020-06-10 09:49:27.616 [main] INFO  o.s.b.a.s.s.UserDetailsServiceAutoConfiguration - 

Using generated security password: 07edeef6-fd3e-4db5-8590-a6ebf27bdaaf

2020-06-10 09:49:27.774 [main] INFO  o.s.security.web.DefaultSecurityFilterChain - Creating filter chain: any request, [org.springframework.security.web.context.request.async.WebAsyncManagerIntegrationFilter@7ef8e623, org.springframework.security.web.context.SecurityContextPersistenceFilter@4aa3fc9a, org.springframework.security.web.header.HeaderWriterFilter@4d0e1a9a, org.springframework.security.web.authentication.logout.LogoutFilter@3f3c8b60, org.springframework.security.web.savedrequest.RequestCacheAwareFilter@634aa81e, org.springframework.security.web.servletapi.SecurityContextHolderAwareRequestFilter@2c8ff67, org.springframework.security.web.authentication.AnonymousAuthenticationFilter@3d8d970e, org.springframework.security.web.session.SessionManagementFilter@59ec7020, org.springframework.security.web.access.ExceptionTranslationFilter@69eb544f, org.springframework.security.web.access.intercept.FilterSecurityInterceptor@464ede1f]
2020-06-10 09:49:28.176 [main] INFO  o.s.scheduling.concurrent.ThreadPoolTaskExecutor - Initializing ExecutorService 'applicationTaskExecutor'
2020-06-10 09:49:29.060 [main] INFO  s.d.s.web.plugins.DocumentationPluginsBootstrapper - Context refreshed
2020-06-10 09:49:29.094 [main] INFO  s.d.s.web.plugins.DocumentationPluginsBootstrapper - Found 1 custom documentation plugin(s)
2020-06-10 09:49:29.146 [main] INFO  s.d.spring.web.scanners.ApiListingReferenceScanner - Scanning for api listing references
2020-06-10 09:49:29.425 [main] INFO  s.d.s.w.r.operation.CachingOperationNameGenerator - Generating unique operation named: uploadHeadUsingPOST_1
2020-06-10 09:49:29.519 [main] INFO  s.d.s.w.r.operation.CachingOperationNameGenerator - Generating unique operation named: findByIdUsingGET_1
2020-06-10 09:49:29.529 [main] INFO  s.d.s.w.r.operation.CachingOperationNameGenerator - Generating unique operation named: uploadHeadUsingPOST_2
2020-06-10 09:49:29.535 [main] INFO  s.d.s.w.r.operation.CachingOperationNameGenerator - Generating unique operation named: getBookUsingGET_1
2020-06-10 09:49:29.536 [main] INFO  s.d.s.w.r.operation.CachingOperationNameGenerator - Generating unique operation named: getChapterUsingGET_1
2020-06-10 09:49:29.561 [main] INFO  com.nine.one.yuedu.read.ApplicationTests - Started ApplicationTests in 15.124 seconds (JVM running for 15.964)
2020-06-10 09:49:29.777 [SpringContextShutdownHook] INFO  o.s.scheduling.concurrent.ThreadPoolTaskExecutor - Shutting down ExecutorService 'applicationTaskExecutor'
2020-06-10 09:49:29.787 [SpringContextShutdownHook] INFO  com.alibaba.druid.pool.DruidDataSource - {dataSource-1} closed
2020-06-10 10:03:15.709 [main] INFO  com.nine.one.yuedu.read.NineOneYueDuApplication - Starting NineOneYueDuApplication on 192.168.0.104 with PID 45369 (/Users/wangyuliang/ideaProjects/91yuedu-read/target/classes started by wangyuliang in /Users/wangyuliang/ideaProjects/91yuedu-read)
2020-06-10 10:03:15.712 [main] INFO  com.nine.one.yuedu.read.NineOneYueDuApplication - The following profiles are active: test
2020-06-10 10:03:16.485 [main] INFO  o.s.d.r.config.RepositoryConfigurationDelegate - Multiple Spring Data modules found, entering strict repository configuration mode!
2020-06-10 10:03:16.487 [main] INFO  o.s.d.r.config.RepositoryConfigurationDelegate - Bootstrapping Spring Data Redis repositories in DEFAULT mode.
2020-06-10 10:03:16.522 [main] INFO  o.s.d.r.config.RepositoryConfigurationDelegate - Finished Spring Data repository scanning in 23ms. Found 0 Redis repository interfaces.
2020-06-10 10:03:16.903 [main] INFO  o.s.boot.web.embedded.tomcat.TomcatWebServer - Tomcat initialized with port(s): 9004 (http)
2020-06-10 10:03:16.909 [main] INFO  org.apache.coyote.http11.Http11NioProtocol - Initializing ProtocolHandler ["http-nio-9004"]
2020-06-10 10:03:16.909 [main] INFO  org.apache.catalina.core.StandardService - Starting service [Tomcat]
2020-06-10 10:03:16.910 [main] INFO  org.apache.catalina.core.StandardEngine - Starting Servlet engine: [Apache Tomcat/9.0.33]
2020-06-10 10:03:16.968 [main] INFO  o.a.c.core.ContainerBase.[Tomcat].[localhost].[/] - Initializing Spring embedded WebApplicationContext
2020-06-10 10:03:16.968 [main] INFO  org.springframework.web.context.ContextLoader - Root WebApplicationContext: initialization completed in 1211 ms
2020-06-10 10:03:17.116 [main] INFO  c.a.d.s.b.a.DruidDataSourceAutoConfigure - Init DruidDataSource
2020-06-10 10:03:19.491 [main] INFO  com.alibaba.druid.pool.DruidDataSource - {dataSource-1} inited
2020-06-10 10:03:25.740 [main] INFO  s.d.s.w.PropertySourcedRequestMappingHandlerMapping - Mapped URL path [/v2/api-docs] onto method [springfox.documentation.swagger2.web.Swagger2Controller#getDocumentation(String, HttpServletRequest)]
2020-06-10 10:03:25.784 [main] INFO  o.s.b.a.s.s.UserDetailsServiceAutoConfiguration - 

Using generated security password: ea5a8c15-f53b-4a0b-95e6-5fe7d92db04d

2020-06-10 10:03:25.852 [main] INFO  o.s.security.web.DefaultSecurityFilterChain - Creating filter chain: any request, [org.springframework.security.web.context.request.async.WebAsyncManagerIntegrationFilter@2df65a56, org.springframework.security.web.context.SecurityContextPersistenceFilter@27a6fef2, org.springframework.security.web.header.HeaderWriterFilter@6bcae9, org.springframework.security.web.authentication.logout.LogoutFilter@646427f7, org.springframework.security.web.savedrequest.RequestCacheAwareFilter@2dba05b1, org.springframework.security.web.servletapi.SecurityContextHolderAwareRequestFilter@6ffd4c0d, org.springframework.security.web.authentication.AnonymousAuthenticationFilter@113f9078, org.springframework.security.web.session.SessionManagementFilter@266e9dda, org.springframework.security.web.access.ExceptionTranslationFilter@21a46ff1, org.springframework.security.web.access.intercept.FilterSecurityInterceptor@a90e2c1]
2020-06-10 10:03:25.940 [main] INFO  o.s.scheduling.concurrent.ThreadPoolTaskExecutor - Initializing ExecutorService 'applicationTaskExecutor'
2020-06-10 10:03:26.275 [main] INFO  s.d.s.web.plugins.DocumentationPluginsBootstrapper - Context refreshed
2020-06-10 10:03:26.289 [main] INFO  s.d.s.web.plugins.DocumentationPluginsBootstrapper - Found 1 custom documentation plugin(s)
2020-06-10 10:03:26.315 [main] INFO  s.d.spring.web.scanners.ApiListingReferenceScanner - Scanning for api listing references
2020-06-10 10:03:26.475 [main] INFO  s.d.s.w.r.operation.CachingOperationNameGenerator - Generating unique operation named: uploadHeadUsingPOST_1
2020-06-10 10:03:26.530 [main] INFO  s.d.s.w.r.operation.CachingOperationNameGenerator - Generating unique operation named: findByIdUsingGET_1
2020-06-10 10:03:26.536 [main] INFO  s.d.s.w.r.operation.CachingOperationNameGenerator - Generating unique operation named: uploadHeadUsingPOST_2
2020-06-10 10:03:26.538 [main] INFO  s.d.s.w.r.operation.CachingOperationNameGenerator - Generating unique operation named: getBookUsingGET_1
2020-06-10 10:03:26.539 [main] INFO  s.d.s.w.r.operation.CachingOperationNameGenerator - Generating unique operation named: getChapterUsingGET_1
2020-06-10 10:03:26.553 [main] INFO  org.apache.coyote.http11.Http11NioProtocol - Starting ProtocolHandler ["http-nio-9004"]
2020-06-10 10:03:26.581 [main] INFO  o.s.boot.web.embedded.tomcat.TomcatWebServer - Tomcat started on port(s): 9004 (http) with context path ''
2020-06-10 10:03:26.584 [main] INFO  com.nine.one.yuedu.read.NineOneYueDuApplication - Started NineOneYueDuApplication in 11.15 seconds (JVM running for 11.707)
2020-06-10 10:03:43.627 [main] INFO  o.s.b.t.context.SpringBootTestContextBootstrapper - Neither @ContextConfiguration nor @ContextHierarchy found for test class [com.nine.one.yuedu.read.ApplicationTests], using SpringBootContextLoader
2020-06-10 10:03:43.635 [main] INFO  o.s.test.context.support.AbstractContextLoader - Could not detect default resource locations for test class [com.nine.one.yuedu.read.ApplicationTests]: no resource found for suffixes {-context.xml, Context.groovy}.
2020-06-10 10:03:43.636 [main] INFO  o.s.t.c.support.AnnotationConfigContextLoaderUtils - Could not detect default configuration classes for test class [com.nine.one.yuedu.read.ApplicationTests]: ApplicationTests does not declare any static, non-private, non-final, nested classes annotated with @Configuration.
2020-06-10 10:03:43.730 [main] INFO  o.s.b.t.context.SpringBootTestContextBootstrapper - Found @SpringBootConfiguration com.nine.one.yuedu.read.NineOneYueDuApplication for test class com.nine.one.yuedu.read.ApplicationTests
2020-06-10 10:03:43.811 [main] INFO  o.s.b.t.context.SpringBootTestContextBootstrapper - Loaded default TestExecutionListener class names from location [META-INF/spring.factories]: [org.springframework.boot.test.mock.mockito.MockitoTestExecutionListener, org.springframework.boot.test.mock.mockito.ResetMocksTestExecutionListener, org.springframework.boot.test.autoconfigure.restdocs.RestDocsTestExecutionListener, org.springframework.boot.test.autoconfigure.web.client.MockRestServiceServerResetTestExecutionListener, org.springframework.boot.test.autoconfigure.web.servlet.MockMvcPrintOnlyOnFailureTestExecutionListener, org.springframework.boot.test.autoconfigure.web.servlet.WebDriverTestExecutionListener, org.springframework.test.context.web.ServletTestExecutionListener, org.springframework.test.context.support.DirtiesContextBeforeModesTestExecutionListener, org.springframework.test.context.support.DependencyInjectionTestExecutionListener, org.springframework.test.context.support.DirtiesContextTestExecutionListener, org.springframework.test.context.transaction.TransactionalTestExecutionListener, org.springframework.test.context.jdbc.SqlScriptsTestExecutionListener, org.springframework.test.context.event.EventPublishingTestExecutionListener]
2020-06-10 10:03:43.824 [main] INFO  o.s.b.t.context.SpringBootTestContextBootstrapper - Using TestExecutionListeners: [org.springframework.test.context.web.ServletTestExecutionListener@5d43661b, org.springframework.test.context.support.DirtiesContextBeforeModesTestExecutionListener@12299890, org.springframework.boot.test.mock.mockito.MockitoTestExecutionListener@2fba3fc4, org.springframework.boot.test.autoconfigure.SpringBootDependencyInjectionTestExecutionListener@4bf48f6, org.springframework.test.context.support.DirtiesContextTestExecutionListener@420a85c4, org.springframework.test.context.transaction.TransactionalTestExecutionListener@1c39680d, org.springframework.test.context.jdbc.SqlScriptsTestExecutionListener@62833051, org.springframework.test.context.event.EventPublishingTestExecutionListener@1c852c0f, org.springframework.boot.test.mock.mockito.ResetMocksTestExecutionListener@a37aefe, org.springframework.boot.test.autoconfigure.restdocs.RestDocsTestExecutionListener@5d99c6b5, org.springframework.boot.test.autoconfigure.web.client.MockRestServiceServerResetTestExecutionListener@266374ef, org.springframework.boot.test.autoconfigure.web.servlet.MockMvcPrintOnlyOnFailureTestExecutionListener@13b3d178, org.springframework.boot.test.autoconfigure.web.servlet.WebDriverTestExecutionListener@24c4ddae]
2020-06-10 10:03:44.068 [main] INFO  com.nine.one.yuedu.read.ApplicationTests - Starting ApplicationTests on 192.168.0.104 with PID 45409 (started by wangyuliang in /Users/wangyuliang/ideaProjects/91yuedu-read)
2020-06-10 10:03:44.068 [main] INFO  com.nine.one.yuedu.read.ApplicationTests - The following profiles are active: test
2020-06-10 10:03:44.798 [main] INFO  o.s.d.r.config.RepositoryConfigurationDelegate - Multiple Spring Data modules found, entering strict repository configuration mode!
2020-06-10 10:03:44.800 [main] INFO  o.s.d.r.config.RepositoryConfigurationDelegate - Bootstrapping Spring Data Redis repositories in DEFAULT mode.
2020-06-10 10:03:44.831 [main] INFO  o.s.d.r.config.RepositoryConfigurationDelegate - Finished Spring Data repository scanning in 20ms. Found 0 Redis repository interfaces.
2020-06-10 10:03:45.489 [main] INFO  c.a.d.s.b.a.DruidDataSourceAutoConfigure - Init DruidDataSource
2020-06-10 10:03:45.926 [main] INFO  com.alibaba.druid.pool.DruidDataSource - {dataSource-1} inited
2020-06-10 10:03:47.629 [main] INFO  s.d.s.w.PropertySourcedRequestMappingHandlerMapping - Mapped URL path [/v2/api-docs] onto method [springfox.documentation.swagger2.web.Swagger2Controller#getDocumentation(String, HttpServletRequest)]
2020-06-10 10:03:47.711 [main] INFO  o.s.b.a.s.s.UserDetailsServiceAutoConfiguration - 

Using generated security password: 578bf9be-11b5-41d3-89e4-dd4d773cf951

2020-06-10 10:03:47.844 [main] INFO  o.s.security.web.DefaultSecurityFilterChain - Creating filter chain: any request, [org.springframework.security.web.context.request.async.WebAsyncManagerIntegrationFilter@7ef8e623, org.springframework.security.web.context.SecurityContextPersistenceFilter@4aa3fc9a, org.springframework.security.web.header.HeaderWriterFilter@4d0e1a9a, org.springframework.security.web.authentication.logout.LogoutFilter@3f3c8b60, org.springframework.security.web.savedrequest.RequestCacheAwareFilter@634aa81e, org.springframework.security.web.servletapi.SecurityContextHolderAwareRequestFilter@2c8ff67, org.springframework.security.web.authentication.AnonymousAuthenticationFilter@3d8d970e, org.springframework.security.web.session.SessionManagementFilter@59ec7020, org.springframework.security.web.access.ExceptionTranslationFilter@69eb544f, org.springframework.security.web.access.intercept.FilterSecurityInterceptor@464ede1f]
2020-06-10 10:03:48.210 [main] INFO  o.s.scheduling.concurrent.ThreadPoolTaskExecutor - Initializing ExecutorService 'applicationTaskExecutor'
2020-06-10 10:03:48.985 [main] INFO  s.d.s.web.plugins.DocumentationPluginsBootstrapper - Context refreshed
2020-06-10 10:03:49.012 [main] INFO  s.d.s.web.plugins.DocumentationPluginsBootstrapper - Found 1 custom documentation plugin(s)
2020-06-10 10:03:49.049 [main] INFO  s.d.spring.web.scanners.ApiListingReferenceScanner - Scanning for api listing references
2020-06-10 10:03:49.281 [main] INFO  s.d.s.w.r.operation.CachingOperationNameGenerator - Generating unique operation named: uploadHeadUsingPOST_1
2020-06-10 10:03:49.366 [main] INFO  s.d.s.w.r.operation.CachingOperationNameGenerator - Generating unique operation named: findByIdUsingGET_1
2020-06-10 10:03:49.372 [main] INFO  s.d.s.w.r.operation.CachingOperationNameGenerator - Generating unique operation named: uploadHeadUsingPOST_2
2020-06-10 10:03:49.375 [main] INFO  s.d.s.w.r.operation.CachingOperationNameGenerator - Generating unique operation named: getBookUsingGET_1
2020-06-10 10:03:49.376 [main] INFO  s.d.s.w.r.operation.CachingOperationNameGenerator - Generating unique operation named: getChapterUsingGET_1
2020-06-10 10:03:49.395 [main] INFO  com.nine.one.yuedu.read.ApplicationTests - Started ApplicationTests in 5.544 seconds (JVM running for 6.359)
2020-06-10 10:03:49.606 [SpringContextShutdownHook] INFO  o.s.scheduling.concurrent.ThreadPoolTaskExecutor - Shutting down ExecutorService 'applicationTaskExecutor'
2020-06-10 10:03:49.617 [SpringContextShutdownHook] INFO  com.alibaba.druid.pool.DruidDataSource - {dataSource-1} closed
2020-06-10 10:47:44.081 [main] INFO  o.s.b.t.context.SpringBootTestContextBootstrapper - Neither @ContextConfiguration nor @ContextHierarchy found for test class [com.nine.one.yuedu.read.ApplicationTests], using SpringBootContextLoader
2020-06-10 10:47:44.088 [main] INFO  o.s.test.context.support.AbstractContextLoader - Could not detect default resource locations for test class [com.nine.one.yuedu.read.ApplicationTests]: no resource found for suffixes {-context.xml, Context.groovy}.
2020-06-10 10:47:44.089 [main] INFO  o.s.t.c.support.AnnotationConfigContextLoaderUtils - Could not detect default configuration classes for test class [com.nine.one.yuedu.read.ApplicationTests]: ApplicationTests does not declare any static, non-private, non-final, nested classes annotated with @Configuration.
2020-06-10 10:47:44.187 [main] INFO  o.s.b.t.context.SpringBootTestContextBootstrapper - Found @SpringBootConfiguration com.nine.one.yuedu.read.NineOneYueDuApplication for test class com.nine.one.yuedu.read.ApplicationTests
2020-06-10 10:47:44.266 [main] INFO  o.s.b.t.context.SpringBootTestContextBootstrapper - Loaded default TestExecutionListener class names from location [META-INF/spring.factories]: [org.springframework.boot.test.mock.mockito.MockitoTestExecutionListener, org.springframework.boot.test.mock.mockito.ResetMocksTestExecutionListener, org.springframework.boot.test.autoconfigure.restdocs.RestDocsTestExecutionListener, org.springframework.boot.test.autoconfigure.web.client.MockRestServiceServerResetTestExecutionListener, org.springframework.boot.test.autoconfigure.web.servlet.MockMvcPrintOnlyOnFailureTestExecutionListener, org.springframework.boot.test.autoconfigure.web.servlet.WebDriverTestExecutionListener, org.springframework.test.context.web.ServletTestExecutionListener, org.springframework.test.context.support.DirtiesContextBeforeModesTestExecutionListener, org.springframework.test.context.support.DependencyInjectionTestExecutionListener, org.springframework.test.context.support.DirtiesContextTestExecutionListener, org.springframework.test.context.transaction.TransactionalTestExecutionListener, org.springframework.test.context.jdbc.SqlScriptsTestExecutionListener, org.springframework.test.context.event.EventPublishingTestExecutionListener]
2020-06-10 10:47:44.279 [main] INFO  o.s.b.t.context.SpringBootTestContextBootstrapper - Using TestExecutionListeners: [org.springframework.test.context.web.ServletTestExecutionListener@5d43661b, org.springframework.test.context.support.DirtiesContextBeforeModesTestExecutionListener@12299890, org.springframework.boot.test.mock.mockito.MockitoTestExecutionListener@2fba3fc4, org.springframework.boot.test.autoconfigure.SpringBootDependencyInjectionTestExecutionListener@4bf48f6, org.springframework.test.context.support.DirtiesContextTestExecutionListener@420a85c4, org.springframework.test.context.transaction.TransactionalTestExecutionListener@1c39680d, org.springframework.test.context.jdbc.SqlScriptsTestExecutionListener@62833051, org.springframework.test.context.event.EventPublishingTestExecutionListener@1c852c0f, org.springframework.boot.test.mock.mockito.ResetMocksTestExecutionListener@a37aefe, org.springframework.boot.test.autoconfigure.restdocs.RestDocsTestExecutionListener@5d99c6b5, org.springframework.boot.test.autoconfigure.web.client.MockRestServiceServerResetTestExecutionListener@266374ef, org.springframework.boot.test.autoconfigure.web.servlet.MockMvcPrintOnlyOnFailureTestExecutionListener@13b3d178, org.springframework.boot.test.autoconfigure.web.servlet.WebDriverTestExecutionListener@24c4ddae]
2020-06-10 10:47:44.530 [main] INFO  com.nine.one.yuedu.read.ApplicationTests - Starting ApplicationTests on 192.168.0.104 with PID 45953 (started by wangyuliang in /Users/wangyuliang/ideaProjects/91yuedu-read)
2020-06-10 10:47:44.531 [main] INFO  com.nine.one.yuedu.read.ApplicationTests - The following profiles are active: test
2020-06-10 10:47:45.273 [main] INFO  o.s.d.r.config.RepositoryConfigurationDelegate - Multiple Spring Data modules found, entering strict repository configuration mode!
2020-06-10 10:47:45.275 [main] INFO  o.s.d.r.config.RepositoryConfigurationDelegate - Bootstrapping Spring Data Redis repositories in DEFAULT mode.
2020-06-10 10:47:45.306 [main] INFO  o.s.d.r.config.RepositoryConfigurationDelegate - Finished Spring Data repository scanning in 20ms. Found 0 Redis repository interfaces.
2020-06-10 10:47:45.994 [main] INFO  c.a.d.s.b.a.DruidDataSourceAutoConfigure - Init DruidDataSource
2020-06-10 10:47:48.657 [main] INFO  com.alibaba.druid.pool.DruidDataSource - {dataSource-1} inited
2020-06-10 10:47:55.207 [main] INFO  s.d.s.w.PropertySourcedRequestMappingHandlerMapping - Mapped URL path [/v2/api-docs] onto method [springfox.documentation.swagger2.web.Swagger2Controller#getDocumentation(String, HttpServletRequest)]
2020-06-10 10:47:55.277 [main] INFO  o.s.b.a.s.s.UserDetailsServiceAutoConfiguration - 

Using generated security password: d92d7c4f-580d-4d2a-bd2a-0de300019512

2020-06-10 10:47:55.402 [main] INFO  o.s.security.web.DefaultSecurityFilterChain - Creating filter chain: any request, [org.springframework.security.web.context.request.async.WebAsyncManagerIntegrationFilter@7d3bf8db, org.springframework.security.web.context.SecurityContextPersistenceFilter@7cb29ea8, org.springframework.security.web.header.HeaderWriterFilter@2fba0dac, org.springframework.security.web.authentication.logout.LogoutFilter@19105a87, org.springframework.security.web.savedrequest.RequestCacheAwareFilter@7e747037, org.springframework.security.web.servletapi.SecurityContextHolderAwareRequestFilter@5c5a91b4, org.springframework.security.web.authentication.AnonymousAuthenticationFilter@49e7e8f1, org.springframework.security.web.session.SessionManagementFilter@66234b0f, org.springframework.security.web.access.ExceptionTranslationFilter@496cedbb, org.springframework.security.web.access.intercept.FilterSecurityInterceptor@3a5e2525]
2020-06-10 10:47:55.741 [main] INFO  o.s.scheduling.concurrent.ThreadPoolTaskExecutor - Initializing ExecutorService 'applicationTaskExecutor'
2020-06-10 10:47:56.573 [main] INFO  s.d.s.web.plugins.DocumentationPluginsBootstrapper - Context refreshed
2020-06-10 10:47:56.598 [main] INFO  s.d.s.web.plugins.DocumentationPluginsBootstrapper - Found 1 custom documentation plugin(s)
2020-06-10 10:47:56.635 [main] INFO  s.d.spring.web.scanners.ApiListingReferenceScanner - Scanning for api listing references
2020-06-10 10:47:56.846 [main] INFO  s.d.s.w.r.operation.CachingOperationNameGenerator - Generating unique operation named: uploadHeadUsingPOST_1
2020-06-10 10:47:56.925 [main] INFO  s.d.s.w.r.operation.CachingOperationNameGenerator - Generating unique operation named: findByIdUsingGET_1
2020-06-10 10:47:56.932 [main] INFO  s.d.s.w.r.operation.CachingOperationNameGenerator - Generating unique operation named: uploadHeadUsingPOST_2
2020-06-10 10:47:56.936 [main] INFO  s.d.s.w.r.operation.CachingOperationNameGenerator - Generating unique operation named: getBookUsingGET_1
2020-06-10 10:47:56.937 [main] INFO  s.d.s.w.r.operation.CachingOperationNameGenerator - Generating unique operation named: getChapterUsingGET_1
2020-06-10 10:47:56.956 [main] INFO  com.nine.one.yuedu.read.ApplicationTests - Started ApplicationTests in 12.651 seconds (JVM running for 13.477)
2020-06-10 10:47:57.180 [SpringContextShutdownHook] INFO  o.s.scheduling.concurrent.ThreadPoolTaskExecutor - Shutting down ExecutorService 'applicationTaskExecutor'
2020-06-10 10:47:57.190 [SpringContextShutdownHook] INFO  com.alibaba.druid.pool.DruidDataSource - {dataSource-1} closed
2020-06-10 10:55:10.827 [main] INFO  o.s.b.t.context.SpringBootTestContextBootstrapper - Neither @ContextConfiguration nor @ContextHierarchy found for test class [com.nine.one.yuedu.read.ApplicationTests], using SpringBootContextLoader
2020-06-10 10:55:10.834 [main] INFO  o.s.test.context.support.AbstractContextLoader - Could not detect default resource locations for test class [com.nine.one.yuedu.read.ApplicationTests]: no resource found for suffixes {-context.xml, Context.groovy}.
2020-06-10 10:55:10.835 [main] INFO  o.s.t.c.support.AnnotationConfigContextLoaderUtils - Could not detect default configuration classes for test class [com.nine.one.yuedu.read.ApplicationTests]: ApplicationTests does not declare any static, non-private, non-final, nested classes annotated with @Configuration.
2020-06-10 10:55:10.953 [main] INFO  o.s.b.t.context.SpringBootTestContextBootstrapper - Found @SpringBootConfiguration com.nine.one.yuedu.read.NineOneYueDuApplication for test class com.nine.one.yuedu.read.ApplicationTests
2020-06-10 10:55:11.058 [main] INFO  o.s.b.t.context.SpringBootTestContextBootstrapper - Loaded default TestExecutionListener class names from location [META-INF/spring.factories]: [org.springframework.boot.test.mock.mockito.MockitoTestExecutionListener, org.springframework.boot.test.mock.mockito.ResetMocksTestExecutionListener, org.springframework.boot.test.autoconfigure.restdocs.RestDocsTestExecutionListener, org.springframework.boot.test.autoconfigure.web.client.MockRestServiceServerResetTestExecutionListener, org.springframework.boot.test.autoconfigure.web.servlet.MockMvcPrintOnlyOnFailureTestExecutionListener, org.springframework.boot.test.autoconfigure.web.servlet.WebDriverTestExecutionListener, org.springframework.test.context.web.ServletTestExecutionListener, org.springframework.test.context.support.DirtiesContextBeforeModesTestExecutionListener, org.springframework.test.context.support.DependencyInjectionTestExecutionListener, org.springframework.test.context.support.DirtiesContextTestExecutionListener, org.springframework.test.context.transaction.TransactionalTestExecutionListener, org.springframework.test.context.jdbc.SqlScriptsTestExecutionListener, org.springframework.test.context.event.EventPublishingTestExecutionListener]
2020-06-10 10:55:11.072 [main] INFO  o.s.b.t.context.SpringBootTestContextBootstrapper - Using TestExecutionListeners: [org.springframework.test.context.web.ServletTestExecutionListener@266374ef, org.springframework.test.context.support.DirtiesContextBeforeModesTestExecutionListener@13b3d178, org.springframework.boot.test.mock.mockito.MockitoTestExecutionListener@24c4ddae, org.springframework.boot.test.autoconfigure.SpringBootDependencyInjectionTestExecutionListener@37fb0bed, org.springframework.test.context.support.DirtiesContextTestExecutionListener@a82c5f1, org.springframework.test.context.transaction.TransactionalTestExecutionListener@7b7fdc8, org.springframework.test.context.jdbc.SqlScriptsTestExecutionListener@51c693d, org.springframework.test.context.event.EventPublishingTestExecutionListener@6a57ae10, org.springframework.boot.test.mock.mockito.ResetMocksTestExecutionListener@766653e6, org.springframework.boot.test.autoconfigure.restdocs.RestDocsTestExecutionListener@4e07b95f, org.springframework.boot.test.autoconfigure.web.client.MockRestServiceServerResetTestExecutionListener@28b46423, org.springframework.boot.test.autoconfigure.web.servlet.MockMvcPrintOnlyOnFailureTestExecutionListener@7fc4780b, org.springframework.boot.test.autoconfigure.web.servlet.WebDriverTestExecutionListener@3b79fd76]
2020-06-10 10:55:11.342 [main] INFO  com.nine.one.yuedu.read.ApplicationTests - Starting ApplicationTests on 192.168.0.104 with PID 46075 (started by wangyuliang in /Users/wangyuliang/ideaProjects/91yuedu-read)
2020-06-10 10:55:11.342 [main] INFO  com.nine.one.yuedu.read.ApplicationTests - The following profiles are active: test
2020-06-10 10:55:12.092 [main] INFO  o.s.d.r.config.RepositoryConfigurationDelegate - Multiple Spring Data modules found, entering strict repository configuration mode!
2020-06-10 10:55:12.094 [main] INFO  o.s.d.r.config.RepositoryConfigurationDelegate - Bootstrapping Spring Data Redis repositories in DEFAULT mode.
2020-06-10 10:55:12.125 [main] INFO  o.s.d.r.config.RepositoryConfigurationDelegate - Finished Spring Data repository scanning in 19ms. Found 0 Redis repository interfaces.
2020-06-10 10:55:12.809 [main] INFO  c.a.d.s.b.a.DruidDataSourceAutoConfigure - Init DruidDataSource
2020-06-10 10:55:15.628 [main] INFO  com.alibaba.druid.pool.DruidDataSource - {dataSource-1} inited
2020-06-10 10:55:23.223 [main] INFO  s.d.s.w.PropertySourcedRequestMappingHandlerMapping - Mapped URL path [/v2/api-docs] onto method [springfox.documentation.swagger2.web.Swagger2Controller#getDocumentation(String, HttpServletRequest)]
2020-06-10 10:55:23.323 [main] INFO  o.s.b.a.s.s.UserDetailsServiceAutoConfiguration - 

Using generated security password: f59e17d3-920c-4df4-94cc-a8a53373965a

2020-06-10 10:55:23.469 [main] INFO  o.s.security.web.DefaultSecurityFilterChain - Creating filter chain: any request, [org.springframework.security.web.context.request.async.WebAsyncManagerIntegrationFilter@68d6f48e, org.springframework.security.web.context.SecurityContextPersistenceFilter@77ccded4, org.springframework.security.web.header.HeaderWriterFilter@4aa3fc9a, org.springframework.security.web.authentication.logout.LogoutFilter@38089dae, org.springframework.security.web.savedrequest.RequestCacheAwareFilter@21be14c2, org.springframework.security.web.servletapi.SecurityContextHolderAwareRequestFilter@22b82ddf, org.springframework.security.web.authentication.AnonymousAuthenticationFilter@6c96403e, org.springframework.security.web.session.SessionManagementFilter@750cd36d, org.springframework.security.web.access.ExceptionTranslationFilter@5e37fb82, org.springframework.security.web.access.intercept.FilterSecurityInterceptor@7ef8e623]
2020-06-10 10:55:23.814 [main] INFO  o.s.scheduling.concurrent.ThreadPoolTaskExecutor - Initializing ExecutorService 'applicationTaskExecutor'
2020-06-10 10:55:24.617 [main] INFO  s.d.s.web.plugins.DocumentationPluginsBootstrapper - Context refreshed
2020-06-10 10:55:24.641 [main] INFO  s.d.s.web.plugins.DocumentationPluginsBootstrapper - Found 1 custom documentation plugin(s)
2020-06-10 10:55:24.674 [main] INFO  s.d.spring.web.scanners.ApiListingReferenceScanner - Scanning for api listing references
2020-06-10 10:55:24.883 [main] INFO  s.d.s.w.r.operation.CachingOperationNameGenerator - Generating unique operation named: uploadHeadUsingPOST_1
2020-06-10 10:55:24.946 [main] INFO  s.d.s.w.r.operation.CachingOperationNameGenerator - Generating unique operation named: findByIdUsingGET_1
2020-06-10 10:55:24.952 [main] INFO  s.d.s.w.r.operation.CachingOperationNameGenerator - Generating unique operation named: uploadHeadUsingPOST_2
2020-06-10 10:55:24.955 [main] INFO  s.d.s.w.r.operation.CachingOperationNameGenerator - Generating unique operation named: getBookUsingGET_1
2020-06-10 10:55:24.956 [main] INFO  s.d.s.w.r.operation.CachingOperationNameGenerator - Generating unique operation named: getChapterUsingGET_1
2020-06-10 10:55:24.973 [main] INFO  com.nine.one.yuedu.read.ApplicationTests - Started ApplicationTests in 13.867 seconds (JVM running for 14.814)
2020-06-10 10:55:25.148 [SpringContextShutdownHook] INFO  o.s.scheduling.concurrent.ThreadPoolTaskExecutor - Shutting down ExecutorService 'applicationTaskExecutor'
2020-06-10 10:55:25.159 [SpringContextShutdownHook] INFO  com.alibaba.druid.pool.DruidDataSource - {dataSource-1} closed
2020-06-10 11:00:01.986 [main] INFO  o.s.b.t.context.SpringBootTestContextBootstrapper - Neither @ContextConfiguration nor @ContextHierarchy found for test class [com.nine.one.yuedu.read.ApplicationTests], using SpringBootContextLoader
2020-06-10 11:00:01.992 [main] INFO  o.s.test.context.support.AbstractContextLoader - Could not detect default resource locations for test class [com.nine.one.yuedu.read.ApplicationTests]: no resource found for suffixes {-context.xml, Context.groovy}.
2020-06-10 11:00:01.993 [main] INFO  o.s.t.c.support.AnnotationConfigContextLoaderUtils - Could not detect default configuration classes for test class [com.nine.one.yuedu.read.ApplicationTests]: ApplicationTests does not declare any static, non-private, non-final, nested classes annotated with @Configuration.
2020-06-10 11:00:02.087 [main] INFO  o.s.b.t.context.SpringBootTestContextBootstrapper - Found @SpringBootConfiguration com.nine.one.yuedu.read.NineOneYueDuApplication for test class com.nine.one.yuedu.read.ApplicationTests
2020-06-10 11:00:02.170 [main] INFO  o.s.b.t.context.SpringBootTestContextBootstrapper - Loaded default TestExecutionListener class names from location [META-INF/spring.factories]: [org.springframework.boot.test.mock.mockito.MockitoTestExecutionListener, org.springframework.boot.test.mock.mockito.ResetMocksTestExecutionListener, org.springframework.boot.test.autoconfigure.restdocs.RestDocsTestExecutionListener, org.springframework.boot.test.autoconfigure.web.client.MockRestServiceServerResetTestExecutionListener, org.springframework.boot.test.autoconfigure.web.servlet.MockMvcPrintOnlyOnFailureTestExecutionListener, org.springframework.boot.test.autoconfigure.web.servlet.WebDriverTestExecutionListener, org.springframework.test.context.web.ServletTestExecutionListener, org.springframework.test.context.support.DirtiesContextBeforeModesTestExecutionListener, org.springframework.test.context.support.DependencyInjectionTestExecutionListener, org.springframework.test.context.support.DirtiesContextTestExecutionListener, org.springframework.test.context.transaction.TransactionalTestExecutionListener, org.springframework.test.context.jdbc.SqlScriptsTestExecutionListener, org.springframework.test.context.event.EventPublishingTestExecutionListener]
2020-06-10 11:00:02.181 [main] INFO  o.s.b.t.context.SpringBootTestContextBootstrapper - Using TestExecutionListeners: [org.springframework.test.context.web.ServletTestExecutionListener@12299890, org.springframework.test.context.support.DirtiesContextBeforeModesTestExecutionListener@2fba3fc4, org.springframework.boot.test.mock.mockito.MockitoTestExecutionListener@4bf48f6, org.springframework.boot.test.autoconfigure.SpringBootDependencyInjectionTestExecutionListener@420a85c4, org.springframework.test.context.support.DirtiesContextTestExecutionListener@1c39680d, org.springframework.test.context.transaction.TransactionalTestExecutionListener@62833051, org.springframework.test.context.jdbc.SqlScriptsTestExecutionListener@1c852c0f, org.springframework.test.context.event.EventPublishingTestExecutionListener@a37aefe, org.springframework.boot.test.mock.mockito.ResetMocksTestExecutionListener@5d99c6b5, org.springframework.boot.test.autoconfigure.restdocs.RestDocsTestExecutionListener@266374ef, org.springframework.boot.test.autoconfigure.web.client.MockRestServiceServerResetTestExecutionListener@13b3d178, org.springframework.boot.test.autoconfigure.web.servlet.MockMvcPrintOnlyOnFailureTestExecutionListener@24c4ddae, org.springframework.boot.test.autoconfigure.web.servlet.WebDriverTestExecutionListener@37fb0bed]
2020-06-10 11:00:02.424 [main] INFO  com.nine.one.yuedu.read.ApplicationTests - Starting ApplicationTests on 192.168.0.104 with PID 46157 (started by wangyuliang in /Users/wangyuliang/ideaProjects/91yuedu-read)
2020-06-10 11:00:02.425 [main] INFO  com.nine.one.yuedu.read.ApplicationTests - The following profiles are active: test
2020-06-10 11:00:03.106 [main] INFO  o.s.d.r.config.RepositoryConfigurationDelegate - Multiple Spring Data modules found, entering strict repository configuration mode!
2020-06-10 11:00:03.108 [main] INFO  o.s.d.r.config.RepositoryConfigurationDelegate - Bootstrapping Spring Data Redis repositories in DEFAULT mode.
2020-06-10 11:00:03.138 [main] INFO  o.s.d.r.config.RepositoryConfigurationDelegate - Finished Spring Data repository scanning in 19ms. Found 0 Redis repository interfaces.
2020-06-10 11:00:03.786 [main] INFO  c.a.d.s.b.a.DruidDataSourceAutoConfigure - Init DruidDataSource
2020-06-10 11:00:06.270 [main] INFO  com.alibaba.druid.pool.DruidDataSource - {dataSource-1} inited
2020-06-10 11:00:13.231 [main] INFO  s.d.s.w.PropertySourcedRequestMappingHandlerMapping - Mapped URL path [/v2/api-docs] onto method [springfox.documentation.swagger2.web.Swagger2Controller#getDocumentation(String, HttpServletRequest)]
2020-06-10 11:00:13.373 [main] INFO  o.s.b.a.s.s.UserDetailsServiceAutoConfiguration - 

Using generated security password: 00cba29e-ba37-4d6c-b202-c5c06d007795

2020-06-10 11:00:13.543 [main] INFO  o.s.security.web.DefaultSecurityFilterChain - Creating filter chain: any request, [org.springframework.security.web.context.request.async.WebAsyncManagerIntegrationFilter@3d8d970e, org.springframework.security.web.context.SecurityContextPersistenceFilter@70f4f89e, org.springframework.security.web.header.HeaderWriterFilter@25218a4d, org.springframework.security.web.authentication.logout.LogoutFilter@16bbaab3, org.springframework.security.web.savedrequest.RequestCacheAwareFilter@74b1838, org.springframework.security.web.servletapi.SecurityContextHolderAwareRequestFilter@21733cbe, org.springframework.security.web.authentication.AnonymousAuthenticationFilter@2fac80a8, org.springframework.security.web.session.SessionManagementFilter@23f60b7d, org.springframework.security.web.access.ExceptionTranslationFilter@7cb29ea8, org.springframework.security.web.access.intercept.FilterSecurityInterceptor@64910b2d]
2020-06-10 11:00:13.897 [main] INFO  o.s.scheduling.concurrent.ThreadPoolTaskExecutor - Initializing ExecutorService 'applicationTaskExecutor'
2020-06-10 11:00:14.648 [main] INFO  s.d.s.web.plugins.DocumentationPluginsBootstrapper - Context refreshed
2020-06-10 11:00:14.672 [main] INFO  s.d.s.web.plugins.DocumentationPluginsBootstrapper - Found 1 custom documentation plugin(s)
2020-06-10 11:00:14.707 [main] INFO  s.d.spring.web.scanners.ApiListingReferenceScanner - Scanning for api listing references
2020-06-10 11:00:14.917 [main] INFO  s.d.s.w.r.operation.CachingOperationNameGenerator - Generating unique operation named: uploadHeadUsingPOST_1
2020-06-10 11:00:14.986 [main] INFO  s.d.s.w.r.operation.CachingOperationNameGenerator - Generating unique operation named: findByIdUsingGET_1
2020-06-10 11:00:14.992 [main] INFO  s.d.s.w.r.operation.CachingOperationNameGenerator - Generating unique operation named: uploadHeadUsingPOST_2
2020-06-10 11:00:14.996 [main] INFO  s.d.s.w.r.operation.CachingOperationNameGenerator - Generating unique operation named: getBookUsingGET_1
2020-06-10 11:00:14.997 [main] INFO  s.d.s.w.r.operation.CachingOperationNameGenerator - Generating unique operation named: getChapterUsingGET_1
2020-06-10 11:00:15.015 [main] INFO  com.nine.one.yuedu.read.ApplicationTests - Started ApplicationTests in 12.808 seconds (JVM running for 13.592)
2020-06-10 11:00:15.219 [SpringContextShutdownHook] INFO  o.s.scheduling.concurrent.ThreadPoolTaskExecutor - Shutting down ExecutorService 'applicationTaskExecutor'
2020-06-10 11:00:15.229 [SpringContextShutdownHook] INFO  com.alibaba.druid.pool.DruidDataSource - {dataSource-1} closed
2020-06-10 11:48:06.012 [main] INFO  o.s.b.t.context.SpringBootTestContextBootstrapper - Neither @ContextConfiguration nor @ContextHierarchy found for test class [com.nine.one.yuedu.read.ApplicationTests], using SpringBootContextLoader
2020-06-10 11:48:06.019 [main] INFO  o.s.test.context.support.AbstractContextLoader - Could not detect default resource locations for test class [com.nine.one.yuedu.read.ApplicationTests]: no resource found for suffixes {-context.xml, Context.groovy}.
2020-06-10 11:48:06.020 [main] INFO  o.s.t.c.support.AnnotationConfigContextLoaderUtils - Could not detect default configuration classes for test class [com.nine.one.yuedu.read.ApplicationTests]: ApplicationTests does not declare any static, non-private, non-final, nested classes annotated with @Configuration.
2020-06-10 11:48:06.108 [main] INFO  o.s.b.t.context.SpringBootTestContextBootstrapper - Found @SpringBootConfiguration com.nine.one.yuedu.read.NineOneYueDuApplication for test class com.nine.one.yuedu.read.ApplicationTests
2020-06-10 11:48:06.183 [main] INFO  o.s.b.t.context.SpringBootTestContextBootstrapper - Loaded default TestExecutionListener class names from location [META-INF/spring.factories]: [org.springframework.boot.test.mock.mockito.MockitoTestExecutionListener, org.springframework.boot.test.mock.mockito.ResetMocksTestExecutionListener, org.springframework.boot.test.autoconfigure.restdocs.RestDocsTestExecutionListener, org.springframework.boot.test.autoconfigure.web.client.MockRestServiceServerResetTestExecutionListener, org.springframework.boot.test.autoconfigure.web.servlet.MockMvcPrintOnlyOnFailureTestExecutionListener, org.springframework.boot.test.autoconfigure.web.servlet.WebDriverTestExecutionListener, org.springframework.test.context.web.ServletTestExecutionListener, org.springframework.test.context.support.DirtiesContextBeforeModesTestExecutionListener, org.springframework.test.context.support.DependencyInjectionTestExecutionListener, org.springframework.test.context.support.DirtiesContextTestExecutionListener, org.springframework.test.context.transaction.TransactionalTestExecutionListener, org.springframework.test.context.jdbc.SqlScriptsTestExecutionListener, org.springframework.test.context.event.EventPublishingTestExecutionListener]
2020-06-10 11:48:06.195 [main] INFO  o.s.b.t.context.SpringBootTestContextBootstrapper - Using TestExecutionListeners: [org.springframework.test.context.web.ServletTestExecutionListener@5d43661b, org.springframework.test.context.support.DirtiesContextBeforeModesTestExecutionListener@12299890, org.springframework.boot.test.mock.mockito.MockitoTestExecutionListener@2fba3fc4, org.springframework.boot.test.autoconfigure.SpringBootDependencyInjectionTestExecutionListener@4bf48f6, org.springframework.test.context.support.DirtiesContextTestExecutionListener@420a85c4, org.springframework.test.context.transaction.TransactionalTestExecutionListener@1c39680d, org.springframework.test.context.jdbc.SqlScriptsTestExecutionListener@62833051, org.springframework.test.context.event.EventPublishingTestExecutionListener@1c852c0f, org.springframework.boot.test.mock.mockito.ResetMocksTestExecutionListener@a37aefe, org.springframework.boot.test.autoconfigure.restdocs.RestDocsTestExecutionListener@5d99c6b5, org.springframework.boot.test.autoconfigure.web.client.MockRestServiceServerResetTestExecutionListener@266374ef, org.springframework.boot.test.autoconfigure.web.servlet.MockMvcPrintOnlyOnFailureTestExecutionListener@13b3d178, org.springframework.boot.test.autoconfigure.web.servlet.WebDriverTestExecutionListener@24c4ddae]
2020-06-10 11:48:06.427 [main] INFO  com.nine.one.yuedu.read.ApplicationTests - Starting ApplicationTests on 192.168.0.104 with PID 46734 (started by wangyuliang in /Users/wangyuliang/ideaProjects/91yuedu-read)
2020-06-10 11:48:06.428 [main] INFO  com.nine.one.yuedu.read.ApplicationTests - The following profiles are active: test
2020-06-10 11:48:07.104 [main] INFO  o.s.d.r.config.RepositoryConfigurationDelegate - Multiple Spring Data modules found, entering strict repository configuration mode!
2020-06-10 11:48:07.106 [main] INFO  o.s.d.r.config.RepositoryConfigurationDelegate - Bootstrapping Spring Data Redis repositories in DEFAULT mode.
2020-06-10 11:48:07.135 [main] INFO  o.s.d.r.config.RepositoryConfigurationDelegate - Finished Spring Data repository scanning in 18ms. Found 0 Redis repository interfaces.
2020-06-10 11:48:07.803 [main] INFO  c.a.d.s.b.a.DruidDataSourceAutoConfigure - Init DruidDataSource
2020-06-10 11:48:10.650 [main] INFO  com.alibaba.druid.pool.DruidDataSource - {dataSource-1} inited
2020-06-10 11:48:17.180 [main] INFO  s.d.s.w.PropertySourcedRequestMappingHandlerMapping - Mapped URL path [/v2/api-docs] onto method [springfox.documentation.swagger2.web.Swagger2Controller#getDocumentation(String, HttpServletRequest)]
2020-06-10 11:48:17.248 [main] INFO  o.s.b.a.s.s.UserDetailsServiceAutoConfiguration - 

Using generated security password: 0209bc7b-de60-46ce-ac81-48dee67dfb08

2020-06-10 11:48:17.364 [main] INFO  o.s.security.web.DefaultSecurityFilterChain - Creating filter chain: any request, [org.springframework.security.web.context.request.async.WebAsyncManagerIntegrationFilter@7ef8e623, org.springframework.security.web.context.SecurityContextPersistenceFilter@4aa3fc9a, org.springframework.security.web.header.HeaderWriterFilter@4d0e1a9a, org.springframework.security.web.authentication.logout.LogoutFilter@3f3c8b60, org.springframework.security.web.savedrequest.RequestCacheAwareFilter@634aa81e, org.springframework.security.web.servletapi.SecurityContextHolderAwareRequestFilter@2c8ff67, org.springframework.security.web.authentication.AnonymousAuthenticationFilter@3d8d970e, org.springframework.security.web.session.SessionManagementFilter@59ec7020, org.springframework.security.web.access.ExceptionTranslationFilter@69eb544f, org.springframework.security.web.access.intercept.FilterSecurityInterceptor@464ede1f]
2020-06-10 11:48:17.668 [main] INFO  o.s.scheduling.concurrent.ThreadPoolTaskExecutor - Initializing ExecutorService 'applicationTaskExecutor'
2020-06-10 11:48:18.431 [main] INFO  s.d.s.web.plugins.DocumentationPluginsBootstrapper - Context refreshed
2020-06-10 11:48:18.453 [main] INFO  s.d.s.web.plugins.DocumentationPluginsBootstrapper - Found 1 custom documentation plugin(s)
2020-06-10 11:48:18.488 [main] INFO  s.d.spring.web.scanners.ApiListingReferenceScanner - Scanning for api listing references
2020-06-10 11:48:18.685 [main] INFO  s.d.s.w.r.operation.CachingOperationNameGenerator - Generating unique operation named: uploadHeadUsingPOST_1
2020-06-10 11:48:18.761 [main] INFO  s.d.s.w.r.operation.CachingOperationNameGenerator - Generating unique operation named: findByIdUsingGET_1
2020-06-10 11:48:18.768 [main] INFO  s.d.s.w.r.operation.CachingOperationNameGenerator - Generating unique operation named: uploadHeadUsingPOST_2
2020-06-10 11:48:18.772 [main] INFO  s.d.s.w.r.operation.CachingOperationNameGenerator - Generating unique operation named: getBookUsingGET_1
2020-06-10 11:48:18.773 [main] INFO  s.d.s.w.r.operation.CachingOperationNameGenerator - Generating unique operation named: getChapterUsingGET_1
2020-06-10 11:48:18.792 [main] INFO  com.nine.one.yuedu.read.ApplicationTests - Started ApplicationTests in 12.572 seconds (JVM running for 13.334)
2020-06-10 11:48:18.991 [SpringContextShutdownHook] INFO  o.s.scheduling.concurrent.ThreadPoolTaskExecutor - Shutting down ExecutorService 'applicationTaskExecutor'
2020-06-10 11:48:19.000 [SpringContextShutdownHook] INFO  com.alibaba.druid.pool.DruidDataSource - {dataSource-1} closed
2020-06-10 11:57:28.742 [main] INFO  o.s.b.t.context.SpringBootTestContextBootstrapper - Neither @ContextConfiguration nor @ContextHierarchy found for test class [com.nine.one.yuedu.read.ApplicationTests], using SpringBootContextLoader
2020-06-10 11:57:28.748 [main] INFO  o.s.test.context.support.AbstractContextLoader - Could not detect default resource locations for test class [com.nine.one.yuedu.read.ApplicationTests]: no resource found for suffixes {-context.xml, Context.groovy}.
2020-06-10 11:57:28.749 [main] INFO  o.s.t.c.support.AnnotationConfigContextLoaderUtils - Could not detect default configuration classes for test class [com.nine.one.yuedu.read.ApplicationTests]: ApplicationTests does not declare any static, non-private, non-final, nested classes annotated with @Configuration.
2020-06-10 11:57:28.841 [main] INFO  o.s.b.t.context.SpringBootTestContextBootstrapper - Found @SpringBootConfiguration com.nine.one.yuedu.read.NineOneYueDuApplication for test class com.nine.one.yuedu.read.ApplicationTests
2020-06-10 11:57:28.918 [main] INFO  o.s.b.t.context.SpringBootTestContextBootstrapper - Loaded default TestExecutionListener class names from location [META-INF/spring.factories]: [org.springframework.boot.test.mock.mockito.MockitoTestExecutionListener, org.springframework.boot.test.mock.mockito.ResetMocksTestExecutionListener, org.springframework.boot.test.autoconfigure.restdocs.RestDocsTestExecutionListener, org.springframework.boot.test.autoconfigure.web.client.MockRestServiceServerResetTestExecutionListener, org.springframework.boot.test.autoconfigure.web.servlet.MockMvcPrintOnlyOnFailureTestExecutionListener, org.springframework.boot.test.autoconfigure.web.servlet.WebDriverTestExecutionListener, org.springframework.test.context.web.ServletTestExecutionListener, org.springframework.test.context.support.DirtiesContextBeforeModesTestExecutionListener, org.springframework.test.context.support.DependencyInjectionTestExecutionListener, org.springframework.test.context.support.DirtiesContextTestExecutionListener, org.springframework.test.context.transaction.TransactionalTestExecutionListener, org.springframework.test.context.jdbc.SqlScriptsTestExecutionListener, org.springframework.test.context.event.EventPublishingTestExecutionListener]
2020-06-10 11:57:28.930 [main] INFO  o.s.b.t.context.SpringBootTestContextBootstrapper - Using TestExecutionListeners: [org.springframework.test.context.web.ServletTestExecutionListener@5d43661b, org.springframework.test.context.support.DirtiesContextBeforeModesTestExecutionListener@12299890, org.springframework.boot.test.mock.mockito.MockitoTestExecutionListener@2fba3fc4, org.springframework.boot.test.autoconfigure.SpringBootDependencyInjectionTestExecutionListener@4bf48f6, org.springframework.test.context.support.DirtiesContextTestExecutionListener@420a85c4, org.springframework.test.context.transaction.TransactionalTestExecutionListener@1c39680d, org.springframework.test.context.jdbc.SqlScriptsTestExecutionListener@62833051, org.springframework.test.context.event.EventPublishingTestExecutionListener@1c852c0f, org.springframework.boot.test.mock.mockito.ResetMocksTestExecutionListener@a37aefe, org.springframework.boot.test.autoconfigure.restdocs.RestDocsTestExecutionListener@5d99c6b5, org.springframework.boot.test.autoconfigure.web.client.MockRestServiceServerResetTestExecutionListener@266374ef, org.springframework.boot.test.autoconfigure.web.servlet.MockMvcPrintOnlyOnFailureTestExecutionListener@13b3d178, org.springframework.boot.test.autoconfigure.web.servlet.WebDriverTestExecutionListener@24c4ddae]
2020-06-10 11:57:29.161 [main] INFO  com.nine.one.yuedu.read.ApplicationTests - Starting ApplicationTests on 192.168.0.104 with PID 46877 (started by wangyuliang in /Users/wangyuliang/ideaProjects/91yuedu-read)
2020-06-10 11:57:29.161 [main] INFO  com.nine.one.yuedu.read.ApplicationTests - The following profiles are active: test
2020-06-10 11:57:29.806 [main] INFO  o.s.d.r.config.RepositoryConfigurationDelegate - Multiple Spring Data modules found, entering strict repository configuration mode!
2020-06-10 11:57:29.808 [main] INFO  o.s.d.r.config.RepositoryConfigurationDelegate - Bootstrapping Spring Data Redis repositories in DEFAULT mode.
2020-06-10 11:57:29.835 [main] INFO  o.s.d.r.config.RepositoryConfigurationDelegate - Finished Spring Data repository scanning in 17ms. Found 0 Redis repository interfaces.
2020-06-10 11:57:30.444 [main] INFO  c.a.d.s.b.a.DruidDataSourceAutoConfigure - Init DruidDataSource
2020-06-10 11:57:33.650 [main] INFO  com.alibaba.druid.pool.DruidDataSource - {dataSource-1} inited
2020-06-10 11:57:40.242 [main] INFO  s.d.s.w.PropertySourcedRequestMappingHandlerMapping - Mapped URL path [/v2/api-docs] onto method [springfox.documentation.swagger2.web.Swagger2Controller#getDocumentation(String, HttpServletRequest)]
2020-06-10 11:57:40.326 [main] INFO  o.s.b.a.s.s.UserDetailsServiceAutoConfiguration - 

Using generated security password: c77f719a-5cd8-46e3-bff6-34c0340143a8

2020-06-10 11:57:40.459 [main] INFO  o.s.security.web.DefaultSecurityFilterChain - Creating filter chain: any request, [org.springframework.security.web.context.request.async.WebAsyncManagerIntegrationFilter@6164e137, org.springframework.security.web.context.SecurityContextPersistenceFilter@2ba9f986, org.springframework.security.web.header.HeaderWriterFilter@7e747037, org.springframework.security.web.authentication.logout.LogoutFilter@2de3b052, org.springframework.security.web.savedrequest.RequestCacheAwareFilter@70f4f89e, org.springframework.security.web.servletapi.SecurityContextHolderAwareRequestFilter@750cd36d, org.springframework.security.web.authentication.AnonymousAuthenticationFilter@7ef8e623, org.springframework.security.web.session.SessionManagementFilter@5e37fb82, org.springframework.security.web.access.ExceptionTranslationFilter@2fca3eb5, org.springframework.security.web.access.intercept.FilterSecurityInterceptor@27bb4dc5]
2020-06-10 11:57:40.847 [main] INFO  o.s.scheduling.concurrent.ThreadPoolTaskExecutor - Initializing ExecutorService 'applicationTaskExecutor'
2020-06-10 11:57:41.519 [main] INFO  s.d.s.web.plugins.DocumentationPluginsBootstrapper - Context refreshed
2020-06-10 11:57:41.540 [main] INFO  s.d.s.web.plugins.DocumentationPluginsBootstrapper - Found 1 custom documentation plugin(s)
2020-06-10 11:57:41.572 [main] INFO  s.d.spring.web.scanners.ApiListingReferenceScanner - Scanning for api listing references
2020-06-10 11:57:41.748 [main] INFO  s.d.s.w.r.operation.CachingOperationNameGenerator - Generating unique operation named: uploadHeadUsingPOST_1
2020-06-10 11:57:41.817 [main] INFO  s.d.s.w.r.operation.CachingOperationNameGenerator - Generating unique operation named: findByIdUsingGET_1
2020-06-10 11:57:41.823 [main] INFO  s.d.s.w.r.operation.CachingOperationNameGenerator - Generating unique operation named: uploadHeadUsingPOST_2
2020-06-10 11:57:41.826 [main] INFO  s.d.s.w.r.operation.CachingOperationNameGenerator - Generating unique operation named: getBookUsingGET_1
2020-06-10 11:57:41.827 [main] INFO  s.d.s.w.r.operation.CachingOperationNameGenerator - Generating unique operation named: getChapterUsingGET_1
2020-06-10 11:57:41.845 [main] INFO  com.nine.one.yuedu.read.ApplicationTests - Started ApplicationTests in 12.889 seconds (JVM running for 13.659)
2020-06-10 11:57:42.033 [SpringContextShutdownHook] INFO  o.s.scheduling.concurrent.ThreadPoolTaskExecutor - Shutting down ExecutorService 'applicationTaskExecutor'
2020-06-10 11:57:42.042 [SpringContextShutdownHook] INFO  com.alibaba.druid.pool.DruidDataSource - {dataSource-1} closed
2020-06-10 14:26:04.330 [main] INFO  o.s.b.t.context.SpringBootTestContextBootstrapper - Neither @ContextConfiguration nor @ContextHierarchy found for test class [com.nine.one.yuedu.read.ApplicationTests], using SpringBootContextLoader
2020-06-10 14:26:04.337 [main] INFO  o.s.test.context.support.AbstractContextLoader - Could not detect default resource locations for test class [com.nine.one.yuedu.read.ApplicationTests]: no resource found for suffixes {-context.xml, Context.groovy}.
2020-06-10 14:26:04.338 [main] INFO  o.s.t.c.support.AnnotationConfigContextLoaderUtils - Could not detect default configuration classes for test class [com.nine.one.yuedu.read.ApplicationTests]: ApplicationTests does not declare any static, non-private, non-final, nested classes annotated with @Configuration.
2020-06-10 14:26:04.437 [main] INFO  o.s.b.t.context.SpringBootTestContextBootstrapper - Found @SpringBootConfiguration com.nine.one.yuedu.read.NineOneYueDuApplication for test class com.nine.one.yuedu.read.ApplicationTests
2020-06-10 14:26:04.522 [main] INFO  o.s.b.t.context.SpringBootTestContextBootstrapper - Loaded default TestExecutionListener class names from location [META-INF/spring.factories]: [org.springframework.boot.test.mock.mockito.MockitoTestExecutionListener, org.springframework.boot.test.mock.mockito.ResetMocksTestExecutionListener, org.springframework.boot.test.autoconfigure.restdocs.RestDocsTestExecutionListener, org.springframework.boot.test.autoconfigure.web.client.MockRestServiceServerResetTestExecutionListener, org.springframework.boot.test.autoconfigure.web.servlet.MockMvcPrintOnlyOnFailureTestExecutionListener, org.springframework.boot.test.autoconfigure.web.servlet.WebDriverTestExecutionListener, org.springframework.test.context.web.ServletTestExecutionListener, org.springframework.test.context.support.DirtiesContextBeforeModesTestExecutionListener, org.springframework.test.context.support.DependencyInjectionTestExecutionListener, org.springframework.test.context.support.DirtiesContextTestExecutionListener, org.springframework.test.context.transaction.TransactionalTestExecutionListener, org.springframework.test.context.jdbc.SqlScriptsTestExecutionListener, org.springframework.test.context.event.EventPublishingTestExecutionListener]
2020-06-10 14:26:04.535 [main] INFO  o.s.b.t.context.SpringBootTestContextBootstrapper - Using TestExecutionListeners: [org.springframework.test.context.web.ServletTestExecutionListener@5d43661b, org.springframework.test.context.support.DirtiesContextBeforeModesTestExecutionListener@12299890, org.springframework.boot.test.mock.mockito.MockitoTestExecutionListener@2fba3fc4, org.springframework.boot.test.autoconfigure.SpringBootDependencyInjectionTestExecutionListener@4bf48f6, org.springframework.test.context.support.DirtiesContextTestExecutionListener@420a85c4, org.springframework.test.context.transaction.TransactionalTestExecutionListener@1c39680d, org.springframework.test.context.jdbc.SqlScriptsTestExecutionListener@62833051, org.springframework.test.context.event.EventPublishingTestExecutionListener@1c852c0f, org.springframework.boot.test.mock.mockito.ResetMocksTestExecutionListener@a37aefe, org.springframework.boot.test.autoconfigure.restdocs.RestDocsTestExecutionListener@5d99c6b5, org.springframework.boot.test.autoconfigure.web.client.MockRestServiceServerResetTestExecutionListener@266374ef, org.springframework.boot.test.autoconfigure.web.servlet.MockMvcPrintOnlyOnFailureTestExecutionListener@13b3d178, org.springframework.boot.test.autoconfigure.web.servlet.WebDriverTestExecutionListener@24c4ddae]
2020-06-10 14:26:04.788 [main] INFO  com.nine.one.yuedu.read.ApplicationTests - Starting ApplicationTests on 192.168.0.104 with PID 48371 (started by wangyuliang in /Users/wangyuliang/ideaProjects/91yuedu-read)
2020-06-10 14:26:04.789 [main] INFO  com.nine.one.yuedu.read.ApplicationTests - The following profiles are active: test
2020-06-10 14:26:05.497 [main] INFO  o.s.d.r.config.RepositoryConfigurationDelegate - Multiple Spring Data modules found, entering strict repository configuration mode!
2020-06-10 14:26:05.499 [main] INFO  o.s.d.r.config.RepositoryConfigurationDelegate - Bootstrapping Spring Data Redis repositories in DEFAULT mode.
2020-06-10 14:26:05.528 [main] INFO  o.s.d.r.config.RepositoryConfigurationDelegate - Finished Spring Data repository scanning in 18ms. Found 0 Redis repository interfaces.
2020-06-10 14:26:06.159 [main] INFO  c.a.d.s.b.a.DruidDataSourceAutoConfigure - Init DruidDataSource
2020-06-10 14:26:08.818 [main] INFO  com.alibaba.druid.pool.DruidDataSource - {dataSource-1} inited
2020-06-10 14:26:16.417 [main] INFO  s.d.s.w.PropertySourcedRequestMappingHandlerMapping - Mapped URL path [/v2/api-docs] onto method [springfox.documentation.swagger2.web.Swagger2Controller#getDocumentation(String, HttpServletRequest)]
2020-06-10 14:26:16.500 [main] INFO  o.s.b.a.s.s.UserDetailsServiceAutoConfiguration - 

Using generated security password: 5bf6a830-32c8-462f-9c59-2c4e6f392561

2020-06-10 14:26:16.633 [main] INFO  o.s.security.web.DefaultSecurityFilterChain - Creating filter chain: any request, [org.springframework.security.web.context.request.async.WebAsyncManagerIntegrationFilter@7ef8e623, org.springframework.security.web.context.SecurityContextPersistenceFilter@4aa3fc9a, org.springframework.security.web.header.HeaderWriterFilter@4d0e1a9a, org.springframework.security.web.authentication.logout.LogoutFilter@3f3c8b60, org.springframework.security.web.savedrequest.RequestCacheAwareFilter@634aa81e, org.springframework.security.web.servletapi.SecurityContextHolderAwareRequestFilter@2c8ff67, org.springframework.security.web.authentication.AnonymousAuthenticationFilter@3d8d970e, org.springframework.security.web.session.SessionManagementFilter@59ec7020, org.springframework.security.web.access.ExceptionTranslationFilter@69eb544f, org.springframework.security.web.access.intercept.FilterSecurityInterceptor@464ede1f]
2020-06-10 14:26:17.059 [main] INFO  o.s.scheduling.concurrent.ThreadPoolTaskExecutor - Initializing ExecutorService 'applicationTaskExecutor'
2020-06-10 14:26:17.884 [main] INFO  s.d.s.web.plugins.DocumentationPluginsBootstrapper - Context refreshed
2020-06-10 14:26:17.909 [main] INFO  s.d.s.web.plugins.DocumentationPluginsBootstrapper - Found 1 custom documentation plugin(s)
2020-06-10 14:26:17.946 [main] INFO  s.d.spring.web.scanners.ApiListingReferenceScanner - Scanning for api listing references
2020-06-10 14:26:18.172 [main] INFO  s.d.s.w.r.operation.CachingOperationNameGenerator - Generating unique operation named: uploadHeadUsingPOST_1
2020-06-10 14:26:18.246 [main] INFO  s.d.s.w.r.operation.CachingOperationNameGenerator - Generating unique operation named: findByIdUsingGET_1
2020-06-10 14:26:18.253 [main] INFO  s.d.s.w.r.operation.CachingOperationNameGenerator - Generating unique operation named: uploadHeadUsingPOST_2
2020-06-10 14:26:18.257 [main] INFO  s.d.s.w.r.operation.CachingOperationNameGenerator - Generating unique operation named: getBookUsingGET_1
2020-06-10 14:26:18.258 [main] INFO  s.d.s.w.r.operation.CachingOperationNameGenerator - Generating unique operation named: getChapterUsingGET_1
2020-06-10 14:26:18.275 [main] INFO  com.nine.one.yuedu.read.ApplicationTests - Started ApplicationTests in 13.712 seconds (JVM running for 14.537)
2020-06-10 14:26:18.473 [SpringContextShutdownHook] INFO  o.s.scheduling.concurrent.ThreadPoolTaskExecutor - Shutting down ExecutorService 'applicationTaskExecutor'
2020-06-10 14:26:18.483 [SpringContextShutdownHook] INFO  com.alibaba.druid.pool.DruidDataSource - {dataSource-1} closed
2020-06-10 18:08:20.560 [main] INFO  o.s.b.t.context.SpringBootTestContextBootstrapper - Neither @ContextConfiguration nor @ContextHierarchy found for test class [com.nine.one.yuedu.read.ApplicationTests], using SpringBootContextLoader
2020-06-10 18:08:20.566 [main] INFO  o.s.test.context.support.AbstractContextLoader - Could not detect default resource locations for test class [com.nine.one.yuedu.read.ApplicationTests]: no resource found for suffixes {-context.xml, Context.groovy}.
2020-06-10 18:08:20.567 [main] INFO  o.s.t.c.support.AnnotationConfigContextLoaderUtils - Could not detect default configuration classes for test class [com.nine.one.yuedu.read.ApplicationTests]: ApplicationTests does not declare any static, non-private, non-final, nested classes annotated with @Configuration.
2020-06-10 18:08:20.673 [main] INFO  o.s.b.t.context.SpringBootTestContextBootstrapper - Found @SpringBootConfiguration com.nine.one.yuedu.read.NineOneYueDuApplication for test class com.nine.one.yuedu.read.ApplicationTests
2020-06-10 18:08:20.750 [main] INFO  o.s.b.t.context.SpringBootTestContextBootstrapper - Loaded default TestExecutionListener class names from location [META-INF/spring.factories]: [org.springframework.boot.test.mock.mockito.MockitoTestExecutionListener, org.springframework.boot.test.mock.mockito.ResetMocksTestExecutionListener, org.springframework.boot.test.autoconfigure.restdocs.RestDocsTestExecutionListener, org.springframework.boot.test.autoconfigure.web.client.MockRestServiceServerResetTestExecutionListener, org.springframework.boot.test.autoconfigure.web.servlet.MockMvcPrintOnlyOnFailureTestExecutionListener, org.springframework.boot.test.autoconfigure.web.servlet.WebDriverTestExecutionListener, org.springframework.test.context.web.ServletTestExecutionListener, org.springframework.test.context.support.DirtiesContextBeforeModesTestExecutionListener, org.springframework.test.context.support.DependencyInjectionTestExecutionListener, org.springframework.test.context.support.DirtiesContextTestExecutionListener, org.springframework.test.context.transaction.TransactionalTestExecutionListener, org.springframework.test.context.jdbc.SqlScriptsTestExecutionListener, org.springframework.test.context.event.EventPublishingTestExecutionListener]
2020-06-10 18:08:20.762 [main] INFO  o.s.b.t.context.SpringBootTestContextBootstrapper - Using TestExecutionListeners: [org.springframework.test.context.web.ServletTestExecutionListener@24c4ddae, org.springframework.test.context.support.DirtiesContextBeforeModesTestExecutionListener@37fb0bed, org.springframework.boot.test.mock.mockito.MockitoTestExecutionListener@a82c5f1, org.springframework.boot.test.autoconfigure.SpringBootDependencyInjectionTestExecutionListener@7b7fdc8, org.springframework.test.context.support.DirtiesContextTestExecutionListener@51c693d, org.springframework.test.context.transaction.TransactionalTestExecutionListener@6a57ae10, org.springframework.test.context.jdbc.SqlScriptsTestExecutionListener@766653e6, org.springframework.test.context.event.EventPublishingTestExecutionListener@4e07b95f, org.springframework.boot.test.mock.mockito.ResetMocksTestExecutionListener@28b46423, org.springframework.boot.test.autoconfigure.restdocs.RestDocsTestExecutionListener@7fc4780b, org.springframework.boot.test.autoconfigure.web.client.MockRestServiceServerResetTestExecutionListener@3b79fd76, org.springframework.boot.test.autoconfigure.web.servlet.MockMvcPrintOnlyOnFailureTestExecutionListener@48c76607, org.springframework.boot.test.autoconfigure.web.servlet.WebDriverTestExecutionListener@43599640]
2020-06-10 18:08:21.015 [main] INFO  com.nine.one.yuedu.read.ApplicationTests - Starting ApplicationTests on 192.168.0.104 with PID 50906 (started by wangyuliang in /Users/wangyuliang/ideaProjects/91yuedu-read)
2020-06-10 18:08:21.015 [main] INFO  com.nine.one.yuedu.read.ApplicationTests - The following profiles are active: test
2020-06-10 18:08:21.797 [main] INFO  o.s.d.r.config.RepositoryConfigurationDelegate - Multiple Spring Data modules found, entering strict repository configuration mode!
2020-06-10 18:08:21.799 [main] INFO  o.s.d.r.config.RepositoryConfigurationDelegate - Bootstrapping Spring Data Redis repositories in DEFAULT mode.
2020-06-10 18:08:21.828 [main] INFO  o.s.d.r.config.RepositoryConfigurationDelegate - Finished Spring Data repository scanning in 18ms. Found 0 Redis repository interfaces.
2020-06-10 18:08:22.488 [main] INFO  c.a.d.s.b.a.DruidDataSourceAutoConfigure - Init DruidDataSource
2020-06-10 18:08:24.989 [main] INFO  com.alibaba.druid.pool.DruidDataSource - {dataSource-1} inited
2020-06-10 18:08:32.900 [main] INFO  s.d.s.w.PropertySourcedRequestMappingHandlerMapping - Mapped URL path [/v2/api-docs] onto method [springfox.documentation.swagger2.web.Swagger2Controller#getDocumentation(String, HttpServletRequest)]
2020-06-10 18:08:33.001 [main] INFO  o.s.b.a.s.s.UserDetailsServiceAutoConfiguration - 

Using generated security password: 53107712-f166-4219-88c6-91f33a63cb9f

2020-06-10 18:08:33.179 [main] INFO  o.s.security.web.DefaultSecurityFilterChain - Creating filter chain: any request, [org.springframework.security.web.context.request.async.WebAsyncManagerIntegrationFilter@1ac0cdb0, org.springframework.security.web.context.SecurityContextPersistenceFilter@16bbaab3, org.springframework.security.web.header.HeaderWriterFilter@6121a7dd, org.springframework.security.web.authentication.logout.LogoutFilter@589dfa6f, org.springframework.security.web.savedrequest.RequestCacheAwareFilter@fe42a09, org.springframework.security.web.servletapi.SecurityContextHolderAwareRequestFilter@99c4993, org.springframework.security.web.authentication.AnonymousAuthenticationFilter@6684f7f2, org.springframework.security.web.session.SessionManagementFilter@743bb39a, org.springframework.security.web.access.ExceptionTranslationFilter@19105a87, org.springframework.security.web.access.intercept.FilterSecurityInterceptor@3c17bd0b]
2020-06-10 18:08:33.629 [main] INFO  o.s.scheduling.concurrent.ThreadPoolTaskExecutor - Initializing ExecutorService 'applicationTaskExecutor'
2020-06-10 18:08:34.710 [main] INFO  s.d.s.web.plugins.DocumentationPluginsBootstrapper - Context refreshed
2020-06-10 18:08:34.743 [main] INFO  s.d.s.web.plugins.DocumentationPluginsBootstrapper - Found 1 custom documentation plugin(s)
2020-06-10 18:08:34.790 [main] INFO  s.d.spring.web.scanners.ApiListingReferenceScanner - Scanning for api listing references
2020-06-10 18:08:35.014 [main] INFO  s.d.s.w.r.operation.CachingOperationNameGenerator - Generating unique operation named: uploadHeadUsingPOST_1
2020-06-10 18:08:35.103 [main] INFO  s.d.s.w.r.operation.CachingOperationNameGenerator - Generating unique operation named: findByIdUsingGET_1
2020-06-10 18:08:35.111 [main] INFO  s.d.s.w.r.operation.CachingOperationNameGenerator - Generating unique operation named: uploadHeadUsingPOST_2
2020-06-10 18:08:35.115 [main] INFO  s.d.s.w.r.operation.CachingOperationNameGenerator - Generating unique operation named: getBookUsingGET_1
2020-06-10 18:08:35.117 [main] INFO  s.d.s.w.r.operation.CachingOperationNameGenerator - Generating unique operation named: getChapterUsingGET_1
2020-06-10 18:08:35.143 [main] INFO  com.nine.one.yuedu.read.ApplicationTests - Started ApplicationTests in 14.35 seconds (JVM running for 15.233)
2020-06-10 18:08:35.363 [SpringContextShutdownHook] INFO  o.s.scheduling.concurrent.ThreadPoolTaskExecutor - Shutting down ExecutorService 'applicationTaskExecutor'
2020-06-10 18:08:35.376 [SpringContextShutdownHook] INFO  com.alibaba.druid.pool.DruidDataSource - {dataSource-1} closed
2020-06-10 18:12:00.125 [main] INFO  o.s.b.t.context.SpringBootTestContextBootstrapper - Neither @ContextConfiguration nor @ContextHierarchy found for test class [com.nine.one.yuedu.read.ApplicationTests], using SpringBootContextLoader
2020-06-10 18:12:00.132 [main] INFO  o.s.test.context.support.AbstractContextLoader - Could not detect default resource locations for test class [com.nine.one.yuedu.read.ApplicationTests]: no resource found for suffixes {-context.xml, Context.groovy}.
2020-06-10 18:12:00.133 [main] INFO  o.s.t.c.support.AnnotationConfigContextLoaderUtils - Could not detect default configuration classes for test class [com.nine.one.yuedu.read.ApplicationTests]: ApplicationTests does not declare any static, non-private, non-final, nested classes annotated with @Configuration.
2020-06-10 18:12:00.230 [main] INFO  o.s.b.t.context.SpringBootTestContextBootstrapper - Found @SpringBootConfiguration com.nine.one.yuedu.read.NineOneYueDuApplication for test class com.nine.one.yuedu.read.ApplicationTests
2020-06-10 18:12:00.309 [main] INFO  o.s.b.t.context.SpringBootTestContextBootstrapper - Loaded default TestExecutionListener class names from location [META-INF/spring.factories]: [org.springframework.boot.test.mock.mockito.MockitoTestExecutionListener, org.springframework.boot.test.mock.mockito.ResetMocksTestExecutionListener, org.springframework.boot.test.autoconfigure.restdocs.RestDocsTestExecutionListener, org.springframework.boot.test.autoconfigure.web.client.MockRestServiceServerResetTestExecutionListener, org.springframework.boot.test.autoconfigure.web.servlet.MockMvcPrintOnlyOnFailureTestExecutionListener, org.springframework.boot.test.autoconfigure.web.servlet.WebDriverTestExecutionListener, org.springframework.test.context.web.ServletTestExecutionListener, org.springframework.test.context.support.DirtiesContextBeforeModesTestExecutionListener, org.springframework.test.context.support.DependencyInjectionTestExecutionListener, org.springframework.test.context.support.DirtiesContextTestExecutionListener, org.springframework.test.context.transaction.TransactionalTestExecutionListener, org.springframework.test.context.jdbc.SqlScriptsTestExecutionListener, org.springframework.test.context.event.EventPublishingTestExecutionListener]
2020-06-10 18:12:00.322 [main] INFO  o.s.b.t.context.SpringBootTestContextBootstrapper - Using TestExecutionListeners: [org.springframework.test.context.web.ServletTestExecutionListener@5d43661b, org.springframework.test.context.support.DirtiesContextBeforeModesTestExecutionListener@12299890, org.springframework.boot.test.mock.mockito.MockitoTestExecutionListener@2fba3fc4, org.springframework.boot.test.autoconfigure.SpringBootDependencyInjectionTestExecutionListener@4bf48f6, org.springframework.test.context.support.DirtiesContextTestExecutionListener@420a85c4, org.springframework.test.context.transaction.TransactionalTestExecutionListener@1c39680d, org.springframework.test.context.jdbc.SqlScriptsTestExecutionListener@62833051, org.springframework.test.context.event.EventPublishingTestExecutionListener@1c852c0f, org.springframework.boot.test.mock.mockito.ResetMocksTestExecutionListener@a37aefe, org.springframework.boot.test.autoconfigure.restdocs.RestDocsTestExecutionListener@5d99c6b5, org.springframework.boot.test.autoconfigure.web.client.MockRestServiceServerResetTestExecutionListener@266374ef, org.springframework.boot.test.autoconfigure.web.servlet.MockMvcPrintOnlyOnFailureTestExecutionListener@13b3d178, org.springframework.boot.test.autoconfigure.web.servlet.WebDriverTestExecutionListener@24c4ddae]
2020-06-10 18:12:00.561 [main] INFO  com.nine.one.yuedu.read.ApplicationTests - Starting ApplicationTests on 192.168.0.104 with PID 50975 (started by wangyuliang in /Users/wangyuliang/ideaProjects/91yuedu-read)
2020-06-10 18:12:00.562 [main] INFO  com.nine.one.yuedu.read.ApplicationTests - The following profiles are active: test
2020-06-10 18:12:01.313 [main] INFO  o.s.d.r.config.RepositoryConfigurationDelegate - Multiple Spring Data modules found, entering strict repository configuration mode!
2020-06-10 18:12:01.315 [main] INFO  o.s.d.r.config.RepositoryConfigurationDelegate - Bootstrapping Spring Data Redis repositories in DEFAULT mode.
2020-06-10 18:12:01.347 [main] INFO  o.s.d.r.config.RepositoryConfigurationDelegate - Finished Spring Data repository scanning in 20ms. Found 0 Redis repository interfaces.
2020-06-10 18:12:01.996 [main] INFO  c.a.d.s.b.a.DruidDataSourceAutoConfigure - Init DruidDataSource
2020-06-10 18:12:05.029 [main] INFO  com.alibaba.druid.pool.DruidDataSource - {dataSource-1} inited
2020-06-10 18:12:11.550 [main] INFO  s.d.s.w.PropertySourcedRequestMappingHandlerMapping - Mapped URL path [/v2/api-docs] onto method [springfox.documentation.swagger2.web.Swagger2Controller#getDocumentation(String, HttpServletRequest)]
2020-06-10 18:12:11.627 [main] INFO  o.s.b.a.s.s.UserDetailsServiceAutoConfiguration - 

Using generated security password: 6fc772d6-10cd-4dbe-b223-7aa70e614988

2020-06-10 18:12:11.769 [main] INFO  o.s.security.web.DefaultSecurityFilterChain - Creating filter chain: any request, [org.springframework.security.web.context.request.async.WebAsyncManagerIntegrationFilter@7ef8e623, org.springframework.security.web.context.SecurityContextPersistenceFilter@4aa3fc9a, org.springframework.security.web.header.HeaderWriterFilter@4d0e1a9a, org.springframework.security.web.authentication.logout.LogoutFilter@3f3c8b60, org.springframework.security.web.savedrequest.RequestCacheAwareFilter@634aa81e, org.springframework.security.web.servletapi.SecurityContextHolderAwareRequestFilter@2c8ff67, org.springframework.security.web.authentication.AnonymousAuthenticationFilter@3d8d970e, org.springframework.security.web.session.SessionManagementFilter@59ec7020, org.springframework.security.web.access.ExceptionTranslationFilter@69eb544f, org.springframework.security.web.access.intercept.FilterSecurityInterceptor@464ede1f]
2020-06-10 18:12:12.153 [main] INFO  o.s.scheduling.concurrent.ThreadPoolTaskExecutor - Initializing ExecutorService 'applicationTaskExecutor'
2020-06-10 18:12:12.899 [main] INFO  s.d.s.web.plugins.DocumentationPluginsBootstrapper - Context refreshed
2020-06-10 18:12:12.923 [main] INFO  s.d.s.web.plugins.DocumentationPluginsBootstrapper - Found 1 custom documentation plugin(s)
2020-06-10 18:12:12.960 [main] INFO  s.d.spring.web.scanners.ApiListingReferenceScanner - Scanning for api listing references
2020-06-10 18:12:13.162 [main] INFO  s.d.s.w.r.operation.CachingOperationNameGenerator - Generating unique operation named: uploadHeadUsingPOST_1
2020-06-10 18:12:13.235 [main] INFO  s.d.s.w.r.operation.CachingOperationNameGenerator - Generating unique operation named: findByIdUsingGET_1
2020-06-10 18:12:13.241 [main] INFO  s.d.s.w.r.operation.CachingOperationNameGenerator - Generating unique operation named: uploadHeadUsingPOST_2
2020-06-10 18:12:13.245 [main] INFO  s.d.s.w.r.operation.CachingOperationNameGenerator - Generating unique operation named: getBookUsingGET_1
2020-06-10 18:12:13.246 [main] INFO  s.d.s.w.r.operation.CachingOperationNameGenerator - Generating unique operation named: getChapterUsingGET_1
2020-06-10 18:12:13.264 [main] INFO  com.nine.one.yuedu.read.ApplicationTests - Started ApplicationTests in 12.916 seconds (JVM running for 13.751)
2020-06-10 18:12:13.469 [SpringContextShutdownHook] INFO  o.s.scheduling.concurrent.ThreadPoolTaskExecutor - Shutting down ExecutorService 'applicationTaskExecutor'
2020-06-10 18:12:13.478 [SpringContextShutdownHook] INFO  com.alibaba.druid.pool.DruidDataSource - {dataSource-1} closed
