2020-05-27 15:39:24.292 [main] INFO  com.nine.one.yuedu.read.NineOneYueDuApplication - Starting NineOneYueDuApplication on 192.168.0.104 with PID 48656 (/Users/wangyuliang/ideaProjects/91yuedu-read/target/classes started by wangyuliang in /Users/wangyuliang/ideaProjects/91yuedu-read)
2020-05-27 15:39:24.294 [main] INFO  com.nine.one.yuedu.read.NineOneYueDuApplication - No active profile set, falling back to default profiles: default
2020-05-27 15:39:24.929 [main] INFO  o.s.d.r.config.RepositoryConfigurationDelegate - Multiple Spring Data modules found, entering strict repository configuration mode!
2020-05-27 15:39:24.931 [main] INFO  o.s.d.r.config.RepositoryConfigurationDelegate - Bootstrapping Spring Data Redis repositories in DEFAULT mode.
2020-05-27 15:39:24.964 [main] INFO  o.s.d.r.config.RepositoryConfigurationDelegate - Finished Spring Data repository scanning in 21ms. Found 0 Redis repository interfaces.
2020-05-27 15:39:25.358 [main] INFO  o.s.boot.web.embedded.tomcat.TomcatWebServer - Tomcat initialized with port(s): 9004 (http)
2020-05-27 15:39:25.364 [main] INFO  org.apache.coyote.http11.Http11NioProtocol - Initializing ProtocolHandler ["http-nio-9004"]
2020-05-27 15:39:25.365 [main] INFO  org.apache.catalina.core.StandardService - Starting service [Tomcat]
2020-05-27 15:39:25.365 [main] INFO  org.apache.catalina.core.StandardEngine - Starting Servlet engine: [Apache Tomcat/9.0.33]
2020-05-27 15:39:25.420 [main] INFO  o.a.c.core.ContainerBase.[Tomcat].[localhost].[/] - Initializing Spring embedded WebApplicationContext
2020-05-27 15:39:25.420 [main] INFO  org.springframework.web.context.ContextLoader - Root WebApplicationContext: initialization completed in 1098 ms
2020-05-27 15:39:25.561 [main] INFO  c.a.d.s.b.a.DruidDataSourceAutoConfigure - Init DruidDataSource
2020-05-27 15:39:26.044 [main] INFO  com.alibaba.druid.pool.DruidDataSource - {dataSource-1} inited
2020-05-27 15:39:26.877 [main] INFO  s.d.s.w.PropertySourcedRequestMappingHandlerMapping - Mapped URL path [/v2/api-docs] onto method [springfox.documentation.swagger2.web.Swagger2Controller#getDocumentation(String, HttpServletRequest)]
2020-05-27 15:39:26.918 [main] INFO  o.s.b.a.s.s.UserDetailsServiceAutoConfiguration - 

Using generated security password: e52e4ab4-5a2f-451d-9124-d73888fa5063

2020-05-27 15:39:26.976 [main] INFO  o.s.security.web.DefaultSecurityFilterChain - Creating filter chain: any request, [org.springframework.security.web.context.request.async.WebAsyncManagerIntegrationFilter@6e1ae763, org.springframework.security.web.context.SecurityContextPersistenceFilter@6f731759, org.springframework.security.web.header.HeaderWriterFilter@565aa4ac, org.springframework.security.web.authentication.logout.LogoutFilter@6ee88e21, org.springframework.security.web.savedrequest.RequestCacheAwareFilter@39549f33, org.springframework.security.web.servletapi.SecurityContextHolderAwareRequestFilter@256a0d95, org.springframework.security.web.authentication.AnonymousAuthenticationFilter@62d40e31, org.springframework.security.web.session.SessionManagementFilter@2c3158e0, org.springframework.security.web.access.ExceptionTranslationFilter@5dbbb292, org.springframework.security.web.access.intercept.FilterSecurityInterceptor@13866329]
2020-05-27 15:39:27.056 [main] INFO  o.s.scheduling.concurrent.ThreadPoolTaskExecutor - Initializing ExecutorService 'applicationTaskExecutor'
2020-05-27 15:39:27.405 [main] INFO  s.d.s.web.plugins.DocumentationPluginsBootstrapper - Context refreshed
2020-05-27 15:39:27.415 [main] INFO  s.d.s.web.plugins.DocumentationPluginsBootstrapper - Found 1 custom documentation plugin(s)
2020-05-27 15:39:27.434 [main] INFO  s.d.spring.web.scanners.ApiListingReferenceScanner - Scanning for api listing references
2020-05-27 15:39:27.556 [main] INFO  s.d.s.w.r.operation.CachingOperationNameGenerator - Generating unique operation named: uploadHeadUsingPOST_1
2020-05-27 15:39:27.602 [main] INFO  s.d.s.w.r.operation.CachingOperationNameGenerator - Generating unique operation named: findByIdUsingGET_1
2020-05-27 15:39:27.607 [main] INFO  s.d.s.w.r.operation.CachingOperationNameGenerator - Generating unique operation named: uploadHeadUsingPOST_2
2020-05-27 15:39:27.619 [main] INFO  org.apache.coyote.http11.Http11NioProtocol - Starting ProtocolHandler ["http-nio-9004"]
2020-05-27 15:39:27.643 [main] INFO  o.s.boot.web.embedded.tomcat.TomcatWebServer - Tomcat started on port(s): 9004 (http) with context path ''
2020-05-27 15:39:27.646 [main] INFO  com.nine.one.yuedu.read.NineOneYueDuApplication - Started NineOneYueDuApplication in 3.596 seconds (JVM running for 4.069)
2020-05-27 15:39:46.291 [http-nio-9004-exec-1] INFO  o.a.c.core.ContainerBase.[Tomcat].[localhost].[/] - Initializing Spring DispatcherServlet 'dispatcherServlet'
2020-05-27 15:39:46.291 [http-nio-9004-exec-1] INFO  org.springframework.web.servlet.DispatcherServlet - Initializing Servlet 'dispatcherServlet'
2020-05-27 15:39:46.296 [http-nio-9004-exec-1] INFO  org.springframework.web.servlet.DispatcherServlet - Completed initialization in 4 ms
2020-05-27 15:40:50.475 [SpringContextShutdownHook] INFO  o.s.scheduling.concurrent.ThreadPoolTaskExecutor - Shutting down ExecutorService 'applicationTaskExecutor'
2020-05-27 15:40:50.482 [SpringContextShutdownHook] INFO  com.alibaba.druid.pool.DruidDataSource - {dataSource-1} closed
2020-05-27 15:40:53.254 [main] INFO  com.nine.one.yuedu.read.NineOneYueDuApplication - Starting NineOneYueDuApplication on 192.168.0.104 with PID 48688 (/Users/wangyuliang/ideaProjects/91yuedu-read/target/classes started by wangyuliang in /Users/wangyuliang/ideaProjects/91yuedu-read)
2020-05-27 15:40:53.255 [main] INFO  com.nine.one.yuedu.read.NineOneYueDuApplication - No active profile set, falling back to default profiles: default
2020-05-27 15:40:53.901 [main] INFO  o.s.d.r.config.RepositoryConfigurationDelegate - Multiple Spring Data modules found, entering strict repository configuration mode!
2020-05-27 15:40:53.903 [main] INFO  o.s.d.r.config.RepositoryConfigurationDelegate - Bootstrapping Spring Data Redis repositories in DEFAULT mode.
2020-05-27 15:40:53.935 [main] INFO  o.s.d.r.config.RepositoryConfigurationDelegate - Finished Spring Data repository scanning in 20ms. Found 0 Redis repository interfaces.
2020-05-27 15:40:54.321 [main] INFO  o.s.boot.web.embedded.tomcat.TomcatWebServer - Tomcat initialized with port(s): 9004 (http)
2020-05-27 15:40:54.327 [main] INFO  org.apache.coyote.http11.Http11NioProtocol - Initializing ProtocolHandler ["http-nio-9004"]
2020-05-27 15:40:54.328 [main] INFO  org.apache.catalina.core.StandardService - Starting service [Tomcat]
2020-05-27 15:40:54.328 [main] INFO  org.apache.catalina.core.StandardEngine - Starting Servlet engine: [Apache Tomcat/9.0.33]
2020-05-27 15:40:54.382 [main] INFO  o.a.c.core.ContainerBase.[Tomcat].[localhost].[/] - Initializing Spring embedded WebApplicationContext
2020-05-27 15:40:54.382 [main] INFO  org.springframework.web.context.ContextLoader - Root WebApplicationContext: initialization completed in 1094 ms
2020-05-27 15:40:54.525 [main] INFO  c.a.d.s.b.a.DruidDataSourceAutoConfigure - Init DruidDataSource
2020-05-27 15:40:55.036 [main] INFO  com.alibaba.druid.pool.DruidDataSource - {dataSource-1} inited
2020-05-27 15:40:55.824 [main] INFO  s.d.s.w.PropertySourcedRequestMappingHandlerMapping - Mapped URL path [/v2/api-docs] onto method [springfox.documentation.swagger2.web.Swagger2Controller#getDocumentation(String, HttpServletRequest)]
2020-05-27 15:40:55.864 [main] INFO  o.s.b.a.s.s.UserDetailsServiceAutoConfiguration - 

Using generated security password: 6d7261fe-190c-45b7-bc3f-46e5b320606b

2020-05-27 15:40:55.919 [main] INFO  o.s.security.web.DefaultSecurityFilterChain - Creating filter chain: any request, [org.springframework.security.web.context.request.async.WebAsyncManagerIntegrationFilter@415795f3, org.springframework.security.web.context.SecurityContextPersistenceFilter@1f7cec93, org.springframework.security.web.header.HeaderWriterFilter@64518270, org.springframework.security.web.authentication.logout.LogoutFilter@4f1fb828, org.springframework.security.web.savedrequest.RequestCacheAwareFilter@3cdff901, org.springframework.security.web.servletapi.SecurityContextHolderAwareRequestFilter@7ab802f4, org.springframework.security.web.authentication.AnonymousAuthenticationFilter@2fe2965c, org.springframework.security.web.session.SessionManagementFilter@668cc9a2, org.springframework.security.web.access.ExceptionTranslationFilter@35eee641, org.springframework.security.web.access.intercept.FilterSecurityInterceptor@1213ffbc]
2020-05-27 15:40:55.996 [main] INFO  o.s.scheduling.concurrent.ThreadPoolTaskExecutor - Initializing ExecutorService 'applicationTaskExecutor'
2020-05-27 15:40:56.309 [main] INFO  s.d.s.web.plugins.DocumentationPluginsBootstrapper - Context refreshed
2020-05-27 15:40:56.321 [main] INFO  s.d.s.web.plugins.DocumentationPluginsBootstrapper - Found 1 custom documentation plugin(s)
2020-05-27 15:40:56.346 [main] INFO  s.d.spring.web.scanners.ApiListingReferenceScanner - Scanning for api listing references
2020-05-27 15:40:56.476 [main] INFO  s.d.s.w.r.operation.CachingOperationNameGenerator - Generating unique operation named: uploadHeadUsingPOST_1
2020-05-27 15:40:56.517 [main] INFO  s.d.s.w.r.operation.CachingOperationNameGenerator - Generating unique operation named: findByIdUsingGET_1
2020-05-27 15:40:56.522 [main] INFO  s.d.s.w.r.operation.CachingOperationNameGenerator - Generating unique operation named: uploadHeadUsingPOST_2
2020-05-27 15:40:56.534 [main] INFO  org.apache.coyote.http11.Http11NioProtocol - Starting ProtocolHandler ["http-nio-9004"]
2020-05-27 15:40:56.559 [main] INFO  o.s.boot.web.embedded.tomcat.TomcatWebServer - Tomcat started on port(s): 9004 (http) with context path ''
2020-05-27 15:40:56.562 [main] INFO  com.nine.one.yuedu.read.NineOneYueDuApplication - Started NineOneYueDuApplication in 3.54 seconds (JVM running for 4.001)
2020-05-27 15:41:01.816 [http-nio-9004-exec-1] INFO  o.a.c.core.ContainerBase.[Tomcat].[localhost].[/] - Initializing Spring DispatcherServlet 'dispatcherServlet'
2020-05-27 15:41:01.816 [http-nio-9004-exec-1] INFO  org.springframework.web.servlet.DispatcherServlet - Initializing Servlet 'dispatcherServlet'
2020-05-27 15:41:01.820 [http-nio-9004-exec-1] INFO  org.springframework.web.servlet.DispatcherServlet - Completed initialization in 4 ms
2020-05-27 15:43:52.220 [SpringContextShutdownHook] INFO  o.s.scheduling.concurrent.ThreadPoolTaskExecutor - Shutting down ExecutorService 'applicationTaskExecutor'
2020-05-27 15:43:52.226 [SpringContextShutdownHook] INFO  com.alibaba.druid.pool.DruidDataSource - {dataSource-1} closed
2020-05-27 15:43:54.900 [main] INFO  com.nine.one.yuedu.read.NineOneYueDuApplication - Starting NineOneYueDuApplication on 192.168.0.104 with PID 48726 (/Users/wangyuliang/ideaProjects/91yuedu-read/target/classes started by wangyuliang in /Users/wangyuliang/ideaProjects/91yuedu-read)
2020-05-27 15:43:54.902 [main] INFO  com.nine.one.yuedu.read.NineOneYueDuApplication - No active profile set, falling back to default profiles: default
2020-05-27 15:43:55.527 [main] INFO  o.s.d.r.config.RepositoryConfigurationDelegate - Multiple Spring Data modules found, entering strict repository configuration mode!
2020-05-27 15:43:55.529 [main] INFO  o.s.d.r.config.RepositoryConfigurationDelegate - Bootstrapping Spring Data Redis repositories in DEFAULT mode.
2020-05-27 15:43:55.556 [main] INFO  o.s.d.r.config.RepositoryConfigurationDelegate - Finished Spring Data repository scanning in 16ms. Found 0 Redis repository interfaces.
2020-05-27 15:43:55.922 [main] INFO  o.s.boot.web.embedded.tomcat.TomcatWebServer - Tomcat initialized with port(s): 9004 (http)
2020-05-27 15:43:55.928 [main] INFO  org.apache.coyote.http11.Http11NioProtocol - Initializing ProtocolHandler ["http-nio-9004"]
2020-05-27 15:43:55.928 [main] INFO  org.apache.catalina.core.StandardService - Starting service [Tomcat]
2020-05-27 15:43:55.929 [main] INFO  org.apache.catalina.core.StandardEngine - Starting Servlet engine: [Apache Tomcat/9.0.33]
2020-05-27 15:43:55.982 [main] INFO  o.a.c.core.ContainerBase.[Tomcat].[localhost].[/] - Initializing Spring embedded WebApplicationContext
2020-05-27 15:43:55.982 [main] INFO  org.springframework.web.context.ContextLoader - Root WebApplicationContext: initialization completed in 1054 ms
2020-05-27 15:43:56.123 [main] INFO  c.a.d.s.b.a.DruidDataSourceAutoConfigure - Init DruidDataSource
2020-05-27 15:43:56.622 [main] INFO  com.alibaba.druid.pool.DruidDataSource - {dataSource-1} inited
2020-05-27 15:43:57.366 [main] INFO  s.d.s.w.PropertySourcedRequestMappingHandlerMapping - Mapped URL path [/v2/api-docs] onto method [springfox.documentation.swagger2.web.Swagger2Controller#getDocumentation(String, HttpServletRequest)]
2020-05-27 15:43:57.404 [main] INFO  o.s.b.a.s.s.UserDetailsServiceAutoConfiguration - 

Using generated security password: f53a3b45-3487-4a0b-bf2e-b3e510f1a264

2020-05-27 15:43:57.460 [main] INFO  o.s.security.web.DefaultSecurityFilterChain - Creating filter chain: any request, [org.springframework.security.web.context.request.async.WebAsyncManagerIntegrationFilter@110b7837, org.springframework.security.web.context.SecurityContextPersistenceFilter@521441d5, org.springframework.security.web.header.HeaderWriterFilter@1f10fec6, org.springframework.security.web.authentication.logout.LogoutFilter@6a3fbcb1, org.springframework.security.web.savedrequest.RequestCacheAwareFilter@5fed9976, org.springframework.security.web.servletapi.SecurityContextHolderAwareRequestFilter@6b37df8e, org.springframework.security.web.authentication.AnonymousAuthenticationFilter@6ee88e21, org.springframework.security.web.session.SessionManagementFilter@72ce812e, org.springframework.security.web.access.ExceptionTranslationFilter@7c46c9c3, org.springframework.security.web.access.intercept.FilterSecurityInterceptor@9cfc77]
2020-05-27 15:43:57.534 [main] INFO  o.s.scheduling.concurrent.ThreadPoolTaskExecutor - Initializing ExecutorService 'applicationTaskExecutor'
2020-05-27 15:43:57.873 [main] INFO  s.d.s.web.plugins.DocumentationPluginsBootstrapper - Context refreshed
2020-05-27 15:43:57.884 [main] INFO  s.d.s.web.plugins.DocumentationPluginsBootstrapper - Found 1 custom documentation plugin(s)
2020-05-27 15:43:57.905 [main] INFO  s.d.spring.web.scanners.ApiListingReferenceScanner - Scanning for api listing references
2020-05-27 15:43:58.041 [main] INFO  s.d.s.w.r.operation.CachingOperationNameGenerator - Generating unique operation named: uploadHeadUsingPOST_1
2020-05-27 15:43:58.087 [main] INFO  s.d.s.w.r.operation.CachingOperationNameGenerator - Generating unique operation named: findByIdUsingGET_1
2020-05-27 15:43:58.092 [main] INFO  s.d.s.w.r.operation.CachingOperationNameGenerator - Generating unique operation named: uploadHeadUsingPOST_2
2020-05-27 15:43:58.105 [main] INFO  org.apache.coyote.http11.Http11NioProtocol - Starting ProtocolHandler ["http-nio-9004"]
2020-05-27 15:43:58.130 [main] INFO  o.s.boot.web.embedded.tomcat.TomcatWebServer - Tomcat started on port(s): 9004 (http) with context path ''
2020-05-27 15:43:58.133 [main] INFO  com.nine.one.yuedu.read.NineOneYueDuApplication - Started NineOneYueDuApplication in 3.463 seconds (JVM running for 3.919)
2020-05-27 15:44:01.054 [http-nio-9004-exec-1] INFO  o.a.c.core.ContainerBase.[Tomcat].[localhost].[/] - Initializing Spring DispatcherServlet 'dispatcherServlet'
2020-05-27 15:44:01.054 [http-nio-9004-exec-1] INFO  org.springframework.web.servlet.DispatcherServlet - Initializing Servlet 'dispatcherServlet'
2020-05-27 15:44:01.058 [http-nio-9004-exec-1] INFO  org.springframework.web.servlet.DispatcherServlet - Completed initialization in 4 ms
2020-05-27 15:45:34.777 [SpringContextShutdownHook] INFO  o.s.scheduling.concurrent.ThreadPoolTaskExecutor - Shutting down ExecutorService 'applicationTaskExecutor'
2020-05-27 15:45:34.784 [SpringContextShutdownHook] INFO  com.alibaba.druid.pool.DruidDataSource - {dataSource-1} closed
2020-05-27 15:45:37.659 [main] INFO  com.nine.one.yuedu.read.NineOneYueDuApplication - Starting NineOneYueDuApplication on 192.168.0.104 with PID 48761 (/Users/wangyuliang/ideaProjects/91yuedu-read/target/classes started by wangyuliang in /Users/wangyuliang/ideaProjects/91yuedu-read)
2020-05-27 15:45:37.661 [main] INFO  com.nine.one.yuedu.read.NineOneYueDuApplication - No active profile set, falling back to default profiles: default
2020-05-27 15:45:38.343 [main] INFO  o.s.d.r.config.RepositoryConfigurationDelegate - Multiple Spring Data modules found, entering strict repository configuration mode!
2020-05-27 15:45:38.345 [main] INFO  o.s.d.r.config.RepositoryConfigurationDelegate - Bootstrapping Spring Data Redis repositories in DEFAULT mode.
2020-05-27 15:45:38.374 [main] INFO  o.s.d.r.config.RepositoryConfigurationDelegate - Finished Spring Data repository scanning in 17ms. Found 0 Redis repository interfaces.
2020-05-27 15:45:38.765 [main] INFO  o.s.boot.web.embedded.tomcat.TomcatWebServer - Tomcat initialized with port(s): 9004 (http)
2020-05-27 15:45:38.771 [main] INFO  org.apache.coyote.http11.Http11NioProtocol - Initializing ProtocolHandler ["http-nio-9004"]
2020-05-27 15:45:38.771 [main] INFO  org.apache.catalina.core.StandardService - Starting service [Tomcat]
2020-05-27 15:45:38.771 [main] INFO  org.apache.catalina.core.StandardEngine - Starting Servlet engine: [Apache Tomcat/9.0.33]
2020-05-27 15:45:38.823 [main] INFO  o.a.c.core.ContainerBase.[Tomcat].[localhost].[/] - Initializing Spring embedded WebApplicationContext
2020-05-27 15:45:38.823 [main] INFO  org.springframework.web.context.ContextLoader - Root WebApplicationContext: initialization completed in 1133 ms
2020-05-27 15:45:38.968 [main] INFO  c.a.d.s.b.a.DruidDataSourceAutoConfigure - Init DruidDataSource
2020-05-27 15:45:39.472 [main] INFO  com.alibaba.druid.pool.DruidDataSource - {dataSource-1} inited
2020-05-27 15:45:40.306 [main] INFO  s.d.s.w.PropertySourcedRequestMappingHandlerMapping - Mapped URL path [/v2/api-docs] onto method [springfox.documentation.swagger2.web.Swagger2Controller#getDocumentation(String, HttpServletRequest)]
2020-05-27 15:45:40.348 [main] INFO  o.s.b.a.s.s.UserDetailsServiceAutoConfiguration - 

Using generated security password: c0e75862-d757-4cf7-9d02-4b0d199efbc5

2020-05-27 15:45:40.412 [main] INFO  o.s.security.web.DefaultSecurityFilterChain - Creating filter chain: any request, [org.springframework.security.web.context.request.async.WebAsyncManagerIntegrationFilter@59018eed, org.springframework.security.web.context.SecurityContextPersistenceFilter@6f6cc7da, org.springframework.security.web.header.HeaderWriterFilter@37e0056e, org.springframework.security.web.authentication.logout.LogoutFilter@2f3928ac, org.springframework.security.web.savedrequest.RequestCacheAwareFilter@29f3c438, org.springframework.security.web.servletapi.SecurityContextHolderAwareRequestFilter@27960b1e, org.springframework.security.web.authentication.AnonymousAuthenticationFilter@2ee39e73, org.springframework.security.web.session.SessionManagementFilter@724bf25f, org.springframework.security.web.access.ExceptionTranslationFilter@2199e845, org.springframework.security.web.access.intercept.FilterSecurityInterceptor@d653e41]
2020-05-27 15:45:40.504 [main] INFO  o.s.scheduling.concurrent.ThreadPoolTaskExecutor - Initializing ExecutorService 'applicationTaskExecutor'
2020-05-27 15:45:40.853 [main] INFO  s.d.s.web.plugins.DocumentationPluginsBootstrapper - Context refreshed
2020-05-27 15:45:40.863 [main] INFO  s.d.s.web.plugins.DocumentationPluginsBootstrapper - Found 1 custom documentation plugin(s)
2020-05-27 15:45:40.886 [main] INFO  s.d.spring.web.scanners.ApiListingReferenceScanner - Scanning for api listing references
2020-05-27 15:45:41.028 [main] INFO  s.d.s.w.r.operation.CachingOperationNameGenerator - Generating unique operation named: uploadHeadUsingPOST_1
2020-05-27 15:45:41.073 [main] INFO  s.d.s.w.r.operation.CachingOperationNameGenerator - Generating unique operation named: findByIdUsingGET_1
2020-05-27 15:45:41.079 [main] INFO  s.d.s.w.r.operation.CachingOperationNameGenerator - Generating unique operation named: uploadHeadUsingPOST_2
2020-05-27 15:45:41.092 [main] INFO  org.apache.coyote.http11.Http11NioProtocol - Starting ProtocolHandler ["http-nio-9004"]
2020-05-27 15:45:41.117 [main] INFO  o.s.boot.web.embedded.tomcat.TomcatWebServer - Tomcat started on port(s): 9004 (http) with context path ''
2020-05-27 15:45:41.119 [main] INFO  com.nine.one.yuedu.read.NineOneYueDuApplication - Started NineOneYueDuApplication in 3.714 seconds (JVM running for 4.208)
2020-05-27 15:45:44.464 [http-nio-9004-exec-1] INFO  o.a.c.core.ContainerBase.[Tomcat].[localhost].[/] - Initializing Spring DispatcherServlet 'dispatcherServlet'
2020-05-27 15:45:44.464 [http-nio-9004-exec-1] INFO  org.springframework.web.servlet.DispatcherServlet - Initializing Servlet 'dispatcherServlet'
2020-05-27 15:45:44.469 [http-nio-9004-exec-1] INFO  org.springframework.web.servlet.DispatcherServlet - Completed initialization in 5 ms
2020-05-27 15:46:35.571 [SpringContextShutdownHook] INFO  o.s.scheduling.concurrent.ThreadPoolTaskExecutor - Shutting down ExecutorService 'applicationTaskExecutor'
2020-05-27 15:46:35.576 [SpringContextShutdownHook] INFO  com.alibaba.druid.pool.DruidDataSource - {dataSource-1} closed
2020-05-27 15:46:38.331 [main] INFO  com.nine.one.yuedu.read.NineOneYueDuApplication - Starting NineOneYueDuApplication on 192.168.0.104 with PID 48774 (/Users/wangyuliang/ideaProjects/91yuedu-read/target/classes started by wangyuliang in /Users/wangyuliang/ideaProjects/91yuedu-read)
2020-05-27 15:46:38.333 [main] INFO  com.nine.one.yuedu.read.NineOneYueDuApplication - No active profile set, falling back to default profiles: default
2020-05-27 15:46:38.979 [main] INFO  o.s.d.r.config.RepositoryConfigurationDelegate - Multiple Spring Data modules found, entering strict repository configuration mode!
2020-05-27 15:46:38.981 [main] INFO  o.s.d.r.config.RepositoryConfigurationDelegate - Bootstrapping Spring Data Redis repositories in DEFAULT mode.
2020-05-27 15:46:39.011 [main] INFO  o.s.d.r.config.RepositoryConfigurationDelegate - Finished Spring Data repository scanning in 18ms. Found 0 Redis repository interfaces.
2020-05-27 15:46:39.393 [main] INFO  o.s.boot.web.embedded.tomcat.TomcatWebServer - Tomcat initialized with port(s): 9004 (http)
2020-05-27 15:46:39.399 [main] INFO  org.apache.coyote.http11.Http11NioProtocol - Initializing ProtocolHandler ["http-nio-9004"]
2020-05-27 15:46:39.400 [main] INFO  org.apache.catalina.core.StandardService - Starting service [Tomcat]
2020-05-27 15:46:39.400 [main] INFO  org.apache.catalina.core.StandardEngine - Starting Servlet engine: [Apache Tomcat/9.0.33]
2020-05-27 15:46:39.450 [main] INFO  o.a.c.core.ContainerBase.[Tomcat].[localhost].[/] - Initializing Spring embedded WebApplicationContext
2020-05-27 15:46:39.451 [main] INFO  org.springframework.web.context.ContextLoader - Root WebApplicationContext: initialization completed in 1091 ms
2020-05-27 15:46:39.591 [main] INFO  c.a.d.s.b.a.DruidDataSourceAutoConfigure - Init DruidDataSource
2020-05-27 15:46:40.074 [main] INFO  com.alibaba.druid.pool.DruidDataSource - {dataSource-1} inited
2020-05-27 15:46:40.908 [main] INFO  s.d.s.w.PropertySourcedRequestMappingHandlerMapping - Mapped URL path [/v2/api-docs] onto method [springfox.documentation.swagger2.web.Swagger2Controller#getDocumentation(String, HttpServletRequest)]
2020-05-27 15:46:40.951 [main] INFO  o.s.b.a.s.s.UserDetailsServiceAutoConfiguration - 

Using generated security password: fab821d0-201a-436c-98a3-f44f05cfc6e7

2020-05-27 15:46:41.012 [main] INFO  o.s.security.web.DefaultSecurityFilterChain - Creating filter chain: any request, [org.springframework.security.web.context.request.async.WebAsyncManagerIntegrationFilter@7889b4b9, org.springframework.security.web.context.SecurityContextPersistenceFilter@1ef31f71, org.springframework.security.web.header.HeaderWriterFilter@4665428b, org.springframework.security.web.authentication.logout.LogoutFilter@3d3a1903, org.springframework.security.web.savedrequest.RequestCacheAwareFilter@35787726, org.springframework.security.web.servletapi.SecurityContextHolderAwareRequestFilter@42679fc2, org.springframework.security.web.authentication.AnonymousAuthenticationFilter@1e545821, org.springframework.security.web.session.SessionManagementFilter@6637a365, org.springframework.security.web.access.ExceptionTranslationFilter@644a3add, org.springframework.security.web.access.intercept.FilterSecurityInterceptor@1c297897]
2020-05-27 15:46:41.096 [main] INFO  o.s.scheduling.concurrent.ThreadPoolTaskExecutor - Initializing ExecutorService 'applicationTaskExecutor'
2020-05-27 15:46:41.444 [main] INFO  s.d.s.web.plugins.DocumentationPluginsBootstrapper - Context refreshed
2020-05-27 15:46:41.455 [main] INFO  s.d.s.web.plugins.DocumentationPluginsBootstrapper - Found 1 custom documentation plugin(s)
2020-05-27 15:46:41.477 [main] INFO  s.d.spring.web.scanners.ApiListingReferenceScanner - Scanning for api listing references
2020-05-27 15:46:41.615 [main] INFO  s.d.s.w.r.operation.CachingOperationNameGenerator - Generating unique operation named: uploadHeadUsingPOST_1
2020-05-27 15:46:41.660 [main] INFO  s.d.s.w.r.operation.CachingOperationNameGenerator - Generating unique operation named: findByIdUsingGET_1
2020-05-27 15:46:41.665 [main] INFO  s.d.s.w.r.operation.CachingOperationNameGenerator - Generating unique operation named: uploadHeadUsingPOST_2
2020-05-27 15:46:41.678 [main] INFO  org.apache.coyote.http11.Http11NioProtocol - Starting ProtocolHandler ["http-nio-9004"]
2020-05-27 15:46:41.704 [main] INFO  o.s.boot.web.embedded.tomcat.TomcatWebServer - Tomcat started on port(s): 9004 (http) with context path ''
2020-05-27 15:46:41.706 [main] INFO  com.nine.one.yuedu.read.NineOneYueDuApplication - Started NineOneYueDuApplication in 3.618 seconds (JVM running for 4.091)
2020-05-27 15:46:44.097 [http-nio-9004-exec-1] INFO  o.a.c.core.ContainerBase.[Tomcat].[localhost].[/] - Initializing Spring DispatcherServlet 'dispatcherServlet'
2020-05-27 15:46:44.097 [http-nio-9004-exec-1] INFO  org.springframework.web.servlet.DispatcherServlet - Initializing Servlet 'dispatcherServlet'
2020-05-27 15:46:44.101 [http-nio-9004-exec-1] INFO  org.springframework.web.servlet.DispatcherServlet - Completed initialization in 4 ms
2020-05-27 15:58:23.853 [SpringContextShutdownHook] INFO  o.s.scheduling.concurrent.ThreadPoolTaskExecutor - Shutting down ExecutorService 'applicationTaskExecutor'
2020-05-27 15:58:23.860 [SpringContextShutdownHook] INFO  com.alibaba.druid.pool.DruidDataSource - {dataSource-1} closed
2020-05-27 16:10:39.805 [main] INFO  com.nine.one.yuedu.read.NineOneYueDuApplication - Starting NineOneYueDuApplication on 192.168.0.104 with PID 49046 (/Users/wangyuliang/ideaProjects/91yuedu-read/target/classes started by wangyuliang in /Users/wangyuliang/ideaProjects/91yuedu-read)
2020-05-27 16:10:39.807 [main] INFO  com.nine.one.yuedu.read.NineOneYueDuApplication - No active profile set, falling back to default profiles: default
2020-05-27 16:10:40.628 [main] INFO  o.s.d.r.config.RepositoryConfigurationDelegate - Multiple Spring Data modules found, entering strict repository configuration mode!
2020-05-27 16:10:40.631 [main] INFO  o.s.d.r.config.RepositoryConfigurationDelegate - Bootstrapping Spring Data Redis repositories in DEFAULT mode.
2020-05-27 16:10:40.668 [main] INFO  o.s.d.r.config.RepositoryConfigurationDelegate - Finished Spring Data repository scanning in 19ms. Found 0 Redis repository interfaces.
2020-05-27 16:10:41.149 [main] INFO  o.s.boot.web.embedded.tomcat.TomcatWebServer - Tomcat initialized with port(s): 9004 (http)
2020-05-27 16:10:41.156 [main] INFO  org.apache.coyote.http11.Http11NioProtocol - Initializing ProtocolHandler ["http-nio-9004"]
2020-05-27 16:10:41.156 [main] INFO  org.apache.catalina.core.StandardService - Starting service [Tomcat]
2020-05-27 16:10:41.156 [main] INFO  org.apache.catalina.core.StandardEngine - Starting Servlet engine: [Apache Tomcat/9.0.33]
2020-05-27 16:10:41.216 [main] INFO  o.a.c.core.ContainerBase.[Tomcat].[localhost].[/] - Initializing Spring embedded WebApplicationContext
2020-05-27 16:10:41.216 [main] INFO  org.springframework.web.context.ContextLoader - Root WebApplicationContext: initialization completed in 1374 ms
2020-05-27 16:10:41.379 [main] INFO  c.a.d.s.b.a.DruidDataSourceAutoConfigure - Init DruidDataSource
2020-05-27 16:10:41.897 [main] INFO  com.alibaba.druid.pool.DruidDataSource - {dataSource-1} inited
2020-05-27 16:10:44.401 [main] INFO  s.d.s.w.PropertySourcedRequestMappingHandlerMapping - Mapped URL path [/v2/api-docs] onto method [springfox.documentation.swagger2.web.Swagger2Controller#getDocumentation(String, HttpServletRequest)]
2020-05-27 16:10:44.460 [main] INFO  o.s.b.a.s.s.UserDetailsServiceAutoConfiguration - 

Using generated security password: af5abb59-11cd-45cb-a8a2-9b5dcb9ca50a

2020-05-27 16:10:44.547 [main] INFO  o.s.security.web.DefaultSecurityFilterChain - Creating filter chain: any request, [org.springframework.security.web.context.request.async.WebAsyncManagerIntegrationFilter@265a094b, org.springframework.security.web.context.SecurityContextPersistenceFilter@7c5df615, org.springframework.security.web.header.HeaderWriterFilter@4f363abd, org.springframework.security.web.authentication.logout.LogoutFilter@3375ebd3, org.springframework.security.web.savedrequest.RequestCacheAwareFilter@377949f1, org.springframework.security.web.servletapi.SecurityContextHolderAwareRequestFilter@4a70d302, org.springframework.security.web.authentication.AnonymousAuthenticationFilter@1f536481, org.springframework.security.web.session.SessionManagementFilter@5f08fe00, org.springframework.security.web.access.ExceptionTranslationFilter@5fed9976, org.springframework.security.web.access.intercept.FilterSecurityInterceptor@6b8d54da]
2020-05-27 16:10:44.640 [main] INFO  o.s.scheduling.concurrent.ThreadPoolTaskExecutor - Initializing ExecutorService 'applicationTaskExecutor'
2020-05-27 16:10:45.103 [main] INFO  s.d.s.web.plugins.DocumentationPluginsBootstrapper - Context refreshed
2020-05-27 16:10:45.121 [main] INFO  s.d.s.web.plugins.DocumentationPluginsBootstrapper - Found 1 custom documentation plugin(s)
2020-05-27 16:10:45.148 [main] INFO  s.d.spring.web.scanners.ApiListingReferenceScanner - Scanning for api listing references
2020-05-27 16:10:45.293 [main] INFO  s.d.s.w.r.operation.CachingOperationNameGenerator - Generating unique operation named: uploadHeadUsingPOST_1
2020-05-27 16:10:45.335 [main] INFO  s.d.s.w.r.operation.CachingOperationNameGenerator - Generating unique operation named: findByIdUsingGET_1
2020-05-27 16:10:45.340 [main] INFO  s.d.s.w.r.operation.CachingOperationNameGenerator - Generating unique operation named: uploadHeadUsingPOST_2
2020-05-27 16:10:45.354 [main] INFO  org.apache.coyote.http11.Http11NioProtocol - Starting ProtocolHandler ["http-nio-9004"]
2020-05-27 16:10:45.380 [main] INFO  o.s.boot.web.embedded.tomcat.TomcatWebServer - Tomcat started on port(s): 9004 (http) with context path ''
2020-05-27 16:10:45.383 [main] INFO  com.nine.one.yuedu.read.NineOneYueDuApplication - Started NineOneYueDuApplication in 5.868 seconds (JVM running for 6.393)
2020-05-27 16:11:06.211 [http-nio-9004-exec-1] INFO  o.a.c.core.ContainerBase.[Tomcat].[localhost].[/] - Initializing Spring DispatcherServlet 'dispatcherServlet'
2020-05-27 16:11:06.212 [http-nio-9004-exec-1] INFO  org.springframework.web.servlet.DispatcherServlet - Initializing Servlet 'dispatcherServlet'
2020-05-27 16:11:06.218 [http-nio-9004-exec-1] INFO  org.springframework.web.servlet.DispatcherServlet - Completed initialization in 6 ms
2020-05-27 16:16:11.778 [SpringContextShutdownHook] INFO  o.s.scheduling.concurrent.ThreadPoolTaskExecutor - Shutting down ExecutorService 'applicationTaskExecutor'
2020-05-27 16:16:11.784 [SpringContextShutdownHook] INFO  com.alibaba.druid.pool.DruidDataSource - {dataSource-1} closed
2020-05-27 16:16:24.613 [main] INFO  com.nine.one.yuedu.read.NineOneYueDuApplication - Starting NineOneYueDuApplication on 192.168.0.104 with PID 49116 (/Users/wangyuliang/ideaProjects/91yuedu-read/target/classes started by wangyuliang in /Users/wangyuliang/ideaProjects/91yuedu-read)
2020-05-27 16:16:24.615 [main] INFO  com.nine.one.yuedu.read.NineOneYueDuApplication - No active profile set, falling back to default profiles: default
2020-05-27 16:16:25.278 [main] INFO  o.s.d.r.config.RepositoryConfigurationDelegate - Multiple Spring Data modules found, entering strict repository configuration mode!
2020-05-27 16:16:25.279 [main] INFO  o.s.d.r.config.RepositoryConfigurationDelegate - Bootstrapping Spring Data Redis repositories in DEFAULT mode.
2020-05-27 16:16:25.307 [main] INFO  o.s.d.r.config.RepositoryConfigurationDelegate - Finished Spring Data repository scanning in 16ms. Found 0 Redis repository interfaces.
2020-05-27 16:16:25.688 [main] INFO  o.s.boot.web.embedded.tomcat.TomcatWebServer - Tomcat initialized with port(s): 9004 (http)
2020-05-27 16:16:25.694 [main] INFO  org.apache.coyote.http11.Http11NioProtocol - Initializing ProtocolHandler ["http-nio-9004"]
2020-05-27 16:16:25.695 [main] INFO  org.apache.catalina.core.StandardService - Starting service [Tomcat]
2020-05-27 16:16:25.695 [main] INFO  org.apache.catalina.core.StandardEngine - Starting Servlet engine: [Apache Tomcat/9.0.33]
2020-05-27 16:16:25.753 [main] INFO  o.a.c.core.ContainerBase.[Tomcat].[localhost].[/] - Initializing Spring embedded WebApplicationContext
2020-05-27 16:16:25.753 [main] INFO  org.springframework.web.context.ContextLoader - Root WebApplicationContext: initialization completed in 1105 ms
2020-05-27 16:16:25.900 [main] INFO  c.a.d.s.b.a.DruidDataSourceAutoConfigure - Init DruidDataSource
2020-05-27 16:16:26.489 [main] INFO  com.alibaba.druid.pool.DruidDataSource - {dataSource-1} inited
2020-05-27 16:16:27.296 [main] INFO  s.d.s.w.PropertySourcedRequestMappingHandlerMapping - Mapped URL path [/v2/api-docs] onto method [springfox.documentation.swagger2.web.Swagger2Controller#getDocumentation(String, HttpServletRequest)]
2020-05-27 16:16:27.336 [main] INFO  o.s.b.a.s.s.UserDetailsServiceAutoConfiguration - 

Using generated security password: 0e312f9f-5870-4c39-882b-6983298a8b85

2020-05-27 16:16:27.391 [main] INFO  o.s.security.web.DefaultSecurityFilterChain - Creating filter chain: any request, [org.springframework.security.web.context.request.async.WebAsyncManagerIntegrationFilter@44aa2e13, org.springframework.security.web.context.SecurityContextPersistenceFilter@77b5148c, org.springframework.security.web.header.HeaderWriterFilter@738a5848, org.springframework.security.web.authentication.logout.LogoutFilter@4017fe2c, org.springframework.security.web.savedrequest.RequestCacheAwareFilter@1ab14636, org.springframework.security.web.servletapi.SecurityContextHolderAwareRequestFilter@7197b07f, org.springframework.security.web.authentication.AnonymousAuthenticationFilter@599a9cb2, org.springframework.security.web.session.SessionManagementFilter@20d19f2c, org.springframework.security.web.access.ExceptionTranslationFilter@61f377d1, org.springframework.security.web.access.intercept.FilterSecurityInterceptor@3d3a1903]
2020-05-27 16:16:27.469 [main] INFO  o.s.scheduling.concurrent.ThreadPoolTaskExecutor - Initializing ExecutorService 'applicationTaskExecutor'
2020-05-27 16:16:27.796 [main] INFO  s.d.s.web.plugins.DocumentationPluginsBootstrapper - Context refreshed
2020-05-27 16:16:27.807 [main] INFO  s.d.s.web.plugins.DocumentationPluginsBootstrapper - Found 1 custom documentation plugin(s)
2020-05-27 16:16:27.827 [main] INFO  s.d.spring.web.scanners.ApiListingReferenceScanner - Scanning for api listing references
2020-05-27 16:16:27.955 [main] INFO  s.d.s.w.r.operation.CachingOperationNameGenerator - Generating unique operation named: uploadHeadUsingPOST_1
2020-05-27 16:16:27.998 [main] INFO  s.d.s.w.r.operation.CachingOperationNameGenerator - Generating unique operation named: findByIdUsingGET_1
2020-05-27 16:16:28.004 [main] INFO  s.d.s.w.r.operation.CachingOperationNameGenerator - Generating unique operation named: uploadHeadUsingPOST_2
2020-05-27 16:16:28.016 [main] INFO  org.apache.coyote.http11.Http11NioProtocol - Starting ProtocolHandler ["http-nio-9004"]
2020-05-27 16:16:28.041 [main] INFO  o.s.boot.web.embedded.tomcat.TomcatWebServer - Tomcat started on port(s): 9004 (http) with context path ''
2020-05-27 16:16:28.043 [main] INFO  com.nine.one.yuedu.read.NineOneYueDuApplication - Started NineOneYueDuApplication in 3.695 seconds (JVM running for 4.199)
2020-05-27 16:16:32.547 [http-nio-9004-exec-1] INFO  o.a.c.core.ContainerBase.[Tomcat].[localhost].[/] - Initializing Spring DispatcherServlet 'dispatcherServlet'
2020-05-27 16:16:32.548 [http-nio-9004-exec-1] INFO  org.springframework.web.servlet.DispatcherServlet - Initializing Servlet 'dispatcherServlet'
2020-05-27 16:16:32.552 [http-nio-9004-exec-1] INFO  org.springframework.web.servlet.DispatcherServlet - Completed initialization in 4 ms
2020-05-27 16:17:10.116 [SpringContextShutdownHook] INFO  o.s.scheduling.concurrent.ThreadPoolTaskExecutor - Shutting down ExecutorService 'applicationTaskExecutor'
2020-05-27 16:17:10.121 [SpringContextShutdownHook] INFO  com.alibaba.druid.pool.DruidDataSource - {dataSource-1} closed
2020-05-27 16:17:12.755 [main] INFO  com.nine.one.yuedu.read.NineOneYueDuApplication - Starting NineOneYueDuApplication on 192.168.0.104 with PID 49129 (/Users/wangyuliang/ideaProjects/91yuedu-read/target/classes started by wangyuliang in /Users/wangyuliang/ideaProjects/91yuedu-read)
2020-05-27 16:17:12.757 [main] INFO  com.nine.one.yuedu.read.NineOneYueDuApplication - No active profile set, falling back to default profiles: default
2020-05-27 16:17:13.402 [main] INFO  o.s.d.r.config.RepositoryConfigurationDelegate - Multiple Spring Data modules found, entering strict repository configuration mode!
2020-05-27 16:17:13.403 [main] INFO  o.s.d.r.config.RepositoryConfigurationDelegate - Bootstrapping Spring Data Redis repositories in DEFAULT mode.
2020-05-27 16:17:13.430 [main] INFO  o.s.d.r.config.RepositoryConfigurationDelegate - Finished Spring Data repository scanning in 16ms. Found 0 Redis repository interfaces.
2020-05-27 16:17:13.803 [main] INFO  o.s.boot.web.embedded.tomcat.TomcatWebServer - Tomcat initialized with port(s): 9004 (http)
2020-05-27 16:17:13.808 [main] INFO  org.apache.coyote.http11.Http11NioProtocol - Initializing ProtocolHandler ["http-nio-9004"]
2020-05-27 16:17:13.809 [main] INFO  org.apache.catalina.core.StandardService - Starting service [Tomcat]
2020-05-27 16:17:13.809 [main] INFO  org.apache.catalina.core.StandardEngine - Starting Servlet engine: [Apache Tomcat/9.0.33]
2020-05-27 16:17:13.860 [main] INFO  o.a.c.core.ContainerBase.[Tomcat].[localhost].[/] - Initializing Spring embedded WebApplicationContext
2020-05-27 16:17:13.861 [main] INFO  org.springframework.web.context.ContextLoader - Root WebApplicationContext: initialization completed in 1072 ms
2020-05-27 16:17:14.002 [main] INFO  c.a.d.s.b.a.DruidDataSourceAutoConfigure - Init DruidDataSource
2020-05-27 16:17:14.525 [main] INFO  com.alibaba.druid.pool.DruidDataSource - {dataSource-1} inited
2020-05-27 16:17:17.299 [main] INFO  s.d.s.w.PropertySourcedRequestMappingHandlerMapping - Mapped URL path [/v2/api-docs] onto method [springfox.documentation.swagger2.web.Swagger2Controller#getDocumentation(String, HttpServletRequest)]
2020-05-27 16:17:17.345 [main] INFO  o.s.b.a.s.s.UserDetailsServiceAutoConfiguration - 

Using generated security password: dab74c4c-35c2-4a86-aebd-e8b657786e7c

2020-05-27 16:17:17.409 [main] INFO  o.s.security.web.DefaultSecurityFilterChain - Creating filter chain: any request, [org.springframework.security.web.context.request.async.WebAsyncManagerIntegrationFilter@265a094b, org.springframework.security.web.context.SecurityContextPersistenceFilter@7c5df615, org.springframework.security.web.header.HeaderWriterFilter@4f363abd, org.springframework.security.web.authentication.logout.LogoutFilter@3375ebd3, org.springframework.security.web.savedrequest.RequestCacheAwareFilter@377949f1, org.springframework.security.web.servletapi.SecurityContextHolderAwareRequestFilter@4a70d302, org.springframework.security.web.authentication.AnonymousAuthenticationFilter@1f536481, org.springframework.security.web.session.SessionManagementFilter@5f08fe00, org.springframework.security.web.access.ExceptionTranslationFilter@5fed9976, org.springframework.security.web.access.intercept.FilterSecurityInterceptor@6b8d54da]
2020-05-27 16:17:17.492 [main] INFO  o.s.scheduling.concurrent.ThreadPoolTaskExecutor - Initializing ExecutorService 'applicationTaskExecutor'
2020-05-27 16:17:17.847 [main] INFO  s.d.s.web.plugins.DocumentationPluginsBootstrapper - Context refreshed
2020-05-27 16:17:17.860 [main] INFO  s.d.s.web.plugins.DocumentationPluginsBootstrapper - Found 1 custom documentation plugin(s)
2020-05-27 16:17:17.884 [main] INFO  s.d.spring.web.scanners.ApiListingReferenceScanner - Scanning for api listing references
2020-05-27 16:17:18.026 [main] INFO  s.d.s.w.r.operation.CachingOperationNameGenerator - Generating unique operation named: uploadHeadUsingPOST_1
2020-05-27 16:17:18.071 [main] INFO  s.d.s.w.r.operation.CachingOperationNameGenerator - Generating unique operation named: findByIdUsingGET_1
2020-05-27 16:17:18.076 [main] INFO  s.d.s.w.r.operation.CachingOperationNameGenerator - Generating unique operation named: uploadHeadUsingPOST_2
2020-05-27 16:17:18.089 [main] INFO  org.apache.coyote.http11.Http11NioProtocol - Starting ProtocolHandler ["http-nio-9004"]
2020-05-27 16:17:18.115 [main] INFO  o.s.boot.web.embedded.tomcat.TomcatWebServer - Tomcat started on port(s): 9004 (http) with context path ''
2020-05-27 16:17:18.118 [main] INFO  com.nine.one.yuedu.read.NineOneYueDuApplication - Started NineOneYueDuApplication in 5.61 seconds (JVM running for 6.095)
2020-05-27 16:17:23.932 [http-nio-9004-exec-1] INFO  o.a.c.core.ContainerBase.[Tomcat].[localhost].[/] - Initializing Spring DispatcherServlet 'dispatcherServlet'
2020-05-27 16:17:23.932 [http-nio-9004-exec-1] INFO  org.springframework.web.servlet.DispatcherServlet - Initializing Servlet 'dispatcherServlet'
2020-05-27 16:17:23.937 [http-nio-9004-exec-1] INFO  org.springframework.web.servlet.DispatcherServlet - Completed initialization in 5 ms
2020-05-27 16:18:56.675 [SpringContextShutdownHook] INFO  o.s.scheduling.concurrent.ThreadPoolTaskExecutor - Shutting down ExecutorService 'applicationTaskExecutor'
2020-05-27 16:18:56.792 [SpringContextShutdownHook] INFO  com.alibaba.druid.pool.DruidDataSource - {dataSource-1} closed
2020-05-27 16:18:59.643 [main] INFO  com.nine.one.yuedu.read.NineOneYueDuApplication - Starting NineOneYueDuApplication on 192.168.0.104 with PID 49149 (/Users/wangyuliang/ideaProjects/91yuedu-read/target/classes started by wangyuliang in /Users/wangyuliang/ideaProjects/91yuedu-read)
2020-05-27 16:18:59.645 [main] INFO  com.nine.one.yuedu.read.NineOneYueDuApplication - No active profile set, falling back to default profiles: default
2020-05-27 16:19:00.292 [main] INFO  o.s.d.r.config.RepositoryConfigurationDelegate - Multiple Spring Data modules found, entering strict repository configuration mode!
2020-05-27 16:19:00.294 [main] INFO  o.s.d.r.config.RepositoryConfigurationDelegate - Bootstrapping Spring Data Redis repositories in DEFAULT mode.
2020-05-27 16:19:00.321 [main] INFO  o.s.d.r.config.RepositoryConfigurationDelegate - Finished Spring Data repository scanning in 16ms. Found 0 Redis repository interfaces.
2020-05-27 16:19:00.705 [main] INFO  o.s.boot.web.embedded.tomcat.TomcatWebServer - Tomcat initialized with port(s): 9004 (http)
2020-05-27 16:19:00.711 [main] INFO  org.apache.coyote.http11.Http11NioProtocol - Initializing ProtocolHandler ["http-nio-9004"]
2020-05-27 16:19:00.711 [main] INFO  org.apache.catalina.core.StandardService - Starting service [Tomcat]
2020-05-27 16:19:00.712 [main] INFO  org.apache.catalina.core.StandardEngine - Starting Servlet engine: [Apache Tomcat/9.0.33]
2020-05-27 16:19:00.763 [main] INFO  o.a.c.core.ContainerBase.[Tomcat].[localhost].[/] - Initializing Spring embedded WebApplicationContext
2020-05-27 16:19:00.763 [main] INFO  org.springframework.web.context.ContextLoader - Root WebApplicationContext: initialization completed in 1089 ms
2020-05-27 16:19:00.903 [main] INFO  c.a.d.s.b.a.DruidDataSourceAutoConfigure - Init DruidDataSource
2020-05-27 16:19:01.436 [main] INFO  com.alibaba.druid.pool.DruidDataSource - {dataSource-1} inited
2020-05-27 16:19:02.219 [main] INFO  s.d.s.w.PropertySourcedRequestMappingHandlerMapping - Mapped URL path [/v2/api-docs] onto method [springfox.documentation.swagger2.web.Swagger2Controller#getDocumentation(String, HttpServletRequest)]
2020-05-27 16:19:02.260 [main] INFO  o.s.b.a.s.s.UserDetailsServiceAutoConfiguration - 

Using generated security password: d7db87e3-0acb-4409-89e2-8ec49c206f62

2020-05-27 16:19:02.320 [main] INFO  o.s.security.web.DefaultSecurityFilterChain - Creating filter chain: any request, [org.springframework.security.web.context.request.async.WebAsyncManagerIntegrationFilter@43d65a81, org.springframework.security.web.context.SecurityContextPersistenceFilter@7a65a360, org.springframework.security.web.header.HeaderWriterFilter@36359723, org.springframework.security.web.authentication.logout.LogoutFilter@9df564f, org.springframework.security.web.savedrequest.RequestCacheAwareFilter@7cff3f1d, org.springframework.security.web.servletapi.SecurityContextHolderAwareRequestFilter@521441d5, org.springframework.security.web.authentication.AnonymousAuthenticationFilter@9cfc77, org.springframework.security.web.session.SessionManagementFilter@7197b07f, org.springframework.security.web.access.ExceptionTranslationFilter@45592af7, org.springframework.security.web.access.intercept.FilterSecurityInterceptor@5e1a986c]
2020-05-27 16:19:02.404 [main] INFO  o.s.scheduling.concurrent.ThreadPoolTaskExecutor - Initializing ExecutorService 'applicationTaskExecutor'
2020-05-27 16:19:02.758 [main] INFO  s.d.s.web.plugins.DocumentationPluginsBootstrapper - Context refreshed
2020-05-27 16:19:02.769 [main] INFO  s.d.s.web.plugins.DocumentationPluginsBootstrapper - Found 1 custom documentation plugin(s)
2020-05-27 16:19:02.790 [main] INFO  s.d.spring.web.scanners.ApiListingReferenceScanner - Scanning for api listing references
2020-05-27 16:19:02.925 [main] INFO  s.d.s.w.r.operation.CachingOperationNameGenerator - Generating unique operation named: uploadHeadUsingPOST_1
2020-05-27 16:19:02.971 [main] INFO  s.d.s.w.r.operation.CachingOperationNameGenerator - Generating unique operation named: findByIdUsingGET_1
2020-05-27 16:19:02.976 [main] INFO  s.d.s.w.r.operation.CachingOperationNameGenerator - Generating unique operation named: uploadHeadUsingPOST_2
2020-05-27 16:19:02.989 [main] INFO  org.apache.coyote.http11.Http11NioProtocol - Starting ProtocolHandler ["http-nio-9004"]
2020-05-27 16:19:03.015 [main] INFO  o.s.boot.web.embedded.tomcat.TomcatWebServer - Tomcat started on port(s): 9004 (http) with context path ''
2020-05-27 16:19:03.017 [main] INFO  com.nine.one.yuedu.read.NineOneYueDuApplication - Started NineOneYueDuApplication in 3.622 seconds (JVM running for 4.108)
2020-05-27 16:19:06.195 [http-nio-9004-exec-1] INFO  o.a.c.core.ContainerBase.[Tomcat].[localhost].[/] - Initializing Spring DispatcherServlet 'dispatcherServlet'
2020-05-27 16:19:06.195 [http-nio-9004-exec-1] INFO  org.springframework.web.servlet.DispatcherServlet - Initializing Servlet 'dispatcherServlet'
2020-05-27 16:19:06.200 [http-nio-9004-exec-1] INFO  org.springframework.web.servlet.DispatcherServlet - Completed initialization in 5 ms
2020-05-27 16:20:12.898 [SpringContextShutdownHook] INFO  o.s.scheduling.concurrent.ThreadPoolTaskExecutor - Shutting down ExecutorService 'applicationTaskExecutor'
2020-05-27 16:20:12.904 [SpringContextShutdownHook] INFO  com.alibaba.druid.pool.DruidDataSource - {dataSource-1} closed
2020-05-27 16:20:15.466 [main] INFO  com.nine.one.yuedu.read.NineOneYueDuApplication - Starting NineOneYueDuApplication on 192.168.0.104 with PID 49165 (/Users/wangyuliang/ideaProjects/91yuedu-read/target/classes started by wangyuliang in /Users/wangyuliang/ideaProjects/91yuedu-read)
2020-05-27 16:20:15.467 [main] INFO  com.nine.one.yuedu.read.NineOneYueDuApplication - No active profile set, falling back to default profiles: default
2020-05-27 16:20:16.096 [main] INFO  o.s.d.r.config.RepositoryConfigurationDelegate - Multiple Spring Data modules found, entering strict repository configuration mode!
2020-05-27 16:20:16.098 [main] INFO  o.s.d.r.config.RepositoryConfigurationDelegate - Bootstrapping Spring Data Redis repositories in DEFAULT mode.
2020-05-27 16:20:16.127 [main] INFO  o.s.d.r.config.RepositoryConfigurationDelegate - Finished Spring Data repository scanning in 18ms. Found 0 Redis repository interfaces.
2020-05-27 16:20:16.481 [main] INFO  o.s.boot.web.embedded.tomcat.TomcatWebServer - Tomcat initialized with port(s): 9004 (http)
2020-05-27 16:20:16.486 [main] INFO  org.apache.coyote.http11.Http11NioProtocol - Initializing ProtocolHandler ["http-nio-9004"]
2020-05-27 16:20:16.487 [main] INFO  org.apache.catalina.core.StandardService - Starting service [Tomcat]
2020-05-27 16:20:16.487 [main] INFO  org.apache.catalina.core.StandardEngine - Starting Servlet engine: [Apache Tomcat/9.0.33]
2020-05-27 16:20:16.539 [main] INFO  o.a.c.core.ContainerBase.[Tomcat].[localhost].[/] - Initializing Spring embedded WebApplicationContext
2020-05-27 16:20:16.540 [main] INFO  org.springframework.web.context.ContextLoader - Root WebApplicationContext: initialization completed in 1044 ms
2020-05-27 16:20:16.680 [main] INFO  c.a.d.s.b.a.DruidDataSourceAutoConfigure - Init DruidDataSource
2020-05-27 16:20:17.175 [main] INFO  com.alibaba.druid.pool.DruidDataSource - {dataSource-1} inited
2020-05-27 16:20:17.932 [main] INFO  s.d.s.w.PropertySourcedRequestMappingHandlerMapping - Mapped URL path [/v2/api-docs] onto method [springfox.documentation.swagger2.web.Swagger2Controller#getDocumentation(String, HttpServletRequest)]
2020-05-27 16:20:17.968 [main] INFO  o.s.b.a.s.s.UserDetailsServiceAutoConfiguration - 

Using generated security password: 15c916c5-a109-4787-8647-56122892ad35

2020-05-27 16:20:18.023 [main] INFO  o.s.security.web.DefaultSecurityFilterChain - Creating filter chain: any request, [org.springframework.security.web.context.request.async.WebAsyncManagerIntegrationFilter@100aa331, org.springframework.security.web.context.SecurityContextPersistenceFilter@59636c47, org.springframework.security.web.header.HeaderWriterFilter@553d2579, org.springframework.security.web.authentication.logout.LogoutFilter@16b3c905, org.springframework.security.web.savedrequest.RequestCacheAwareFilter@6cbb175, org.springframework.security.web.servletapi.SecurityContextHolderAwareRequestFilter@70ede57d, org.springframework.security.web.authentication.AnonymousAuthenticationFilter@c2cf597, org.springframework.security.web.session.SessionManagementFilter@6467ddc7, org.springframework.security.web.access.ExceptionTranslationFilter@52b959df, org.springframework.security.web.access.intercept.FilterSecurityInterceptor@2199e845]
2020-05-27 16:20:18.108 [main] INFO  o.s.scheduling.concurrent.ThreadPoolTaskExecutor - Initializing ExecutorService 'applicationTaskExecutor'
2020-05-27 16:20:18.442 [main] INFO  s.d.s.web.plugins.DocumentationPluginsBootstrapper - Context refreshed
2020-05-27 16:20:18.454 [main] INFO  s.d.s.web.plugins.DocumentationPluginsBootstrapper - Found 1 custom documentation plugin(s)
2020-05-27 16:20:18.475 [main] INFO  s.d.spring.web.scanners.ApiListingReferenceScanner - Scanning for api listing references
2020-05-27 16:20:18.609 [main] INFO  s.d.s.w.r.operation.CachingOperationNameGenerator - Generating unique operation named: uploadHeadUsingPOST_1
2020-05-27 16:20:18.650 [main] INFO  s.d.s.w.r.operation.CachingOperationNameGenerator - Generating unique operation named: findByIdUsingGET_1
2020-05-27 16:20:18.655 [main] INFO  s.d.s.w.r.operation.CachingOperationNameGenerator - Generating unique operation named: uploadHeadUsingPOST_2
2020-05-27 16:20:18.668 [main] INFO  org.apache.coyote.http11.Http11NioProtocol - Starting ProtocolHandler ["http-nio-9004"]
2020-05-27 16:20:18.693 [main] INFO  o.s.boot.web.embedded.tomcat.TomcatWebServer - Tomcat started on port(s): 9004 (http) with context path ''
2020-05-27 16:20:18.696 [main] INFO  com.nine.one.yuedu.read.NineOneYueDuApplication - Started NineOneYueDuApplication in 3.468 seconds (JVM running for 3.933)
2020-05-27 16:20:22.672 [http-nio-9004-exec-1] INFO  o.a.c.core.ContainerBase.[Tomcat].[localhost].[/] - Initializing Spring DispatcherServlet 'dispatcherServlet'
2020-05-27 16:20:22.672 [http-nio-9004-exec-1] INFO  org.springframework.web.servlet.DispatcherServlet - Initializing Servlet 'dispatcherServlet'
2020-05-27 16:20:22.676 [http-nio-9004-exec-1] INFO  org.springframework.web.servlet.DispatcherServlet - Completed initialization in 4 ms
2020-05-27 16:20:41.030 [SpringContextShutdownHook] INFO  o.s.scheduling.concurrent.ThreadPoolTaskExecutor - Shutting down ExecutorService 'applicationTaskExecutor'
2020-05-27 16:20:41.035 [SpringContextShutdownHook] INFO  com.alibaba.druid.pool.DruidDataSource - {dataSource-1} closed
2020-05-27 16:20:43.799 [main] INFO  com.nine.one.yuedu.read.NineOneYueDuApplication - Starting NineOneYueDuApplication on 192.168.0.104 with PID 49175 (/Users/wangyuliang/ideaProjects/91yuedu-read/target/classes started by wangyuliang in /Users/wangyuliang/ideaProjects/91yuedu-read)
2020-05-27 16:20:43.802 [main] INFO  com.nine.one.yuedu.read.NineOneYueDuApplication - No active profile set, falling back to default profiles: default
2020-05-27 16:20:44.592 [main] INFO  o.s.d.r.config.RepositoryConfigurationDelegate - Multiple Spring Data modules found, entering strict repository configuration mode!
2020-05-27 16:20:44.594 [main] INFO  o.s.d.r.config.RepositoryConfigurationDelegate - Bootstrapping Spring Data Redis repositories in DEFAULT mode.
2020-05-27 16:20:44.622 [main] INFO  o.s.d.r.config.RepositoryConfigurationDelegate - Finished Spring Data repository scanning in 16ms. Found 0 Redis repository interfaces.
2020-05-27 16:20:44.985 [main] INFO  o.s.boot.web.embedded.tomcat.TomcatWebServer - Tomcat initialized with port(s): 9004 (http)
2020-05-27 16:20:44.991 [main] INFO  org.apache.coyote.http11.Http11NioProtocol - Initializing ProtocolHandler ["http-nio-9004"]
2020-05-27 16:20:44.992 [main] INFO  org.apache.catalina.core.StandardService - Starting service [Tomcat]
2020-05-27 16:20:44.992 [main] INFO  org.apache.catalina.core.StandardEngine - Starting Servlet engine: [Apache Tomcat/9.0.33]
2020-05-27 16:20:45.047 [main] INFO  o.a.c.core.ContainerBase.[Tomcat].[localhost].[/] - Initializing Spring embedded WebApplicationContext
2020-05-27 16:20:45.048 [main] INFO  org.springframework.web.context.ContextLoader - Root WebApplicationContext: initialization completed in 1214 ms
2020-05-27 16:20:45.228 [main] INFO  c.a.d.s.b.a.DruidDataSourceAutoConfigure - Init DruidDataSource
2020-05-27 16:20:45.761 [main] INFO  com.alibaba.druid.pool.DruidDataSource - {dataSource-1} inited
2020-05-27 16:20:46.616 [main] INFO  s.d.s.w.PropertySourcedRequestMappingHandlerMapping - Mapped URL path [/v2/api-docs] onto method [springfox.documentation.swagger2.web.Swagger2Controller#getDocumentation(String, HttpServletRequest)]
2020-05-27 16:20:46.656 [main] INFO  o.s.b.a.s.s.UserDetailsServiceAutoConfiguration - 

Using generated security password: 72048054-dda9-4ee8-aa7c-cb4967808b7c

2020-05-27 16:20:46.718 [main] INFO  o.s.security.web.DefaultSecurityFilterChain - Creating filter chain: any request, [org.springframework.security.web.context.request.async.WebAsyncManagerIntegrationFilter@4bf03fee, org.springframework.security.web.context.SecurityContextPersistenceFilter@6fa02932, org.springframework.security.web.header.HeaderWriterFilter@4f1fb828, org.springframework.security.web.authentication.logout.LogoutFilter@5f08fe00, org.springframework.security.web.savedrequest.RequestCacheAwareFilter@7c46c9c3, org.springframework.security.web.servletapi.SecurityContextHolderAwareRequestFilter@3daf03d8, org.springframework.security.web.authentication.AnonymousAuthenticationFilter@31834a2b, org.springframework.security.web.session.SessionManagementFilter@437bd805, org.springframework.security.web.access.ExceptionTranslationFilter@24dd44f9, org.springframework.security.web.access.intercept.FilterSecurityInterceptor@dbddbe3]
2020-05-27 16:20:46.804 [main] INFO  o.s.scheduling.concurrent.ThreadPoolTaskExecutor - Initializing ExecutorService 'applicationTaskExecutor'
2020-05-27 16:20:47.124 [main] INFO  s.d.s.web.plugins.DocumentationPluginsBootstrapper - Context refreshed
2020-05-27 16:20:47.134 [main] INFO  s.d.s.web.plugins.DocumentationPluginsBootstrapper - Found 1 custom documentation plugin(s)
2020-05-27 16:20:47.154 [main] INFO  s.d.spring.web.scanners.ApiListingReferenceScanner - Scanning for api listing references
2020-05-27 16:20:47.280 [main] INFO  s.d.s.w.r.operation.CachingOperationNameGenerator - Generating unique operation named: uploadHeadUsingPOST_1
2020-05-27 16:20:47.322 [main] INFO  s.d.s.w.r.operation.CachingOperationNameGenerator - Generating unique operation named: findByIdUsingGET_1
2020-05-27 16:20:47.327 [main] INFO  s.d.s.w.r.operation.CachingOperationNameGenerator - Generating unique operation named: uploadHeadUsingPOST_2
2020-05-27 16:20:47.343 [main] INFO  org.apache.coyote.http11.Http11NioProtocol - Starting ProtocolHandler ["http-nio-9004"]
2020-05-27 16:20:47.369 [main] INFO  o.s.boot.web.embedded.tomcat.TomcatWebServer - Tomcat started on port(s): 9004 (http) with context path ''
2020-05-27 16:20:47.372 [main] INFO  com.nine.one.yuedu.read.NineOneYueDuApplication - Started NineOneYueDuApplication in 3.838 seconds (JVM running for 4.338)
2020-05-27 16:21:07.456 [http-nio-9004-exec-1] INFO  o.a.c.core.ContainerBase.[Tomcat].[localhost].[/] - Initializing Spring DispatcherServlet 'dispatcherServlet'
2020-05-27 16:21:07.457 [http-nio-9004-exec-1] INFO  org.springframework.web.servlet.DispatcherServlet - Initializing Servlet 'dispatcherServlet'
2020-05-27 16:21:07.461 [http-nio-9004-exec-1] INFO  org.springframework.web.servlet.DispatcherServlet - Completed initialization in 4 ms
2020-05-27 16:23:04.649 [SpringContextShutdownHook] INFO  o.s.scheduling.concurrent.ThreadPoolTaskExecutor - Shutting down ExecutorService 'applicationTaskExecutor'
2020-05-27 16:23:04.655 [SpringContextShutdownHook] INFO  com.alibaba.druid.pool.DruidDataSource - {dataSource-1} closed
2020-05-27 16:23:07.552 [main] INFO  com.nine.one.yuedu.read.NineOneYueDuApplication - Starting NineOneYueDuApplication on 192.168.0.104 with PID 49209 (/Users/wangyuliang/ideaProjects/91yuedu-read/target/classes started by wangyuliang in /Users/wangyuliang/ideaProjects/91yuedu-read)
2020-05-27 16:23:07.554 [main] INFO  com.nine.one.yuedu.read.NineOneYueDuApplication - No active profile set, falling back to default profiles: default
2020-05-27 16:23:08.210 [main] INFO  o.s.d.r.config.RepositoryConfigurationDelegate - Multiple Spring Data modules found, entering strict repository configuration mode!
2020-05-27 16:23:08.212 [main] INFO  o.s.d.r.config.RepositoryConfigurationDelegate - Bootstrapping Spring Data Redis repositories in DEFAULT mode.
2020-05-27 16:23:08.239 [main] INFO  o.s.d.r.config.RepositoryConfigurationDelegate - Finished Spring Data repository scanning in 16ms. Found 0 Redis repository interfaces.
2020-05-27 16:23:08.610 [main] INFO  o.s.boot.web.embedded.tomcat.TomcatWebServer - Tomcat initialized with port(s): 9004 (http)
2020-05-27 16:23:08.615 [main] INFO  org.apache.coyote.http11.Http11NioProtocol - Initializing ProtocolHandler ["http-nio-9004"]
2020-05-27 16:23:08.616 [main] INFO  org.apache.catalina.core.StandardService - Starting service [Tomcat]
2020-05-27 16:23:08.616 [main] INFO  org.apache.catalina.core.StandardEngine - Starting Servlet engine: [Apache Tomcat/9.0.33]
2020-05-27 16:23:08.668 [main] INFO  o.a.c.core.ContainerBase.[Tomcat].[localhost].[/] - Initializing Spring embedded WebApplicationContext
2020-05-27 16:23:08.668 [main] INFO  org.springframework.web.context.ContextLoader - Root WebApplicationContext: initialization completed in 1084 ms
2020-05-27 16:23:08.808 [main] INFO  c.a.d.s.b.a.DruidDataSourceAutoConfigure - Init DruidDataSource
2020-05-27 16:23:09.390 [main] INFO  com.alibaba.druid.pool.DruidDataSource - {dataSource-1} inited
2020-05-27 16:23:10.228 [main] INFO  s.d.s.w.PropertySourcedRequestMappingHandlerMapping - Mapped URL path [/v2/api-docs] onto method [springfox.documentation.swagger2.web.Swagger2Controller#getDocumentation(String, HttpServletRequest)]
2020-05-27 16:23:10.270 [main] INFO  o.s.b.a.s.s.UserDetailsServiceAutoConfiguration - 

Using generated security password: 3a408eab-ab4b-4a49-9a1d-a818f6286a58

2020-05-27 16:23:10.325 [main] INFO  o.s.security.web.DefaultSecurityFilterChain - Creating filter chain: any request, [org.springframework.security.web.context.request.async.WebAsyncManagerIntegrationFilter@4bf03fee, org.springframework.security.web.context.SecurityContextPersistenceFilter@6fa02932, org.springframework.security.web.header.HeaderWriterFilter@4f1fb828, org.springframework.security.web.authentication.logout.LogoutFilter@5f08fe00, org.springframework.security.web.savedrequest.RequestCacheAwareFilter@7c46c9c3, org.springframework.security.web.servletapi.SecurityContextHolderAwareRequestFilter@3daf03d8, org.springframework.security.web.authentication.AnonymousAuthenticationFilter@31834a2b, org.springframework.security.web.session.SessionManagementFilter@437bd805, org.springframework.security.web.access.ExceptionTranslationFilter@24dd44f9, org.springframework.security.web.access.intercept.FilterSecurityInterceptor@dbddbe3]
2020-05-27 16:23:10.404 [main] INFO  o.s.scheduling.concurrent.ThreadPoolTaskExecutor - Initializing ExecutorService 'applicationTaskExecutor'
2020-05-27 16:23:10.738 [main] INFO  s.d.s.web.plugins.DocumentationPluginsBootstrapper - Context refreshed
2020-05-27 16:23:10.749 [main] INFO  s.d.s.web.plugins.DocumentationPluginsBootstrapper - Found 1 custom documentation plugin(s)
2020-05-27 16:23:10.768 [main] INFO  s.d.spring.web.scanners.ApiListingReferenceScanner - Scanning for api listing references
2020-05-27 16:23:10.892 [main] INFO  s.d.s.w.r.operation.CachingOperationNameGenerator - Generating unique operation named: uploadHeadUsingPOST_1
2020-05-27 16:23:10.934 [main] INFO  s.d.s.w.r.operation.CachingOperationNameGenerator - Generating unique operation named: findByIdUsingGET_1
2020-05-27 16:23:10.939 [main] INFO  s.d.s.w.r.operation.CachingOperationNameGenerator - Generating unique operation named: uploadHeadUsingPOST_2
2020-05-27 16:23:10.951 [main] INFO  org.apache.coyote.http11.Http11NioProtocol - Starting ProtocolHandler ["http-nio-9004"]
2020-05-27 16:23:10.976 [main] INFO  o.s.boot.web.embedded.tomcat.TomcatWebServer - Tomcat started on port(s): 9004 (http) with context path ''
2020-05-27 16:23:10.978 [main] INFO  com.nine.one.yuedu.read.NineOneYueDuApplication - Started NineOneYueDuApplication in 3.682 seconds (JVM running for 4.184)
2020-05-27 16:23:13.387 [http-nio-9004-exec-1] INFO  o.a.c.core.ContainerBase.[Tomcat].[localhost].[/] - Initializing Spring DispatcherServlet 'dispatcherServlet'
2020-05-27 16:23:13.387 [http-nio-9004-exec-1] INFO  org.springframework.web.servlet.DispatcherServlet - Initializing Servlet 'dispatcherServlet'
2020-05-27 16:23:13.391 [http-nio-9004-exec-1] INFO  org.springframework.web.servlet.DispatcherServlet - Completed initialization in 4 ms
2020-05-27 16:23:58.713 [SpringContextShutdownHook] INFO  o.s.scheduling.concurrent.ThreadPoolTaskExecutor - Shutting down ExecutorService 'applicationTaskExecutor'
2020-05-27 16:23:58.719 [SpringContextShutdownHook] INFO  com.alibaba.druid.pool.DruidDataSource - {dataSource-1} closed
2020-05-27 16:24:01.606 [main] INFO  com.nine.one.yuedu.read.NineOneYueDuApplication - Starting NineOneYueDuApplication on 192.168.0.104 with PID 49225 (/Users/wangyuliang/ideaProjects/91yuedu-read/target/classes started by wangyuliang in /Users/wangyuliang/ideaProjects/91yuedu-read)
2020-05-27 16:24:01.608 [main] INFO  com.nine.one.yuedu.read.NineOneYueDuApplication - No active profile set, falling back to default profiles: default
2020-05-27 16:24:02.364 [main] INFO  o.s.d.r.config.RepositoryConfigurationDelegate - Multiple Spring Data modules found, entering strict repository configuration mode!
2020-05-27 16:24:02.365 [main] INFO  o.s.d.r.config.RepositoryConfigurationDelegate - Bootstrapping Spring Data Redis repositories in DEFAULT mode.
2020-05-27 16:24:02.390 [main] INFO  o.s.d.r.config.RepositoryConfigurationDelegate - Finished Spring Data repository scanning in 14ms. Found 0 Redis repository interfaces.
2020-05-27 16:24:02.761 [main] INFO  o.s.boot.web.embedded.tomcat.TomcatWebServer - Tomcat initialized with port(s): 9004 (http)
2020-05-27 16:24:02.766 [main] INFO  org.apache.coyote.http11.Http11NioProtocol - Initializing ProtocolHandler ["http-nio-9004"]
2020-05-27 16:24:02.767 [main] INFO  org.apache.catalina.core.StandardService - Starting service [Tomcat]
2020-05-27 16:24:02.767 [main] INFO  org.apache.catalina.core.StandardEngine - Starting Servlet engine: [Apache Tomcat/9.0.33]
2020-05-27 16:24:02.819 [main] INFO  o.a.c.core.ContainerBase.[Tomcat].[localhost].[/] - Initializing Spring embedded WebApplicationContext
2020-05-27 16:24:02.819 [main] INFO  org.springframework.web.context.ContextLoader - Root WebApplicationContext: initialization completed in 1178 ms
2020-05-27 16:24:02.933 [main] INFO  c.a.d.s.b.a.DruidDataSourceAutoConfigure - Init DruidDataSource
2020-05-27 16:24:03.477 [main] INFO  com.alibaba.druid.pool.DruidDataSource - {dataSource-1} inited
2020-05-27 16:24:04.306 [main] INFO  s.d.s.w.PropertySourcedRequestMappingHandlerMapping - Mapped URL path [/v2/api-docs] onto method [springfox.documentation.swagger2.web.Swagger2Controller#getDocumentation(String, HttpServletRequest)]
2020-05-27 16:24:04.347 [main] INFO  o.s.b.a.s.s.UserDetailsServiceAutoConfiguration - 

Using generated security password: 666de9cc-9227-47eb-a9ac-edafd6ee6a1e

2020-05-27 16:24:04.404 [main] INFO  o.s.security.web.DefaultSecurityFilterChain - Creating filter chain: any request, [org.springframework.security.web.context.request.async.WebAsyncManagerIntegrationFilter@9cfc77, org.springframework.security.web.context.SecurityContextPersistenceFilter@30a7653e, org.springframework.security.web.header.HeaderWriterFilter@1ab14636, org.springframework.security.web.authentication.logout.LogoutFilter@1a21f43f, org.springframework.security.web.savedrequest.RequestCacheAwareFilter@6401188a, org.springframework.security.web.servletapi.SecurityContextHolderAwareRequestFilter@592ca48c, org.springframework.security.web.authentication.AnonymousAuthenticationFilter@7418d76e, org.springframework.security.web.session.SessionManagementFilter@1f10fec6, org.springframework.security.web.access.ExceptionTranslationFilter@77b5148c, org.springframework.security.web.access.intercept.FilterSecurityInterceptor@4b55ff0a]
2020-05-27 16:24:04.486 [main] INFO  o.s.scheduling.concurrent.ThreadPoolTaskExecutor - Initializing ExecutorService 'applicationTaskExecutor'
2020-05-27 16:24:04.817 [main] INFO  s.d.s.web.plugins.DocumentationPluginsBootstrapper - Context refreshed
2020-05-27 16:24:04.828 [main] INFO  s.d.s.web.plugins.DocumentationPluginsBootstrapper - Found 1 custom documentation plugin(s)
2020-05-27 16:24:04.851 [main] INFO  s.d.spring.web.scanners.ApiListingReferenceScanner - Scanning for api listing references
2020-05-27 16:24:04.983 [main] INFO  s.d.s.w.r.operation.CachingOperationNameGenerator - Generating unique operation named: uploadHeadUsingPOST_1
2020-05-27 16:24:05.025 [main] INFO  s.d.s.w.r.operation.CachingOperationNameGenerator - Generating unique operation named: findByIdUsingGET_1
2020-05-27 16:24:05.030 [main] INFO  s.d.s.w.r.operation.CachingOperationNameGenerator - Generating unique operation named: uploadHeadUsingPOST_2
2020-05-27 16:24:05.043 [main] INFO  org.apache.coyote.http11.Http11NioProtocol - Starting ProtocolHandler ["http-nio-9004"]
2020-05-27 16:24:05.071 [main] INFO  o.s.boot.web.embedded.tomcat.TomcatWebServer - Tomcat started on port(s): 9004 (http) with context path ''
2020-05-27 16:24:05.073 [main] INFO  com.nine.one.yuedu.read.NineOneYueDuApplication - Started NineOneYueDuApplication in 3.735 seconds (JVM running for 4.226)
2020-05-27 16:24:09.045 [http-nio-9004-exec-1] INFO  o.a.c.core.ContainerBase.[Tomcat].[localhost].[/] - Initializing Spring DispatcherServlet 'dispatcherServlet'
2020-05-27 16:24:09.045 [http-nio-9004-exec-1] INFO  org.springframework.web.servlet.DispatcherServlet - Initializing Servlet 'dispatcherServlet'
2020-05-27 16:24:09.050 [http-nio-9004-exec-1] INFO  org.springframework.web.servlet.DispatcherServlet - Completed initialization in 4 ms
2020-05-27 16:24:50.704 [SpringContextShutdownHook] INFO  o.s.scheduling.concurrent.ThreadPoolTaskExecutor - Shutting down ExecutorService 'applicationTaskExecutor'
2020-05-27 16:24:50.710 [SpringContextShutdownHook] INFO  com.alibaba.druid.pool.DruidDataSource - {dataSource-1} closed
2020-05-27 16:24:53.576 [main] INFO  com.nine.one.yuedu.read.NineOneYueDuApplication - Starting NineOneYueDuApplication on 192.168.0.104 with PID 49237 (/Users/wangyuliang/ideaProjects/91yuedu-read/target/classes started by wangyuliang in /Users/wangyuliang/ideaProjects/91yuedu-read)
2020-05-27 16:24:53.578 [main] INFO  com.nine.one.yuedu.read.NineOneYueDuApplication - No active profile set, falling back to default profiles: default
2020-05-27 16:24:54.290 [main] INFO  o.s.d.r.config.RepositoryConfigurationDelegate - Multiple Spring Data modules found, entering strict repository configuration mode!
2020-05-27 16:24:54.292 [main] INFO  o.s.d.r.config.RepositoryConfigurationDelegate - Bootstrapping Spring Data Redis repositories in DEFAULT mode.
2020-05-27 16:24:54.324 [main] INFO  o.s.d.r.config.RepositoryConfigurationDelegate - Finished Spring Data repository scanning in 19ms. Found 0 Redis repository interfaces.
2020-05-27 16:24:54.720 [main] INFO  o.s.boot.web.embedded.tomcat.TomcatWebServer - Tomcat initialized with port(s): 9004 (http)
2020-05-27 16:24:54.726 [main] INFO  org.apache.coyote.http11.Http11NioProtocol - Initializing ProtocolHandler ["http-nio-9004"]
2020-05-27 16:24:54.726 [main] INFO  org.apache.catalina.core.StandardService - Starting service [Tomcat]
2020-05-27 16:24:54.726 [main] INFO  org.apache.catalina.core.StandardEngine - Starting Servlet engine: [Apache Tomcat/9.0.33]
2020-05-27 16:24:54.778 [main] INFO  o.a.c.core.ContainerBase.[Tomcat].[localhost].[/] - Initializing Spring embedded WebApplicationContext
2020-05-27 16:24:54.778 [main] INFO  org.springframework.web.context.ContextLoader - Root WebApplicationContext: initialization completed in 1171 ms
2020-05-27 16:24:54.916 [main] INFO  c.a.d.s.b.a.DruidDataSourceAutoConfigure - Init DruidDataSource
2020-05-27 16:24:55.514 [main] INFO  com.alibaba.druid.pool.DruidDataSource - {dataSource-1} inited
2020-05-27 16:24:56.333 [main] INFO  s.d.s.w.PropertySourcedRequestMappingHandlerMapping - Mapped URL path [/v2/api-docs] onto method [springfox.documentation.swagger2.web.Swagger2Controller#getDocumentation(String, HttpServletRequest)]
2020-05-27 16:24:56.376 [main] INFO  o.s.b.a.s.s.UserDetailsServiceAutoConfiguration - 

Using generated security password: d18e1010-1959-4c84-90ab-095d828649af

2020-05-27 16:24:56.436 [main] INFO  o.s.security.web.DefaultSecurityFilterChain - Creating filter chain: any request, [org.springframework.security.web.context.request.async.WebAsyncManagerIntegrationFilter@4bf03fee, org.springframework.security.web.context.SecurityContextPersistenceFilter@6fa02932, org.springframework.security.web.header.HeaderWriterFilter@4f1fb828, org.springframework.security.web.authentication.logout.LogoutFilter@5f08fe00, org.springframework.security.web.savedrequest.RequestCacheAwareFilter@7c46c9c3, org.springframework.security.web.servletapi.SecurityContextHolderAwareRequestFilter@3daf03d8, org.springframework.security.web.authentication.AnonymousAuthenticationFilter@31834a2b, org.springframework.security.web.session.SessionManagementFilter@437bd805, org.springframework.security.web.access.ExceptionTranslationFilter@24dd44f9, org.springframework.security.web.access.intercept.FilterSecurityInterceptor@dbddbe3]
2020-05-27 16:24:56.513 [main] INFO  o.s.scheduling.concurrent.ThreadPoolTaskExecutor - Initializing ExecutorService 'applicationTaskExecutor'
2020-05-27 16:24:56.854 [main] INFO  s.d.s.web.plugins.DocumentationPluginsBootstrapper - Context refreshed
2020-05-27 16:24:56.865 [main] INFO  s.d.s.web.plugins.DocumentationPluginsBootstrapper - Found 1 custom documentation plugin(s)
2020-05-27 16:24:56.887 [main] INFO  s.d.spring.web.scanners.ApiListingReferenceScanner - Scanning for api listing references
2020-05-27 16:24:57.011 [main] INFO  s.d.s.w.r.operation.CachingOperationNameGenerator - Generating unique operation named: uploadHeadUsingPOST_1
2020-05-27 16:24:57.053 [main] INFO  s.d.s.w.r.operation.CachingOperationNameGenerator - Generating unique operation named: findByIdUsingGET_1
2020-05-27 16:24:57.058 [main] INFO  s.d.s.w.r.operation.CachingOperationNameGenerator - Generating unique operation named: uploadHeadUsingPOST_2
2020-05-27 16:24:57.071 [main] INFO  org.apache.coyote.http11.Http11NioProtocol - Starting ProtocolHandler ["http-nio-9004"]
2020-05-27 16:24:57.095 [main] INFO  o.s.boot.web.embedded.tomcat.TomcatWebServer - Tomcat started on port(s): 9004 (http) with context path ''
2020-05-27 16:24:57.097 [main] INFO  com.nine.one.yuedu.read.NineOneYueDuApplication - Started NineOneYueDuApplication in 3.773 seconds (JVM running for 4.262)
2020-05-27 16:24:59.730 [http-nio-9004-exec-1] INFO  o.a.c.core.ContainerBase.[Tomcat].[localhost].[/] - Initializing Spring DispatcherServlet 'dispatcherServlet'
2020-05-27 16:24:59.730 [http-nio-9004-exec-1] INFO  org.springframework.web.servlet.DispatcherServlet - Initializing Servlet 'dispatcherServlet'
2020-05-27 16:24:59.734 [http-nio-9004-exec-1] INFO  org.springframework.web.servlet.DispatcherServlet - Completed initialization in 4 ms
2020-05-27 16:25:38.717 [SpringContextShutdownHook] INFO  o.s.scheduling.concurrent.ThreadPoolTaskExecutor - Shutting down ExecutorService 'applicationTaskExecutor'
2020-05-27 16:25:38.723 [SpringContextShutdownHook] INFO  com.alibaba.druid.pool.DruidDataSource - {dataSource-1} closed
2020-05-27 16:25:41.505 [main] INFO  com.nine.one.yuedu.read.NineOneYueDuApplication - Starting NineOneYueDuApplication on 192.168.0.104 with PID 49249 (/Users/wangyuliang/ideaProjects/91yuedu-read/target/classes started by wangyuliang in /Users/wangyuliang/ideaProjects/91yuedu-read)
2020-05-27 16:25:41.507 [main] INFO  com.nine.one.yuedu.read.NineOneYueDuApplication - No active profile set, falling back to default profiles: default
2020-05-27 16:25:42.129 [main] INFO  o.s.d.r.config.RepositoryConfigurationDelegate - Multiple Spring Data modules found, entering strict repository configuration mode!
2020-05-27 16:25:42.130 [main] INFO  o.s.d.r.config.RepositoryConfigurationDelegate - Bootstrapping Spring Data Redis repositories in DEFAULT mode.
2020-05-27 16:25:42.155 [main] INFO  o.s.d.r.config.RepositoryConfigurationDelegate - Finished Spring Data repository scanning in 14ms. Found 0 Redis repository interfaces.
2020-05-27 16:25:42.495 [main] INFO  o.s.boot.web.embedded.tomcat.TomcatWebServer - Tomcat initialized with port(s): 9004 (http)
2020-05-27 16:25:42.500 [main] INFO  org.apache.coyote.http11.Http11NioProtocol - Initializing ProtocolHandler ["http-nio-9004"]
2020-05-27 16:25:42.501 [main] INFO  org.apache.catalina.core.StandardService - Starting service [Tomcat]
2020-05-27 16:25:42.501 [main] INFO  org.apache.catalina.core.StandardEngine - Starting Servlet engine: [Apache Tomcat/9.0.33]
2020-05-27 16:25:42.548 [main] INFO  o.a.c.core.ContainerBase.[Tomcat].[localhost].[/] - Initializing Spring embedded WebApplicationContext
2020-05-27 16:25:42.548 [main] INFO  org.springframework.web.context.ContextLoader - Root WebApplicationContext: initialization completed in 1004 ms
2020-05-27 16:25:42.685 [main] INFO  c.a.d.s.b.a.DruidDataSourceAutoConfigure - Init DruidDataSource
2020-05-27 16:25:43.351 [main] INFO  com.alibaba.druid.pool.DruidDataSource - {dataSource-1} inited
2020-05-27 16:25:44.147 [main] INFO  s.d.s.w.PropertySourcedRequestMappingHandlerMapping - Mapped URL path [/v2/api-docs] onto method [springfox.documentation.swagger2.web.Swagger2Controller#getDocumentation(String, HttpServletRequest)]
2020-05-27 16:25:44.184 [main] INFO  o.s.b.a.s.s.UserDetailsServiceAutoConfiguration - 

Using generated security password: 9eae7786-4332-44e6-a80e-2a3583bd5968

2020-05-27 16:25:44.238 [main] INFO  o.s.security.web.DefaultSecurityFilterChain - Creating filter chain: any request, [org.springframework.security.web.context.request.async.WebAsyncManagerIntegrationFilter@1d6a8386, org.springframework.security.web.context.SecurityContextPersistenceFilter@6a3fbcb1, org.springframework.security.web.header.HeaderWriterFilter@377949f1, org.springframework.security.web.authentication.logout.LogoutFilter@613f7eb7, org.springframework.security.web.savedrequest.RequestCacheAwareFilter@15d3793b, org.springframework.security.web.servletapi.SecurityContextHolderAwareRequestFilter@2199e845, org.springframework.security.web.authentication.AnonymousAuthenticationFilter@6274f21c, org.springframework.security.web.session.SessionManagementFilter@7fd99443, org.springframework.security.web.access.ExceptionTranslationFilter@7c5df615, org.springframework.security.web.access.intercept.FilterSecurityInterceptor@54c425b1]
2020-05-27 16:25:44.316 [main] INFO  o.s.scheduling.concurrent.ThreadPoolTaskExecutor - Initializing ExecutorService 'applicationTaskExecutor'
2020-05-27 16:25:44.666 [main] INFO  s.d.s.web.plugins.DocumentationPluginsBootstrapper - Context refreshed
2020-05-27 16:25:44.677 [main] INFO  s.d.s.web.plugins.DocumentationPluginsBootstrapper - Found 1 custom documentation plugin(s)
2020-05-27 16:25:44.699 [main] INFO  s.d.spring.web.scanners.ApiListingReferenceScanner - Scanning for api listing references
2020-05-27 16:25:44.833 [main] INFO  s.d.s.w.r.operation.CachingOperationNameGenerator - Generating unique operation named: uploadHeadUsingPOST_1
2020-05-27 16:25:44.881 [main] INFO  s.d.s.w.r.operation.CachingOperationNameGenerator - Generating unique operation named: findByIdUsingGET_1
2020-05-27 16:25:44.886 [main] INFO  s.d.s.w.r.operation.CachingOperationNameGenerator - Generating unique operation named: uploadHeadUsingPOST_2
2020-05-27 16:25:44.899 [main] INFO  org.apache.coyote.http11.Http11NioProtocol - Starting ProtocolHandler ["http-nio-9004"]
2020-05-27 16:25:44.924 [main] INFO  o.s.boot.web.embedded.tomcat.TomcatWebServer - Tomcat started on port(s): 9004 (http) with context path ''
2020-05-27 16:25:44.926 [main] INFO  com.nine.one.yuedu.read.NineOneYueDuApplication - Started NineOneYueDuApplication in 3.676 seconds (JVM running for 4.149)
2020-05-27 16:25:49.537 [http-nio-9004-exec-1] INFO  o.a.c.core.ContainerBase.[Tomcat].[localhost].[/] - Initializing Spring DispatcherServlet 'dispatcherServlet'
2020-05-27 16:25:49.537 [http-nio-9004-exec-1] INFO  org.springframework.web.servlet.DispatcherServlet - Initializing Servlet 'dispatcherServlet'
2020-05-27 16:25:49.542 [http-nio-9004-exec-1] INFO  org.springframework.web.servlet.DispatcherServlet - Completed initialization in 5 ms
2020-05-27 16:26:21.076 [SpringContextShutdownHook] INFO  o.s.scheduling.concurrent.ThreadPoolTaskExecutor - Shutting down ExecutorService 'applicationTaskExecutor'
2020-05-27 16:26:21.082 [SpringContextShutdownHook] INFO  com.alibaba.druid.pool.DruidDataSource - {dataSource-1} closed
2020-05-27 16:26:23.910 [main] INFO  com.nine.one.yuedu.read.NineOneYueDuApplication - Starting NineOneYueDuApplication on 192.168.0.104 with PID 49273 (/Users/wangyuliang/ideaProjects/91yuedu-read/target/classes started by wangyuliang in /Users/wangyuliang/ideaProjects/91yuedu-read)
2020-05-27 16:26:23.912 [main] INFO  com.nine.one.yuedu.read.NineOneYueDuApplication - No active profile set, falling back to default profiles: default
2020-05-27 16:26:24.600 [main] INFO  o.s.d.r.config.RepositoryConfigurationDelegate - Multiple Spring Data modules found, entering strict repository configuration mode!
2020-05-27 16:26:24.601 [main] INFO  o.s.d.r.config.RepositoryConfigurationDelegate - Bootstrapping Spring Data Redis repositories in DEFAULT mode.
2020-05-27 16:26:24.626 [main] INFO  o.s.d.r.config.RepositoryConfigurationDelegate - Finished Spring Data repository scanning in 14ms. Found 0 Redis repository interfaces.
2020-05-27 16:26:24.979 [main] INFO  o.s.boot.web.embedded.tomcat.TomcatWebServer - Tomcat initialized with port(s): 9004 (http)
2020-05-27 16:26:24.985 [main] INFO  org.apache.coyote.http11.Http11NioProtocol - Initializing ProtocolHandler ["http-nio-9004"]
2020-05-27 16:26:24.986 [main] INFO  org.apache.catalina.core.StandardService - Starting service [Tomcat]
2020-05-27 16:26:24.986 [main] INFO  org.apache.catalina.core.StandardEngine - Starting Servlet engine: [Apache Tomcat/9.0.33]
2020-05-27 16:26:25.038 [main] INFO  o.a.c.core.ContainerBase.[Tomcat].[localhost].[/] - Initializing Spring embedded WebApplicationContext
2020-05-27 16:26:25.039 [main] INFO  org.springframework.web.context.ContextLoader - Root WebApplicationContext: initialization completed in 1099 ms
2020-05-27 16:26:25.201 [main] INFO  c.a.d.s.b.a.DruidDataSourceAutoConfigure - Init DruidDataSource
2020-05-27 16:26:25.733 [main] INFO  com.alibaba.druid.pool.DruidDataSource - {dataSource-1} inited
2020-05-27 16:26:26.593 [main] INFO  s.d.s.w.PropertySourcedRequestMappingHandlerMapping - Mapped URL path [/v2/api-docs] onto method [springfox.documentation.swagger2.web.Swagger2Controller#getDocumentation(String, HttpServletRequest)]
2020-05-27 16:26:26.635 [main] INFO  o.s.b.a.s.s.UserDetailsServiceAutoConfiguration - 

Using generated security password: 14b30b94-0147-435e-96f6-8119eb81959c

2020-05-27 16:26:26.698 [main] INFO  o.s.security.web.DefaultSecurityFilterChain - Creating filter chain: any request, [org.springframework.security.web.context.request.async.WebAsyncManagerIntegrationFilter@565aa4ac, org.springframework.security.web.context.SecurityContextPersistenceFilter@62ade015, org.springframework.security.web.header.HeaderWriterFilter@6467ddc7, org.springframework.security.web.authentication.logout.LogoutFilter@7a65a360, org.springframework.security.web.savedrequest.RequestCacheAwareFilter@70997a94, org.springframework.security.web.servletapi.SecurityContextHolderAwareRequestFilter@24dd44f9, org.springframework.security.web.authentication.AnonymousAuthenticationFilter@587c5c1, org.springframework.security.web.session.SessionManagementFilter@631c6d11, org.springframework.security.web.access.ExceptionTranslationFilter@57e5396b, org.springframework.security.web.access.intercept.FilterSecurityInterceptor@100aa331]
2020-05-27 16:26:26.782 [main] INFO  o.s.scheduling.concurrent.ThreadPoolTaskExecutor - Initializing ExecutorService 'applicationTaskExecutor'
2020-05-27 16:26:27.115 [main] INFO  s.d.s.web.plugins.DocumentationPluginsBootstrapper - Context refreshed
2020-05-27 16:26:27.126 [main] INFO  s.d.s.web.plugins.DocumentationPluginsBootstrapper - Found 1 custom documentation plugin(s)
2020-05-27 16:26:27.149 [main] INFO  s.d.spring.web.scanners.ApiListingReferenceScanner - Scanning for api listing references
2020-05-27 16:26:27.279 [main] INFO  s.d.s.w.r.operation.CachingOperationNameGenerator - Generating unique operation named: uploadHeadUsingPOST_1
2020-05-27 16:26:27.322 [main] INFO  s.d.s.w.r.operation.CachingOperationNameGenerator - Generating unique operation named: findByIdUsingGET_1
2020-05-27 16:26:27.327 [main] INFO  s.d.s.w.r.operation.CachingOperationNameGenerator - Generating unique operation named: uploadHeadUsingPOST_2
2020-05-27 16:26:27.339 [main] INFO  org.apache.coyote.http11.Http11NioProtocol - Starting ProtocolHandler ["http-nio-9004"]
2020-05-27 16:26:27.363 [main] INFO  o.s.boot.web.embedded.tomcat.TomcatWebServer - Tomcat started on port(s): 9004 (http) with context path ''
2020-05-27 16:26:27.365 [main] INFO  com.nine.one.yuedu.read.NineOneYueDuApplication - Started NineOneYueDuApplication in 3.709 seconds (JVM running for 4.198)
2020-05-27 16:26:30.220 [http-nio-9004-exec-1] INFO  o.a.c.core.ContainerBase.[Tomcat].[localhost].[/] - Initializing Spring DispatcherServlet 'dispatcherServlet'
2020-05-27 16:26:30.220 [http-nio-9004-exec-1] INFO  org.springframework.web.servlet.DispatcherServlet - Initializing Servlet 'dispatcherServlet'
2020-05-27 16:26:30.224 [http-nio-9004-exec-1] INFO  org.springframework.web.servlet.DispatcherServlet - Completed initialization in 4 ms
2020-05-27 18:15:14.203 [http-nio-9004-exec-5] INFO  c.n.one.yuedu.read.service.impl.ChapterServiceImpl - 
2020-05-27 18:15:19.550 [http-nio-9004-exec-1] INFO  c.n.one.yuedu.read.service.impl.ChapterServiceImpl - 















































2020-05-27 18:15:20.563 [http-nio-9004-exec-2] INFO  c.n.one.yuedu.read.service.impl.ChapterServiceImpl - 
































2020-05-27 18:15:23.097 [http-nio-9004-exec-4] INFO  c.n.one.yuedu.read.service.impl.ChapterServiceImpl - 





















































2020-05-27 18:15:24.745 [http-nio-9004-exec-5] INFO  c.n.one.yuedu.read.service.impl.ChapterServiceImpl - 

















?



2020-05-27 18:20:45.534 [http-nio-9004-exec-1] INFO  c.n.one.yuedu.read.service.impl.ChapterServiceImpl - 






























2020-05-27 18:21:24.136 [http-nio-9004-exec-2] INFO  c.n.one.yuedu.read.service.impl.ChapterServiceImpl - 






































2020-05-27 18:21:42.776 [http-nio-9004-exec-4] INFO  c.n.o.yuedu.read.service.impl.BookInfoServiceImpl - :
2020-05-27 18:21:47.659 [http-nio-9004-exec-5] INFO  c.n.one.yuedu.read.service.impl.ChapterServiceImpl - 



































2020-05-27 18:21:48.846 [http-nio-9004-exec-8] INFO  c.n.one.yuedu.read.service.impl.ChapterServiceImpl - 











***












































2020-05-27 18:21:51.921 [http-nio-9004-exec-10] INFO  c.n.one.yuedu.read.service.impl.ChapterServiceImpl - 

























































2020-05-28 11:15:57.870 [http-nio-9004-exec-3] INFO  c.n.o.yuedu.read.service.impl.BookInfoServiceImpl - :
2020-05-28 11:16:02.116 [http-nio-9004-exec-9] INFO  c.n.o.yuedu.read.service.impl.BookInfoServiceImpl - :
2020-05-28 13:38:12.914 [http-nio-9004-exec-9] INFO  c.n.o.yuedu.read.service.impl.BookInfoServiceImpl - :
2020-05-28 13:43:34.078 [http-nio-9004-exec-6] INFO  c.n.o.yuedu.read.service.impl.BookInfoServiceImpl - :
2020-05-28 13:57:18.740 [SpringContextShutdownHook] INFO  o.s.scheduling.concurrent.ThreadPoolTaskExecutor - Shutting down ExecutorService 'applicationTaskExecutor'
2020-05-28 13:57:18.761 [SpringContextShutdownHook] INFO  com.alibaba.druid.pool.DruidDataSource - {dataSource-1} closed
