2020-06-21 15:20:44.931 [main] INFO  com.nine.one.yuedu.read.NineOneYueDuApplication - Starting NineOneYueDuApplication on LAPTOP-VRL8D1D5 with PID 20340 (D:\JXTC\91yuedu-read\target\classes started by asus in D:\JXTC\91yuedu-read)
2020-06-21 15:20:44.931 [main] INFO  com.nine.one.yuedu.read.NineOneYueDuApplication - The following profiles are active: test
2020-06-21 15:20:45.806 [main] INFO  o.s.d.r.config.RepositoryConfigurationDelegate - Multiple Spring Data modules found, entering strict repository configuration mode!
2020-06-21 15:20:45.806 [main] INFO  o.s.d.r.config.RepositoryConfigurationDelegate - Bootstrapping Spring Data Redis repositories in DEFAULT mode.
2020-06-21 15:20:45.868 [main] INFO  o.s.d.r.config.RepositoryConfigurationDelegate - Finished Spring Data repository scanning in 36ms. Found 0 Redis repository interfaces.
2020-06-21 15:20:46.399 [main] INFO  o.s.boot.web.embedded.tomcat.TomcatWebServer - Tomcat initialized with port(s): 9004 (http)
2020-06-21 15:20:46.415 [main] INFO  org.apache.coyote.http11.Http11NioProtocol - Initializing ProtocolHandler ["http-nio-9004"]
2020-06-21 15:20:46.415 [main] INFO  org.apache.catalina.core.StandardService - Starting service [Tomcat]
2020-06-21 15:20:46.415 [main] INFO  org.apache.catalina.core.StandardEngine - Starting Servlet engine: [Apache Tomcat/9.0.33]
2020-06-21 15:20:46.524 [main] INFO  o.a.c.core.ContainerBase.[Tomcat].[localhost].[/] - Initializing Spring embedded WebApplicationContext
2020-06-21 15:20:46.524 [main] INFO  org.springframework.web.context.ContextLoader - Root WebApplicationContext: initialization completed in 1531 ms
2020-06-21 15:20:46.712 [main] INFO  c.a.d.s.b.a.DruidDataSourceAutoConfigure - Init DruidDataSource
2020-06-21 15:20:47.274 [main] INFO  com.alibaba.druid.pool.DruidDataSource - {dataSource-1} inited
2020-06-21 15:20:49.475 [main] INFO  s.d.s.w.PropertySourcedRequestMappingHandlerMapping - Mapped URL path [/v2/api-docs] onto method [springfox.documentation.swagger2.web.Swagger2Controller#getDocumentation(String, HttpServletRequest)]
2020-06-21 15:20:49.522 [main] INFO  o.s.b.a.s.s.UserDetailsServiceAutoConfiguration - 

Using generated security password: 68a03393-505b-4915-8e92-105fa293995f

2020-06-21 15:20:49.666 [main] INFO  o.s.security.web.DefaultSecurityFilterChain - Creating filter chain: any request, [org.springframework.security.web.context.request.async.WebAsyncManagerIntegrationFilter@ba0018e, org.springframework.security.web.context.SecurityContextPersistenceFilter@56b66a26, org.springframework.security.web.header.HeaderWriterFilter@1b485c8b, org.springframework.security.web.authentication.logout.LogoutFilter@4e10a320, org.springframework.security.web.savedrequest.RequestCacheAwareFilter@54687fd0, org.springframework.security.web.servletapi.SecurityContextHolderAwareRequestFilter@45c408a4, org.springframework.security.web.authentication.AnonymousAuthenticationFilter@45311a99, org.springframework.security.web.session.SessionManagementFilter@398f0516, org.springframework.security.web.access.ExceptionTranslationFilter@6d2db15b, org.springframework.security.web.access.intercept.FilterSecurityInterceptor@39e7e040]
2020-06-21 15:20:49.869 [main] INFO  o.s.scheduling.concurrent.ThreadPoolTaskExecutor - Initializing ExecutorService 'applicationTaskExecutor'
2020-06-21 15:20:50.478 [main] INFO  s.d.s.web.plugins.DocumentationPluginsBootstrapper - Context refreshed
2020-06-21 15:20:50.494 [main] INFO  s.d.s.web.plugins.DocumentationPluginsBootstrapper - Found 1 custom documentation plugin(s)
2020-06-21 15:20:50.525 [main] INFO  s.d.spring.web.scanners.ApiListingReferenceScanner - Scanning for api listing references
2020-06-21 15:20:50.666 [main] INFO  s.d.s.w.r.operation.CachingOperationNameGenerator - Generating unique operation named: uploadHeadUsingPOST_1
2020-06-21 15:20:50.728 [main] INFO  s.d.s.w.r.operation.CachingOperationNameGenerator - Generating unique operation named: addBookUsingPOST_1
2020-06-21 15:20:50.728 [main] INFO  s.d.s.w.r.operation.CachingOperationNameGenerator - Generating unique operation named: findByIdUsingGET_1
2020-06-21 15:20:50.728 [main] INFO  s.d.s.w.r.operation.CachingOperationNameGenerator - Generating unique operation named: uploadHeadUsingPOST_2
2020-06-21 15:20:50.728 [main] INFO  s.d.s.w.r.operation.CachingOperationNameGenerator - Generating unique operation named: getBookUsingGET_1
2020-06-21 15:20:50.728 [main] INFO  s.d.s.w.r.operation.CachingOperationNameGenerator - Generating unique operation named: getChapterUsingGET_1
2020-06-21 15:20:50.728 [main] INFO  s.d.s.w.r.operation.CachingOperationNameGenerator - Generating unique operation named: getBookUsingGET_2
2020-06-21 15:20:50.728 [main] INFO  s.d.s.w.r.operation.CachingOperationNameGenerator - Generating unique operation named: getChapterUsingGET_2
2020-06-21 15:20:50.744 [main] INFO  org.apache.coyote.http11.Http11NioProtocol - Starting ProtocolHandler ["http-nio-9004"]
2020-06-21 15:20:50.775 [main] INFO  o.s.boot.web.embedded.tomcat.TomcatWebServer - Tomcat started on port(s): 9004 (http) with context path ''
2020-06-21 15:20:50.775 [main] INFO  com.nine.one.yuedu.read.NineOneYueDuApplication - Started NineOneYueDuApplication in 6.288 seconds (JVM running for 8.168)
2020-06-21 15:21:34.981 [http-nio-9004-exec-1] INFO  o.a.c.core.ContainerBase.[Tomcat].[localhost].[/] - Initializing Spring DispatcherServlet 'dispatcherServlet'
2020-06-21 15:21:34.981 [http-nio-9004-exec-1] INFO  org.springframework.web.servlet.DispatcherServlet - Initializing Servlet 'dispatcherServlet'
2020-06-21 15:21:34.997 [http-nio-9004-exec-1] INFO  org.springframework.web.servlet.DispatcherServlet - Completed initialization in 16 ms
2020-06-21 15:53:43.016 [SpringContextShutdownHook] INFO  o.s.scheduling.concurrent.ThreadPoolTaskExecutor - Shutting down ExecutorService 'applicationTaskExecutor'
2020-06-21 15:53:43.026 [SpringContextShutdownHook] INFO  com.alibaba.druid.pool.DruidDataSource - {dataSource-1} closed
2020-06-21 15:55:52.258 [main] INFO  com.nine.one.yuedu.read.NineOneYueDuApplication - Starting NineOneYueDuApplication on LAPTOP-VRL8D1D5 with PID 19324 (D:\JXTC\91yuedu-read\target\classes started by asus in D:\JXTC\91yuedu-read)
2020-06-21 15:55:52.261 [main] INFO  com.nine.one.yuedu.read.NineOneYueDuApplication - The following profiles are active: test
2020-06-21 15:55:53.084 [main] INFO  o.s.d.r.config.RepositoryConfigurationDelegate - Multiple Spring Data modules found, entering strict repository configuration mode!
2020-06-21 15:55:53.086 [main] INFO  o.s.d.r.config.RepositoryConfigurationDelegate - Bootstrapping Spring Data Redis repositories in DEFAULT mode.
2020-06-21 15:55:53.128 [main] INFO  o.s.d.r.config.RepositoryConfigurationDelegate - Finished Spring Data repository scanning in 30ms. Found 0 Redis repository interfaces.
2020-06-21 15:55:53.573 [main] INFO  o.s.boot.web.embedded.tomcat.TomcatWebServer - Tomcat initialized with port(s): 9004 (http)
2020-06-21 15:55:53.580 [main] INFO  org.apache.coyote.http11.Http11NioProtocol - Initializing ProtocolHandler ["http-nio-9004"]
2020-06-21 15:55:53.581 [main] INFO  org.apache.catalina.core.StandardService - Starting service [Tomcat]
2020-06-21 15:55:53.581 [main] INFO  org.apache.catalina.core.StandardEngine - Starting Servlet engine: [Apache Tomcat/9.0.33]
2020-06-21 15:55:53.741 [main] INFO  o.a.c.core.ContainerBase.[Tomcat].[localhost].[/] - Initializing Spring embedded WebApplicationContext
2020-06-21 15:55:53.741 [main] INFO  org.springframework.web.context.ContextLoader - Root WebApplicationContext: initialization completed in 1442 ms
2020-06-21 15:55:53.873 [main] INFO  c.a.d.s.b.a.DruidDataSourceAutoConfigure - Init DruidDataSource
2020-06-21 15:55:54.377 [main] INFO  com.alibaba.druid.pool.DruidDataSource - {dataSource-1} inited
2020-06-21 15:55:55.278 [main] INFO  s.d.s.w.PropertySourcedRequestMappingHandlerMapping - Mapped URL path [/v2/api-docs] onto method [springfox.documentation.swagger2.web.Swagger2Controller#getDocumentation(String, HttpServletRequest)]
2020-06-21 15:55:55.325 [main] INFO  o.s.b.a.s.s.UserDetailsServiceAutoConfiguration - 

Using generated security password: 5e3c0b77-fcfd-406d-8e00-0a06e4d935c0

2020-06-21 15:55:55.390 [main] INFO  o.s.security.web.DefaultSecurityFilterChain - Creating filter chain: any request, [org.springframework.security.web.context.request.async.WebAsyncManagerIntegrationFilter@2b90cc1, org.springframework.security.web.context.SecurityContextPersistenceFilter@12608986, org.springframework.security.web.header.HeaderWriterFilter@3eff6846, org.springframework.security.web.authentication.logout.LogoutFilter@158e6fc2, org.springframework.security.web.savedrequest.RequestCacheAwareFilter@7ec508e6, org.springframework.security.web.servletapi.SecurityContextHolderAwareRequestFilter@7f70e244, org.springframework.security.web.authentication.AnonymousAuthenticationFilter@5a2f401a, org.springframework.security.web.session.SessionManagementFilter@78504ce9, org.springframework.security.web.access.ExceptionTranslationFilter@7cbf4f8c, org.springframework.security.web.access.intercept.FilterSecurityInterceptor@38ebc866]
2020-06-21 15:55:55.473 [main] INFO  o.s.scheduling.concurrent.ThreadPoolTaskExecutor - Initializing ExecutorService 'applicationTaskExecutor'
2020-06-21 15:55:55.822 [main] INFO  s.d.s.web.plugins.DocumentationPluginsBootstrapper - Context refreshed
2020-06-21 15:55:55.836 [main] INFO  s.d.s.web.plugins.DocumentationPluginsBootstrapper - Found 1 custom documentation plugin(s)
2020-06-21 15:55:55.861 [main] INFO  s.d.spring.web.scanners.ApiListingReferenceScanner - Scanning for api listing references
2020-06-21 15:55:56.000 [main] INFO  s.d.s.w.r.operation.CachingOperationNameGenerator - Generating unique operation named: uploadHeadUsingPOST_1
2020-06-21 15:55:56.061 [main] INFO  s.d.s.w.r.operation.CachingOperationNameGenerator - Generating unique operation named: addBookUsingPOST_1
2020-06-21 15:55:56.066 [main] INFO  s.d.s.w.r.operation.CachingOperationNameGenerator - Generating unique operation named: findByIdUsingGET_1
2020-06-21 15:55:56.069 [main] INFO  s.d.s.w.r.operation.CachingOperationNameGenerator - Generating unique operation named: uploadHeadUsingPOST_2
2020-06-21 15:55:56.069 [main] INFO  s.d.s.w.r.operation.CachingOperationNameGenerator - Generating unique operation named: getBookUsingGET_1
2020-06-21 15:55:56.069 [main] INFO  s.d.s.w.r.operation.CachingOperationNameGenerator - Generating unique operation named: getChapterUsingGET_1
2020-06-21 15:55:56.069 [main] INFO  s.d.s.w.r.operation.CachingOperationNameGenerator - Generating unique operation named: getBookUsingGET_2
2020-06-21 15:55:56.069 [main] INFO  s.d.s.w.r.operation.CachingOperationNameGenerator - Generating unique operation named: getChapterUsingGET_2
2020-06-21 15:55:56.084 [main] INFO  org.apache.coyote.http11.Http11NioProtocol - Starting ProtocolHandler ["http-nio-9004"]
2020-06-21 15:55:56.107 [main] INFO  o.s.boot.web.embedded.tomcat.TomcatWebServer - Tomcat started on port(s): 9004 (http) with context path ''
2020-06-21 15:55:56.109 [main] INFO  com.nine.one.yuedu.read.NineOneYueDuApplication - Started NineOneYueDuApplication in 4.199 seconds (JVM running for 5.241)
2020-06-21 15:57:15.578 [http-nio-9004-exec-1] INFO  o.a.c.core.ContainerBase.[Tomcat].[localhost].[/] - Initializing Spring DispatcherServlet 'dispatcherServlet'
2020-06-21 15:57:15.578 [http-nio-9004-exec-1] INFO  org.springframework.web.servlet.DispatcherServlet - Initializing Servlet 'dispatcherServlet'
2020-06-21 15:57:15.589 [http-nio-9004-exec-1] INFO  org.springframework.web.servlet.DispatcherServlet - Completed initialization in 11 ms
2020-06-21 15:57:21.614 [http-nio-9004-exec-4] INFO  com.nine.one.yuedu.read.utils.FileOptionUtil - 后缀是:.jpg
2020-06-21 15:57:21.616 [http-nio-9004-exec-4] INFO  com.nine.one.yuedu.read.utils.FileOptionUtil - 临时文件创建成功=C:\Users\asus\AppData\Local\Temp\pattern919979124094976746.jpg
2020-06-21 15:58:01.713 [http-nio-9004-exec-7] INFO  com.nine.one.yuedu.read.utils.FileOptionUtil - 后缀是:.jpg
2020-06-21 15:58:01.715 [http-nio-9004-exec-7] INFO  com.nine.one.yuedu.read.utils.FileOptionUtil - 临时文件创建成功=C:\Users\asus\AppData\Local\Temp\pattern2721247838470577886.jpg
2020-06-21 16:02:24.417 [SpringContextShutdownHook] INFO  o.s.scheduling.concurrent.ThreadPoolTaskExecutor - Shutting down ExecutorService 'applicationTaskExecutor'
2020-06-21 16:02:24.441 [SpringContextShutdownHook] INFO  com.alibaba.druid.pool.DruidDataSource - {dataSource-1} closed
2020-06-21 22:59:58.908 [main] INFO  com.nine.one.yuedu.read.NineOneYueDuApplication - Starting NineOneYueDuApplication on LAPTOP-VRL8D1D5 with PID 8924 (D:\JXTC\91yuedu-read\target\classes started by asus in D:\JXTC\91yuedu-read)
2020-06-21 22:59:58.908 [main] INFO  com.nine.one.yuedu.read.NineOneYueDuApplication - The following profiles are active: test
2020-06-21 22:59:59.898 [main] INFO  o.s.d.r.config.RepositoryConfigurationDelegate - Multiple Spring Data modules found, entering strict repository configuration mode!
2020-06-21 22:59:59.898 [main] INFO  o.s.d.r.config.RepositoryConfigurationDelegate - Bootstrapping Spring Data Redis repositories in DEFAULT mode.
2020-06-21 22:59:59.948 [main] INFO  o.s.d.r.config.RepositoryConfigurationDelegate - Finished Spring Data repository scanning in 31ms. Found 0 Redis repository interfaces.
2020-06-21 23:00:00.468 [main] INFO  o.s.boot.web.embedded.tomcat.TomcatWebServer - Tomcat initialized with port(s): 9004 (http)
2020-06-21 23:00:00.477 [main] INFO  org.apache.coyote.http11.Http11NioProtocol - Initializing ProtocolHandler ["http-nio-9004"]
2020-06-21 23:00:00.477 [main] INFO  org.apache.catalina.core.StandardService - Starting service [Tomcat]
2020-06-21 23:00:00.477 [main] INFO  org.apache.catalina.core.StandardEngine - Starting Servlet engine: [Apache Tomcat/9.0.33]
2020-06-21 23:00:00.628 [main] INFO  o.a.c.core.ContainerBase.[Tomcat].[localhost].[/] - Initializing Spring embedded WebApplicationContext
2020-06-21 23:00:00.628 [main] INFO  org.springframework.web.context.ContextLoader - Root WebApplicationContext: initialization completed in 1610 ms
2020-06-21 23:00:00.768 [main] INFO  c.a.d.s.b.a.DruidDataSourceAutoConfigure - Init DruidDataSource
2020-06-21 23:00:01.398 [main] INFO  com.alibaba.druid.pool.DruidDataSource - {dataSource-1} inited
2020-06-21 23:00:02.478 [main] INFO  s.d.s.w.PropertySourcedRequestMappingHandlerMapping - Mapped URL path [/v2/api-docs] onto method [springfox.documentation.swagger2.web.Swagger2Controller#getDocumentation(String, HttpServletRequest)]
2020-06-21 23:00:02.538 [main] INFO  o.s.b.a.s.s.UserDetailsServiceAutoConfiguration - 

Using generated security password: 307422e7-266a-4446-ace6-d2ac23fd171a

2020-06-21 23:00:02.618 [main] INFO  o.s.security.web.DefaultSecurityFilterChain - Creating filter chain: any request, [org.springframework.security.web.context.request.async.WebAsyncManagerIntegrationFilter@77a9ac36, org.springframework.security.web.context.SecurityContextPersistenceFilter@54d60fa1, org.springframework.security.web.header.HeaderWriterFilter@8b89b3a, org.springframework.security.web.authentication.logout.LogoutFilter@68df8c6, org.springframework.security.web.savedrequest.RequestCacheAwareFilter@6fe2a366, org.springframework.security.web.servletapi.SecurityContextHolderAwareRequestFilter@248b2b61, org.springframework.security.web.authentication.AnonymousAuthenticationFilter@3c743d40, org.springframework.security.web.session.SessionManagementFilter@39695803, org.springframework.security.web.access.ExceptionTranslationFilter@5e7cd0df, org.springframework.security.web.access.intercept.FilterSecurityInterceptor@2676d96a]
2020-06-21 23:00:02.718 [main] INFO  o.s.scheduling.concurrent.ThreadPoolTaskExecutor - Initializing ExecutorService 'applicationTaskExecutor'
2020-06-21 23:00:03.118 [main] INFO  s.d.s.web.plugins.DocumentationPluginsBootstrapper - Context refreshed
2020-06-21 23:00:03.138 [main] INFO  s.d.s.web.plugins.DocumentationPluginsBootstrapper - Found 1 custom documentation plugin(s)
2020-06-21 23:00:03.168 [main] INFO  s.d.spring.web.scanners.ApiListingReferenceScanner - Scanning for api listing references
2020-06-21 23:00:03.328 [main] INFO  s.d.s.w.r.operation.CachingOperationNameGenerator - Generating unique operation named: uploadHeadUsingPOST_1
2020-06-21 23:00:03.408 [main] INFO  s.d.s.w.r.operation.CachingOperationNameGenerator - Generating unique operation named: addBookUsingPOST_1
2020-06-21 23:00:03.418 [main] INFO  s.d.s.w.r.operation.CachingOperationNameGenerator - Generating unique operation named: findByIdUsingGET_1
2020-06-21 23:00:03.418 [main] INFO  s.d.s.w.r.operation.CachingOperationNameGenerator - Generating unique operation named: uploadHeadUsingPOST_2
2020-06-21 23:00:03.418 [main] INFO  s.d.s.w.r.operation.CachingOperationNameGenerator - Generating unique operation named: getBookUsingGET_1
2020-06-21 23:00:03.418 [main] INFO  s.d.s.w.r.operation.CachingOperationNameGenerator - Generating unique operation named: getChapterUsingGET_1
2020-06-21 23:00:03.418 [main] INFO  s.d.s.w.r.operation.CachingOperationNameGenerator - Generating unique operation named: getBookUsingGET_2
2020-06-21 23:00:03.428 [main] INFO  s.d.s.w.r.operation.CachingOperationNameGenerator - Generating unique operation named: getChapterUsingGET_2
2020-06-21 23:00:03.438 [main] INFO  org.apache.coyote.http11.Http11NioProtocol - Starting ProtocolHandler ["http-nio-9004"]
2020-06-21 23:00:03.458 [main] INFO  o.s.boot.web.embedded.tomcat.TomcatWebServer - Tomcat started on port(s): 9004 (http) with context path ''
2020-06-21 23:00:03.458 [main] INFO  com.nine.one.yuedu.read.NineOneYueDuApplication - Started NineOneYueDuApplication in 5.089 seconds (JVM running for 6.16)
2020-06-21 23:00:48.398 [http-nio-9004-exec-1] INFO  o.a.c.core.ContainerBase.[Tomcat].[localhost].[/] - Initializing Spring DispatcherServlet 'dispatcherServlet'
2020-06-21 23:00:48.398 [http-nio-9004-exec-1] INFO  org.springframework.web.servlet.DispatcherServlet - Initializing Servlet 'dispatcherServlet'
2020-06-21 23:00:48.410 [http-nio-9004-exec-1] INFO  org.springframework.web.servlet.DispatcherServlet - Completed initialization in 12 ms
2020-06-21 23:02:03.248 [http-nio-9004-exec-9] INFO  com.nine.one.yuedu.read.utils.FileOptionUtil - 后缀是:.jpg
2020-06-21 23:02:03.248 [http-nio-9004-exec-9] INFO  com.nine.one.yuedu.read.utils.FileOptionUtil - 临时文件创建成功=C:\Users\asus\AppData\Local\Temp\pattern4465776484024635124.jpg
2020-06-21 23:18:35.897 [SpringContextShutdownHook] INFO  o.s.scheduling.concurrent.ThreadPoolTaskExecutor - Shutting down ExecutorService 'applicationTaskExecutor'
2020-06-21 23:18:35.897 [SpringContextShutdownHook] INFO  com.alibaba.druid.pool.DruidDataSource - {dataSource-1} closed
