2021-01-06 17:08:42.894 [main] INFO  com.nine.one.yuedu.read.NineOneYueDuApplication - Starting NineOneYueDuApplication on LAPTOP-VRL8D1D5 with PID 10976 (D:\JXTC\91yuedu-read\target\classes started by asus in D:\JXTC\91yuedu-read)
2021-01-06 17:08:42.896 [main] INFO  com.nine.one.yuedu.read.NineOneYueDuApplication - The following profiles are active: test
2021-01-06 17:08:43.744 [main] INFO  o.s.d.r.config.RepositoryConfigurationDelegate - Multiple Spring Data modules found, entering strict repository configuration mode!
2021-01-06 17:08:43.745 [main] INFO  o.s.d.r.config.RepositoryConfigurationDelegate - Bootstrapping Spring Data Redis repositories in DEFAULT mode.
2021-01-06 17:08:43.816 [main] INFO  o.s.d.r.config.RepositoryConfigurationDelegate - Finished Spring Data repository scanning in 46ms. Found 0 Redis repository interfaces.
2021-01-06 17:08:44.037 [main] INFO  o.s.d.r.config.RepositoryConfigurationDelegate - Multiple Spring Data modules found, entering strict repository configuration mode!
2021-01-06 17:08:44.037 [main] INFO  o.s.d.r.config.RepositoryConfigurationDelegate - Bootstrapping Spring Data Redis repositories in DEFAULT mode.
2021-01-06 17:08:44.066 [main] INFO  o.s.d.r.config.RepositoryConfigurationDelegate - Finished Spring Data repository scanning in 29ms. Found 0 Redis repository interfaces.
2021-01-06 17:08:44.626 [main] INFO  o.s.boot.web.embedded.tomcat.TomcatWebServer - Tomcat initialized with port(s): 9004 (http)
2021-01-06 17:08:44.633 [main] INFO  org.apache.coyote.http11.Http11NioProtocol - Initializing ProtocolHandler ["http-nio-9004"]
2021-01-06 17:08:44.634 [main] INFO  org.apache.catalina.core.StandardService - Starting service [Tomcat]
2021-01-06 17:08:44.634 [main] INFO  org.apache.catalina.core.StandardEngine - Starting Servlet engine: [Apache Tomcat/9.0.33]
2021-01-06 17:08:44.729 [main] INFO  o.a.c.core.ContainerBase.[Tomcat].[localhost].[/] - Initializing Spring embedded WebApplicationContext
2021-01-06 17:08:44.729 [main] INFO  org.springframework.web.context.ContextLoader - Root WebApplicationContext: initialization completed in 1751 ms
2021-01-06 17:08:44.868 [main] INFO  c.a.d.s.b.a.DruidDataSourceAutoConfigure - Init DruidDataSource
2021-01-06 17:08:45.126 [main] INFO  com.alibaba.druid.pool.DruidDataSource - {dataSource-1} inited
2021-01-06 17:08:47.027 [main] INFO  s.d.s.w.PropertySourcedRequestMappingHandlerMapping - Mapped URL path [/v2/api-docs] onto method [springfox.documentation.swagger2.web.Swagger2Controller#getDocumentation(String, HttpServletRequest)]
2021-01-06 17:08:47.077 [main] INFO  o.s.b.a.s.s.UserDetailsServiceAutoConfiguration - 

Using generated security password: 8c5f1cd4-d543-4049-8071-ec437c40a7ed

2021-01-06 17:08:47.166 [main] INFO  o.s.security.web.DefaultSecurityFilterChain - Creating filter chain: any request, [org.springframework.security.web.context.request.async.WebAsyncManagerIntegrationFilter@7103745, org.springframework.security.web.context.SecurityContextPersistenceFilter@7be38eba, org.springframework.security.web.header.HeaderWriterFilter@7b1a30e5, org.springframework.security.web.authentication.logout.LogoutFilter@2c8ff67, org.springframework.security.web.savedrequest.RequestCacheAwareFilter@5ce3409b, org.springframework.security.web.servletapi.SecurityContextHolderAwareRequestFilter@25218a4d, org.springframework.security.web.authentication.AnonymousAuthenticationFilter@227a933d, org.springframework.security.web.session.SessionManagementFilter@2cbe455c, org.springframework.security.web.access.ExceptionTranslationFilter@762bf32d, org.springframework.security.web.access.intercept.FilterSecurityInterceptor@52c46334]
2021-01-06 17:08:47.286 [main] INFO  o.s.scheduling.concurrent.ThreadPoolTaskExecutor - Initializing ExecutorService 'applicationTaskExecutor'
2021-01-06 17:08:47.425 [main] INFO  o.s.scheduling.concurrent.ThreadPoolTaskScheduler - Initializing ExecutorService 'taskScheduler'
2021-01-06 17:08:47.455 [main] INFO  s.d.s.web.plugins.DocumentationPluginsBootstrapper - Context refreshed
2021-01-06 17:08:47.470 [main] INFO  s.d.s.web.plugins.DocumentationPluginsBootstrapper - Found 1 custom documentation plugin(s)
2021-01-06 17:08:47.493 [main] INFO  s.d.spring.web.scanners.ApiListingReferenceScanner - Scanning for api listing references
2021-01-06 17:08:47.599 [main] INFO  s.d.s.w.r.operation.CachingOperationNameGenerator - Generating unique operation named: getChapterListByBookIdUsingGET_1
2021-01-06 17:08:47.638 [main] INFO  s.d.s.w.r.operation.CachingOperationNameGenerator - Generating unique operation named: getMaxChapterIdUsingGET_1
2021-01-06 17:08:47.673 [main] INFO  s.d.s.w.r.operation.CachingOperationNameGenerator - Generating unique operation named: addBookInfoUsingPOST_1
2021-01-06 17:08:47.673 [main] INFO  s.d.s.w.r.operation.CachingOperationNameGenerator - Generating unique operation named: delBookInfoByIdUsingDELETE_1
2021-01-06 17:08:47.675 [main] INFO  s.d.s.w.r.operation.CachingOperationNameGenerator - Generating unique operation named: downBookByIdUsingGET_1
2021-01-06 17:08:47.682 [main] INFO  s.d.s.w.r.operation.CachingOperationNameGenerator - Generating unique operation named: findBookInfoByIdUsingGET_1
2021-01-06 17:08:47.683 [main] INFO  s.d.s.w.r.operation.CachingOperationNameGenerator - Generating unique operation named: findByIdUsingGET_1
2021-01-06 17:08:47.685 [main] INFO  s.d.s.w.r.operation.CachingOperationNameGenerator - Generating unique operation named: getBookInfo4PageAndParamUsingGET_1
2021-01-06 17:08:47.686 [main] INFO  s.d.s.w.r.operation.CachingOperationNameGenerator - Generating unique operation named: updateBookInfoUsingPUT_1
2021-01-06 17:08:47.686 [main] INFO  s.d.s.w.r.operation.CachingOperationNameGenerator - Generating unique operation named: uploadHeadUsingPOST_1
2021-01-06 17:08:47.692 [main] INFO  s.d.s.w.r.operation.CachingOperationNameGenerator - Generating unique operation named: addChapterUsingPOST_1
2021-01-06 17:08:47.693 [main] INFO  s.d.s.w.r.operation.CachingOperationNameGenerator - Generating unique operation named: addChapterUsingPOST_2
2021-01-06 17:08:47.694 [main] INFO  s.d.s.w.r.operation.CachingOperationNameGenerator - Generating unique operation named: delChapterByIdUsingDELETE_1
2021-01-06 17:08:47.695 [main] INFO  s.d.s.w.r.operation.CachingOperationNameGenerator - Generating unique operation named: getChapterInfoByBookIdAndChapterIdUsingGET_1
2021-01-06 17:08:47.697 [main] INFO  s.d.s.w.r.operation.CachingOperationNameGenerator - Generating unique operation named: getChapterListByBookIdPageAndSortUsingGET_1
2021-01-06 17:08:47.697 [main] INFO  s.d.s.w.r.operation.CachingOperationNameGenerator - Generating unique operation named: updateChapterUsingPUT_1
2021-01-06 17:08:47.758 [main] INFO  s.d.s.w.r.operation.CachingOperationNameGenerator - Generating unique operation named: addBookUsingPOST_1
2021-01-06 17:08:47.771 [main] INFO  s.d.s.w.r.operation.CachingOperationNameGenerator - Generating unique operation named: findByIdUsingGET_2
2021-01-06 17:08:47.773 [main] INFO  s.d.s.w.r.operation.CachingOperationNameGenerator - Generating unique operation named: loginUsingPOST_1
2021-01-06 17:08:47.775 [main] INFO  s.d.s.w.r.operation.CachingOperationNameGenerator - Generating unique operation named: uploadHeadUsingPOST_2
2021-01-06 17:08:47.781 [main] INFO  s.d.s.w.r.operation.CachingOperationNameGenerator - Generating unique operation named: getChapterUsingGET_1
2021-01-06 17:08:47.786 [main] INFO  s.d.s.w.r.operation.CachingOperationNameGenerator - Generating unique operation named: getBookUsingGET_1
2021-01-06 17:08:47.787 [main] INFO  s.d.s.w.r.operation.CachingOperationNameGenerator - Generating unique operation named: getChapterUsingGET_2
2021-01-06 17:08:47.789 [main] INFO  s.d.s.w.r.operation.CachingOperationNameGenerator - Generating unique operation named: repairUsingPOST_1
2021-01-06 17:08:47.809 [main] INFO  org.apache.coyote.http11.Http11NioProtocol - Starting ProtocolHandler ["http-nio-9004"]
2021-01-06 17:08:47.830 [main] INFO  o.s.boot.web.embedded.tomcat.TomcatWebServer - Tomcat started on port(s): 9004 (http) with context path ''
2021-01-06 17:08:47.832 [main] INFO  com.nine.one.yuedu.read.NineOneYueDuApplication - Started NineOneYueDuApplication in 5.365 seconds (JVM running for 6.546)
2021-01-06 17:09:55.847 [http-nio-9004-exec-1] INFO  o.a.c.core.ContainerBase.[Tomcat].[localhost].[/] - Initializing Spring DispatcherServlet 'dispatcherServlet'
2021-01-06 17:09:55.849 [http-nio-9004-exec-1] INFO  org.springframework.web.servlet.DispatcherServlet - Initializing Servlet 'dispatcherServlet'
2021-01-06 17:09:55.872 [http-nio-9004-exec-1] INFO  org.springframework.web.servlet.DispatcherServlet - Completed initialization in 23 ms
