2020-06-14 09:59:48.249 [main] INFO  com.nine.one.yuedu.read.NineOneYueDuApplication - Starting NineOneYueDuApplication on USER-6R7V7QUI0L with PID 4376 (D:\JXTC\91yuedu-read\target\classes started by Administrator in D:\JXTC\91yuedu-read)
2020-06-14 09:59:48.265 [main] INFO  com.nine.one.yuedu.read.NineOneYueDuApplication - The following profiles are active: dev
2020-06-14 09:59:49.982 [main] INFO  o.s.d.r.config.RepositoryConfigurationDelegate - Multiple Spring Data modules found, entering strict repository configuration mode!
2020-06-14 09:59:50.014 [main] INFO  o.s.d.r.config.RepositoryConfigurationDelegate - Bootstrapping Spring Data Redis repositories in DEFAULT mode.
2020-06-14 09:59:50.152 [main] INFO  o.s.d.r.config.RepositoryConfigurationDelegate - Finished Spring Data repository scanning in 71ms. Found 0 Redis repository interfaces.
2020-06-14 09:59:56.666 [main] INFO  o.s.boot.web.embedded.tomcat.TomcatWebServer - Tomcat initialized with port(s): 9004 (http)
2020-06-14 09:59:56.704 [main] INFO  org.apache.coyote.http11.Http11NioProtocol - Initializing ProtocolHandler ["http-nio-9004"]
2020-06-14 09:59:56.706 [main] INFO  org.apache.catalina.core.StandardService - Starting service [Tomcat]
2020-06-14 09:59:56.707 [main] INFO  org.apache.catalina.core.StandardEngine - Starting Servlet engine: [Apache Tomcat/9.0.33]
2020-06-14 09:59:57.018 [main] INFO  o.a.c.core.ContainerBase.[Tomcat].[localhost].[/] - Initializing Spring embedded WebApplicationContext
2020-06-14 09:59:57.019 [main] INFO  org.springframework.web.context.ContextLoader - Root WebApplicationContext: initialization completed in 8660 ms
2020-06-14 09:59:57.600 [main] INFO  c.a.d.s.b.a.DruidDataSourceAutoConfigure - Init DruidDataSource
2020-06-14 09:59:58.852 [main] INFO  com.alibaba.druid.pool.DruidDataSource - {dataSource-1} inited
2020-06-14 10:00:01.006 [main] INFO  s.d.s.w.PropertySourcedRequestMappingHandlerMapping - Mapped URL path [/v2/api-docs] onto method [springfox.documentation.swagger2.web.Swagger2Controller#getDocumentation(String, HttpServletRequest)]
2020-06-14 10:00:01.116 [main] INFO  o.s.b.a.s.s.UserDetailsServiceAutoConfiguration - 

Using generated security password: a81a4741-4504-473a-bdd2-253c098b6385

2020-06-14 10:00:01.322 [main] INFO  o.s.security.web.DefaultSecurityFilterChain - Creating filter chain: any request, [org.springframework.security.web.context.request.async.WebAsyncManagerIntegrationFilter@51cab489, org.springframework.security.web.context.SecurityContextPersistenceFilter@510689af, org.springframework.security.web.header.HeaderWriterFilter@6fa02932, org.springframework.security.web.authentication.logout.LogoutFilter@4665428b, org.springframework.security.web.savedrequest.RequestCacheAwareFilter@72ce812e, org.springframework.security.web.servletapi.SecurityContextHolderAwareRequestFilter@1961d75a, org.springframework.security.web.authentication.AnonymousAuthenticationFilter@2f9a10df, org.springframework.security.web.session.SessionManagementFilter@382dc417, org.springframework.security.web.access.ExceptionTranslationFilter@437bd805, org.springframework.security.web.access.intercept.FilterSecurityInterceptor@44f0ff2b]
2020-06-14 10:00:01.586 [main] INFO  o.s.scheduling.concurrent.ThreadPoolTaskExecutor - Initializing ExecutorService 'applicationTaskExecutor'
2020-06-14 10:00:02.477 [main] INFO  s.d.s.web.plugins.DocumentationPluginsBootstrapper - Context refreshed
2020-06-14 10:00:02.570 [main] INFO  s.d.s.web.plugins.DocumentationPluginsBootstrapper - Found 1 custom documentation plugin(s)
2020-06-14 10:00:02.628 [main] INFO  s.d.spring.web.scanners.ApiListingReferenceScanner - Scanning for api listing references
2020-06-14 10:00:03.008 [main] INFO  s.d.s.w.r.operation.CachingOperationNameGenerator - Generating unique operation named: uploadHeadUsingPOST_1
2020-06-14 10:00:03.180 [main] INFO  s.d.s.w.r.operation.CachingOperationNameGenerator - Generating unique operation named: findByIdUsingGET_1
2020-06-14 10:00:03.190 [main] INFO  s.d.s.w.r.operation.CachingOperationNameGenerator - Generating unique operation named: uploadHeadUsingPOST_2
2020-06-14 10:00:03.195 [main] INFO  s.d.s.w.r.operation.CachingOperationNameGenerator - Generating unique operation named: getBookUsingGET_1
2020-06-14 10:00:03.198 [main] INFO  s.d.s.w.r.operation.CachingOperationNameGenerator - Generating unique operation named: getChapterUsingGET_1
2020-06-14 10:00:03.243 [main] INFO  org.apache.coyote.http11.Http11NioProtocol - Starting ProtocolHandler ["http-nio-9004"]
2020-06-14 10:00:03.298 [main] INFO  o.s.boot.web.embedded.tomcat.TomcatWebServer - Tomcat started on port(s): 9004 (http) with context path ''
2020-06-14 10:00:03.298 [main] INFO  com.nine.one.yuedu.read.NineOneYueDuApplication - Started NineOneYueDuApplication in 15.713 seconds (JVM running for 19.781)
2020-06-14 10:00:27.723 [http-nio-9004-exec-1] INFO  o.a.c.core.ContainerBase.[Tomcat].[localhost].[/] - Initializing Spring DispatcherServlet 'dispatcherServlet'
2020-06-14 10:00:27.723 [http-nio-9004-exec-1] INFO  org.springframework.web.servlet.DispatcherServlet - Initializing Servlet 'dispatcherServlet'
2020-06-14 10:00:27.723 [http-nio-9004-exec-1] INFO  org.springframework.web.servlet.DispatcherServlet - Completed initialization in 0 ms
2020-06-14 11:54:47.997 [http-nio-9004-exec-7] INFO  c.n.one.yuedu.read.service.impl.ChapterServiceImpl - A市东林区的巷子口。
昏暗的巷子里站着五个男人，四周安静到只能听见男人们不怀好意的笑声。
苏月被围在男人中间，身上只穿着一件尚能敝体的长裙，如黑澡般的长发已经已经变得杂乱，遮住了她惨白中透着不正常红晕的脸。
她如一头被群狼盯住的猎物，神经紧绷，黑眸带着警惕和犀利，直勾勾凝视着五个男人中的其一。
“辰逸，你到底想要做什么？”
辰逸交握着双手，伸手推了一下鼻梁上架着的金丝边眼镜，冷笑道：“苏月，凭你的智商，看不出来我想要干什么？”
说完，他放下交握着的双手，击了一下掌：“这女人可真好看，今晚你们可要好好伺候。”
阴阳怪气的语气，黑暗之中，苏月只能看见他嘴角勾起的一抹残忍的笑。
“我是你的未婚妻，你为什么要这样对我？为什么……”
“因为你已经没有了任何价值。”
辰逸的声音越来越小，他说完最后一句话，递给身边四个男人一个眼神，转身便走。
他刚走，四个高矮胖瘦各不一致的男人立刻逼近苏月，摩拳擦掌满脸横肉看上去恶心至极。
“美女，别挣扎了，乖乖让哥几个爽一爽。”
“大家都有分，所有人都不准抢，这妞我第一个。”一个高大的胖男人朗声道。
“行，我第二个……”
四个男人开始商量谁先上，苏月脸色惨白，巴掌大的脸上却没有一点泪痕，露在空气外的胳膊上有着细小的针孔。
这个针孔，是被他们注射药物时留下的。
残留在身体里的药物，导致苏月手脚发软，她想起十分钟前，被辰逸逼着注射了一管药物，紧接着她的身体就开始难受发热。
不用脑袋想，她都知道那管药，八成就不是好东西。
现在她该怎么办？
苏月努力让自己镇定下来，冷着一张脸警惕的想要找逃跑的地方。
“你们这么做是犯法的，你们不怕死？”苏月眸光一转，尽量的拖延时间。
她话音刚落，其中一个胖男人突然笑出了声，“死？老子就是死，也得死在你裙下啊。”
其余三个男人也跟着附和，胖男人伸手摸苏月的腰，低头眼见着就要亲她。
“去死！”苏月大喝了一声，张嘴一口咬住男人的耳朵。
不遗余力的狠狠咬住住，胖男人惨痛大叫，苏月松开嘴，拼尽全身力气屈膝朝男人。
胖男人疼到出冷汗，捂着身下蹲在地上，趁此机会，苏月敛了敛脸色，拔腿就跑。
“她跑了，赶紧追。”
“千万不能让她跑了。”
后面传来几个男人的唤声，错落有致的脚步声在黑暗的小巷子里回响。
她没有多少力气，刚才那拼死一击，已经耗费了她大量体力，现在的她根本跑不快。
“救命，救命……”苏月红了眼睛，不停的呼救，她不敢回头，只能咬紧牙关硬着头皮往前跑。
可是，最终她也没能跑赢他们，男人们逮住了她。
苏月被摁在地上，耳边传来男人的咒骂声：“胆子真不小，打了我哥们还想跑，老子今天非弄死你不可。”
“撕拉”一声，布帛划破空气的声音，身上的长裙被硬生生的撕碎。
“你们这些禽兽，不准碰我！”苏月声音沙哑，悲愤的流泪，眼底满是恨意，“辰逸，我今天要是没死，来日一定会把今天的屈辱，加倍还回去。”
她脑子晕晕乎乎，身体分外难受，犹如在火炉里烧，再也没有一点反抗能力。
苏月如同砧板上的鱼躺在地上，就在她失去神智的最后一秒，耳边传来一道皮鞋打地的声音。
很沉稳的脚步声，她歪过头，眼神迷离的朝发声处看了一眼，却只能看见男人一张模糊的轮廓。
“救我！”她拼尽最后一丝力气，双手紧紧攥着男人的裤脚。
“苏月，保持清醒。”一道低沉带有磁性的男性声音，在黑暗中显得格外突兀。
苏月的意识已经越来越迷糊，在她昏过去的最后一秒，只听见了有人唤了一声她的名字。
辰少恭一身笔挺的黑色西装，衬得他身姿修长，棱角分明的轮廓，五官如同被雕刻般的完美，打磨的锃亮的手工皮鞋，无一不彰显出男人的尊贵。
他的身后跟着五个黑衣保镖，保镖已经将追赶苏月的几个男人给制住。
“小子，你谁啊？还不快放开老子，知道老子的后台是谁吗？小心老子让你吃不了兜着走！”胖男人被压制住，还不忘嚣张的瞎嚷嚷。
“快放开我们，你们这些人想死是吗？”
几个被困住的人不停大叫。
辰少恭低垂着脑袋看着面前躺在地上的苏月，面色阴沉的弯腰一把将她抱起来，动作小心翼翼，像是对待珍宝一样。
他抱着苏月走到几个猥琐男身边，脚步一顿，面无表情的吩咐：“拔了他们的舌头，做的干净点，我不希望听见今天发生的事情被传出去。”
话落，男人没有一丝犹豫，阔步走出巷子，坐进巷子口停着的车里，将怀中的苏月放在副驾驶，快速帮她扣好安全带。
半晌后，狭小黑暗的巷子里，传来几道惨叫声，惨叫声不绝于耳，犹如杀猪。


2020-06-14 15:37:22.310 [main] INFO  com.nine.one.yuedu.read.NineOneYueDuApplication - Starting NineOneYueDuApplication on USER-6R7V7QUI0L with PID 12052 (D:\JXTC\91yuedu-read\target\classes started by Administrator in D:\JXTC\91yuedu-read)
2020-06-14 15:37:22.310 [main] INFO  com.nine.one.yuedu.read.NineOneYueDuApplication - The following profiles are active: dev
2020-06-14 15:37:24.433 [main] INFO  o.s.d.r.config.RepositoryConfigurationDelegate - Multiple Spring Data modules found, entering strict repository configuration mode!
2020-06-14 15:37:24.448 [main] INFO  o.s.d.r.config.RepositoryConfigurationDelegate - Bootstrapping Spring Data Redis repositories in DEFAULT mode.
2020-06-14 15:37:24.664 [main] INFO  o.s.d.r.config.RepositoryConfigurationDelegate - Finished Spring Data repository scanning in 166ms. Found 0 Redis repository interfaces.
2020-06-14 15:37:26.902 [main] INFO  o.s.boot.web.embedded.tomcat.TomcatWebServer - Tomcat initialized with port(s): 9004 (http)
2020-06-14 15:37:26.956 [main] INFO  org.apache.coyote.http11.Http11NioProtocol - Initializing ProtocolHandler ["http-nio-9004"]
2020-06-14 15:37:26.956 [main] INFO  org.apache.catalina.core.StandardService - Starting service [Tomcat]
2020-06-14 15:37:26.956 [main] INFO  org.apache.catalina.core.StandardEngine - Starting Servlet engine: [Apache Tomcat/9.0.33]
2020-06-14 15:37:27.689 [main] INFO  o.a.c.core.ContainerBase.[Tomcat].[localhost].[/] - Initializing Spring embedded WebApplicationContext
2020-06-14 15:37:27.689 [main] INFO  org.springframework.web.context.ContextLoader - Root WebApplicationContext: initialization completed in 5248 ms
2020-06-14 15:37:28.322 [main] INFO  c.a.d.s.b.a.DruidDataSourceAutoConfigure - Init DruidDataSource
2020-06-14 15:37:29.263 [main] INFO  com.alibaba.druid.pool.DruidDataSource - {dataSource-1} inited
2020-06-14 15:37:31.447 [main] INFO  s.d.s.w.PropertySourcedRequestMappingHandlerMapping - Mapped URL path [/v2/api-docs] onto method [springfox.documentation.swagger2.web.Swagger2Controller#getDocumentation(String, HttpServletRequest)]
2020-06-14 15:37:31.553 [main] INFO  o.s.b.a.s.s.UserDetailsServiceAutoConfiguration - 

Using generated security password: 73c477df-112d-45cb-9d29-92ab45b2ade1

2020-06-14 15:37:31.716 [main] INFO  o.s.security.web.DefaultSecurityFilterChain - Creating filter chain: any request, [org.springframework.security.web.context.request.async.WebAsyncManagerIntegrationFilter@340b4f07, org.springframework.security.web.context.SecurityContextPersistenceFilter@49d543a9, org.springframework.security.web.header.HeaderWriterFilter@6bfdaa7a, org.springframework.security.web.authentication.logout.LogoutFilter@4f676900, org.springframework.security.web.savedrequest.RequestCacheAwareFilter@4ac19bc6, org.springframework.security.web.servletapi.SecurityContextHolderAwareRequestFilter@772f3a3f, org.springframework.security.web.authentication.AnonymousAuthenticationFilter@e994ca, org.springframework.security.web.session.SessionManagementFilter@23d0944b, org.springframework.security.web.access.ExceptionTranslationFilter@73dbe25, org.springframework.security.web.access.intercept.FilterSecurityInterceptor@35fb3209]
2020-06-14 15:37:31.932 [main] INFO  o.s.scheduling.concurrent.ThreadPoolTaskExecutor - Initializing ExecutorService 'applicationTaskExecutor'
2020-06-14 15:37:32.703 [main] INFO  s.d.s.web.plugins.DocumentationPluginsBootstrapper - Context refreshed
2020-06-14 15:37:32.735 [main] INFO  s.d.s.web.plugins.DocumentationPluginsBootstrapper - Found 1 custom documentation plugin(s)
2020-06-14 15:37:32.788 [main] INFO  s.d.spring.web.scanners.ApiListingReferenceScanner - Scanning for api listing references
2020-06-14 15:37:33.104 [main] INFO  s.d.s.w.r.operation.CachingOperationNameGenerator - Generating unique operation named: uploadHeadUsingPOST_1
2020-06-14 15:37:33.220 [main] INFO  s.d.s.w.r.operation.CachingOperationNameGenerator - Generating unique operation named: addBookUsingPOST_1
2020-06-14 15:37:33.220 [main] INFO  s.d.s.w.r.operation.CachingOperationNameGenerator - Generating unique operation named: findByIdUsingGET_1
2020-06-14 15:37:33.236 [main] INFO  s.d.s.w.r.operation.CachingOperationNameGenerator - Generating unique operation named: uploadHeadUsingPOST_2
2020-06-14 15:37:33.236 [main] INFO  s.d.s.w.r.operation.CachingOperationNameGenerator - Generating unique operation named: getBookUsingGET_1
2020-06-14 15:37:33.236 [main] INFO  s.d.s.w.r.operation.CachingOperationNameGenerator - Generating unique operation named: getChapterUsingGET_1
2020-06-14 15:37:33.305 [main] INFO  org.apache.coyote.http11.Http11NioProtocol - Starting ProtocolHandler ["http-nio-9004"]
2020-06-14 15:37:33.336 [main] INFO  o.s.boot.web.embedded.tomcat.TomcatWebServer - Tomcat started on port(s): 9004 (http) with context path ''
2020-06-14 15:37:33.352 [main] INFO  com.nine.one.yuedu.read.NineOneYueDuApplication - Started NineOneYueDuApplication in 11.827 seconds (JVM running for 14.678)
2020-06-14 15:37:55.388 [http-nio-9004-exec-2] INFO  o.a.c.core.ContainerBase.[Tomcat].[localhost].[/] - Initializing Spring DispatcherServlet 'dispatcherServlet'
2020-06-14 15:37:55.403 [http-nio-9004-exec-2] INFO  org.springframework.web.servlet.DispatcherServlet - Initializing Servlet 'dispatcherServlet'
2020-06-14 15:37:55.403 [http-nio-9004-exec-2] INFO  org.springframework.web.servlet.DispatcherServlet - Completed initialization in 0 ms
2020-06-14 15:38:18.957 [http-nio-9004-exec-3] INFO  com.nine.one.yuedu.read.utils.FileOptionUtil - 后缀是:.jpg
2020-06-14 15:38:18.973 [http-nio-9004-exec-3] INFO  com.nine.one.yuedu.read.utils.FileOptionUtil - 临时文件创建成功=C:\Users\Administrator\AppData\Local\Temp\pattern7205009987237566393.jpg
2020-06-14 15:39:01.381 [SpringContextShutdownHook] INFO  o.s.scheduling.concurrent.ThreadPoolTaskExecutor - Shutting down ExecutorService 'applicationTaskExecutor'
2020-06-14 15:39:01.397 [SpringContextShutdownHook] INFO  com.alibaba.druid.pool.DruidDataSource - {dataSource-1} closed
2020-06-14 15:40:19.769 [main] INFO  com.nine.one.yuedu.read.NineOneYueDuApplication - Starting NineOneYueDuApplication on USER-6R7V7QUI0L with PID 13600 (D:\JXTC\91yuedu-read\target\classes started by Administrator in D:\JXTC\91yuedu-read)
2020-06-14 15:40:19.769 [main] INFO  com.nine.one.yuedu.read.NineOneYueDuApplication - The following profiles are active: dev
2020-06-14 15:40:22.795 [main] INFO  o.s.d.r.config.RepositoryConfigurationDelegate - Multiple Spring Data modules found, entering strict repository configuration mode!
2020-06-14 15:40:22.810 [main] INFO  o.s.d.r.config.RepositoryConfigurationDelegate - Bootstrapping Spring Data Redis repositories in DEFAULT mode.
2020-06-14 15:40:22.979 [main] INFO  o.s.d.r.config.RepositoryConfigurationDelegate - Finished Spring Data repository scanning in 129ms. Found 0 Redis repository interfaces.
2020-06-14 15:40:24.791 [main] INFO  o.s.boot.web.embedded.tomcat.TomcatWebServer - Tomcat initialized with port(s): 9004 (http)
2020-06-14 15:40:24.829 [main] INFO  org.apache.coyote.http11.Http11NioProtocol - Initializing ProtocolHandler ["http-nio-9004"]
2020-06-14 15:40:24.829 [main] INFO  org.apache.catalina.core.StandardService - Starting service [Tomcat]
2020-06-14 15:40:24.829 [main] INFO  org.apache.catalina.core.StandardEngine - Starting Servlet engine: [Apache Tomcat/9.0.33]
2020-06-14 15:40:25.377 [main] INFO  o.a.c.core.ContainerBase.[Tomcat].[localhost].[/] - Initializing Spring embedded WebApplicationContext
2020-06-14 15:40:25.393 [main] INFO  org.springframework.web.context.ContextLoader - Root WebApplicationContext: initialization completed in 5328 ms
2020-06-14 15:40:25.832 [main] INFO  c.a.d.s.b.a.DruidDataSourceAutoConfigure - Init DruidDataSource
2020-06-14 15:40:26.750 [main] INFO  com.alibaba.druid.pool.DruidDataSource - {dataSource-1} inited
2020-06-14 15:40:29.905 [main] INFO  s.d.s.w.PropertySourcedRequestMappingHandlerMapping - Mapped URL path [/v2/api-docs] onto method [springfox.documentation.swagger2.web.Swagger2Controller#getDocumentation(String, HttpServletRequest)]
2020-06-14 15:40:30.075 [main] INFO  o.s.b.a.s.s.UserDetailsServiceAutoConfiguration - 

Using generated security password: 707e844d-85de-481f-acfa-78244f4567d5

2020-06-14 15:40:30.360 [main] INFO  o.s.security.web.DefaultSecurityFilterChain - Creating filter chain: any request, [org.springframework.security.web.context.request.async.WebAsyncManagerIntegrationFilter@3ff26c9, org.springframework.security.web.context.SecurityContextPersistenceFilter@3d718248, org.springframework.security.web.header.HeaderWriterFilter@66e12c3b, org.springframework.security.web.authentication.logout.LogoutFilter@29188050, org.springframework.security.web.savedrequest.RequestCacheAwareFilter@8aa5ab4, org.springframework.security.web.servletapi.SecurityContextHolderAwareRequestFilter@772cf46b, org.springframework.security.web.authentication.AnonymousAuthenticationFilter@2ecdcfe3, org.springframework.security.web.session.SessionManagementFilter@6cc90398, org.springframework.security.web.access.ExceptionTranslationFilter@18a0721b, org.springframework.security.web.access.intercept.FilterSecurityInterceptor@51869ad6]
2020-06-14 15:40:30.692 [main] INFO  o.s.scheduling.concurrent.ThreadPoolTaskExecutor - Initializing ExecutorService 'applicationTaskExecutor'
2020-06-14 15:40:32.027 [main] INFO  s.d.s.web.plugins.DocumentationPluginsBootstrapper - Context refreshed
2020-06-14 15:40:32.080 [main] INFO  s.d.s.web.plugins.DocumentationPluginsBootstrapper - Found 1 custom documentation plugin(s)
2020-06-14 15:40:32.253 [main] INFO  s.d.spring.web.scanners.ApiListingReferenceScanner - Scanning for api listing references
2020-06-14 15:40:32.913 [main] INFO  s.d.s.w.r.operation.CachingOperationNameGenerator - Generating unique operation named: uploadHeadUsingPOST_1
2020-06-14 15:40:33.152 [main] INFO  s.d.s.w.r.operation.CachingOperationNameGenerator - Generating unique operation named: addBookUsingPOST_1
2020-06-14 15:40:33.183 [main] INFO  s.d.s.w.r.operation.CachingOperationNameGenerator - Generating unique operation named: findByIdUsingGET_1
2020-06-14 15:40:33.198 [main] INFO  s.d.s.w.r.operation.CachingOperationNameGenerator - Generating unique operation named: uploadHeadUsingPOST_2
2020-06-14 15:40:33.214 [main] INFO  s.d.s.w.r.operation.CachingOperationNameGenerator - Generating unique operation named: getBookUsingGET_1
2020-06-14 15:40:33.214 [main] INFO  s.d.s.w.r.operation.CachingOperationNameGenerator - Generating unique operation named: getChapterUsingGET_1
2020-06-14 15:40:33.314 [main] INFO  org.apache.coyote.http11.Http11NioProtocol - Starting ProtocolHandler ["http-nio-9004"]
2020-06-14 15:40:33.515 [main] INFO  o.s.boot.web.embedded.tomcat.TomcatWebServer - Tomcat started on port(s): 9004 (http) with context path ''
2020-06-14 15:40:33.531 [main] INFO  com.nine.one.yuedu.read.NineOneYueDuApplication - Started NineOneYueDuApplication in 15.435 seconds (JVM running for 20.393)
2020-06-14 15:40:49.398 [http-nio-9004-exec-1] INFO  o.a.c.core.ContainerBase.[Tomcat].[localhost].[/] - Initializing Spring DispatcherServlet 'dispatcherServlet'
2020-06-14 15:40:49.414 [http-nio-9004-exec-1] INFO  org.springframework.web.servlet.DispatcherServlet - Initializing Servlet 'dispatcherServlet'
2020-06-14 15:40:49.430 [http-nio-9004-exec-1] INFO  org.springframework.web.servlet.DispatcherServlet - Completed initialization in 16 ms
2020-06-14 15:40:50.733 [http-nio-9004-exec-1] INFO  com.nine.one.yuedu.read.utils.FileOptionUtil - 后缀是:.jpg
2020-06-14 15:40:50.733 [http-nio-9004-exec-1] INFO  com.nine.one.yuedu.read.utils.FileOptionUtil - 临时文件创建成功=C:\Users\Administrator\AppData\Local\Temp\pattern1986674483340308383.jpg
2020-06-14 15:43:03.548 [SpringContextShutdownHook] INFO  o.s.scheduling.concurrent.ThreadPoolTaskExecutor - Shutting down ExecutorService 'applicationTaskExecutor'
2020-06-14 15:43:03.570 [SpringContextShutdownHook] INFO  com.alibaba.druid.pool.DruidDataSource - {dataSource-1} closed
2020-06-14 15:43:14.122 [main] INFO  com.nine.one.yuedu.read.NineOneYueDuApplication - Starting NineOneYueDuApplication on USER-6R7V7QUI0L with PID 10656 (D:\JXTC\91yuedu-read\target\classes started by Administrator in D:\JXTC\91yuedu-read)
2020-06-14 15:43:14.122 [main] INFO  com.nine.one.yuedu.read.NineOneYueDuApplication - The following profiles are active: dev
2020-06-14 15:43:21.217 [main] INFO  o.s.d.r.config.RepositoryConfigurationDelegate - Multiple Spring Data modules found, entering strict repository configuration mode!
2020-06-14 15:43:21.217 [main] INFO  o.s.d.r.config.RepositoryConfigurationDelegate - Bootstrapping Spring Data Redis repositories in DEFAULT mode.
2020-06-14 15:43:21.355 [main] INFO  o.s.d.r.config.RepositoryConfigurationDelegate - Finished Spring Data repository scanning in 101ms. Found 0 Redis repository interfaces.
2020-06-14 15:43:22.758 [main] INFO  o.s.boot.web.embedded.tomcat.TomcatWebServer - Tomcat initialized with port(s): 9004 (http)
2020-06-14 15:43:22.789 [main] INFO  org.apache.coyote.http11.Http11NioProtocol - Initializing ProtocolHandler ["http-nio-9004"]
2020-06-14 15:43:22.789 [main] INFO  org.apache.catalina.core.StandardService - Starting service [Tomcat]
2020-06-14 15:43:22.789 [main] INFO  org.apache.catalina.core.StandardEngine - Starting Servlet engine: [Apache Tomcat/9.0.33]
2020-06-14 15:43:23.375 [main] INFO  o.a.c.core.ContainerBase.[Tomcat].[localhost].[/] - Initializing Spring embedded WebApplicationContext
2020-06-14 15:43:23.375 [main] INFO  org.springframework.web.context.ContextLoader - Root WebApplicationContext: initialization completed in 9121 ms
2020-06-14 15:43:23.754 [main] INFO  c.a.d.s.b.a.DruidDataSourceAutoConfigure - Init DruidDataSource
2020-06-14 15:43:24.525 [main] INFO  com.alibaba.druid.pool.DruidDataSource - {dataSource-1} inited
2020-06-14 15:43:27.148 [main] INFO  s.d.s.w.PropertySourcedRequestMappingHandlerMapping - Mapped URL path [/v2/api-docs] onto method [springfox.documentation.swagger2.web.Swagger2Controller#getDocumentation(String, HttpServletRequest)]
2020-06-14 15:43:27.301 [main] INFO  o.s.b.a.s.s.UserDetailsServiceAutoConfiguration - 

Using generated security password: 418ad241-259a-4bf1-8051-e3549ab30833

2020-06-14 15:43:27.517 [main] INFO  o.s.security.web.DefaultSecurityFilterChain - Creating filter chain: any request, [org.springframework.security.web.context.request.async.WebAsyncManagerIntegrationFilter@6644bdf5, org.springframework.security.web.context.SecurityContextPersistenceFilter@2ac05a33, org.springframework.security.web.header.HeaderWriterFilter@369a95a5, org.springframework.security.web.authentication.logout.LogoutFilter@6cc90398, org.springframework.security.web.savedrequest.RequestCacheAwareFilter@4cef0747, org.springframework.security.web.servletapi.SecurityContextHolderAwareRequestFilter@97beeaf, org.springframework.security.web.authentication.AnonymousAuthenticationFilter@13cf5f8a, org.springframework.security.web.session.SessionManagementFilter@236b4a44, org.springframework.security.web.access.ExceptionTranslationFilter@26495639, org.springframework.security.web.access.intercept.FilterSecurityInterceptor@4f525e13]
2020-06-14 15:43:27.803 [main] INFO  o.s.scheduling.concurrent.ThreadPoolTaskExecutor - Initializing ExecutorService 'applicationTaskExecutor'
2020-06-14 15:43:28.868 [main] INFO  s.d.s.web.plugins.DocumentationPluginsBootstrapper - Context refreshed
2020-06-14 15:43:28.906 [main] INFO  s.d.s.web.plugins.DocumentationPluginsBootstrapper - Found 1 custom documentation plugin(s)
2020-06-14 15:43:29.006 [main] INFO  s.d.spring.web.scanners.ApiListingReferenceScanner - Scanning for api listing references
2020-06-14 15:43:29.492 [main] INFO  s.d.s.w.r.operation.CachingOperationNameGenerator - Generating unique operation named: uploadHeadUsingPOST_1
2020-06-14 15:43:29.654 [main] INFO  s.d.s.w.r.operation.CachingOperationNameGenerator - Generating unique operation named: addBookUsingPOST_1
2020-06-14 15:43:29.670 [main] INFO  s.d.s.w.r.operation.CachingOperationNameGenerator - Generating unique operation named: findByIdUsingGET_1
2020-06-14 15:43:29.677 [main] INFO  s.d.s.w.r.operation.CachingOperationNameGenerator - Generating unique operation named: uploadHeadUsingPOST_2
2020-06-14 15:43:29.692 [main] INFO  s.d.s.w.r.operation.CachingOperationNameGenerator - Generating unique operation named: getBookUsingGET_1
2020-06-14 15:43:29.692 [main] INFO  s.d.s.w.r.operation.CachingOperationNameGenerator - Generating unique operation named: getChapterUsingGET_1
2020-06-14 15:43:29.739 [main] INFO  org.apache.coyote.http11.Http11NioProtocol - Starting ProtocolHandler ["http-nio-9004"]
2020-06-14 15:43:29.808 [main] INFO  o.s.boot.web.embedded.tomcat.TomcatWebServer - Tomcat started on port(s): 9004 (http) with context path ''
2020-06-14 15:43:29.808 [main] INFO  com.nine.one.yuedu.read.NineOneYueDuApplication - Started NineOneYueDuApplication in 16.524 seconds (JVM running for 18.752)
2020-06-14 15:43:36.628 [http-nio-9004-exec-1] INFO  o.a.c.core.ContainerBase.[Tomcat].[localhost].[/] - Initializing Spring DispatcherServlet 'dispatcherServlet'
2020-06-14 15:43:36.644 [http-nio-9004-exec-1] INFO  org.springframework.web.servlet.DispatcherServlet - Initializing Servlet 'dispatcherServlet'
2020-06-14 15:43:36.644 [http-nio-9004-exec-1] INFO  org.springframework.web.servlet.DispatcherServlet - Completed initialization in 0 ms
2020-06-14 15:43:50.166 [http-nio-9004-exec-1] INFO  com.nine.one.yuedu.read.utils.FileOptionUtil - 后缀是:.jpg
2020-06-14 15:43:50.166 [http-nio-9004-exec-1] INFO  com.nine.one.yuedu.read.utils.FileOptionUtil - 临时文件创建成功=C:\Users\Administrator\AppData\Local\Temp\pattern6586975624305719696.jpg
2020-06-14 15:51:04.450 [SpringContextShutdownHook] INFO  o.s.scheduling.concurrent.ThreadPoolTaskExecutor - Shutting down ExecutorService 'applicationTaskExecutor'
2020-06-14 15:51:04.465 [SpringContextShutdownHook] INFO  com.alibaba.druid.pool.DruidDataSource - {dataSource-1} closed
2020-06-14 15:51:15.311 [main] INFO  com.nine.one.yuedu.read.NineOneYueDuApplication - Starting NineOneYueDuApplication on USER-6R7V7QUI0L with PID 6232 (D:\JXTC\91yuedu-read\target\classes started by Administrator in D:\JXTC\91yuedu-read)
2020-06-14 15:51:15.327 [main] INFO  com.nine.one.yuedu.read.NineOneYueDuApplication - The following profiles are active: dev
2020-06-14 15:51:17.665 [main] INFO  o.s.d.r.config.RepositoryConfigurationDelegate - Multiple Spring Data modules found, entering strict repository configuration mode!
2020-06-14 15:51:17.665 [main] INFO  o.s.d.r.config.RepositoryConfigurationDelegate - Bootstrapping Spring Data Redis repositories in DEFAULT mode.
2020-06-14 15:51:17.819 [main] INFO  o.s.d.r.config.RepositoryConfigurationDelegate - Finished Spring Data repository scanning in 111ms. Found 0 Redis repository interfaces.
2020-06-14 15:51:19.223 [main] INFO  o.s.boot.web.embedded.tomcat.TomcatWebServer - Tomcat initialized with port(s): 9004 (http)
2020-06-14 15:51:19.254 [main] INFO  org.apache.coyote.http11.Http11NioProtocol - Initializing ProtocolHandler ["http-nio-9004"]
2020-06-14 15:51:19.254 [main] INFO  org.apache.catalina.core.StandardService - Starting service [Tomcat]
2020-06-14 15:51:19.254 [main] INFO  org.apache.catalina.core.StandardEngine - Starting Servlet engine: [Apache Tomcat/9.0.33]
2020-06-14 15:51:19.756 [main] INFO  o.a.c.core.ContainerBase.[Tomcat].[localhost].[/] - Initializing Spring embedded WebApplicationContext
2020-06-14 15:51:19.756 [main] INFO  org.springframework.web.context.ContextLoader - Root WebApplicationContext: initialization completed in 4298 ms
2020-06-14 15:51:20.172 [main] INFO  c.a.d.s.b.a.DruidDataSourceAutoConfigure - Init DruidDataSource
2020-06-14 15:51:21.097 [main] INFO  com.alibaba.druid.pool.DruidDataSource - {dataSource-1} inited
2020-06-14 15:51:22.949 [main] INFO  s.d.s.w.PropertySourcedRequestMappingHandlerMapping - Mapped URL path [/v2/api-docs] onto method [springfox.documentation.swagger2.web.Swagger2Controller#getDocumentation(String, HttpServletRequest)]
2020-06-14 15:51:23.049 [main] INFO  o.s.b.a.s.s.UserDetailsServiceAutoConfiguration - 

Using generated security password: a862263b-845c-4e2c-998c-ef935b81322c

2020-06-14 15:51:23.203 [main] INFO  o.s.security.web.DefaultSecurityFilterChain - Creating filter chain: any request, [org.springframework.security.web.context.request.async.WebAsyncManagerIntegrationFilter@4182a651, org.springframework.security.web.context.SecurityContextPersistenceFilter@3f80d8c, org.springframework.security.web.header.HeaderWriterFilter@71668a67, org.springframework.security.web.authentication.logout.LogoutFilter@67e4928c, org.springframework.security.web.savedrequest.RequestCacheAwareFilter@5c60c08, org.springframework.security.web.servletapi.SecurityContextHolderAwareRequestFilter@131d977f, org.springframework.security.web.authentication.AnonymousAuthenticationFilter@7791ff50, org.springframework.security.web.session.SessionManagementFilter@62794582, org.springframework.security.web.access.ExceptionTranslationFilter@5a6efe33, org.springframework.security.web.access.intercept.FilterSecurityInterceptor@1c788d08]
2020-06-14 15:51:23.397 [main] INFO  o.s.scheduling.concurrent.ThreadPoolTaskExecutor - Initializing ExecutorService 'applicationTaskExecutor'
2020-06-14 15:51:24.121 [main] INFO  s.d.s.web.plugins.DocumentationPluginsBootstrapper - Context refreshed
2020-06-14 15:51:24.152 [main] INFO  s.d.s.web.plugins.DocumentationPluginsBootstrapper - Found 1 custom documentation plugin(s)
2020-06-14 15:51:24.199 [main] INFO  s.d.spring.web.scanners.ApiListingReferenceScanner - Scanning for api listing references
2020-06-14 15:51:24.507 [main] INFO  s.d.s.w.r.operation.CachingOperationNameGenerator - Generating unique operation named: uploadHeadUsingPOST_1
2020-06-14 15:51:24.623 [main] INFO  s.d.s.w.r.operation.CachingOperationNameGenerator - Generating unique operation named: addBookUsingPOST_1
2020-06-14 15:51:24.638 [main] INFO  s.d.s.w.r.operation.CachingOperationNameGenerator - Generating unique operation named: findByIdUsingGET_1
2020-06-14 15:51:24.654 [main] INFO  s.d.s.w.r.operation.CachingOperationNameGenerator - Generating unique operation named: uploadHeadUsingPOST_2
2020-06-14 15:51:24.654 [main] INFO  s.d.s.w.r.operation.CachingOperationNameGenerator - Generating unique operation named: getBookUsingGET_1
2020-06-14 15:51:24.654 [main] INFO  s.d.s.w.r.operation.CachingOperationNameGenerator - Generating unique operation named: getChapterUsingGET_1
2020-06-14 15:51:24.701 [main] INFO  org.apache.coyote.http11.Http11NioProtocol - Starting ProtocolHandler ["http-nio-9004"]
2020-06-14 15:51:24.738 [main] INFO  o.s.boot.web.embedded.tomcat.TomcatWebServer - Tomcat started on port(s): 9004 (http) with context path ''
2020-06-14 15:51:24.738 [main] INFO  com.nine.one.yuedu.read.NineOneYueDuApplication - Started NineOneYueDuApplication in 10.217 seconds (JVM running for 12.772)
2020-06-14 15:51:55.050 [http-nio-9004-exec-3] INFO  o.a.c.core.ContainerBase.[Tomcat].[localhost].[/] - Initializing Spring DispatcherServlet 'dispatcherServlet'
2020-06-14 15:51:55.050 [http-nio-9004-exec-3] INFO  org.springframework.web.servlet.DispatcherServlet - Initializing Servlet 'dispatcherServlet'
2020-06-14 15:51:55.066 [http-nio-9004-exec-3] INFO  org.springframework.web.servlet.DispatcherServlet - Completed initialization in 16 ms
2020-06-14 15:51:56.882 [http-nio-9004-exec-3] INFO  com.nine.one.yuedu.read.utils.FileOptionUtil - 后缀是:.jpg
2020-06-14 15:51:56.897 [http-nio-9004-exec-3] INFO  com.nine.one.yuedu.read.utils.FileOptionUtil - 临时文件创建成功=C:\Users\Administrator\AppData\Local\Temp\pattern5168041540437643317.jpg
2020-06-14 16:00:26.308 [SpringContextShutdownHook] INFO  o.s.scheduling.concurrent.ThreadPoolTaskExecutor - Shutting down ExecutorService 'applicationTaskExecutor'
2020-06-14 16:00:26.324 [SpringContextShutdownHook] INFO  com.alibaba.druid.pool.DruidDataSource - {dataSource-1} closed
2020-06-14 16:00:48.183 [main] INFO  com.nine.one.yuedu.read.NineOneYueDuApplication - Starting NineOneYueDuApplication on USER-6R7V7QUI0L with PID 8248 (D:\JXTC\91yuedu-read\target\classes started by Administrator in D:\JXTC\91yuedu-read)
2020-06-14 16:00:48.193 [main] INFO  com.nine.one.yuedu.read.NineOneYueDuApplication - The following profiles are active: dev
2020-06-14 16:00:49.287 [main] INFO  o.s.d.r.config.RepositoryConfigurationDelegate - Multiple Spring Data modules found, entering strict repository configuration mode!
2020-06-14 16:00:49.287 [main] INFO  o.s.d.r.config.RepositoryConfigurationDelegate - Bootstrapping Spring Data Redis repositories in DEFAULT mode.
2020-06-14 16:00:49.349 [main] INFO  o.s.d.r.config.RepositoryConfigurationDelegate - Finished Spring Data repository scanning in 46ms. Found 0 Redis repository interfaces.
2020-06-14 16:00:49.867 [main] INFO  o.s.boot.web.embedded.tomcat.TomcatWebServer - Tomcat initialized with port(s): 9004 (http)
2020-06-14 16:00:49.882 [main] INFO  org.apache.coyote.http11.Http11NioProtocol - Initializing ProtocolHandler ["http-nio-9004"]
2020-06-14 16:00:49.882 [main] INFO  org.apache.catalina.core.StandardService - Starting service [Tomcat]
2020-06-14 16:00:49.882 [main] INFO  org.apache.catalina.core.StandardEngine - Starting Servlet engine: [Apache Tomcat/9.0.33]
2020-06-14 16:00:50.005 [main] INFO  o.a.c.core.ContainerBase.[Tomcat].[localhost].[/] - Initializing Spring embedded WebApplicationContext
2020-06-14 16:00:50.020 [main] INFO  org.springframework.web.context.ContextLoader - Root WebApplicationContext: initialization completed in 1736 ms
2020-06-14 16:00:50.236 [main] INFO  c.a.d.s.b.a.DruidDataSourceAutoConfigure - Init DruidDataSource
2020-06-14 16:00:50.869 [main] INFO  com.alibaba.druid.pool.DruidDataSource - {dataSource-1} inited
2020-06-14 16:00:52.042 [main] INFO  s.d.s.w.PropertySourcedRequestMappingHandlerMapping - Mapped URL path [/v2/api-docs] onto method [springfox.documentation.swagger2.web.Swagger2Controller#getDocumentation(String, HttpServletRequest)]
2020-06-14 16:00:52.095 [main] INFO  o.s.b.a.s.s.UserDetailsServiceAutoConfiguration - 

Using generated security password: 04ddb043-3547-4ae1-ba2f-ad386d8c7ca0

2020-06-14 16:00:52.173 [main] INFO  o.s.security.web.DefaultSecurityFilterChain - Creating filter chain: any request, [org.springframework.security.web.context.request.async.WebAsyncManagerIntegrationFilter@27960b1e, org.springframework.security.web.context.SecurityContextPersistenceFilter@738a5848, org.springframework.security.web.header.HeaderWriterFilter@38fb50f8, org.springframework.security.web.authentication.logout.LogoutFilter@382dc417, org.springframework.security.web.savedrequest.RequestCacheAwareFilter@324b6a56, org.springframework.security.web.servletapi.SecurityContextHolderAwareRequestFilter@45592af7, org.springframework.security.web.authentication.AnonymousAuthenticationFilter@643ba1ed, org.springframework.security.web.session.SessionManagementFilter@61f377d1, org.springframework.security.web.access.ExceptionTranslationFilter@5c18d6d4, org.springframework.security.web.access.intercept.FilterSecurityInterceptor@40717ed]
2020-06-14 16:00:52.296 [main] INFO  o.s.scheduling.concurrent.ThreadPoolTaskExecutor - Initializing ExecutorService 'applicationTaskExecutor'
2020-06-14 16:00:52.697 [main] INFO  s.d.s.web.plugins.DocumentationPluginsBootstrapper - Context refreshed
2020-06-14 16:00:52.697 [main] INFO  s.d.s.web.plugins.DocumentationPluginsBootstrapper - Found 1 custom documentation plugin(s)
2020-06-14 16:00:52.759 [main] INFO  s.d.spring.web.scanners.ApiListingReferenceScanner - Scanning for api listing references
2020-06-14 16:00:53.145 [main] INFO  s.d.s.w.r.operation.CachingOperationNameGenerator - Generating unique operation named: uploadHeadUsingPOST_1
2020-06-14 16:00:53.276 [main] INFO  s.d.s.w.r.operation.CachingOperationNameGenerator - Generating unique operation named: addBookUsingPOST_1
2020-06-14 16:00:53.298 [main] INFO  s.d.s.w.r.operation.CachingOperationNameGenerator - Generating unique operation named: findByIdUsingGET_1
2020-06-14 16:00:53.314 [main] INFO  s.d.s.w.r.operation.CachingOperationNameGenerator - Generating unique operation named: uploadHeadUsingPOST_2
2020-06-14 16:00:53.314 [main] INFO  s.d.s.w.r.operation.CachingOperationNameGenerator - Generating unique operation named: getBookUsingGET_1
2020-06-14 16:00:53.314 [main] INFO  s.d.s.w.r.operation.CachingOperationNameGenerator - Generating unique operation named: getChapterUsingGET_1
2020-06-14 16:00:53.345 [main] INFO  org.apache.coyote.http11.Http11NioProtocol - Starting ProtocolHandler ["http-nio-9004"]
2020-06-14 16:00:53.392 [main] INFO  o.s.boot.web.embedded.tomcat.TomcatWebServer - Tomcat started on port(s): 9004 (http) with context path ''
2020-06-14 16:00:53.399 [main] INFO  com.nine.one.yuedu.read.NineOneYueDuApplication - Started NineOneYueDuApplication in 5.725 seconds (JVM running for 8.437)
2020-06-14 16:01:01.862 [http-nio-9004-exec-1] INFO  o.a.c.core.ContainerBase.[Tomcat].[localhost].[/] - Initializing Spring DispatcherServlet 'dispatcherServlet'
2020-06-14 16:01:01.862 [http-nio-9004-exec-1] INFO  org.springframework.web.servlet.DispatcherServlet - Initializing Servlet 'dispatcherServlet'
2020-06-14 16:01:01.862 [http-nio-9004-exec-1] INFO  org.springframework.web.servlet.DispatcherServlet - Completed initialization in 0 ms
2020-06-14 16:01:03.527 [http-nio-9004-exec-1] INFO  com.nine.one.yuedu.read.utils.FileOptionUtil - 后缀是:.jpg
2020-06-14 16:01:03.543 [http-nio-9004-exec-1] INFO  com.nine.one.yuedu.read.utils.FileOptionUtil - 临时文件创建成功=C:\Users\Administrator\AppData\Local\Temp\pattern5825745725854850505.jpg
2020-06-14 16:02:42.612 [main] INFO  com.nine.one.yuedu.read.NineOneYueDuApplication - Starting NineOneYueDuApplication on USER-6R7V7QUI0L with PID 10192 (D:\JXTC\91yuedu-read\target\classes started by Administrator in D:\JXTC\91yuedu-read)
2020-06-14 16:02:42.622 [main] INFO  com.nine.one.yuedu.read.NineOneYueDuApplication - The following profiles are active: dev
2020-06-14 16:02:46.167 [main] INFO  o.s.d.r.config.RepositoryConfigurationDelegate - Multiple Spring Data modules found, entering strict repository configuration mode!
2020-06-14 16:02:46.167 [main] INFO  o.s.d.r.config.RepositoryConfigurationDelegate - Bootstrapping Spring Data Redis repositories in DEFAULT mode.
2020-06-14 16:02:46.398 [main] INFO  o.s.d.r.config.RepositoryConfigurationDelegate - Finished Spring Data repository scanning in 168ms. Found 0 Redis repository interfaces.
2020-06-14 16:02:48.627 [main] INFO  o.s.boot.web.embedded.tomcat.TomcatWebServer - Tomcat initialized with port(s): 9004 (http)
2020-06-14 16:02:48.642 [main] INFO  org.apache.coyote.http11.Http11NioProtocol - Initializing ProtocolHandler ["http-nio-9004"]
2020-06-14 16:02:48.642 [main] INFO  org.apache.catalina.core.StandardService - Starting service [Tomcat]
2020-06-14 16:02:48.642 [main] INFO  org.apache.catalina.core.StandardEngine - Starting Servlet engine: [Apache Tomcat/9.0.33]
2020-06-14 16:02:49.028 [main] INFO  o.a.c.core.ContainerBase.[Tomcat].[localhost].[/] - Initializing Spring embedded WebApplicationContext
2020-06-14 16:02:49.028 [main] INFO  org.springframework.web.context.ContextLoader - Root WebApplicationContext: initialization completed in 6174 ms
2020-06-14 16:02:49.306 [main] INFO  c.a.d.s.b.a.DruidDataSourceAutoConfigure - Init DruidDataSource
2020-06-14 16:02:50.078 [main] INFO  com.alibaba.druid.pool.DruidDataSource - {dataSource-1} inited
2020-06-14 16:02:52.168 [main] INFO  s.d.s.w.PropertySourcedRequestMappingHandlerMapping - Mapped URL path [/v2/api-docs] onto method [springfox.documentation.swagger2.web.Swagger2Controller#getDocumentation(String, HttpServletRequest)]
2020-06-14 16:02:52.268 [main] INFO  o.s.b.a.s.s.UserDetailsServiceAutoConfiguration - 

Using generated security password: 45ac900d-4ac1-4703-9d67-e318a21d547d

2020-06-14 16:02:52.431 [main] INFO  o.s.security.web.DefaultSecurityFilterChain - Creating filter chain: any request, [org.springframework.security.web.context.request.async.WebAsyncManagerIntegrationFilter@55b62db8, org.springframework.security.web.context.SecurityContextPersistenceFilter@10d4b573, org.springframework.security.web.header.HeaderWriterFilter@5d58dc61, org.springframework.security.web.authentication.logout.LogoutFilter@31f5b923, org.springframework.security.web.savedrequest.RequestCacheAwareFilter@7c3c3d67, org.springframework.security.web.servletapi.SecurityContextHolderAwareRequestFilter@2328ec73, org.springframework.security.web.authentication.AnonymousAuthenticationFilter@772f3a3f, org.springframework.security.web.session.SessionManagementFilter@77eb607e, org.springframework.security.web.access.ExceptionTranslationFilter@29519337, org.springframework.security.web.access.intercept.FilterSecurityInterceptor@49d543a9]
2020-06-14 16:02:52.638 [main] INFO  o.s.scheduling.concurrent.ThreadPoolTaskExecutor - Initializing ExecutorService 'applicationTaskExecutor'
2020-06-14 16:02:53.418 [main] INFO  s.d.s.web.plugins.DocumentationPluginsBootstrapper - Context refreshed
2020-06-14 16:02:53.456 [main] INFO  s.d.s.web.plugins.DocumentationPluginsBootstrapper - Found 1 custom documentation plugin(s)
2020-06-14 16:02:53.502 [main] INFO  s.d.spring.web.scanners.ApiListingReferenceScanner - Scanning for api listing references
2020-06-14 16:02:53.841 [main] INFO  s.d.s.w.r.operation.CachingOperationNameGenerator - Generating unique operation named: uploadHeadUsingPOST_1
2020-06-14 16:02:53.941 [main] INFO  s.d.s.w.r.operation.CachingOperationNameGenerator - Generating unique operation named: addBookUsingPOST_1
2020-06-14 16:02:53.957 [main] INFO  s.d.s.w.r.operation.CachingOperationNameGenerator - Generating unique operation named: findByIdUsingGET_1
2020-06-14 16:02:53.972 [main] INFO  s.d.s.w.r.operation.CachingOperationNameGenerator - Generating unique operation named: uploadHeadUsingPOST_2
2020-06-14 16:02:53.972 [main] INFO  s.d.s.w.r.operation.CachingOperationNameGenerator - Generating unique operation named: getBookUsingGET_1
2020-06-14 16:02:53.972 [main] INFO  s.d.s.w.r.operation.CachingOperationNameGenerator - Generating unique operation named: getChapterUsingGET_1
2020-06-14 16:02:54.004 [main] INFO  org.apache.coyote.http11.Http11NioProtocol - Starting ProtocolHandler ["http-nio-9004"]
2020-06-14 16:02:54.057 [main] INFO  o.s.boot.web.embedded.tomcat.TomcatWebServer - Tomcat started on port(s): 9004 (http) with context path ''
2020-06-14 16:02:54.057 [main] INFO  com.nine.one.yuedu.read.NineOneYueDuApplication - Started NineOneYueDuApplication in 12.421 seconds (JVM running for 16.531)
2020-06-14 16:03:17.847 [http-nio-9004-exec-1] INFO  o.a.c.core.ContainerBase.[Tomcat].[localhost].[/] - Initializing Spring DispatcherServlet 'dispatcherServlet'
2020-06-14 16:03:17.847 [http-nio-9004-exec-1] INFO  org.springframework.web.servlet.DispatcherServlet - Initializing Servlet 'dispatcherServlet'
2020-06-14 16:03:17.863 [http-nio-9004-exec-1] INFO  org.springframework.web.servlet.DispatcherServlet - Completed initialization in 16 ms
2020-06-14 16:03:19.621 [http-nio-9004-exec-1] INFO  com.nine.one.yuedu.read.utils.FileOptionUtil - 后缀是:.jpg
2020-06-14 16:03:19.621 [http-nio-9004-exec-1] INFO  com.nine.one.yuedu.read.utils.FileOptionUtil - 临时文件创建成功=C:\Users\Administrator\AppData\Local\Temp\pattern7854873403369809388.jpg
2020-06-14 16:24:07.957 [SpringContextShutdownHook] INFO  o.s.scheduling.concurrent.ThreadPoolTaskExecutor - Shutting down ExecutorService 'applicationTaskExecutor'
2020-06-14 16:24:07.972 [SpringContextShutdownHook] INFO  com.alibaba.druid.pool.DruidDataSource - {dataSource-1} closed
2020-06-14 16:26:22.084 [main] INFO  com.nine.one.yuedu.read.NineOneYueDuApplication - Starting NineOneYueDuApplication on USER-6R7V7QUI0L with PID 6128 (D:\JXTC\91yuedu-read\target\classes started by Administrator in D:\JXTC\91yuedu-read)
2020-06-14 16:26:22.084 [main] INFO  com.nine.one.yuedu.read.NineOneYueDuApplication - The following profiles are active: dev
2020-06-14 16:26:23.258 [main] INFO  o.s.d.r.config.RepositoryConfigurationDelegate - Multiple Spring Data modules found, entering strict repository configuration mode!
2020-06-14 16:26:23.258 [main] INFO  o.s.d.r.config.RepositoryConfigurationDelegate - Bootstrapping Spring Data Redis repositories in DEFAULT mode.
2020-06-14 16:26:23.321 [main] INFO  o.s.d.r.config.RepositoryConfigurationDelegate - Finished Spring Data repository scanning in 47ms. Found 0 Redis repository interfaces.
2020-06-14 16:26:23.938 [main] INFO  o.s.boot.web.embedded.tomcat.TomcatWebServer - Tomcat initialized with port(s): 9004 (http)
2020-06-14 16:26:23.960 [main] INFO  org.apache.coyote.http11.Http11NioProtocol - Initializing ProtocolHandler ["http-nio-9004"]
2020-06-14 16:26:23.960 [main] INFO  org.apache.catalina.core.StandardService - Starting service [Tomcat]
2020-06-14 16:26:23.960 [main] INFO  org.apache.catalina.core.StandardEngine - Starting Servlet engine: [Apache Tomcat/9.0.33]
2020-06-14 16:26:24.192 [main] INFO  o.a.c.core.ContainerBase.[Tomcat].[localhost].[/] - Initializing Spring embedded WebApplicationContext
2020-06-14 16:26:24.192 [main] INFO  org.springframework.web.context.ContextLoader - Root WebApplicationContext: initialization completed in 2008 ms
2020-06-14 16:26:24.377 [main] INFO  c.a.d.s.b.a.DruidDataSourceAutoConfigure - Init DruidDataSource
2020-06-14 16:26:25.010 [main] INFO  com.alibaba.druid.pool.DruidDataSource - {dataSource-1} inited
2020-06-14 16:26:27.718 [main] INFO  s.d.s.w.PropertySourcedRequestMappingHandlerMapping - Mapped URL path [/v2/api-docs] onto method [springfox.documentation.swagger2.web.Swagger2Controller#getDocumentation(String, HttpServletRequest)]
2020-06-14 16:26:27.988 [main] INFO  o.s.b.a.s.s.UserDetailsServiceAutoConfiguration - 

Using generated security password: 54ba114b-bae9-4fea-b62e-c8c21e1a2746

2020-06-14 16:26:28.373 [main] INFO  o.s.security.web.DefaultSecurityFilterChain - Creating filter chain: any request, [org.springframework.security.web.context.request.async.WebAsyncManagerIntegrationFilter@12548f9a, org.springframework.security.web.context.SecurityContextPersistenceFilter@6cde0c69, org.springframework.security.web.header.HeaderWriterFilter@62054faf, org.springframework.security.web.authentication.logout.LogoutFilter@43fe2008, org.springframework.security.web.savedrequest.RequestCacheAwareFilter@22361e23, org.springframework.security.web.servletapi.SecurityContextHolderAwareRequestFilter@70439c3, org.springframework.security.web.authentication.AnonymousAuthenticationFilter@156ff70f, org.springframework.security.web.session.SessionManagementFilter@2fcc5f49, org.springframework.security.web.access.ExceptionTranslationFilter@4e5364a3, org.springframework.security.web.access.intercept.FilterSecurityInterceptor@3fe98084]
2020-06-14 16:26:28.922 [main] INFO  o.s.scheduling.concurrent.ThreadPoolTaskExecutor - Initializing ExecutorService 'applicationTaskExecutor'
2020-06-14 16:26:30.843 [main] INFO  s.d.s.web.plugins.DocumentationPluginsBootstrapper - Context refreshed
2020-06-14 16:26:30.874 [main] INFO  s.d.s.web.plugins.DocumentationPluginsBootstrapper - Found 1 custom documentation plugin(s)
2020-06-14 16:26:30.928 [main] INFO  s.d.spring.web.scanners.ApiListingReferenceScanner - Scanning for api listing references
2020-06-14 16:26:31.197 [main] INFO  s.d.s.w.r.operation.CachingOperationNameGenerator - Generating unique operation named: uploadHeadUsingPOST_1
2020-06-14 16:26:31.282 [main] INFO  s.d.s.w.r.operation.CachingOperationNameGenerator - Generating unique operation named: addBookUsingPOST_1
2020-06-14 16:26:31.297 [main] INFO  s.d.s.w.r.operation.CachingOperationNameGenerator - Generating unique operation named: findByIdUsingGET_1
2020-06-14 16:26:31.297 [main] INFO  s.d.s.w.r.operation.CachingOperationNameGenerator - Generating unique operation named: uploadHeadUsingPOST_2
2020-06-14 16:26:31.297 [main] INFO  s.d.s.w.r.operation.CachingOperationNameGenerator - Generating unique operation named: getBookUsingGET_1
2020-06-14 16:26:31.297 [main] INFO  s.d.s.w.r.operation.CachingOperationNameGenerator - Generating unique operation named: getChapterUsingGET_1
2020-06-14 16:26:31.329 [main] INFO  org.apache.coyote.http11.Http11NioProtocol - Starting ProtocolHandler ["http-nio-9004"]
2020-06-14 16:26:31.360 [main] INFO  o.s.boot.web.embedded.tomcat.TomcatWebServer - Tomcat started on port(s): 9004 (http) with context path ''
2020-06-14 16:26:31.376 [main] INFO  com.nine.one.yuedu.read.NineOneYueDuApplication - Started NineOneYueDuApplication in 9.955 seconds (JVM running for 13.532)
2020-06-14 16:27:04.634 [http-nio-9004-exec-1] INFO  o.a.c.core.ContainerBase.[Tomcat].[localhost].[/] - Initializing Spring DispatcherServlet 'dispatcherServlet'
2020-06-14 16:27:04.634 [http-nio-9004-exec-1] INFO  org.springframework.web.servlet.DispatcherServlet - Initializing Servlet 'dispatcherServlet'
2020-06-14 16:27:04.650 [http-nio-9004-exec-1] INFO  org.springframework.web.servlet.DispatcherServlet - Completed initialization in 16 ms
2020-06-14 16:27:31.368 [http-nio-9004-exec-1] INFO  com.nine.one.yuedu.read.utils.FileOptionUtil - 后缀是:.jpg
2020-06-14 16:27:31.383 [http-nio-9004-exec-1] INFO  com.nine.one.yuedu.read.utils.FileOptionUtil - 临时文件创建成功=C:\Users\Administrator\AppData\Local\Temp\pattern5858125191811450572.jpg
2020-06-14 16:28:16.201 [SpringContextShutdownHook] INFO  o.s.scheduling.concurrent.ThreadPoolTaskExecutor - Shutting down ExecutorService 'applicationTaskExecutor'
2020-06-14 16:28:16.216 [SpringContextShutdownHook] INFO  com.alibaba.druid.pool.DruidDataSource - {dataSource-1} closed
2020-06-14 16:28:59.448 [main] INFO  com.nine.one.yuedu.read.NineOneYueDuApplication - Starting NineOneYueDuApplication on USER-6R7V7QUI0L with PID 5824 (D:\JXTC\91yuedu-read\target\classes started by Administrator in D:\JXTC\91yuedu-read)
2020-06-14 16:28:59.448 [main] INFO  com.nine.one.yuedu.read.NineOneYueDuApplication - The following profiles are active: dev
2020-06-14 16:29:02.967 [main] INFO  o.s.d.r.config.RepositoryConfigurationDelegate - Multiple Spring Data modules found, entering strict repository configuration mode!
2020-06-14 16:29:02.967 [main] INFO  o.s.d.r.config.RepositoryConfigurationDelegate - Bootstrapping Spring Data Redis repositories in DEFAULT mode.
2020-06-14 16:29:03.198 [main] INFO  o.s.d.r.config.RepositoryConfigurationDelegate - Finished Spring Data repository scanning in 164ms. Found 0 Redis repository interfaces.
2020-06-14 16:29:05.389 [main] INFO  o.s.boot.web.embedded.tomcat.TomcatWebServer - Tomcat initialized with port(s): 9004 (http)
2020-06-14 16:29:05.427 [main] INFO  org.apache.coyote.http11.Http11NioProtocol - Initializing ProtocolHandler ["http-nio-9004"]
2020-06-14 16:29:05.427 [main] INFO  org.apache.catalina.core.StandardService - Starting service [Tomcat]
2020-06-14 16:29:05.427 [main] INFO  org.apache.catalina.core.StandardEngine - Starting Servlet engine: [Apache Tomcat/9.0.33]
2020-06-14 16:29:06.176 [main] INFO  o.a.c.core.ContainerBase.[Tomcat].[localhost].[/] - Initializing Spring embedded WebApplicationContext
2020-06-14 16:29:06.176 [main] INFO  org.springframework.web.context.ContextLoader - Root WebApplicationContext: initialization completed in 6373 ms
2020-06-14 16:29:06.846 [main] INFO  c.a.d.s.b.a.DruidDataSourceAutoConfigure - Init DruidDataSource
2020-06-14 16:29:07.997 [main] INFO  com.alibaba.druid.pool.DruidDataSource - {dataSource-1} inited
2020-06-14 16:29:10.842 [main] INFO  s.d.s.w.PropertySourcedRequestMappingHandlerMapping - Mapped URL path [/v2/api-docs] onto method [springfox.documentation.swagger2.web.Swagger2Controller#getDocumentation(String, HttpServletRequest)]
2020-06-14 16:29:10.989 [main] INFO  o.s.b.a.s.s.UserDetailsServiceAutoConfiguration - 

Using generated security password: a4430b53-66fd-40fa-af6d-7506a9a3a4ff

2020-06-14 16:29:11.221 [main] INFO  o.s.security.web.DefaultSecurityFilterChain - Creating filter chain: any request, [org.springframework.security.web.context.request.async.WebAsyncManagerIntegrationFilter@4db46344, org.springframework.security.web.context.SecurityContextPersistenceFilter@3ca278bc, org.springframework.security.web.header.HeaderWriterFilter@25216999, org.springframework.security.web.authentication.logout.LogoutFilter@5342eec5, org.springframework.security.web.savedrequest.RequestCacheAwareFilter@2acb1264, org.springframework.security.web.servletapi.SecurityContextHolderAwareRequestFilter@1bc6c20d, org.springframework.security.web.authentication.AnonymousAuthenticationFilter@56c6d515, org.springframework.security.web.session.SessionManagementFilter@4a890fdd, org.springframework.security.web.access.ExceptionTranslationFilter@7bda01da, org.springframework.security.web.access.intercept.FilterSecurityInterceptor@a6dffdb]
2020-06-14 16:29:11.506 [main] INFO  o.s.scheduling.concurrent.ThreadPoolTaskExecutor - Initializing ExecutorService 'applicationTaskExecutor'
2020-06-14 16:29:12.578 [main] INFO  s.d.s.web.plugins.DocumentationPluginsBootstrapper - Context refreshed
2020-06-14 16:29:12.641 [main] INFO  s.d.s.web.plugins.DocumentationPluginsBootstrapper - Found 1 custom documentation plugin(s)
2020-06-14 16:29:12.725 [main] INFO  s.d.spring.web.scanners.ApiListingReferenceScanner - Scanning for api listing references
2020-06-14 16:29:13.196 [main] INFO  s.d.s.w.r.operation.CachingOperationNameGenerator - Generating unique operation named: uploadHeadUsingPOST_1
2020-06-14 16:29:13.365 [main] INFO  s.d.s.w.r.operation.CachingOperationNameGenerator - Generating unique operation named: addBookUsingPOST_1
2020-06-14 16:29:13.380 [main] INFO  s.d.s.w.r.operation.CachingOperationNameGenerator - Generating unique operation named: findByIdUsingGET_1
2020-06-14 16:29:13.396 [main] INFO  s.d.s.w.r.operation.CachingOperationNameGenerator - Generating unique operation named: uploadHeadUsingPOST_2
2020-06-14 16:29:13.396 [main] INFO  s.d.s.w.r.operation.CachingOperationNameGenerator - Generating unique operation named: getBookUsingGET_1
2020-06-14 16:29:13.396 [main] INFO  s.d.s.w.r.operation.CachingOperationNameGenerator - Generating unique operation named: getChapterUsingGET_1
2020-06-14 16:29:13.449 [main] INFO  org.apache.coyote.http11.Http11NioProtocol - Starting ProtocolHandler ["http-nio-9004"]
2020-06-14 16:29:13.528 [main] INFO  o.s.boot.web.embedded.tomcat.TomcatWebServer - Tomcat started on port(s): 9004 (http) with context path ''
2020-06-14 16:29:13.543 [main] INFO  com.nine.one.yuedu.read.NineOneYueDuApplication - Started NineOneYueDuApplication in 20.701 seconds (JVM running for 22.989)
2020-06-14 16:29:21.389 [http-nio-9004-exec-1] INFO  o.a.c.core.ContainerBase.[Tomcat].[localhost].[/] - Initializing Spring DispatcherServlet 'dispatcherServlet'
2020-06-14 16:29:21.389 [http-nio-9004-exec-1] INFO  org.springframework.web.servlet.DispatcherServlet - Initializing Servlet 'dispatcherServlet'
2020-06-14 16:29:21.405 [http-nio-9004-exec-1] INFO  org.springframework.web.servlet.DispatcherServlet - Completed initialization in 16 ms
2020-06-14 16:29:22.824 [http-nio-9004-exec-1] INFO  com.nine.one.yuedu.read.utils.FileOptionUtil - 后缀是:.jpg
2020-06-14 16:29:22.840 [http-nio-9004-exec-1] INFO  com.nine.one.yuedu.read.utils.FileOptionUtil - 临时文件创建成功=C:\Users\Administrator\AppData\Local\Temp\pattern8612731432690739479.jpg
2020-06-14 16:35:02.077 [SpringContextShutdownHook] INFO  o.s.scheduling.concurrent.ThreadPoolTaskExecutor - Shutting down ExecutorService 'applicationTaskExecutor'
2020-06-14 16:35:02.093 [SpringContextShutdownHook] INFO  com.alibaba.druid.pool.DruidDataSource - {dataSource-1} closed
2020-06-14 16:35:43.492 [main] INFO  com.nine.one.yuedu.read.NineOneYueDuApplication - Starting NineOneYueDuApplication on USER-6R7V7QUI0L with PID 3640 (D:\JXTC\91yuedu-read\target\classes started by Administrator in D:\JXTC\91yuedu-read)
2020-06-14 16:35:43.492 [main] INFO  com.nine.one.yuedu.read.NineOneYueDuApplication - The following profiles are active: dev
2020-06-14 16:35:45.450 [main] INFO  o.s.d.r.config.RepositoryConfigurationDelegate - Multiple Spring Data modules found, entering strict repository configuration mode!
2020-06-14 16:35:45.450 [main] INFO  o.s.d.r.config.RepositoryConfigurationDelegate - Bootstrapping Spring Data Redis repositories in DEFAULT mode.
2020-06-14 16:35:45.534 [main] INFO  o.s.d.r.config.RepositoryConfigurationDelegate - Finished Spring Data repository scanning in 72ms. Found 0 Redis repository interfaces.
2020-06-14 16:35:46.499 [main] INFO  o.s.boot.web.embedded.tomcat.TomcatWebServer - Tomcat initialized with port(s): 9004 (http)
2020-06-14 16:35:46.531 [main] INFO  org.apache.coyote.http11.Http11NioProtocol - Initializing ProtocolHandler ["http-nio-9004"]
2020-06-14 16:35:46.531 [main] INFO  org.apache.catalina.core.StandardService - Starting service [Tomcat]
2020-06-14 16:35:46.531 [main] INFO  org.apache.catalina.core.StandardEngine - Starting Servlet engine: [Apache Tomcat/9.0.33]
2020-06-14 16:35:46.854 [main] INFO  o.a.c.core.ContainerBase.[Tomcat].[localhost].[/] - Initializing Spring embedded WebApplicationContext
2020-06-14 16:35:46.854 [main] INFO  org.springframework.web.context.ContextLoader - Root WebApplicationContext: initialization completed in 3199 ms
2020-06-14 16:35:47.402 [main] INFO  c.a.d.s.b.a.DruidDataSourceAutoConfigure - Init DruidDataSource
2020-06-14 16:35:48.274 [main] INFO  com.alibaba.druid.pool.DruidDataSource - {dataSource-1} inited
2020-06-14 16:35:51.013 [main] INFO  s.d.s.w.PropertySourcedRequestMappingHandlerMapping - Mapped URL path [/v2/api-docs] onto method [springfox.documentation.swagger2.web.Swagger2Controller#getDocumentation(String, HttpServletRequest)]
2020-06-14 16:35:51.128 [main] INFO  o.s.b.a.s.s.UserDetailsServiceAutoConfiguration - 

Using generated security password: 13cfbe22-90ee-4575-8b22-e94a669544f2

2020-06-14 16:35:51.266 [main] INFO  o.s.security.web.DefaultSecurityFilterChain - Creating filter chain: any request, [org.springframework.security.web.context.request.async.WebAsyncManagerIntegrationFilter@4017fe2c, org.springframework.security.web.context.SecurityContextPersistenceFilter@70b2fa10, org.springframework.security.web.header.HeaderWriterFilter@6b415f5f, org.springframework.security.web.authentication.logout.LogoutFilter@b5b9333, org.springframework.security.web.savedrequest.RequestCacheAwareFilter@b0f2d91, org.springframework.security.web.servletapi.SecurityContextHolderAwareRequestFilter@30bbcf91, org.springframework.security.web.authentication.AnonymousAuthenticationFilter@1961d75a, org.springframework.security.web.session.SessionManagementFilter@25953be6, org.springframework.security.web.access.ExceptionTranslationFilter@2a87ba34, org.springframework.security.web.access.intercept.FilterSecurityInterceptor@510689af]
2020-06-14 16:35:51.429 [main] INFO  o.s.scheduling.concurrent.ThreadPoolTaskExecutor - Initializing ExecutorService 'applicationTaskExecutor'
2020-06-14 16:35:52.131 [main] INFO  s.d.s.web.plugins.DocumentationPluginsBootstrapper - Context refreshed
2020-06-14 16:35:52.153 [main] INFO  s.d.s.web.plugins.DocumentationPluginsBootstrapper - Found 1 custom documentation plugin(s)
2020-06-14 16:35:52.200 [main] INFO  s.d.spring.web.scanners.ApiListingReferenceScanner - Scanning for api listing references
2020-06-14 16:35:52.532 [main] INFO  s.d.s.w.r.operation.CachingOperationNameGenerator - Generating unique operation named: uploadHeadUsingPOST_1
2020-06-14 16:35:52.633 [main] INFO  s.d.s.w.r.operation.CachingOperationNameGenerator - Generating unique operation named: addBookUsingPOST_1
2020-06-14 16:35:52.633 [main] INFO  s.d.s.w.r.operation.CachingOperationNameGenerator - Generating unique operation named: findByIdUsingGET_1
2020-06-14 16:35:52.648 [main] INFO  s.d.s.w.r.operation.CachingOperationNameGenerator - Generating unique operation named: uploadHeadUsingPOST_2
2020-06-14 16:35:52.655 [main] INFO  s.d.s.w.r.operation.CachingOperationNameGenerator - Generating unique operation named: getBookUsingGET_1
2020-06-14 16:35:52.655 [main] INFO  s.d.s.w.r.operation.CachingOperationNameGenerator - Generating unique operation named: getChapterUsingGET_1
2020-06-14 16:35:52.670 [main] INFO  org.apache.coyote.http11.Http11NioProtocol - Starting ProtocolHandler ["http-nio-9004"]
2020-06-14 16:35:52.702 [main] INFO  o.s.boot.web.embedded.tomcat.TomcatWebServer - Tomcat started on port(s): 9004 (http) with context path ''
2020-06-14 16:35:52.717 [main] INFO  com.nine.one.yuedu.read.NineOneYueDuApplication - Started NineOneYueDuApplication in 9.948 seconds (JVM running for 13.837)
2020-06-14 16:36:01.545 [http-nio-9004-exec-1] INFO  o.a.c.core.ContainerBase.[Tomcat].[localhost].[/] - Initializing Spring DispatcherServlet 'dispatcherServlet'
2020-06-14 16:36:01.545 [http-nio-9004-exec-1] INFO  org.springframework.web.servlet.DispatcherServlet - Initializing Servlet 'dispatcherServlet'
2020-06-14 16:36:01.560 [http-nio-9004-exec-1] INFO  org.springframework.web.servlet.DispatcherServlet - Completed initialization in 15 ms
2020-06-14 16:36:02.663 [http-nio-9004-exec-1] INFO  com.nine.one.yuedu.read.utils.FileOptionUtil - 后缀是:.jpg
2020-06-14 16:36:02.663 [http-nio-9004-exec-1] INFO  com.nine.one.yuedu.read.utils.FileOptionUtil - 临时文件创建成功=C:\Users\Administrator\AppData\Local\Temp\pattern4238187125052221512.jpg
2020-06-14 16:39:56.889 [main] INFO  com.nine.one.yuedu.read.NineOneYueDuApplication - Starting NineOneYueDuApplication on USER-6R7V7QUI0L with PID 2816 (D:\JXTC\91yuedu-read\target\classes started by Administrator in D:\JXTC\91yuedu-read)
2020-06-14 16:39:56.890 [main] INFO  com.nine.one.yuedu.read.NineOneYueDuApplication - The following profiles are active: dev
2020-06-14 16:39:58.093 [main] INFO  o.s.d.r.config.RepositoryConfigurationDelegate - Multiple Spring Data modules found, entering strict repository configuration mode!
2020-06-14 16:39:58.109 [main] INFO  o.s.d.r.config.RepositoryConfigurationDelegate - Bootstrapping Spring Data Redis repositories in DEFAULT mode.
2020-06-14 16:39:58.156 [main] INFO  o.s.d.r.config.RepositoryConfigurationDelegate - Finished Spring Data repository scanning in 46ms. Found 0 Redis repository interfaces.
2020-06-14 16:39:58.657 [main] INFO  o.s.boot.web.embedded.tomcat.TomcatWebServer - Tomcat initialized with port(s): 9004 (http)
2020-06-14 16:39:58.673 [main] INFO  org.apache.coyote.http11.Http11NioProtocol - Initializing ProtocolHandler ["http-nio-9004"]
2020-06-14 16:39:58.673 [main] INFO  org.apache.catalina.core.StandardService - Starting service [Tomcat]
2020-06-14 16:39:58.673 [main] INFO  org.apache.catalina.core.StandardEngine - Starting Servlet engine: [Apache Tomcat/9.0.33]
2020-06-14 16:39:58.796 [main] INFO  o.a.c.core.ContainerBase.[Tomcat].[localhost].[/] - Initializing Spring embedded WebApplicationContext
2020-06-14 16:39:58.796 [main] INFO  org.springframework.web.context.ContextLoader - Root WebApplicationContext: initialization completed in 1784 ms
2020-06-14 16:39:59.027 [main] INFO  c.a.d.s.b.a.DruidDataSourceAutoConfigure - Init DruidDataSource
2020-06-14 16:39:59.729 [main] INFO  com.alibaba.druid.pool.DruidDataSource - {dataSource-1} inited
2020-06-14 16:40:01.550 [main] INFO  s.d.s.w.PropertySourcedRequestMappingHandlerMapping - Mapped URL path [/v2/api-docs] onto method [springfox.documentation.swagger2.web.Swagger2Controller#getDocumentation(String, HttpServletRequest)]
2020-06-14 16:40:01.719 [main] INFO  o.s.b.a.s.s.UserDetailsServiceAutoConfiguration - 

Using generated security password: 5a6d088b-c52d-47d6-a225-7d15f1c89fe3

2020-06-14 16:40:01.983 [main] INFO  o.s.security.web.DefaultSecurityFilterChain - Creating filter chain: any request, [org.springframework.security.web.context.request.async.WebAsyncManagerIntegrationFilter@67e0fd6d, org.springframework.security.web.context.SecurityContextPersistenceFilter@7c11d32, org.springframework.security.web.header.HeaderWriterFilter@243bf087, org.springframework.security.web.authentication.logout.LogoutFilter@66d25ba9, org.springframework.security.web.savedrequest.RequestCacheAwareFilter@58278366, org.springframework.security.web.servletapi.SecurityContextHolderAwareRequestFilter@616a06e3, org.springframework.security.web.authentication.AnonymousAuthenticationFilter@21390938, org.springframework.security.web.session.SessionManagementFilter@6282b9f5, org.springframework.security.web.access.ExceptionTranslationFilter@5fffb692, org.springframework.security.web.access.intercept.FilterSecurityInterceptor@14fc9bd]
2020-06-14 16:40:02.306 [main] INFO  o.s.scheduling.concurrent.ThreadPoolTaskExecutor - Initializing ExecutorService 'applicationTaskExecutor'
2020-06-14 16:40:03.603 [main] INFO  s.d.s.web.plugins.DocumentationPluginsBootstrapper - Context refreshed
2020-06-14 16:40:03.650 [main] INFO  s.d.s.web.plugins.DocumentationPluginsBootstrapper - Found 1 custom documentation plugin(s)
2020-06-14 16:40:03.750 [main] INFO  s.d.spring.web.scanners.ApiListingReferenceScanner - Scanning for api listing references
2020-06-14 16:40:04.367 [main] INFO  s.d.s.w.r.operation.CachingOperationNameGenerator - Generating unique operation named: uploadHeadUsingPOST_1
2020-06-14 16:40:04.621 [main] INFO  s.d.s.w.r.operation.CachingOperationNameGenerator - Generating unique operation named: addBookUsingPOST_1
2020-06-14 16:40:04.653 [main] INFO  s.d.s.w.r.operation.CachingOperationNameGenerator - Generating unique operation named: findByIdUsingGET_1
2020-06-14 16:40:04.668 [main] INFO  s.d.s.w.r.operation.CachingOperationNameGenerator - Generating unique operation named: uploadHeadUsingPOST_2
2020-06-14 16:40:04.684 [main] INFO  s.d.s.w.r.operation.CachingOperationNameGenerator - Generating unique operation named: getBookUsingGET_1
2020-06-14 16:40:04.684 [main] INFO  s.d.s.w.r.operation.CachingOperationNameGenerator - Generating unique operation named: getChapterUsingGET_1
2020-06-14 16:40:04.737 [main] INFO  org.apache.coyote.http11.Http11NioProtocol - Starting ProtocolHandler ["http-nio-9004"]
2020-06-14 16:40:04.806 [main] INFO  o.s.boot.web.embedded.tomcat.TomcatWebServer - Tomcat started on port(s): 9004 (http) with context path ''
2020-06-14 16:40:04.806 [main] INFO  com.nine.one.yuedu.read.NineOneYueDuApplication - Started NineOneYueDuApplication in 8.559 seconds (JVM running for 12.828)
2020-06-14 16:40:24.783 [http-nio-9004-exec-1] INFO  o.a.c.core.ContainerBase.[Tomcat].[localhost].[/] - Initializing Spring DispatcherServlet 'dispatcherServlet'
2020-06-14 16:40:24.783 [http-nio-9004-exec-1] INFO  org.springframework.web.servlet.DispatcherServlet - Initializing Servlet 'dispatcherServlet'
2020-06-14 16:40:24.783 [http-nio-9004-exec-1] INFO  org.springframework.web.servlet.DispatcherServlet - Completed initialization in 0 ms
2020-06-14 16:47:10.028 [main] INFO  com.nine.one.yuedu.read.NineOneYueDuApplication - Starting NineOneYueDuApplication on USER-6R7V7QUI0L with PID 12296 (D:\JXTC\91yuedu-read\target\classes started by Administrator in D:\JXTC\91yuedu-read)
2020-06-14 16:47:10.028 [main] INFO  com.nine.one.yuedu.read.NineOneYueDuApplication - The following profiles are active: dev
2020-06-14 16:47:11.338 [main] INFO  o.s.d.r.config.RepositoryConfigurationDelegate - Multiple Spring Data modules found, entering strict repository configuration mode!
2020-06-14 16:47:11.338 [main] INFO  o.s.d.r.config.RepositoryConfigurationDelegate - Bootstrapping Spring Data Redis repositories in DEFAULT mode.
2020-06-14 16:47:11.401 [main] INFO  o.s.d.r.config.RepositoryConfigurationDelegate - Finished Spring Data repository scanning in 48ms. Found 0 Redis repository interfaces.
2020-06-14 16:47:12.071 [main] INFO  o.s.boot.web.embedded.tomcat.TomcatWebServer - Tomcat initialized with port(s): 9004 (http)
2020-06-14 16:47:12.071 [main] INFO  org.apache.coyote.http11.Http11NioProtocol - Initializing ProtocolHandler ["http-nio-9004"]
2020-06-14 16:47:12.071 [main] INFO  org.apache.catalina.core.StandardService - Starting service [Tomcat]
2020-06-14 16:47:12.071 [main] INFO  org.apache.catalina.core.StandardEngine - Starting Servlet engine: [Apache Tomcat/9.0.33]
2020-06-14 16:47:12.303 [main] INFO  o.a.c.core.ContainerBase.[Tomcat].[localhost].[/] - Initializing Spring embedded WebApplicationContext
2020-06-14 16:47:12.303 [main] INFO  org.springframework.web.context.ContextLoader - Root WebApplicationContext: initialization completed in 2190 ms
2020-06-14 16:47:12.472 [main] INFO  c.a.d.s.b.a.DruidDataSourceAutoConfigure - Init DruidDataSource
2020-06-14 16:47:18.165 [main] INFO  com.alibaba.druid.pool.DruidDataSource - {dataSource-1} inited
2020-06-14 16:47:20.342 [main] INFO  s.d.s.w.PropertySourcedRequestMappingHandlerMapping - Mapped URL path [/v2/api-docs] onto method [springfox.documentation.swagger2.web.Swagger2Controller#getDocumentation(String, HttpServletRequest)]
2020-06-14 16:47:20.458 [main] INFO  o.s.b.a.s.s.UserDetailsServiceAutoConfiguration - 

Using generated security password: e653afd9-834f-4641-a80c-afa447c2ab2e

2020-06-14 16:47:20.627 [main] INFO  o.s.security.web.DefaultSecurityFilterChain - Creating filter chain: any request, [org.springframework.security.web.context.request.async.WebAsyncManagerIntegrationFilter@51d88c38, org.springframework.security.web.context.SecurityContextPersistenceFilter@113d0f75, org.springframework.security.web.header.HeaderWriterFilter@210d3a42, org.springframework.security.web.authentication.logout.LogoutFilter@62360a68, org.springframework.security.web.savedrequest.RequestCacheAwareFilter@773f3360, org.springframework.security.web.servletapi.SecurityContextHolderAwareRequestFilter@aa8dce8, org.springframework.security.web.authentication.AnonymousAuthenticationFilter@3ea2f72e, org.springframework.security.web.session.SessionManagementFilter@6aaa678d, org.springframework.security.web.access.ExceptionTranslationFilter@6e668322, org.springframework.security.web.access.intercept.FilterSecurityInterceptor@e8c84eb]
2020-06-14 16:47:20.828 [main] INFO  o.s.scheduling.concurrent.ThreadPoolTaskExecutor - Initializing ExecutorService 'applicationTaskExecutor'
2020-06-14 16:47:21.661 [main] INFO  s.d.s.web.plugins.DocumentationPluginsBootstrapper - Context refreshed
2020-06-14 16:47:21.692 [main] INFO  s.d.s.web.plugins.DocumentationPluginsBootstrapper - Found 1 custom documentation plugin(s)
2020-06-14 16:47:21.761 [main] INFO  s.d.spring.web.scanners.ApiListingReferenceScanner - Scanning for api listing references
2020-06-14 16:47:22.109 [main] INFO  s.d.s.w.r.operation.CachingOperationNameGenerator - Generating unique operation named: uploadHeadUsingPOST_1
2020-06-14 16:47:22.232 [main] INFO  s.d.s.w.r.operation.CachingOperationNameGenerator - Generating unique operation named: addBookUsingPOST_1
2020-06-14 16:47:22.247 [main] INFO  s.d.s.w.r.operation.CachingOperationNameGenerator - Generating unique operation named: findByIdUsingGET_1
2020-06-14 16:47:22.247 [main] INFO  s.d.s.w.r.operation.CachingOperationNameGenerator - Generating unique operation named: uploadHeadUsingPOST_2
2020-06-14 16:47:22.263 [main] INFO  s.d.s.w.r.operation.CachingOperationNameGenerator - Generating unique operation named: getBookUsingGET_1
2020-06-14 16:47:22.263 [main] INFO  s.d.s.w.r.operation.CachingOperationNameGenerator - Generating unique operation named: getChapterUsingGET_1
2020-06-14 16:47:22.332 [main] INFO  org.apache.coyote.http11.Http11NioProtocol - Starting ProtocolHandler ["http-nio-9004"]
2020-06-14 16:47:22.394 [main] INFO  o.s.boot.web.embedded.tomcat.TomcatWebServer - Tomcat started on port(s): 9004 (http) with context path ''
2020-06-14 16:47:22.394 [main] INFO  com.nine.one.yuedu.read.NineOneYueDuApplication - Started NineOneYueDuApplication in 13.038 seconds (JVM running for 15.366)
2020-06-14 16:47:53.448 [http-nio-9004-exec-1] INFO  o.a.c.core.ContainerBase.[Tomcat].[localhost].[/] - Initializing Spring DispatcherServlet 'dispatcherServlet'
2020-06-14 16:47:53.448 [http-nio-9004-exec-1] INFO  org.springframework.web.servlet.DispatcherServlet - Initializing Servlet 'dispatcherServlet'
2020-06-14 16:47:53.448 [http-nio-9004-exec-1] INFO  org.springframework.web.servlet.DispatcherServlet - Completed initialization in 0 ms
2020-06-14 16:49:33.662 [SpringContextShutdownHook] INFO  o.s.scheduling.concurrent.ThreadPoolTaskExecutor - Shutting down ExecutorService 'applicationTaskExecutor'
2020-06-14 16:49:33.677 [SpringContextShutdownHook] INFO  com.alibaba.druid.pool.DruidDataSource - {dataSource-1} closed
2020-06-14 16:49:44.273 [main] INFO  com.nine.one.yuedu.read.NineOneYueDuApplication - Starting NineOneYueDuApplication on USER-6R7V7QUI0L with PID 13740 (D:\JXTC\91yuedu-read\target\classes started by Administrator in D:\JXTC\91yuedu-read)
2020-06-14 16:49:44.288 [main] INFO  com.nine.one.yuedu.read.NineOneYueDuApplication - The following profiles are active: dev
2020-06-14 16:49:50.668 [main] INFO  o.s.d.r.config.RepositoryConfigurationDelegate - Multiple Spring Data modules found, entering strict repository configuration mode!
2020-06-14 16:49:50.684 [main] INFO  o.s.d.r.config.RepositoryConfigurationDelegate - Bootstrapping Spring Data Redis repositories in DEFAULT mode.
2020-06-14 16:49:50.816 [main] INFO  o.s.d.r.config.RepositoryConfigurationDelegate - Finished Spring Data repository scanning in 98ms. Found 0 Redis repository interfaces.
2020-06-14 16:49:52.088 [main] INFO  o.s.boot.web.embedded.tomcat.TomcatWebServer - Tomcat initialized with port(s): 9004 (http)
2020-06-14 16:49:52.104 [main] INFO  org.apache.coyote.http11.Http11NioProtocol - Initializing ProtocolHandler ["http-nio-9004"]
2020-06-14 16:49:52.104 [main] INFO  org.apache.catalina.core.StandardService - Starting service [Tomcat]
2020-06-14 16:49:52.104 [main] INFO  org.apache.catalina.core.StandardEngine - Starting Servlet engine: [Apache Tomcat/9.0.33]
2020-06-14 16:49:52.505 [main] INFO  o.a.c.core.ContainerBase.[Tomcat].[localhost].[/] - Initializing Spring embedded WebApplicationContext
2020-06-14 16:49:52.505 [main] INFO  org.springframework.web.context.ContextLoader - Root WebApplicationContext: initialization completed in 8094 ms
2020-06-14 16:49:52.821 [main] INFO  c.a.d.s.b.a.DruidDataSourceAutoConfigure - Init DruidDataSource
2020-06-14 16:49:53.592 [main] INFO  com.alibaba.druid.pool.DruidDataSource - {dataSource-1} inited
2020-06-14 16:49:56.030 [main] INFO  s.d.s.w.PropertySourcedRequestMappingHandlerMapping - Mapped URL path [/v2/api-docs] onto method [springfox.documentation.swagger2.web.Swagger2Controller#getDocumentation(String, HttpServletRequest)]
2020-06-14 16:49:56.162 [main] INFO  o.s.b.a.s.s.UserDetailsServiceAutoConfiguration - 

Using generated security password: 1d92ca55-7c08-41ec-9abd-3cc56a1275d8

2020-06-14 16:49:56.378 [main] INFO  o.s.security.web.DefaultSecurityFilterChain - Creating filter chain: any request, [org.springframework.security.web.context.request.async.WebAsyncManagerIntegrationFilter@185339ed, org.springframework.security.web.context.SecurityContextPersistenceFilter@2e0516a3, org.springframework.security.web.header.HeaderWriterFilter@210c1b9d, org.springframework.security.web.authentication.logout.LogoutFilter@2d0f548a, org.springframework.security.web.savedrequest.RequestCacheAwareFilter@347b370c, org.springframework.security.web.servletapi.SecurityContextHolderAwareRequestFilter@77204651, org.springframework.security.web.authentication.AnonymousAuthenticationFilter@2e4d4d22, org.springframework.security.web.session.SessionManagementFilter@6f4d2294, org.springframework.security.web.access.ExceptionTranslationFilter@75d539b9, org.springframework.security.web.access.intercept.FilterSecurityInterceptor@6fa3def8]
2020-06-14 16:49:56.663 [main] INFO  o.s.scheduling.concurrent.ThreadPoolTaskExecutor - Initializing ExecutorService 'applicationTaskExecutor'
2020-06-14 16:49:57.719 [main] INFO  s.d.s.web.plugins.DocumentationPluginsBootstrapper - Context refreshed
2020-06-14 16:49:57.766 [main] INFO  s.d.s.web.plugins.DocumentationPluginsBootstrapper - Found 1 custom documentation plugin(s)
2020-06-14 16:49:57.835 [main] INFO  s.d.spring.web.scanners.ApiListingReferenceScanner - Scanning for api listing references
2020-06-14 16:49:58.283 [main] INFO  s.d.s.w.r.operation.CachingOperationNameGenerator - Generating unique operation named: uploadHeadUsingPOST_1
2020-06-14 16:49:58.405 [main] INFO  s.d.s.w.r.operation.CachingOperationNameGenerator - Generating unique operation named: addBookUsingPOST_1
2020-06-14 16:49:58.421 [main] INFO  s.d.s.w.r.operation.CachingOperationNameGenerator - Generating unique operation named: findByIdUsingGET_1
2020-06-14 16:49:58.436 [main] INFO  s.d.s.w.r.operation.CachingOperationNameGenerator - Generating unique operation named: uploadHeadUsingPOST_2
2020-06-14 16:49:58.436 [main] INFO  s.d.s.w.r.operation.CachingOperationNameGenerator - Generating unique operation named: getBookUsingGET_1
2020-06-14 16:49:58.436 [main] INFO  s.d.s.w.r.operation.CachingOperationNameGenerator - Generating unique operation named: getChapterUsingGET_1
2020-06-14 16:49:58.490 [main] INFO  org.apache.coyote.http11.Http11NioProtocol - Starting ProtocolHandler ["http-nio-9004"]
2020-06-14 16:49:58.552 [main] INFO  o.s.boot.web.embedded.tomcat.TomcatWebServer - Tomcat started on port(s): 9004 (http) with context path ''
2020-06-14 16:49:58.552 [main] INFO  com.nine.one.yuedu.read.NineOneYueDuApplication - Started NineOneYueDuApplication in 15.006 seconds (JVM running for 17.289)
2020-06-14 17:12:46.710 [SpringContextShutdownHook] INFO  o.s.scheduling.concurrent.ThreadPoolTaskExecutor - Shutting down ExecutorService 'applicationTaskExecutor'
2020-06-14 17:12:46.741 [SpringContextShutdownHook] INFO  com.alibaba.druid.pool.DruidDataSource - {dataSource-1} closed
