2020-11-05 10:11:31.530 [main] INFO  com.nine.one.yuedu.read.NineOneYueDuApplication - Starting NineOneYueDuApplication on LAPTOP-VRL8D1D5 with PID 31776 (D:\JXTC\91yuedu-read\target\classes started by asus in D:\JXTC\91yuedu-read)
2020-11-05 10:11:31.534 [main] INFO  com.nine.one.yuedu.read.NineOneYueDuApplication - The following profiles are active: test
2020-11-05 10:11:32.575 [main] INFO  o.s.d.r.config.RepositoryConfigurationDelegate - Multiple Spring Data modules found, entering strict repository configuration mode!
2020-11-05 10:11:32.576 [main] INFO  o.s.d.r.config.RepositoryConfigurationDelegate - Bootstrapping Spring Data Redis repositories in DEFAULT mode.
2020-11-05 10:11:32.659 [main] INFO  o.s.d.r.config.RepositoryConfigurationDelegate - Finished Spring Data repository scanning in 57ms. Found 0 Redis repository interfaces.
2020-11-05 10:11:32.990 [main] INFO  o.s.d.r.config.RepositoryConfigurationDelegate - Multiple Spring Data modules found, entering strict repository configuration mode!
2020-11-05 10:11:32.990 [main] INFO  o.s.d.r.config.RepositoryConfigurationDelegate - Bootstrapping Spring Data Redis repositories in DEFAULT mode.
2020-11-05 10:11:33.022 [main] INFO  o.s.d.r.config.RepositoryConfigurationDelegate - Finished Spring Data repository scanning in 32ms. Found 0 Redis repository interfaces.
2020-11-05 10:11:33.714 [main] INFO  o.s.boot.web.embedded.tomcat.TomcatWebServer - Tomcat initialized with port(s): 9004 (http)
2020-11-05 10:11:33.915 [main] INFO  org.apache.coyote.http11.Http11NioProtocol - Initializing ProtocolHandler ["http-nio-9004"]
2020-11-05 10:11:33.922 [main] INFO  org.apache.catalina.core.StandardService - Starting service [Tomcat]
2020-11-05 10:11:33.923 [main] INFO  org.apache.catalina.core.StandardEngine - Starting Servlet engine: [Apache Tomcat/9.0.33]
2020-11-05 10:11:34.554 [main] INFO  o.a.c.core.ContainerBase.[Tomcat].[localhost].[/] - Initializing Spring embedded WebApplicationContext
2020-11-05 10:11:34.554 [main] INFO  org.springframework.web.context.ContextLoader - Root WebApplicationContext: initialization completed in 2908 ms
2020-11-05 10:11:34.753 [main] INFO  c.a.d.s.b.a.DruidDataSourceAutoConfigure - Init DruidDataSource
2020-11-05 10:11:35.079 [main] INFO  com.alibaba.druid.pool.DruidDataSource - {dataSource-1} inited
2020-11-05 10:11:37.427 [main] INFO  s.d.s.w.PropertySourcedRequestMappingHandlerMapping - Mapped URL path [/v2/api-docs] onto method [springfox.documentation.swagger2.web.Swagger2Controller#getDocumentation(String, HttpServletRequest)]
2020-11-05 10:11:37.508 [main] INFO  o.s.b.a.s.s.UserDetailsServiceAutoConfiguration - 

Using generated security password: f8efe6ca-9f3a-4b76-943b-ec8893b8105b

2020-11-05 10:11:37.618 [main] INFO  o.s.security.web.DefaultSecurityFilterChain - Creating filter chain: any request, [org.springframework.security.web.context.request.async.WebAsyncManagerIntegrationFilter@34fcd292, org.springframework.security.web.context.SecurityContextPersistenceFilter@7196a8f1, org.springframework.security.web.header.HeaderWriterFilter@1a785fd5, org.springframework.security.web.authentication.logout.LogoutFilter@44da7eb3, org.springframework.security.web.savedrequest.RequestCacheAwareFilter@8f39224, org.springframework.security.web.servletapi.SecurityContextHolderAwareRequestFilter@2c579202, org.springframework.security.web.authentication.AnonymousAuthenticationFilter@63db743d, org.springframework.security.web.session.SessionManagementFilter@5546e754, org.springframework.security.web.access.ExceptionTranslationFilter@5b14f482, org.springframework.security.web.access.intercept.FilterSecurityInterceptor@4c063cb9]
2020-11-05 10:11:37.795 [main] INFO  o.s.scheduling.concurrent.ThreadPoolTaskExecutor - Initializing ExecutorService 'applicationTaskExecutor'
2020-11-05 10:11:37.958 [main] INFO  o.s.scheduling.concurrent.ThreadPoolTaskScheduler - Initializing ExecutorService 'taskScheduler'
2020-11-05 10:11:38.000 [main] INFO  s.d.s.web.plugins.DocumentationPluginsBootstrapper - Context refreshed
2020-11-05 10:11:38.021 [main] INFO  s.d.s.web.plugins.DocumentationPluginsBootstrapper - Found 1 custom documentation plugin(s)
2020-11-05 10:11:38.053 [main] INFO  s.d.spring.web.scanners.ApiListingReferenceScanner - Scanning for api listing references
2020-11-05 10:11:38.192 [main] INFO  s.d.s.w.r.operation.CachingOperationNameGenerator - Generating unique operation named: getChapterListByBookIdUsingGET_1
2020-11-05 10:11:38.268 [main] INFO  s.d.s.w.r.operation.CachingOperationNameGenerator - Generating unique operation named: getMaxChapterIdUsingGET_1
2020-11-05 10:11:38.316 [main] INFO  s.d.s.w.r.operation.CachingOperationNameGenerator - Generating unique operation named: addBookInfoUsingPOST_1
2020-11-05 10:11:38.317 [main] INFO  s.d.s.w.r.operation.CachingOperationNameGenerator - Generating unique operation named: delBookInfoByIdUsingDELETE_1
2020-11-05 10:11:38.318 [main] INFO  s.d.s.w.r.operation.CachingOperationNameGenerator - Generating unique operation named: downBookByIdUsingGET_1
2020-11-05 10:11:38.327 [main] INFO  s.d.s.w.r.operation.CachingOperationNameGenerator - Generating unique operation named: findBookInfoByIdUsingGET_1
2020-11-05 10:11:38.328 [main] INFO  s.d.s.w.r.operation.CachingOperationNameGenerator - Generating unique operation named: findByIdUsingGET_1
2020-11-05 10:11:38.330 [main] INFO  s.d.s.w.r.operation.CachingOperationNameGenerator - Generating unique operation named: getBookInfo4PageAndParamUsingGET_1
2020-11-05 10:11:38.332 [main] INFO  s.d.s.w.r.operation.CachingOperationNameGenerator - Generating unique operation named: updateBookInfoUsingPUT_1
2020-11-05 10:11:38.333 [main] INFO  s.d.s.w.r.operation.CachingOperationNameGenerator - Generating unique operation named: uploadHeadUsingPOST_1
2020-11-05 10:11:38.340 [main] INFO  s.d.s.w.r.operation.CachingOperationNameGenerator - Generating unique operation named: addChapterUsingPOST_1
2020-11-05 10:11:38.341 [main] INFO  s.d.s.w.r.operation.CachingOperationNameGenerator - Generating unique operation named: addChapterUsingPOST_2
2020-11-05 10:11:38.342 [main] INFO  s.d.s.w.r.operation.CachingOperationNameGenerator - Generating unique operation named: delChapterByIdUsingDELETE_1
2020-11-05 10:11:38.343 [main] INFO  s.d.s.w.r.operation.CachingOperationNameGenerator - Generating unique operation named: getChapterInfoByBookIdAndChapterIdUsingGET_1
2020-11-05 10:11:38.344 [main] INFO  s.d.s.w.r.operation.CachingOperationNameGenerator - Generating unique operation named: getChapterListByBookIdPageAndSortUsingGET_1
2020-11-05 10:11:38.345 [main] INFO  s.d.s.w.r.operation.CachingOperationNameGenerator - Generating unique operation named: updateChapterUsingPUT_1
2020-11-05 10:11:38.399 [main] INFO  s.d.s.w.r.operation.CachingOperationNameGenerator - Generating unique operation named: addBookUsingPOST_1
2020-11-05 10:11:38.413 [main] INFO  s.d.s.w.r.operation.CachingOperationNameGenerator - Generating unique operation named: findByIdUsingGET_2
2020-11-05 10:11:38.419 [main] INFO  s.d.s.w.r.operation.CachingOperationNameGenerator - Generating unique operation named: uploadHeadUsingPOST_2
2020-11-05 10:11:38.428 [main] INFO  s.d.s.w.r.operation.CachingOperationNameGenerator - Generating unique operation named: getChapterUsingGET_1
2020-11-05 10:11:38.434 [main] INFO  s.d.s.w.r.operation.CachingOperationNameGenerator - Generating unique operation named: getBookUsingGET_1
2020-11-05 10:11:38.435 [main] INFO  s.d.s.w.r.operation.CachingOperationNameGenerator - Generating unique operation named: getChapterUsingGET_2
2020-11-05 10:11:38.437 [main] INFO  s.d.s.w.r.operation.CachingOperationNameGenerator - Generating unique operation named: repairUsingPOST_1
2020-11-05 10:11:38.458 [main] INFO  org.apache.coyote.http11.Http11NioProtocol - Starting ProtocolHandler ["http-nio-9004"]
2020-11-05 10:11:38.484 [main] INFO  o.s.boot.web.embedded.tomcat.TomcatWebServer - Tomcat started on port(s): 9004 (http) with context path ''
2020-11-05 10:11:38.487 [main] INFO  com.nine.one.yuedu.read.NineOneYueDuApplication - Started NineOneYueDuApplication in 7.964 seconds (JVM running for 9.785)
2020-11-05 10:11:50.355 [http-nio-9004-exec-1] INFO  o.a.c.core.ContainerBase.[Tomcat].[localhost].[/] - Initializing Spring DispatcherServlet 'dispatcherServlet'
2020-11-05 10:11:50.355 [http-nio-9004-exec-1] INFO  org.springframework.web.servlet.DispatcherServlet - Initializing Servlet 'dispatcherServlet'
2020-11-05 10:11:50.361 [http-nio-9004-exec-1] INFO  org.springframework.web.servlet.DispatcherServlet - Completed initialization in 6 ms
2020-11-05 13:44:55.831 [main] INFO  com.nine.one.yuedu.read.NineOneYueDuApplication - Starting NineOneYueDuApplication on LAPTOP-VRL8D1D5 with PID 55232 (D:\JXTC\91yuedu-read\target\classes started by asus in D:\JXTC\91yuedu-read)
2020-11-05 13:44:55.848 [main] INFO  com.nine.one.yuedu.read.NineOneYueDuApplication - The following profiles are active: test
2020-11-05 13:44:57.819 [main] INFO  o.s.d.r.config.RepositoryConfigurationDelegate - Multiple Spring Data modules found, entering strict repository configuration mode!
2020-11-05 13:44:57.820 [main] INFO  o.s.d.r.config.RepositoryConfigurationDelegate - Bootstrapping Spring Data Redis repositories in DEFAULT mode.
2020-11-05 13:44:57.961 [main] INFO  o.s.d.r.config.RepositoryConfigurationDelegate - Finished Spring Data repository scanning in 88ms. Found 0 Redis repository interfaces.
2020-11-05 13:44:58.426 [main] INFO  o.s.d.r.config.RepositoryConfigurationDelegate - Multiple Spring Data modules found, entering strict repository configuration mode!
2020-11-05 13:44:58.426 [main] INFO  o.s.d.r.config.RepositoryConfigurationDelegate - Bootstrapping Spring Data Redis repositories in DEFAULT mode.
2020-11-05 13:44:58.476 [main] INFO  o.s.d.r.config.RepositoryConfigurationDelegate - Finished Spring Data repository scanning in 49ms. Found 0 Redis repository interfaces.
2020-11-05 13:44:59.758 [main] INFO  o.s.boot.web.embedded.tomcat.TomcatWebServer - Tomcat initialized with port(s): 9004 (http)
2020-11-05 13:44:59.891 [main] INFO  org.apache.coyote.http11.Http11NioProtocol - Initializing ProtocolHandler ["http-nio-9004"]
2020-11-05 13:44:59.894 [main] INFO  org.apache.catalina.core.StandardService - Starting service [Tomcat]
2020-11-05 13:44:59.894 [main] INFO  org.apache.catalina.core.StandardEngine - Starting Servlet engine: [Apache Tomcat/9.0.33]
2020-11-05 13:45:00.145 [main] INFO  o.a.c.core.ContainerBase.[Tomcat].[localhost].[/] - Initializing Spring embedded WebApplicationContext
2020-11-05 13:45:00.146 [main] INFO  org.springframework.web.context.ContextLoader - Root WebApplicationContext: initialization completed in 4130 ms
2020-11-05 13:45:00.454 [main] INFO  c.a.d.s.b.a.DruidDataSourceAutoConfigure - Init DruidDataSource
2020-11-05 13:45:00.926 [main] INFO  com.alibaba.druid.pool.DruidDataSource - {dataSource-1} inited
2020-11-05 13:45:05.074 [main] INFO  s.d.s.w.PropertySourcedRequestMappingHandlerMapping - Mapped URL path [/v2/api-docs] onto method [springfox.documentation.swagger2.web.Swagger2Controller#getDocumentation(String, HttpServletRequest)]
2020-11-05 13:45:05.178 [main] INFO  o.s.b.a.s.s.UserDetailsServiceAutoConfiguration - 

Using generated security password: 5bc13f92-2c86-4333-a7d6-1ea62fb3c43c

2020-11-05 13:45:05.374 [main] INFO  o.s.security.web.DefaultSecurityFilterChain - Creating filter chain: any request, [org.springframework.security.web.context.request.async.WebAsyncManagerIntegrationFilter@21be14c2, org.springframework.security.web.context.SecurityContextPersistenceFilter@b75b890, org.springframework.security.web.header.HeaderWriterFilter@3d512652, org.springframework.security.web.authentication.logout.LogoutFilter@10bf1ec9, org.springframework.security.web.savedrequest.RequestCacheAwareFilter@439d545c, org.springframework.security.web.servletapi.SecurityContextHolderAwareRequestFilter@3c28181b, org.springframework.security.web.authentication.AnonymousAuthenticationFilter@19105a87, org.springframework.security.web.session.SessionManagementFilter@3120495d, org.springframework.security.web.access.ExceptionTranslationFilter@44da7eb3, org.springframework.security.web.access.intercept.FilterSecurityInterceptor@74b1838]
2020-11-05 13:45:05.671 [main] INFO  o.s.scheduling.concurrent.ThreadPoolTaskExecutor - Initializing ExecutorService 'applicationTaskExecutor'
2020-11-05 13:45:06.016 [main] INFO  o.s.scheduling.concurrent.ThreadPoolTaskScheduler - Initializing ExecutorService 'taskScheduler'
2020-11-05 13:45:06.074 [main] INFO  s.d.s.web.plugins.DocumentationPluginsBootstrapper - Context refreshed
2020-11-05 13:45:06.106 [main] INFO  s.d.s.web.plugins.DocumentationPluginsBootstrapper - Found 1 custom documentation plugin(s)
2020-11-05 13:45:06.168 [main] INFO  s.d.spring.web.scanners.ApiListingReferenceScanner - Scanning for api listing references
2020-11-05 13:45:06.449 [main] INFO  s.d.s.w.r.operation.CachingOperationNameGenerator - Generating unique operation named: getChapterListByBookIdUsingGET_1
2020-11-05 13:45:06.558 [main] INFO  s.d.s.w.r.operation.CachingOperationNameGenerator - Generating unique operation named: getMaxChapterIdUsingGET_1
2020-11-05 13:45:06.656 [main] INFO  s.d.s.w.r.operation.CachingOperationNameGenerator - Generating unique operation named: addBookInfoUsingPOST_1
2020-11-05 13:45:06.658 [main] INFO  s.d.s.w.r.operation.CachingOperationNameGenerator - Generating unique operation named: delBookInfoByIdUsingDELETE_1
2020-11-05 13:45:06.665 [main] INFO  s.d.s.w.r.operation.CachingOperationNameGenerator - Generating unique operation named: downBookByIdUsingGET_1
2020-11-05 13:45:06.684 [main] INFO  s.d.s.w.r.operation.CachingOperationNameGenerator - Generating unique operation named: findBookInfoByIdUsingGET_1
2020-11-05 13:45:06.687 [main] INFO  s.d.s.w.r.operation.CachingOperationNameGenerator - Generating unique operation named: findByIdUsingGET_1
2020-11-05 13:45:06.692 [main] INFO  s.d.s.w.r.operation.CachingOperationNameGenerator - Generating unique operation named: getBookInfo4PageAndParamUsingGET_1
2020-11-05 13:45:06.696 [main] INFO  s.d.s.w.r.operation.CachingOperationNameGenerator - Generating unique operation named: updateBookInfoUsingPUT_1
2020-11-05 13:45:06.698 [main] INFO  s.d.s.w.r.operation.CachingOperationNameGenerator - Generating unique operation named: uploadHeadUsingPOST_1
2020-11-05 13:45:06.719 [main] INFO  s.d.s.w.r.operation.CachingOperationNameGenerator - Generating unique operation named: addChapterUsingPOST_1
2020-11-05 13:45:06.723 [main] INFO  s.d.s.w.r.operation.CachingOperationNameGenerator - Generating unique operation named: addChapterUsingPOST_2
2020-11-05 13:45:06.725 [main] INFO  s.d.s.w.r.operation.CachingOperationNameGenerator - Generating unique operation named: delChapterByIdUsingDELETE_1
2020-11-05 13:45:06.726 [main] INFO  s.d.s.w.r.operation.CachingOperationNameGenerator - Generating unique operation named: getChapterInfoByBookIdAndChapterIdUsingGET_1
2020-11-05 13:45:06.730 [main] INFO  s.d.s.w.r.operation.CachingOperationNameGenerator - Generating unique operation named: getChapterListByBookIdPageAndSortUsingGET_1
2020-11-05 13:45:06.732 [main] INFO  s.d.s.w.r.operation.CachingOperationNameGenerator - Generating unique operation named: updateChapterUsingPUT_1
2020-11-05 13:45:06.837 [main] INFO  s.d.s.w.r.operation.CachingOperationNameGenerator - Generating unique operation named: addBookUsingPOST_1
2020-11-05 13:45:06.872 [main] INFO  s.d.s.w.r.operation.CachingOperationNameGenerator - Generating unique operation named: findByIdUsingGET_2
2020-11-05 13:45:06.899 [main] INFO  s.d.s.w.r.operation.CachingOperationNameGenerator - Generating unique operation named: uploadHeadUsingPOST_2
2020-11-05 13:45:06.947 [main] INFO  s.d.s.w.r.operation.CachingOperationNameGenerator - Generating unique operation named: getChapterUsingGET_1
2020-11-05 13:45:06.975 [main] INFO  s.d.s.w.r.operation.CachingOperationNameGenerator - Generating unique operation named: getBookUsingGET_1
2020-11-05 13:45:06.978 [main] INFO  s.d.s.w.r.operation.CachingOperationNameGenerator - Generating unique operation named: getChapterUsingGET_2
2020-11-05 13:45:06.989 [main] INFO  s.d.s.w.r.operation.CachingOperationNameGenerator - Generating unique operation named: repairUsingPOST_1
2020-11-05 13:45:07.043 [main] INFO  org.apache.coyote.http11.Http11NioProtocol - Starting ProtocolHandler ["http-nio-9004"]
2020-11-05 13:45:07.101 [main] INFO  o.s.boot.web.embedded.tomcat.TomcatWebServer - Tomcat started on port(s): 9004 (http) with context path ''
2020-11-05 13:45:07.112 [main] INFO  com.nine.one.yuedu.read.NineOneYueDuApplication - Started NineOneYueDuApplication in 12.102 seconds (JVM running for 13.771)
2020-11-05 13:56:34.261 [http-nio-9004-exec-1] INFO  o.a.c.core.ContainerBase.[Tomcat].[localhost].[/] - Initializing Spring DispatcherServlet 'dispatcherServlet'
2020-11-05 13:56:34.263 [http-nio-9004-exec-1] INFO  org.springframework.web.servlet.DispatcherServlet - Initializing Servlet 'dispatcherServlet'
2020-11-05 13:56:34.283 [http-nio-9004-exec-1] INFO  org.springframework.web.servlet.DispatcherServlet - Completed initialization in 19 ms
2020-11-05 14:10:50.801 [main] INFO  com.nine.one.yuedu.read.NineOneYueDuApplication - Starting NineOneYueDuApplication on LAPTOP-VRL8D1D5 with PID 55464 (D:\JXTC\91yuedu-read\target\classes started by asus in D:\JXTC\91yuedu-read)
2020-11-05 14:10:50.810 [main] INFO  com.nine.one.yuedu.read.NineOneYueDuApplication - The following profiles are active: test
2020-11-05 14:10:51.934 [main] INFO  o.s.d.r.config.RepositoryConfigurationDelegate - Multiple Spring Data modules found, entering strict repository configuration mode!
2020-11-05 14:10:51.935 [main] INFO  o.s.d.r.config.RepositoryConfigurationDelegate - Bootstrapping Spring Data Redis repositories in DEFAULT mode.
2020-11-05 14:10:52.034 [main] INFO  o.s.d.r.config.RepositoryConfigurationDelegate - Finished Spring Data repository scanning in 73ms. Found 0 Redis repository interfaces.
2020-11-05 14:10:52.298 [main] INFO  o.s.d.r.config.RepositoryConfigurationDelegate - Multiple Spring Data modules found, entering strict repository configuration mode!
2020-11-05 14:10:52.298 [main] INFO  o.s.d.r.config.RepositoryConfigurationDelegate - Bootstrapping Spring Data Redis repositories in DEFAULT mode.
2020-11-05 14:10:52.335 [main] INFO  o.s.d.r.config.RepositoryConfigurationDelegate - Finished Spring Data repository scanning in 36ms. Found 0 Redis repository interfaces.
2020-11-05 14:10:52.964 [main] INFO  o.s.boot.web.embedded.tomcat.TomcatWebServer - Tomcat initialized with port(s): 9004 (http)
2020-11-05 14:10:53.026 [main] INFO  org.apache.coyote.http11.Http11NioProtocol - Initializing ProtocolHandler ["http-nio-9004"]
2020-11-05 14:10:53.027 [main] INFO  org.apache.catalina.core.StandardService - Starting service [Tomcat]
2020-11-05 14:10:53.027 [main] INFO  org.apache.catalina.core.StandardEngine - Starting Servlet engine: [Apache Tomcat/9.0.33]
2020-11-05 14:10:53.161 [main] INFO  o.a.c.core.ContainerBase.[Tomcat].[localhost].[/] - Initializing Spring embedded WebApplicationContext
2020-11-05 14:10:53.161 [main] INFO  org.springframework.web.context.ContextLoader - Root WebApplicationContext: initialization completed in 2201 ms
2020-11-05 14:10:53.333 [main] INFO  c.a.d.s.b.a.DruidDataSourceAutoConfigure - Init DruidDataSource
2020-11-05 14:10:53.643 [main] INFO  com.alibaba.druid.pool.DruidDataSource - {dataSource-1} inited
2020-11-05 14:10:55.776 [main] INFO  s.d.s.w.PropertySourcedRequestMappingHandlerMapping - Mapped URL path [/v2/api-docs] onto method [springfox.documentation.swagger2.web.Swagger2Controller#getDocumentation(String, HttpServletRequest)]
2020-11-05 14:10:55.842 [main] INFO  o.s.b.a.s.s.UserDetailsServiceAutoConfiguration - 

Using generated security password: 25b843d9-3d86-4a65-8b1f-5e366e144348

2020-11-05 14:10:55.957 [main] INFO  o.s.security.web.DefaultSecurityFilterChain - Creating filter chain: any request, [org.springframework.security.web.context.request.async.WebAsyncManagerIntegrationFilter@5cf0673d, org.springframework.security.web.context.SecurityContextPersistenceFilter@610fbe1c, org.springframework.security.web.header.HeaderWriterFilter@638afcaa, org.springframework.security.web.authentication.logout.LogoutFilter@629b780f, org.springframework.security.web.savedrequest.RequestCacheAwareFilter@570b2057, org.springframework.security.web.servletapi.SecurityContextHolderAwareRequestFilter@1c6e3ff9, org.springframework.security.web.authentication.AnonymousAuthenticationFilter@40c76f5a, org.springframework.security.web.session.SessionManagementFilter@675ec28b, org.springframework.security.web.access.ExceptionTranslationFilter@1515f782, org.springframework.security.web.access.intercept.FilterSecurityInterceptor@4d43a1b7]
2020-11-05 14:10:56.157 [main] INFO  o.s.scheduling.concurrent.ThreadPoolTaskExecutor - Initializing ExecutorService 'applicationTaskExecutor'
2020-11-05 14:10:56.309 [main] INFO  o.s.scheduling.concurrent.ThreadPoolTaskScheduler - Initializing ExecutorService 'taskScheduler'
2020-11-05 14:10:56.347 [main] INFO  s.d.s.web.plugins.DocumentationPluginsBootstrapper - Context refreshed
2020-11-05 14:10:56.365 [main] INFO  s.d.s.web.plugins.DocumentationPluginsBootstrapper - Found 1 custom documentation plugin(s)
2020-11-05 14:10:56.400 [main] INFO  s.d.spring.web.scanners.ApiListingReferenceScanner - Scanning for api listing references
2020-11-05 14:10:56.539 [main] INFO  s.d.s.w.r.operation.CachingOperationNameGenerator - Generating unique operation named: getChapterListByBookIdUsingGET_1
2020-11-05 14:10:56.593 [main] INFO  s.d.s.w.r.operation.CachingOperationNameGenerator - Generating unique operation named: getMaxChapterIdUsingGET_1
2020-11-05 14:10:56.650 [main] INFO  s.d.s.w.r.operation.CachingOperationNameGenerator - Generating unique operation named: addBookInfoUsingPOST_1
2020-11-05 14:10:56.651 [main] INFO  s.d.s.w.r.operation.CachingOperationNameGenerator - Generating unique operation named: delBookInfoByIdUsingDELETE_1
2020-11-05 14:10:56.653 [main] INFO  s.d.s.w.r.operation.CachingOperationNameGenerator - Generating unique operation named: downBookByIdUsingGET_1
2020-11-05 14:10:56.664 [main] INFO  s.d.s.w.r.operation.CachingOperationNameGenerator - Generating unique operation named: findBookInfoByIdUsingGET_1
2020-11-05 14:10:56.665 [main] INFO  s.d.s.w.r.operation.CachingOperationNameGenerator - Generating unique operation named: findByIdUsingGET_1
2020-11-05 14:10:56.667 [main] INFO  s.d.s.w.r.operation.CachingOperationNameGenerator - Generating unique operation named: getBookInfo4PageAndParamUsingGET_1
2020-11-05 14:10:56.668 [main] INFO  s.d.s.w.r.operation.CachingOperationNameGenerator - Generating unique operation named: updateBookInfoUsingPUT_1
2020-11-05 14:10:56.669 [main] INFO  s.d.s.w.r.operation.CachingOperationNameGenerator - Generating unique operation named: uploadHeadUsingPOST_1
2020-11-05 14:10:56.680 [main] INFO  s.d.s.w.r.operation.CachingOperationNameGenerator - Generating unique operation named: addChapterUsingPOST_1
2020-11-05 14:10:56.682 [main] INFO  s.d.s.w.r.operation.CachingOperationNameGenerator - Generating unique operation named: addChapterUsingPOST_2
2020-11-05 14:10:56.684 [main] INFO  s.d.s.w.r.operation.CachingOperationNameGenerator - Generating unique operation named: delChapterByIdUsingDELETE_1
2020-11-05 14:10:56.685 [main] INFO  s.d.s.w.r.operation.CachingOperationNameGenerator - Generating unique operation named: getChapterInfoByBookIdAndChapterIdUsingGET_1
2020-11-05 14:10:56.686 [main] INFO  s.d.s.w.r.operation.CachingOperationNameGenerator - Generating unique operation named: getChapterListByBookIdPageAndSortUsingGET_1
2020-11-05 14:10:56.688 [main] INFO  s.d.s.w.r.operation.CachingOperationNameGenerator - Generating unique operation named: updateChapterUsingPUT_1
2020-11-05 14:10:56.749 [main] INFO  s.d.s.w.r.operation.CachingOperationNameGenerator - Generating unique operation named: addBookUsingPOST_1
2020-11-05 14:10:56.765 [main] INFO  s.d.s.w.r.operation.CachingOperationNameGenerator - Generating unique operation named: findByIdUsingGET_2
2020-11-05 14:10:56.771 [main] INFO  s.d.s.w.r.operation.CachingOperationNameGenerator - Generating unique operation named: uploadHeadUsingPOST_2
2020-11-05 14:10:56.781 [main] INFO  s.d.s.w.r.operation.CachingOperationNameGenerator - Generating unique operation named: getChapterUsingGET_1
2020-11-05 14:10:56.788 [main] INFO  s.d.s.w.r.operation.CachingOperationNameGenerator - Generating unique operation named: getBookUsingGET_1
2020-11-05 14:10:56.789 [main] INFO  s.d.s.w.r.operation.CachingOperationNameGenerator - Generating unique operation named: getChapterUsingGET_2
2020-11-05 14:10:56.791 [main] INFO  s.d.s.w.r.operation.CachingOperationNameGenerator - Generating unique operation named: repairUsingPOST_1
2020-11-05 14:10:56.845 [main] INFO  org.apache.coyote.http11.Http11NioProtocol - Starting ProtocolHandler ["http-nio-9004"]
2020-11-05 14:10:56.885 [main] INFO  o.s.boot.web.embedded.tomcat.TomcatWebServer - Tomcat started on port(s): 9004 (http) with context path ''
2020-11-05 14:10:56.887 [main] INFO  com.nine.one.yuedu.read.NineOneYueDuApplication - Started NineOneYueDuApplication in 6.826 seconds (JVM running for 8.326)
2020-11-05 14:12:09.222 [http-nio-9004-exec-1] INFO  o.a.c.core.ContainerBase.[Tomcat].[localhost].[/] - Initializing Spring DispatcherServlet 'dispatcherServlet'
2020-11-05 14:12:09.223 [http-nio-9004-exec-1] INFO  org.springframework.web.servlet.DispatcherServlet - Initializing Servlet 'dispatcherServlet'
2020-11-05 14:12:09.236 [http-nio-9004-exec-1] INFO  org.springframework.web.servlet.DispatcherServlet - Completed initialization in 13 ms
2020-11-05 15:03:16.810 [main] INFO  com.nine.one.yuedu.read.NineOneYueDuApplication - Starting NineOneYueDuApplication on LAPTOP-VRL8D1D5 with PID 2136 (D:\JXTC\91yuedu-read\target\classes started by asus in D:\JXTC\91yuedu-read)
2020-11-05 15:03:16.813 [main] INFO  com.nine.one.yuedu.read.NineOneYueDuApplication - The following profiles are active: test
2020-11-05 15:03:17.616 [main] INFO  o.s.d.r.config.RepositoryConfigurationDelegate - Multiple Spring Data modules found, entering strict repository configuration mode!
2020-11-05 15:03:17.617 [main] INFO  o.s.d.r.config.RepositoryConfigurationDelegate - Bootstrapping Spring Data Redis repositories in DEFAULT mode.
2020-11-05 15:03:17.687 [main] INFO  o.s.d.r.config.RepositoryConfigurationDelegate - Finished Spring Data repository scanning in 51ms. Found 0 Redis repository interfaces.
2020-11-05 15:03:17.898 [main] INFO  o.s.d.r.config.RepositoryConfigurationDelegate - Multiple Spring Data modules found, entering strict repository configuration mode!
2020-11-05 15:03:17.899 [main] INFO  o.s.d.r.config.RepositoryConfigurationDelegate - Bootstrapping Spring Data Redis repositories in DEFAULT mode.
2020-11-05 15:03:17.930 [main] INFO  o.s.d.r.config.RepositoryConfigurationDelegate - Finished Spring Data repository scanning in 31ms. Found 0 Redis repository interfaces.
2020-11-05 15:03:18.445 [main] INFO  o.s.boot.web.embedded.tomcat.TomcatWebServer - Tomcat initialized with port(s): 9004 (http)
2020-11-05 15:03:18.508 [main] INFO  org.apache.coyote.http11.Http11NioProtocol - Initializing ProtocolHandler ["http-nio-9004"]
2020-11-05 15:03:18.509 [main] INFO  org.apache.catalina.core.StandardService - Starting service [Tomcat]
2020-11-05 15:03:18.509 [main] INFO  org.apache.catalina.core.StandardEngine - Starting Servlet engine: [Apache Tomcat/9.0.33]
2020-11-05 15:03:18.630 [main] INFO  o.a.c.core.ContainerBase.[Tomcat].[localhost].[/] - Initializing Spring embedded WebApplicationContext
2020-11-05 15:03:18.630 [main] INFO  org.springframework.web.context.ContextLoader - Root WebApplicationContext: initialization completed in 1737 ms
2020-11-05 15:03:18.768 [main] INFO  c.a.d.s.b.a.DruidDataSourceAutoConfigure - Init DruidDataSource
2020-11-05 15:03:19.036 [main] INFO  com.alibaba.druid.pool.DruidDataSource - {dataSource-1} inited
2020-11-05 15:03:21.767 [main] INFO  s.d.s.w.PropertySourcedRequestMappingHandlerMapping - Mapped URL path [/v2/api-docs] onto method [springfox.documentation.swagger2.web.Swagger2Controller#getDocumentation(String, HttpServletRequest)]
2020-11-05 15:03:21.822 [main] INFO  o.s.b.a.s.s.UserDetailsServiceAutoConfiguration - 

Using generated security password: 6276a424-dd7d-4fae-a43e-67f200330893

2020-11-05 15:03:21.891 [main] INFO  o.s.security.web.DefaultSecurityFilterChain - Creating filter chain: any request, [org.springframework.security.web.context.request.async.WebAsyncManagerIntegrationFilter@6def0632, org.springframework.security.web.context.SecurityContextPersistenceFilter@10e56da9, org.springframework.security.web.header.HeaderWriterFilter@54a056e4, org.springframework.security.web.authentication.logout.LogoutFilter@19705650, org.springframework.security.web.savedrequest.RequestCacheAwareFilter@22ae905f, org.springframework.security.web.servletapi.SecurityContextHolderAwareRequestFilter@597a7afa, org.springframework.security.web.authentication.AnonymousAuthenticationFilter@49038f97, org.springframework.security.web.session.SessionManagementFilter@538b3c88, org.springframework.security.web.access.ExceptionTranslationFilter@1412682c, org.springframework.security.web.access.intercept.FilterSecurityInterceptor@28367da7]
2020-11-05 15:03:22.017 [main] INFO  o.s.scheduling.concurrent.ThreadPoolTaskExecutor - Initializing ExecutorService 'applicationTaskExecutor'
2020-11-05 15:03:22.142 [main] INFO  o.s.scheduling.concurrent.ThreadPoolTaskScheduler - Initializing ExecutorService 'taskScheduler'
2020-11-05 15:03:22.172 [main] INFO  s.d.s.web.plugins.DocumentationPluginsBootstrapper - Context refreshed
2020-11-05 15:03:22.187 [main] INFO  s.d.s.web.plugins.DocumentationPluginsBootstrapper - Found 1 custom documentation plugin(s)
2020-11-05 15:03:22.213 [main] INFO  s.d.spring.web.scanners.ApiListingReferenceScanner - Scanning for api listing references
2020-11-05 15:03:22.331 [main] INFO  s.d.s.w.r.operation.CachingOperationNameGenerator - Generating unique operation named: getChapterListByBookIdUsingGET_1
2020-11-05 15:03:22.374 [main] INFO  s.d.s.w.r.operation.CachingOperationNameGenerator - Generating unique operation named: getMaxChapterIdUsingGET_1
2020-11-05 15:03:22.415 [main] INFO  s.d.s.w.r.operation.CachingOperationNameGenerator - Generating unique operation named: addBookInfoUsingPOST_1
2020-11-05 15:03:22.416 [main] INFO  s.d.s.w.r.operation.CachingOperationNameGenerator - Generating unique operation named: delBookInfoByIdUsingDELETE_1
2020-11-05 15:03:22.417 [main] INFO  s.d.s.w.r.operation.CachingOperationNameGenerator - Generating unique operation named: downBookByIdUsingGET_1
2020-11-05 15:03:22.425 [main] INFO  s.d.s.w.r.operation.CachingOperationNameGenerator - Generating unique operation named: findBookInfoByIdUsingGET_1
2020-11-05 15:03:22.426 [main] INFO  s.d.s.w.r.operation.CachingOperationNameGenerator - Generating unique operation named: findByIdUsingGET_1
2020-11-05 15:03:22.428 [main] INFO  s.d.s.w.r.operation.CachingOperationNameGenerator - Generating unique operation named: getBookInfo4PageAndParamUsingGET_1
2020-11-05 15:03:22.429 [main] INFO  s.d.s.w.r.operation.CachingOperationNameGenerator - Generating unique operation named: updateBookInfoUsingPUT_1
2020-11-05 15:03:22.430 [main] INFO  s.d.s.w.r.operation.CachingOperationNameGenerator - Generating unique operation named: uploadHeadUsingPOST_1
2020-11-05 15:03:22.436 [main] INFO  s.d.s.w.r.operation.CachingOperationNameGenerator - Generating unique operation named: addChapterUsingPOST_1
2020-11-05 15:03:22.438 [main] INFO  s.d.s.w.r.operation.CachingOperationNameGenerator - Generating unique operation named: addChapterUsingPOST_2
2020-11-05 15:03:22.438 [main] INFO  s.d.s.w.r.operation.CachingOperationNameGenerator - Generating unique operation named: delChapterByIdUsingDELETE_1
2020-11-05 15:03:22.439 [main] INFO  s.d.s.w.r.operation.CachingOperationNameGenerator - Generating unique operation named: getChapterInfoByBookIdAndChapterIdUsingGET_1
2020-11-05 15:03:22.440 [main] INFO  s.d.s.w.r.operation.CachingOperationNameGenerator - Generating unique operation named: getChapterListByBookIdPageAndSortUsingGET_1
2020-11-05 15:03:22.441 [main] INFO  s.d.s.w.r.operation.CachingOperationNameGenerator - Generating unique operation named: updateChapterUsingPUT_1
2020-11-05 15:03:22.492 [main] INFO  s.d.s.w.r.operation.CachingOperationNameGenerator - Generating unique operation named: addBookUsingPOST_1
2020-11-05 15:03:22.523 [main] INFO  s.d.s.w.r.operation.CachingOperationNameGenerator - Generating unique operation named: findByIdUsingGET_2
2020-11-05 15:03:22.527 [main] INFO  s.d.s.w.r.operation.CachingOperationNameGenerator - Generating unique operation named: uploadHeadUsingPOST_2
2020-11-05 15:03:22.536 [main] INFO  s.d.s.w.r.operation.CachingOperationNameGenerator - Generating unique operation named: getChapterUsingGET_1
2020-11-05 15:03:22.542 [main] INFO  s.d.s.w.r.operation.CachingOperationNameGenerator - Generating unique operation named: getBookUsingGET_1
2020-11-05 15:03:22.542 [main] INFO  s.d.s.w.r.operation.CachingOperationNameGenerator - Generating unique operation named: getChapterUsingGET_2
2020-11-05 15:03:22.543 [main] INFO  s.d.s.w.r.operation.CachingOperationNameGenerator - Generating unique operation named: repairUsingPOST_1
2020-11-05 15:03:22.565 [main] INFO  org.apache.coyote.http11.Http11NioProtocol - Starting ProtocolHandler ["http-nio-9004"]
2020-11-05 15:03:22.587 [main] INFO  o.s.boot.web.embedded.tomcat.TomcatWebServer - Tomcat started on port(s): 9004 (http) with context path ''
2020-11-05 15:03:22.590 [main] INFO  com.nine.one.yuedu.read.NineOneYueDuApplication - Started NineOneYueDuApplication in 6.188 seconds (JVM running for 7.399)
2020-11-05 15:04:58.063 [http-nio-9004-exec-1] INFO  o.a.c.core.ContainerBase.[Tomcat].[localhost].[/] - Initializing Spring DispatcherServlet 'dispatcherServlet'
2020-11-05 15:04:58.063 [http-nio-9004-exec-1] INFO  org.springframework.web.servlet.DispatcherServlet - Initializing Servlet 'dispatcherServlet'
2020-11-05 15:04:58.071 [http-nio-9004-exec-1] INFO  org.springframework.web.servlet.DispatcherServlet - Completed initialization in 8 ms
