2020-07-21 10:01:05.276 [main] INFO  com.nine.one.yuedu.read.NineOneYueDuApplication - Starting NineOneYueDuApplication on LAPTOP-VRL8D1D5 with PID 30236 (D:\JXTC\91yuedu-read\target\classes started by asus in D:\JXTC\91yuedu-read)
2020-07-21 10:01:05.280 [main] INFO  com.nine.one.yuedu.read.NineOneYueDuApplication - The following profiles are active: test
2020-07-21 10:01:06.410 [main] INFO  o.s.d.r.config.RepositoryConfigurationDelegate - Multiple Spring Data modules found, entering strict repository configuration mode!
2020-07-21 10:01:06.414 [main] INFO  o.s.d.r.config.RepositoryConfigurationDelegate - Bootstrapping Spring Data Redis repositories in DEFAULT mode.
2020-07-21 10:01:06.477 [main] INFO  o.s.d.r.config.RepositoryConfigurationDelegate - Finished Spring Data repository scanning in 42ms. Found 0 Redis repository interfaces.
2020-07-21 10:01:07.040 [main] INFO  o.s.boot.web.embedded.tomcat.TomcatWebServer - Tomcat initialized with port(s): 9004 (http)
2020-07-21 10:01:07.049 [main] INFO  org.apache.coyote.http11.Http11NioProtocol - Initializing ProtocolHandler ["http-nio-9004"]
2020-07-21 10:01:07.049 [main] INFO  org.apache.catalina.core.StandardService - Starting service [Tomcat]
2020-07-21 10:01:07.050 [main] INFO  org.apache.catalina.core.StandardEngine - Starting Servlet engine: [Apache Tomcat/9.0.33]
2020-07-21 10:01:07.253 [main] INFO  o.a.c.core.ContainerBase.[Tomcat].[localhost].[/] - Initializing Spring embedded WebApplicationContext
2020-07-21 10:01:07.253 [main] INFO  org.springframework.web.context.ContextLoader - Root WebApplicationContext: initialization completed in 1890 ms
2020-07-21 10:01:07.423 [main] INFO  c.a.d.s.b.a.DruidDataSourceAutoConfigure - Init DruidDataSource
2020-07-21 10:01:07.793 [main] INFO  com.alibaba.druid.pool.DruidDataSource - {dataSource-1} inited
2020-07-21 10:01:09.480 [main] INFO  s.d.s.w.PropertySourcedRequestMappingHandlerMapping - Mapped URL path [/v2/api-docs] onto method [springfox.documentation.swagger2.web.Swagger2Controller#getDocumentation(String, HttpServletRequest)]
2020-07-21 10:01:09.534 [main] INFO  o.s.b.a.s.s.UserDetailsServiceAutoConfiguration - 

Using generated security password: e016c6e6-9441-4855-a985-28034ca9df6e

2020-07-21 10:01:09.620 [main] INFO  o.s.security.web.DefaultSecurityFilterChain - Creating filter chain: any request, [org.springframework.security.web.context.request.async.WebAsyncManagerIntegrationFilter@22bfd4b, org.springframework.security.web.context.SecurityContextPersistenceFilter@3cc2e3e, org.springframework.security.web.header.HeaderWriterFilter@5030997b, org.springframework.security.web.authentication.logout.LogoutFilter@1e429f56, org.springframework.security.web.savedrequest.RequestCacheAwareFilter@4189e668, org.springframework.security.web.servletapi.SecurityContextHolderAwareRequestFilter@7a34505a, org.springframework.security.web.authentication.AnonymousAuthenticationFilter@79e16dd9, org.springframework.security.web.session.SessionManagementFilter@1253b822, org.springframework.security.web.access.ExceptionTranslationFilter@6c9e74f3, org.springframework.security.web.access.intercept.FilterSecurityInterceptor@7bdb4d69]
2020-07-21 10:01:09.728 [main] INFO  o.s.scheduling.concurrent.ThreadPoolTaskExecutor - Initializing ExecutorService 'applicationTaskExecutor'
2020-07-21 10:01:09.956 [main] INFO  s.d.s.web.plugins.DocumentationPluginsBootstrapper - Context refreshed
2020-07-21 10:01:09.977 [main] INFO  s.d.s.web.plugins.DocumentationPluginsBootstrapper - Found 1 custom documentation plugin(s)
2020-07-21 10:01:10.014 [main] INFO  s.d.spring.web.scanners.ApiListingReferenceScanner - Scanning for api listing references
2020-07-21 10:01:10.118 [main] INFO  s.d.s.w.r.operation.CachingOperationNameGenerator - Generating unique operation named: getChapterListByBookIdUsingGET_1
2020-07-21 10:01:10.249 [main] INFO  s.d.s.w.r.operation.CachingOperationNameGenerator - Generating unique operation named: uploadHeadUsingPOST_1
2020-07-21 10:01:10.256 [main] INFO  s.d.s.w.r.operation.CachingOperationNameGenerator - Generating unique operation named: addChapterUsingPOST_1
2020-07-21 10:01:10.334 [main] INFO  s.d.s.w.r.operation.CachingOperationNameGenerator - Generating unique operation named: addBookUsingPOST_1
2020-07-21 10:01:10.350 [main] INFO  s.d.s.w.r.operation.CachingOperationNameGenerator - Generating unique operation named: findByIdUsingGET_1
2020-07-21 10:01:10.357 [main] INFO  s.d.s.w.r.operation.CachingOperationNameGenerator - Generating unique operation named: uploadHeadUsingPOST_2
2020-07-21 10:01:10.359 [main] INFO  s.d.s.w.r.operation.CachingOperationNameGenerator - Generating unique operation named: getBookUsingGET_1
2020-07-21 10:01:10.359 [main] INFO  s.d.s.w.r.operation.CachingOperationNameGenerator - Generating unique operation named: getChapterUsingGET_1
2020-07-21 10:01:10.362 [main] INFO  s.d.s.w.r.operation.CachingOperationNameGenerator - Generating unique operation named: getBookUsingGET_2
2020-07-21 10:01:10.362 [main] INFO  s.d.s.w.r.operation.CachingOperationNameGenerator - Generating unique operation named: getChapterUsingGET_2
2020-07-21 10:01:10.382 [main] INFO  org.apache.coyote.http11.Http11NioProtocol - Starting ProtocolHandler ["http-nio-9004"]
2020-07-21 10:01:10.410 [main] INFO  o.s.boot.web.embedded.tomcat.TomcatWebServer - Tomcat started on port(s): 9004 (http) with context path ''
2020-07-21 10:01:10.413 [main] INFO  com.nine.one.yuedu.read.NineOneYueDuApplication - Started NineOneYueDuApplication in 5.708 seconds (JVM running for 7.042)
2020-07-21 10:01:28.378 [SpringContextShutdownHook] INFO  o.s.scheduling.concurrent.ThreadPoolTaskExecutor - Shutting down ExecutorService 'applicationTaskExecutor'
2020-07-21 10:01:28.422 [SpringContextShutdownHook] INFO  com.alibaba.druid.pool.DruidDataSource - {dataSource-1} closed
2020-07-21 10:12:28.041 [main] INFO  com.nine.one.yuedu.read.NineOneYueDuApplication - Starting NineOneYueDuApplication on LAPTOP-VRL8D1D5 with PID 63576 (D:\JXTC\91yuedu-read\target\classes started by asus in D:\JXTC\91yuedu-read)
2020-07-21 10:12:28.045 [main] INFO  com.nine.one.yuedu.read.NineOneYueDuApplication - The following profiles are active: test
2020-07-21 10:12:29.040 [main] INFO  o.s.d.r.config.RepositoryConfigurationDelegate - Multiple Spring Data modules found, entering strict repository configuration mode!
2020-07-21 10:12:29.042 [main] INFO  o.s.d.r.config.RepositoryConfigurationDelegate - Bootstrapping Spring Data Redis repositories in DEFAULT mode.
2020-07-21 10:12:29.095 [main] INFO  o.s.d.r.config.RepositoryConfigurationDelegate - Finished Spring Data repository scanning in 38ms. Found 0 Redis repository interfaces.
2020-07-21 10:12:29.641 [main] INFO  o.s.boot.web.embedded.tomcat.TomcatWebServer - Tomcat initialized with port(s): 9004 (http)
2020-07-21 10:12:29.648 [main] INFO  org.apache.coyote.http11.Http11NioProtocol - Initializing ProtocolHandler ["http-nio-9004"]
2020-07-21 10:12:29.649 [main] INFO  org.apache.catalina.core.StandardService - Starting service [Tomcat]
2020-07-21 10:12:29.649 [main] INFO  org.apache.catalina.core.StandardEngine - Starting Servlet engine: [Apache Tomcat/9.0.33]
2020-07-21 10:12:29.776 [main] INFO  o.a.c.core.ContainerBase.[Tomcat].[localhost].[/] - Initializing Spring embedded WebApplicationContext
2020-07-21 10:12:29.776 [main] INFO  org.springframework.web.context.ContextLoader - Root WebApplicationContext: initialization completed in 1670 ms
2020-07-21 10:12:29.943 [main] INFO  c.a.d.s.b.a.DruidDataSourceAutoConfigure - Init DruidDataSource
2020-07-21 10:12:30.184 [main] INFO  com.alibaba.druid.pool.DruidDataSource - {dataSource-1} inited
2020-07-21 10:12:31.801 [main] INFO  s.d.s.w.PropertySourcedRequestMappingHandlerMapping - Mapped URL path [/v2/api-docs] onto method [springfox.documentation.swagger2.web.Swagger2Controller#getDocumentation(String, HttpServletRequest)]
2020-07-21 10:12:31.872 [main] INFO  o.s.b.a.s.s.UserDetailsServiceAutoConfiguration - 

Using generated security password: 202bf9a4-176a-4f24-ad13-1731dead7a25

2020-07-21 10:12:31.997 [main] INFO  o.s.security.web.DefaultSecurityFilterChain - Creating filter chain: any request, [org.springframework.security.web.context.request.async.WebAsyncManagerIntegrationFilter@4bf4680c, org.springframework.security.web.context.SecurityContextPersistenceFilter@7bf018dd, org.springframework.security.web.header.HeaderWriterFilter@7ae590f6, org.springframework.security.web.authentication.logout.LogoutFilter@2dd0a0d0, org.springframework.security.web.savedrequest.RequestCacheAwareFilter@3f6c2763, org.springframework.security.web.servletapi.SecurityContextHolderAwareRequestFilter@3cc3f13e, org.springframework.security.web.authentication.AnonymousAuthenticationFilter@6d6039df, org.springframework.security.web.session.SessionManagementFilter@25c1f5ee, org.springframework.security.web.access.ExceptionTranslationFilter@5d9d2119, org.springframework.security.web.access.intercept.FilterSecurityInterceptor@3751acd7]
2020-07-21 10:12:32.094 [main] INFO  o.s.scheduling.concurrent.ThreadPoolTaskExecutor - Initializing ExecutorService 'applicationTaskExecutor'
2020-07-21 10:12:32.253 [main] INFO  s.d.s.web.plugins.DocumentationPluginsBootstrapper - Context refreshed
2020-07-21 10:12:32.268 [main] INFO  s.d.s.web.plugins.DocumentationPluginsBootstrapper - Found 1 custom documentation plugin(s)
2020-07-21 10:12:32.291 [main] INFO  s.d.spring.web.scanners.ApiListingReferenceScanner - Scanning for api listing references
2020-07-21 10:12:32.357 [main] INFO  s.d.s.w.r.operation.CachingOperationNameGenerator - Generating unique operation named: getChapterListByBookIdUsingGET_1
2020-07-21 10:12:32.445 [main] INFO  s.d.s.w.r.operation.CachingOperationNameGenerator - Generating unique operation named: uploadHeadUsingPOST_1
2020-07-21 10:12:32.450 [main] INFO  s.d.s.w.r.operation.CachingOperationNameGenerator - Generating unique operation named: addChapterUsingPOST_1
2020-07-21 10:12:32.492 [main] INFO  s.d.s.w.r.operation.CachingOperationNameGenerator - Generating unique operation named: addBookUsingPOST_1
2020-07-21 10:12:32.499 [main] INFO  s.d.s.w.r.operation.CachingOperationNameGenerator - Generating unique operation named: findByIdUsingGET_1
2020-07-21 10:12:32.505 [main] INFO  s.d.s.w.r.operation.CachingOperationNameGenerator - Generating unique operation named: uploadHeadUsingPOST_2
2020-07-21 10:12:32.506 [main] INFO  s.d.s.w.r.operation.CachingOperationNameGenerator - Generating unique operation named: getBookUsingGET_1
2020-07-21 10:12:32.506 [main] INFO  s.d.s.w.r.operation.CachingOperationNameGenerator - Generating unique operation named: getChapterUsingGET_1
2020-07-21 10:12:32.507 [main] INFO  s.d.s.w.r.operation.CachingOperationNameGenerator - Generating unique operation named: getBookUsingGET_2
2020-07-21 10:12:32.508 [main] INFO  s.d.s.w.r.operation.CachingOperationNameGenerator - Generating unique operation named: getChapterUsingGET_2
2020-07-21 10:12:32.524 [main] INFO  org.apache.coyote.http11.Http11NioProtocol - Starting ProtocolHandler ["http-nio-9004"]
2020-07-21 10:12:32.545 [main] INFO  o.s.boot.web.embedded.tomcat.TomcatWebServer - Tomcat started on port(s): 9004 (http) with context path ''
2020-07-21 10:12:32.547 [main] INFO  com.nine.one.yuedu.read.NineOneYueDuApplication - Started NineOneYueDuApplication in 4.948 seconds (JVM running for 6.225)
2020-07-21 10:12:37.928 [http-nio-9004-exec-3] INFO  o.a.c.core.ContainerBase.[Tomcat].[localhost].[/] - Initializing Spring DispatcherServlet 'dispatcherServlet'
2020-07-21 10:12:37.929 [http-nio-9004-exec-3] INFO  org.springframework.web.servlet.DispatcherServlet - Initializing Servlet 'dispatcherServlet'
2020-07-21 10:12:37.939 [http-nio-9004-exec-3] INFO  org.springframework.web.servlet.DispatcherServlet - Completed initialization in 10 ms
2020-07-21 10:12:58.074 [http-nio-9004-exec-1] INFO  c.n.o.y.read.service.impl.UserAuthorServiceImpl - 用户进行注册操作
2020-07-21 10:15:02.755 [http-nio-9004-exec-2] INFO  c.n.o.y.read.service.impl.UserAuthorServiceImpl - 用户进行注册操作
2020-07-21 10:18:22.254 [http-nio-9004-exec-1] INFO  c.n.o.y.read.service.impl.UserAuthorServiceImpl - 用户进行注册操作
2020-07-21 10:59:12.971 [main] INFO  com.nine.one.yuedu.read.NineOneYueDuApplication - Starting NineOneYueDuApplication on LAPTOP-VRL8D1D5 with PID 108424 (D:\JXTC\91yuedu-read\target\classes started by asus in D:\JXTC\91yuedu-read)
2020-07-21 10:59:12.973 [main] INFO  com.nine.one.yuedu.read.NineOneYueDuApplication - The following profiles are active: test
2020-07-21 10:59:13.981 [main] INFO  o.s.d.r.config.RepositoryConfigurationDelegate - Multiple Spring Data modules found, entering strict repository configuration mode!
2020-07-21 10:59:13.983 [main] INFO  o.s.d.r.config.RepositoryConfigurationDelegate - Bootstrapping Spring Data Redis repositories in DEFAULT mode.
2020-07-21 10:59:14.047 [main] INFO  o.s.d.r.config.RepositoryConfigurationDelegate - Finished Spring Data repository scanning in 47ms. Found 0 Redis repository interfaces.
2020-07-21 10:59:14.546 [main] INFO  o.s.boot.web.embedded.tomcat.TomcatWebServer - Tomcat initialized with port(s): 9004 (http)
2020-07-21 10:59:14.553 [main] INFO  org.apache.coyote.http11.Http11NioProtocol - Initializing ProtocolHandler ["http-nio-9004"]
2020-07-21 10:59:14.554 [main] INFO  org.apache.catalina.core.StandardService - Starting service [Tomcat]
2020-07-21 10:59:14.554 [main] INFO  org.apache.catalina.core.StandardEngine - Starting Servlet engine: [Apache Tomcat/9.0.33]
2020-07-21 10:59:14.702 [main] INFO  o.a.c.core.ContainerBase.[Tomcat].[localhost].[/] - Initializing Spring embedded WebApplicationContext
2020-07-21 10:59:14.702 [main] INFO  org.springframework.web.context.ContextLoader - Root WebApplicationContext: initialization completed in 1693 ms
2020-07-21 10:59:14.885 [main] INFO  c.a.d.s.b.a.DruidDataSourceAutoConfigure - Init DruidDataSource
2020-07-21 10:59:15.154 [main] INFO  com.alibaba.druid.pool.DruidDataSource - {dataSource-1} inited
2020-07-21 10:59:16.729 [main] INFO  s.d.s.w.PropertySourcedRequestMappingHandlerMapping - Mapped URL path [/v2/api-docs] onto method [springfox.documentation.swagger2.web.Swagger2Controller#getDocumentation(String, HttpServletRequest)]
2020-07-21 10:59:16.776 [main] INFO  o.s.b.a.s.s.UserDetailsServiceAutoConfiguration - 

Using generated security password: ea1688f9-de6a-4e4c-8e4f-7c25d583ae8c

2020-07-21 10:59:16.852 [main] INFO  o.s.security.web.DefaultSecurityFilterChain - Creating filter chain: any request, [org.springframework.security.web.context.request.async.WebAsyncManagerIntegrationFilter@6615237, org.springframework.security.web.context.SecurityContextPersistenceFilter@25c1f5ee, org.springframework.security.web.header.HeaderWriterFilter@5d9d2119, org.springframework.security.web.authentication.logout.LogoutFilter@23564dd2, org.springframework.security.web.savedrequest.RequestCacheAwareFilter@7bf018dd, org.springframework.security.web.servletapi.SecurityContextHolderAwareRequestFilter@424f02b8, org.springframework.security.web.authentication.AnonymousAuthenticationFilter@eaf8427, org.springframework.security.web.session.SessionManagementFilter@2a5abd3c, org.springframework.security.web.access.ExceptionTranslationFilter@2eb1c615, org.springframework.security.web.access.intercept.FilterSecurityInterceptor@554566a8]
2020-07-21 10:59:16.958 [main] INFO  o.s.scheduling.concurrent.ThreadPoolTaskExecutor - Initializing ExecutorService 'applicationTaskExecutor'
2020-07-21 10:59:17.148 [main] INFO  s.d.s.web.plugins.DocumentationPluginsBootstrapper - Context refreshed
2020-07-21 10:59:17.167 [main] INFO  s.d.s.web.plugins.DocumentationPluginsBootstrapper - Found 1 custom documentation plugin(s)
2020-07-21 10:59:17.194 [main] INFO  s.d.spring.web.scanners.ApiListingReferenceScanner - Scanning for api listing references
2020-07-21 10:59:17.261 [main] INFO  s.d.s.w.r.operation.CachingOperationNameGenerator - Generating unique operation named: getChapterListByBookIdUsingGET_1
2020-07-21 10:59:17.390 [main] INFO  s.d.s.w.r.operation.CachingOperationNameGenerator - Generating unique operation named: uploadHeadUsingPOST_1
2020-07-21 10:59:17.429 [main] INFO  s.d.s.w.r.operation.CachingOperationNameGenerator - Generating unique operation named: addChapterUsingPOST_1
2020-07-21 10:59:17.506 [main] INFO  s.d.s.w.r.operation.CachingOperationNameGenerator - Generating unique operation named: addBookUsingPOST_1
2020-07-21 10:59:17.516 [main] INFO  s.d.s.w.r.operation.CachingOperationNameGenerator - Generating unique operation named: findByIdUsingGET_1
2020-07-21 10:59:17.522 [main] INFO  s.d.s.w.r.operation.CachingOperationNameGenerator - Generating unique operation named: uploadHeadUsingPOST_2
2020-07-21 10:59:17.523 [main] INFO  s.d.s.w.r.operation.CachingOperationNameGenerator - Generating unique operation named: getBookUsingGET_1
2020-07-21 10:59:17.524 [main] INFO  s.d.s.w.r.operation.CachingOperationNameGenerator - Generating unique operation named: getChapterUsingGET_1
2020-07-21 10:59:17.525 [main] INFO  s.d.s.w.r.operation.CachingOperationNameGenerator - Generating unique operation named: getBookUsingGET_2
2020-07-21 10:59:17.526 [main] INFO  s.d.s.w.r.operation.CachingOperationNameGenerator - Generating unique operation named: getChapterUsingGET_2
2020-07-21 10:59:17.546 [main] INFO  org.apache.coyote.http11.Http11NioProtocol - Starting ProtocolHandler ["http-nio-9004"]
2020-07-21 10:59:17.569 [main] INFO  o.s.boot.web.embedded.tomcat.TomcatWebServer - Tomcat started on port(s): 9004 (http) with context path ''
2020-07-21 10:59:17.571 [main] INFO  com.nine.one.yuedu.read.NineOneYueDuApplication - Started NineOneYueDuApplication in 5.088 seconds (JVM running for 6.31)
2020-07-21 11:42:14.102 [http-nio-9004-exec-1] INFO  o.a.c.core.ContainerBase.[Tomcat].[localhost].[/] - Initializing Spring DispatcherServlet 'dispatcherServlet'
2020-07-21 11:42:14.123 [http-nio-9004-exec-1] INFO  org.springframework.web.servlet.DispatcherServlet - Initializing Servlet 'dispatcherServlet'
2020-07-21 11:42:14.302 [http-nio-9004-exec-1] INFO  org.springframework.web.servlet.DispatcherServlet - Completed initialization in 178 ms
2020-07-21 16:45:47.691 [main] INFO  com.nine.one.yuedu.read.NineOneYueDuApplication - Starting NineOneYueDuApplication on LAPTOP-VRL8D1D5 with PID 141064 (D:\JXTC\91yuedu-read\target\classes started by asus in D:\JXTC\91yuedu-read)
2020-07-21 16:45:47.696 [main] INFO  com.nine.one.yuedu.read.NineOneYueDuApplication - The following profiles are active: test
2020-07-21 16:45:48.828 [main] INFO  o.s.d.r.config.RepositoryConfigurationDelegate - Multiple Spring Data modules found, entering strict repository configuration mode!
2020-07-21 16:45:48.832 [main] INFO  o.s.d.r.config.RepositoryConfigurationDelegate - Bootstrapping Spring Data Redis repositories in DEFAULT mode.
2020-07-21 16:45:48.959 [main] INFO  o.s.d.r.config.RepositoryConfigurationDelegate - Finished Spring Data repository scanning in 92ms. Found 0 Redis repository interfaces.
2020-07-21 16:45:49.742 [main] INFO  o.s.boot.web.embedded.tomcat.TomcatWebServer - Tomcat initialized with port(s): 9004 (http)
2020-07-21 16:45:49.750 [main] INFO  org.apache.coyote.http11.Http11NioProtocol - Initializing ProtocolHandler ["http-nio-9004"]
2020-07-21 16:45:49.751 [main] INFO  org.apache.catalina.core.StandardService - Starting service [Tomcat]
2020-07-21 16:45:49.751 [main] INFO  org.apache.catalina.core.StandardEngine - Starting Servlet engine: [Apache Tomcat/9.0.33]
2020-07-21 16:45:49.927 [main] INFO  o.a.c.core.ContainerBase.[Tomcat].[localhost].[/] - Initializing Spring embedded WebApplicationContext
2020-07-21 16:45:49.927 [main] INFO  org.springframework.web.context.ContextLoader - Root WebApplicationContext: initialization completed in 2138 ms
2020-07-21 16:45:50.068 [main] INFO  c.a.d.s.b.a.DruidDataSourceAutoConfigure - Init DruidDataSource
2020-07-21 16:45:50.359 [main] INFO  com.alibaba.druid.pool.DruidDataSource - {dataSource-1} inited
2020-07-21 16:45:53.780 [main] INFO  s.d.s.w.PropertySourcedRequestMappingHandlerMapping - Mapped URL path [/v2/api-docs] onto method [springfox.documentation.swagger2.web.Swagger2Controller#getDocumentation(String, HttpServletRequest)]
2020-07-21 16:45:53.872 [main] INFO  o.s.b.a.s.s.UserDetailsServiceAutoConfiguration - 

Using generated security password: 16c8e725-6a73-4a85-8dca-68b331b602ba

2020-07-21 16:45:53.984 [main] INFO  o.s.security.web.DefaultSecurityFilterChain - Creating filter chain: any request, [org.springframework.security.web.context.request.async.WebAsyncManagerIntegrationFilter@38394dc3, org.springframework.security.web.context.SecurityContextPersistenceFilter@7641ed02, org.springframework.security.web.header.HeaderWriterFilter@111cbcda, org.springframework.security.web.authentication.logout.LogoutFilter@1123d461, org.springframework.security.web.savedrequest.RequestCacheAwareFilter@11069eac, org.springframework.security.web.servletapi.SecurityContextHolderAwareRequestFilter@69372c1e, org.springframework.security.web.authentication.AnonymousAuthenticationFilter@2cacd55e, org.springframework.security.web.session.SessionManagementFilter@5cf072ea, org.springframework.security.web.access.ExceptionTranslationFilter@b3004e, org.springframework.security.web.access.intercept.FilterSecurityInterceptor@71d0b8a4]
2020-07-21 16:45:54.128 [main] INFO  o.s.scheduling.concurrent.ThreadPoolTaskExecutor - Initializing ExecutorService 'applicationTaskExecutor'
2020-07-21 16:45:54.371 [main] INFO  s.d.s.web.plugins.DocumentationPluginsBootstrapper - Context refreshed
2020-07-21 16:45:54.389 [main] INFO  s.d.s.web.plugins.DocumentationPluginsBootstrapper - Found 1 custom documentation plugin(s)
2020-07-21 16:45:54.419 [main] INFO  s.d.spring.web.scanners.ApiListingReferenceScanner - Scanning for api listing references
2020-07-21 16:45:54.499 [main] INFO  s.d.s.w.r.operation.CachingOperationNameGenerator - Generating unique operation named: getChapterListByBookIdUsingGET_1
2020-07-21 16:45:54.609 [main] INFO  s.d.s.w.r.operation.CachingOperationNameGenerator - Generating unique operation named: uploadHeadUsingPOST_1
2020-07-21 16:45:54.615 [main] INFO  s.d.s.w.r.operation.CachingOperationNameGenerator - Generating unique operation named: addChapterUsingPOST_1
2020-07-21 16:45:54.665 [main] INFO  s.d.s.w.r.operation.CachingOperationNameGenerator - Generating unique operation named: addBookUsingPOST_1
2020-07-21 16:45:54.667 [main] INFO  s.d.s.w.r.operation.CachingOperationNameGenerator - Generating unique operation named: addBookUsingPOST_2
2020-07-21 16:45:54.679 [main] INFO  s.d.s.w.r.operation.CachingOperationNameGenerator - Generating unique operation named: findByIdUsingGET_1
2020-07-21 16:45:54.688 [main] INFO  s.d.s.w.r.operation.CachingOperationNameGenerator - Generating unique operation named: uploadHeadUsingPOST_2
2020-07-21 16:45:54.690 [main] INFO  s.d.s.w.r.operation.CachingOperationNameGenerator - Generating unique operation named: getBookUsingGET_1
2020-07-21 16:45:54.690 [main] INFO  s.d.s.w.r.operation.CachingOperationNameGenerator - Generating unique operation named: getChapterUsingGET_1
2020-07-21 16:45:54.691 [main] INFO  s.d.s.w.r.operation.CachingOperationNameGenerator - Generating unique operation named: getBookUsingGET_2
2020-07-21 16:45:54.692 [main] INFO  s.d.s.w.r.operation.CachingOperationNameGenerator - Generating unique operation named: getChapterUsingGET_2
2020-07-21 16:45:54.711 [main] INFO  org.apache.coyote.http11.Http11NioProtocol - Starting ProtocolHandler ["http-nio-9004"]
2020-07-21 16:45:54.737 [main] INFO  o.s.boot.web.embedded.tomcat.TomcatWebServer - Tomcat started on port(s): 9004 (http) with context path ''
2020-07-21 16:45:54.740 [main] INFO  com.nine.one.yuedu.read.NineOneYueDuApplication - Started NineOneYueDuApplication in 7.554 seconds (JVM running for 8.885)
2020-07-21 16:45:56.399 [http-nio-9004-exec-1] INFO  o.a.c.core.ContainerBase.[Tomcat].[localhost].[/] - Initializing Spring DispatcherServlet 'dispatcherServlet'
2020-07-21 16:45:56.400 [http-nio-9004-exec-1] INFO  org.springframework.web.servlet.DispatcherServlet - Initializing Servlet 'dispatcherServlet'
2020-07-21 16:45:56.412 [http-nio-9004-exec-1] INFO  org.springframework.web.servlet.DispatcherServlet - Completed initialization in 12 ms
2020-07-21 16:47:08.034 [SpringContextShutdownHook] INFO  o.s.scheduling.concurrent.ThreadPoolTaskExecutor - Shutting down ExecutorService 'applicationTaskExecutor'
2020-07-21 16:47:08.084 [SpringContextShutdownHook] INFO  com.alibaba.druid.pool.DruidDataSource - {dataSource-1} closed
2020-07-21 16:47:45.612 [main] INFO  com.nine.one.yuedu.read.NineOneYueDuApplication - Starting NineOneYueDuApplication on LAPTOP-VRL8D1D5 with PID 142836 (D:\JXTC\91yuedu-read\target\classes started by asus in D:\JXTC\91yuedu-read)
2020-07-21 16:47:45.615 [main] INFO  com.nine.one.yuedu.read.NineOneYueDuApplication - The following profiles are active: test
2020-07-21 16:47:46.602 [main] INFO  o.s.d.r.config.RepositoryConfigurationDelegate - Multiple Spring Data modules found, entering strict repository configuration mode!
2020-07-21 16:47:46.604 [main] INFO  o.s.d.r.config.RepositoryConfigurationDelegate - Bootstrapping Spring Data Redis repositories in DEFAULT mode.
2020-07-21 16:47:46.652 [main] INFO  o.s.d.r.config.RepositoryConfigurationDelegate - Finished Spring Data repository scanning in 38ms. Found 0 Redis repository interfaces.
2020-07-21 16:47:47.068 [main] INFO  o.s.boot.web.embedded.tomcat.TomcatWebServer - Tomcat initialized with port(s): 9004 (http)
2020-07-21 16:47:47.075 [main] INFO  org.apache.coyote.http11.Http11NioProtocol - Initializing ProtocolHandler ["http-nio-9004"]
2020-07-21 16:47:47.076 [main] INFO  org.apache.catalina.core.StandardService - Starting service [Tomcat]
2020-07-21 16:47:47.076 [main] INFO  org.apache.catalina.core.StandardEngine - Starting Servlet engine: [Apache Tomcat/9.0.33]
2020-07-21 16:47:47.201 [main] INFO  o.a.c.core.ContainerBase.[Tomcat].[localhost].[/] - Initializing Spring embedded WebApplicationContext
2020-07-21 16:47:47.201 [main] INFO  org.springframework.web.context.ContextLoader - Root WebApplicationContext: initialization completed in 1504 ms
2020-07-21 16:47:47.370 [main] INFO  c.a.d.s.b.a.DruidDataSourceAutoConfigure - Init DruidDataSource
2020-07-21 16:47:47.596 [main] INFO  com.alibaba.druid.pool.DruidDataSource - {dataSource-1} inited
2020-07-21 16:47:48.973 [main] INFO  s.d.s.w.PropertySourcedRequestMappingHandlerMapping - Mapped URL path [/v2/api-docs] onto method [springfox.documentation.swagger2.web.Swagger2Controller#getDocumentation(String, HttpServletRequest)]
2020-07-21 16:47:49.018 [main] INFO  o.s.b.a.s.s.UserDetailsServiceAutoConfiguration - 

Using generated security password: f1d9f55d-614f-4212-b874-7150f0041190

2020-07-21 16:47:49.079 [main] INFO  o.s.security.web.DefaultSecurityFilterChain - Creating filter chain: any request, [org.springframework.security.web.context.request.async.WebAsyncManagerIntegrationFilter@375084c9, org.springframework.security.web.context.SecurityContextPersistenceFilter@28989415, org.springframework.security.web.header.HeaderWriterFilter@6c07add6, org.springframework.security.web.authentication.logout.LogoutFilter@63124022, org.springframework.security.web.savedrequest.RequestCacheAwareFilter@781dbe44, org.springframework.security.web.servletapi.SecurityContextHolderAwareRequestFilter@57e03347, org.springframework.security.web.authentication.AnonymousAuthenticationFilter@bd93bc3, org.springframework.security.web.session.SessionManagementFilter@6c8f4bc7, org.springframework.security.web.access.ExceptionTranslationFilter@267ff4df, org.springframework.security.web.access.intercept.FilterSecurityInterceptor@3b218c74]
2020-07-21 16:47:49.160 [main] INFO  o.s.scheduling.concurrent.ThreadPoolTaskExecutor - Initializing ExecutorService 'applicationTaskExecutor'
2020-07-21 16:47:49.330 [main] INFO  s.d.s.web.plugins.DocumentationPluginsBootstrapper - Context refreshed
2020-07-21 16:47:49.347 [main] INFO  s.d.s.web.plugins.DocumentationPluginsBootstrapper - Found 1 custom documentation plugin(s)
2020-07-21 16:47:49.373 [main] INFO  s.d.spring.web.scanners.ApiListingReferenceScanner - Scanning for api listing references
2020-07-21 16:47:49.438 [main] INFO  s.d.s.w.r.operation.CachingOperationNameGenerator - Generating unique operation named: getChapterListByBookIdUsingGET_1
2020-07-21 16:47:49.560 [main] INFO  s.d.s.w.r.operation.CachingOperationNameGenerator - Generating unique operation named: uploadHeadUsingPOST_1
2020-07-21 16:47:49.566 [main] INFO  s.d.s.w.r.operation.CachingOperationNameGenerator - Generating unique operation named: addChapterUsingPOST_1
2020-07-21 16:47:49.615 [main] INFO  s.d.s.w.r.operation.CachingOperationNameGenerator - Generating unique operation named: addBookUsingPOST_1
2020-07-21 16:47:49.623 [main] INFO  s.d.s.w.r.operation.CachingOperationNameGenerator - Generating unique operation named: findByIdUsingGET_1
2020-07-21 16:47:49.629 [main] INFO  s.d.s.w.r.operation.CachingOperationNameGenerator - Generating unique operation named: uploadHeadUsingPOST_2
2020-07-21 16:47:49.630 [main] INFO  s.d.s.w.r.operation.CachingOperationNameGenerator - Generating unique operation named: getBookUsingGET_1
2020-07-21 16:47:49.630 [main] INFO  s.d.s.w.r.operation.CachingOperationNameGenerator - Generating unique operation named: getChapterUsingGET_1
2020-07-21 16:47:49.631 [main] INFO  s.d.s.w.r.operation.CachingOperationNameGenerator - Generating unique operation named: getBookUsingGET_2
2020-07-21 16:47:49.632 [main] INFO  s.d.s.w.r.operation.CachingOperationNameGenerator - Generating unique operation named: getChapterUsingGET_2
2020-07-21 16:47:49.646 [main] INFO  org.apache.coyote.http11.Http11NioProtocol - Starting ProtocolHandler ["http-nio-9004"]
2020-07-21 16:47:49.667 [main] INFO  o.s.boot.web.embedded.tomcat.TomcatWebServer - Tomcat started on port(s): 9004 (http) with context path ''
2020-07-21 16:47:49.670 [main] INFO  com.nine.one.yuedu.read.NineOneYueDuApplication - Started NineOneYueDuApplication in 4.397 seconds (JVM running for 5.551)
2020-07-21 16:48:56.430 [http-nio-9004-exec-1] INFO  o.a.c.core.ContainerBase.[Tomcat].[localhost].[/] - Initializing Spring DispatcherServlet 'dispatcherServlet'
2020-07-21 16:48:56.431 [http-nio-9004-exec-1] INFO  org.springframework.web.servlet.DispatcherServlet - Initializing Servlet 'dispatcherServlet'
2020-07-21 16:48:56.446 [http-nio-9004-exec-1] INFO  org.springframework.web.servlet.DispatcherServlet - Completed initialization in 15 ms
2020-07-21 16:49:49.793 [http-nio-9004-exec-1] INFO  c.n.one.yuedu.read.service.impl.ChapterServiceImpl - 
　　赵西坡被秦诗雅半推半拉的站了起来，在别墅区转了起来。
　　秦诗雅这个居住的别墅是位于郊区，再加上附近绿化面积很好，早晨的空气特别的新鲜，在这个时候散步，是非常清爽的。
　　“怎么了，心情还是不好？”
　　看着还在皱着眉头的赵西坡，秦诗雅再次柔声问道。
　　“没什么。”
　　赵西坡摇了摇头，随即晒然一笑，只是笑容多少有些苦涩。
　　秦诗雅张了张嘴，想要说些什么，最后都只能苦笑一声，没有在问什么。
　　两人默默的走在充满林荫的小道，偶尔会路过一两名巡逻的保安，除此之外，并没有太多人。
　　恰在这个时候，赵西坡感觉自己心头一阵发紧，一种极度危险的感觉在赵西坡心中升起。
　　虽然不知道为什么，但是赵西坡几乎想都没想，立即将身旁的秦诗雅抱住，然后扑倒在地。
　　刚刚扑倒在地，便听到一阵“簌簌簌簌……”的声音，伴随着这声音，身后不远的树枝被什么什么撞击，直接折断。
　　“怎么回事？”
　　突然的变化，让秦诗雅脑袋有些发懵，不知道到底发生了什么情况。
　　“有刺客。”
　　赵西坡冷着脸说道，刚刚若不是心中忽然生出的危险的感觉，让赵西坡及时作出了反应将秦诗雅推倒在地，若不然的话，现在秦诗雅已经如同那被子弹射击而折断的树枝一般了。
　　听到有刺客，秦诗雅也是大惊，要知道这里是她居住的别墅，虽然只是众多居住点之一，但保卫甚严，但现在，有刺客不声不响的闯了进来，而防卫在别墅群的保安却一点也没有察觉，这让秦诗雅脸色甚为不好看。
　　“现在该怎么办？”
　　秦诗雅不由将目光落在赵西坡的身上，对于赵西坡，秦诗雅是很有自信的。
　　“放心，交给我，一群小杂毛，敢招惹到老子的头上，看老子不打死他们。”赵西坡恼怒的说道，现在，他正在为端木玉香的离开而伤心了，正愁找不到发泄的对象，但现在，这些人竟然过来找死，那就别怪他赵西坡不客气。
　　“砰砰砰……”
　　呼啸的子弹又打了过来，落在附近的地面，草丛中，让树屑，灰尘漫天飞舞的都是。
　　不过因为赵西坡及时带着秦诗雅躲在一处掩体附近，并没有受伤，反而这漫天飞舞的灰尘遮挡了视线，给了赵西坡喘息的机会。
　　“你在这等着。”
　　赵西坡跟秦诗雅嘱咐了一声，便猫着腰，俯着身子向着枪声的源处接近，没过几分钟，赵西坡就接近了枪声的源处，看到了刺客的身影。
　　总共有三名刺客，两人持着狙击枪，似乎正在搜寻什么，一人持着手枪，警惕的观察着四周，当赵西坡潜伏到附近的时候，立刻引起了持着手枪刺客的注意。
　　这名持着手枪的刺客一边向自己的同伴提醒，一边持着枪支，直接对赵西坡进行开枪。
　　呼啸的子弹直接从手枪枪口 射出，向着赵西坡就激射过来。
2020-07-21 16:54:40.715 [main] INFO  com.nine.one.yuedu.read.NineOneYueDuApplication - Starting NineOneYueDuApplication on LAPTOP-VRL8D1D5 with PID 144160 (D:\JXTC\91yuedu-read\target\classes started by asus in D:\JXTC\91yuedu-read)
2020-07-21 16:54:40.727 [main] INFO  com.nine.one.yuedu.read.NineOneYueDuApplication - The following profiles are active: test
2020-07-21 16:54:43.975 [main] INFO  o.s.d.r.config.RepositoryConfigurationDelegate - Multiple Spring Data modules found, entering strict repository configuration mode!
2020-07-21 16:54:43.980 [main] INFO  o.s.d.r.config.RepositoryConfigurationDelegate - Bootstrapping Spring Data Redis repositories in DEFAULT mode.
2020-07-21 16:54:44.092 [main] INFO  o.s.d.r.config.RepositoryConfigurationDelegate - Finished Spring Data repository scanning in 81ms. Found 0 Redis repository interfaces.
2020-07-21 16:54:45.008 [main] INFO  o.s.boot.web.embedded.tomcat.TomcatWebServer - Tomcat initialized with port(s): 9004 (http)
2020-07-21 16:54:45.030 [main] INFO  org.apache.coyote.http11.Http11NioProtocol - Initializing ProtocolHandler ["http-nio-9004"]
2020-07-21 16:54:45.032 [main] INFO  org.apache.catalina.core.StandardService - Starting service [Tomcat]
2020-07-21 16:54:45.033 [main] INFO  org.apache.catalina.core.StandardEngine - Starting Servlet engine: [Apache Tomcat/9.0.33]
2020-07-21 16:54:45.358 [main] INFO  o.a.c.core.ContainerBase.[Tomcat].[localhost].[/] - Initializing Spring embedded WebApplicationContext
2020-07-21 16:54:45.359 [main] INFO  org.springframework.web.context.ContextLoader - Root WebApplicationContext: initialization completed in 4455 ms
2020-07-21 16:54:45.692 [main] INFO  c.a.d.s.b.a.DruidDataSourceAutoConfigure - Init DruidDataSource
2020-07-21 16:54:46.023 [main] INFO  com.alibaba.druid.pool.DruidDataSource - {dataSource-1} inited
2020-07-21 16:54:49.324 [main] INFO  s.d.s.w.PropertySourcedRequestMappingHandlerMapping - Mapped URL path [/v2/api-docs] onto method [springfox.documentation.swagger2.web.Swagger2Controller#getDocumentation(String, HttpServletRequest)]
2020-07-21 16:54:49.409 [main] INFO  o.s.b.a.s.s.UserDetailsServiceAutoConfiguration - 

Using generated security password: a195fea4-e412-4702-a963-4c0ee6c52114

2020-07-21 16:54:49.506 [main] INFO  o.s.security.web.DefaultSecurityFilterChain - Creating filter chain: any request, [org.springframework.security.web.context.request.async.WebAsyncManagerIntegrationFilter@5fb8dc01, org.springframework.security.web.context.SecurityContextPersistenceFilter@7ddeb27f, org.springframework.security.web.header.HeaderWriterFilter@33d230ce, org.springframework.security.web.authentication.logout.LogoutFilter@3cc3f13e, org.springframework.security.web.savedrequest.RequestCacheAwareFilter@681de87f, org.springframework.security.web.servletapi.SecurityContextHolderAwareRequestFilter@61b838f2, org.springframework.security.web.authentication.AnonymousAuthenticationFilter@3e38c472, org.springframework.security.web.session.SessionManagementFilter@7caf1e5, org.springframework.security.web.access.ExceptionTranslationFilter@7159d601, org.springframework.security.web.access.intercept.FilterSecurityInterceptor@7661e474]
2020-07-21 16:54:49.689 [main] INFO  o.s.scheduling.concurrent.ThreadPoolTaskExecutor - Initializing ExecutorService 'applicationTaskExecutor'
2020-07-21 16:54:50.125 [main] INFO  s.d.s.web.plugins.DocumentationPluginsBootstrapper - Context refreshed
2020-07-21 16:54:50.175 [main] INFO  s.d.s.web.plugins.DocumentationPluginsBootstrapper - Found 1 custom documentation plugin(s)
2020-07-21 16:54:50.258 [main] INFO  s.d.spring.web.scanners.ApiListingReferenceScanner - Scanning for api listing references
2020-07-21 16:54:50.455 [main] INFO  s.d.s.w.r.operation.CachingOperationNameGenerator - Generating unique operation named: getChapterListByBookIdUsingGET_1
2020-07-21 16:54:50.792 [main] INFO  s.d.s.w.r.operation.CachingOperationNameGenerator - Generating unique operation named: uploadHeadUsingPOST_1
2020-07-21 16:54:50.823 [main] INFO  s.d.s.w.r.operation.CachingOperationNameGenerator - Generating unique operation named: addChapterUsingPOST_1
2020-07-21 16:54:50.936 [main] INFO  s.d.s.w.r.operation.CachingOperationNameGenerator - Generating unique operation named: addBookUsingPOST_1
2020-07-21 16:54:50.958 [main] INFO  s.d.s.w.r.operation.CachingOperationNameGenerator - Generating unique operation named: findByIdUsingGET_1
2020-07-21 16:54:50.973 [main] INFO  s.d.s.w.r.operation.CachingOperationNameGenerator - Generating unique operation named: uploadHeadUsingPOST_2
2020-07-21 16:54:50.976 [main] INFO  s.d.s.w.r.operation.CachingOperationNameGenerator - Generating unique operation named: getBookUsingGET_1
2020-07-21 16:54:50.981 [main] INFO  s.d.s.w.r.operation.CachingOperationNameGenerator - Generating unique operation named: getChapterUsingGET_1
2020-07-21 16:54:50.983 [main] INFO  s.d.s.w.r.operation.CachingOperationNameGenerator - Generating unique operation named: getBookUsingGET_2
2020-07-21 16:54:50.984 [main] INFO  s.d.s.w.r.operation.CachingOperationNameGenerator - Generating unique operation named: getChapterUsingGET_2
2020-07-21 16:54:51.017 [main] INFO  org.apache.coyote.http11.Http11NioProtocol - Starting ProtocolHandler ["http-nio-9004"]
2020-07-21 16:54:51.057 [main] INFO  o.s.boot.web.embedded.tomcat.TomcatWebServer - Tomcat started on port(s): 9004 (http) with context path ''
2020-07-21 16:54:51.062 [main] INFO  com.nine.one.yuedu.read.NineOneYueDuApplication - Started NineOneYueDuApplication in 11.451 seconds (JVM running for 13.93)
2020-07-21 16:55:01.047 [http-nio-9004-exec-1] INFO  o.a.c.core.ContainerBase.[Tomcat].[localhost].[/] - Initializing Spring DispatcherServlet 'dispatcherServlet'
2020-07-21 16:55:01.047 [http-nio-9004-exec-1] INFO  org.springframework.web.servlet.DispatcherServlet - Initializing Servlet 'dispatcherServlet'
2020-07-21 16:55:01.065 [http-nio-9004-exec-1] INFO  org.springframework.web.servlet.DispatcherServlet - Completed initialization in 17 ms
2020-07-21 16:57:20.627 [main] INFO  com.nine.one.yuedu.read.NineOneYueDuApplication - Starting NineOneYueDuApplication on LAPTOP-VRL8D1D5 with PID 126668 (D:\JXTC\91yuedu-read\target\classes started by asus in D:\JXTC\91yuedu-read)
2020-07-21 16:57:20.630 [main] INFO  com.nine.one.yuedu.read.NineOneYueDuApplication - The following profiles are active: test
2020-07-21 16:57:21.650 [main] INFO  o.s.d.r.config.RepositoryConfigurationDelegate - Multiple Spring Data modules found, entering strict repository configuration mode!
2020-07-21 16:57:21.652 [main] INFO  o.s.d.r.config.RepositoryConfigurationDelegate - Bootstrapping Spring Data Redis repositories in DEFAULT mode.
2020-07-21 16:57:21.700 [main] INFO  o.s.d.r.config.RepositoryConfigurationDelegate - Finished Spring Data repository scanning in 37ms. Found 0 Redis repository interfaces.
2020-07-21 16:57:22.108 [main] INFO  o.s.boot.web.embedded.tomcat.TomcatWebServer - Tomcat initialized with port(s): 9004 (http)
2020-07-21 16:57:22.115 [main] INFO  org.apache.coyote.http11.Http11NioProtocol - Initializing ProtocolHandler ["http-nio-9004"]
2020-07-21 16:57:22.116 [main] INFO  org.apache.catalina.core.StandardService - Starting service [Tomcat]
2020-07-21 16:57:22.116 [main] INFO  org.apache.catalina.core.StandardEngine - Starting Servlet engine: [Apache Tomcat/9.0.33]
2020-07-21 16:57:22.241 [main] INFO  o.a.c.core.ContainerBase.[Tomcat].[localhost].[/] - Initializing Spring embedded WebApplicationContext
2020-07-21 16:57:22.241 [main] INFO  org.springframework.web.context.ContextLoader - Root WebApplicationContext: initialization completed in 1531 ms
2020-07-21 16:57:22.409 [main] INFO  c.a.d.s.b.a.DruidDataSourceAutoConfigure - Init DruidDataSource
2020-07-21 16:57:22.640 [main] INFO  com.alibaba.druid.pool.DruidDataSource - {dataSource-1} inited
2020-07-21 16:57:23.941 [main] INFO  s.d.s.w.PropertySourcedRequestMappingHandlerMapping - Mapped URL path [/v2/api-docs] onto method [springfox.documentation.swagger2.web.Swagger2Controller#getDocumentation(String, HttpServletRequest)]
2020-07-21 16:57:23.986 [main] INFO  o.s.b.a.s.s.UserDetailsServiceAutoConfiguration - 

Using generated security password: 8552a796-152d-4f95-9df2-cfafa086f796

2020-07-21 16:57:24.050 [main] INFO  o.s.security.web.DefaultSecurityFilterChain - Creating filter chain: any request, [org.springframework.security.web.context.request.async.WebAsyncManagerIntegrationFilter@19eea77c, org.springframework.security.web.context.SecurityContextPersistenceFilter@7b95bdb0, org.springframework.security.web.header.HeaderWriterFilter@4e4395c, org.springframework.security.web.authentication.logout.LogoutFilter@6bcdd6e4, org.springframework.security.web.savedrequest.RequestCacheAwareFilter@664db2ca, org.springframework.security.web.servletapi.SecurityContextHolderAwareRequestFilter@5844a2d1, org.springframework.security.web.authentication.AnonymousAuthenticationFilter@6682e6a5, org.springframework.security.web.session.SessionManagementFilter@56b1e527, org.springframework.security.web.access.ExceptionTranslationFilter@177ede17, org.springframework.security.web.access.intercept.FilterSecurityInterceptor@1cee2e10]
2020-07-21 16:57:24.148 [main] INFO  o.s.scheduling.concurrent.ThreadPoolTaskExecutor - Initializing ExecutorService 'applicationTaskExecutor'
2020-07-21 16:57:24.333 [main] INFO  s.d.s.web.plugins.DocumentationPluginsBootstrapper - Context refreshed
2020-07-21 16:57:24.346 [main] INFO  s.d.s.web.plugins.DocumentationPluginsBootstrapper - Found 1 custom documentation plugin(s)
2020-07-21 16:57:24.372 [main] INFO  s.d.spring.web.scanners.ApiListingReferenceScanner - Scanning for api listing references
2020-07-21 16:57:24.434 [main] INFO  s.d.s.w.r.operation.CachingOperationNameGenerator - Generating unique operation named: getChapterListByBookIdUsingGET_1
2020-07-21 16:57:24.526 [main] INFO  s.d.s.w.r.operation.CachingOperationNameGenerator - Generating unique operation named: uploadHeadUsingPOST_1
2020-07-21 16:57:24.534 [main] INFO  s.d.s.w.r.operation.CachingOperationNameGenerator - Generating unique operation named: addChapterUsingPOST_1
2020-07-21 16:57:24.578 [main] INFO  s.d.s.w.r.operation.CachingOperationNameGenerator - Generating unique operation named: addBookUsingPOST_1
2020-07-21 16:57:24.587 [main] INFO  s.d.s.w.r.operation.CachingOperationNameGenerator - Generating unique operation named: findByIdUsingGET_1
2020-07-21 16:57:24.592 [main] INFO  s.d.s.w.r.operation.CachingOperationNameGenerator - Generating unique operation named: uploadHeadUsingPOST_2
2020-07-21 16:57:24.593 [main] INFO  s.d.s.w.r.operation.CachingOperationNameGenerator - Generating unique operation named: getBookUsingGET_1
2020-07-21 16:57:24.594 [main] INFO  s.d.s.w.r.operation.CachingOperationNameGenerator - Generating unique operation named: getChapterUsingGET_1
2020-07-21 16:57:24.595 [main] INFO  s.d.s.w.r.operation.CachingOperationNameGenerator - Generating unique operation named: getBookUsingGET_2
2020-07-21 16:57:24.595 [main] INFO  s.d.s.w.r.operation.CachingOperationNameGenerator - Generating unique operation named: getChapterUsingGET_2
2020-07-21 16:57:24.611 [main] INFO  org.apache.coyote.http11.Http11NioProtocol - Starting ProtocolHandler ["http-nio-9004"]
2020-07-21 16:57:24.631 [main] INFO  o.s.boot.web.embedded.tomcat.TomcatWebServer - Tomcat started on port(s): 9004 (http) with context path ''
2020-07-21 16:57:24.633 [main] INFO  com.nine.one.yuedu.read.NineOneYueDuApplication - Started NineOneYueDuApplication in 4.37 seconds (JVM running for 5.443)
2020-07-21 16:57:46.329 [http-nio-9004-exec-1] INFO  o.a.c.core.ContainerBase.[Tomcat].[localhost].[/] - Initializing Spring DispatcherServlet 'dispatcherServlet'
2020-07-21 16:57:46.329 [http-nio-9004-exec-1] INFO  org.springframework.web.servlet.DispatcherServlet - Initializing Servlet 'dispatcherServlet'
2020-07-21 16:57:46.340 [http-nio-9004-exec-1] INFO  org.springframework.web.servlet.DispatcherServlet - Completed initialization in 11 ms
2020-07-21 17:01:48.033 [main] INFO  com.nine.one.yuedu.read.NineOneYueDuApplication - Starting NineOneYueDuApplication on LAPTOP-VRL8D1D5 with PID 143392 (D:\JXTC\91yuedu-read\target\classes started by asus in D:\JXTC\91yuedu-read)
2020-07-21 17:01:48.036 [main] INFO  com.nine.one.yuedu.read.NineOneYueDuApplication - The following profiles are active: test
2020-07-21 17:01:48.927 [main] INFO  o.s.d.r.config.RepositoryConfigurationDelegate - Multiple Spring Data modules found, entering strict repository configuration mode!
2020-07-21 17:01:48.929 [main] INFO  o.s.d.r.config.RepositoryConfigurationDelegate - Bootstrapping Spring Data Redis repositories in DEFAULT mode.
2020-07-21 17:01:48.977 [main] INFO  o.s.d.r.config.RepositoryConfigurationDelegate - Finished Spring Data repository scanning in 38ms. Found 0 Redis repository interfaces.
2020-07-21 17:01:49.439 [main] INFO  o.s.boot.web.embedded.tomcat.TomcatWebServer - Tomcat initialized with port(s): 9004 (http)
2020-07-21 17:01:49.446 [main] INFO  org.apache.coyote.http11.Http11NioProtocol - Initializing ProtocolHandler ["http-nio-9004"]
2020-07-21 17:01:49.446 [main] INFO  org.apache.catalina.core.StandardService - Starting service [Tomcat]
2020-07-21 17:01:49.446 [main] INFO  org.apache.catalina.core.StandardEngine - Starting Servlet engine: [Apache Tomcat/9.0.33]
2020-07-21 17:01:49.572 [main] INFO  o.a.c.core.ContainerBase.[Tomcat].[localhost].[/] - Initializing Spring embedded WebApplicationContext
2020-07-21 17:01:49.572 [main] INFO  org.springframework.web.context.ContextLoader - Root WebApplicationContext: initialization completed in 1465 ms
2020-07-21 17:01:49.767 [main] INFO  c.a.d.s.b.a.DruidDataSourceAutoConfigure - Init DruidDataSource
2020-07-21 17:01:50.047 [main] INFO  com.alibaba.druid.pool.DruidDataSource - {dataSource-1} inited
2020-07-21 17:01:51.712 [main] INFO  s.d.s.w.PropertySourcedRequestMappingHandlerMapping - Mapped URL path [/v2/api-docs] onto method [springfox.documentation.swagger2.web.Swagger2Controller#getDocumentation(String, HttpServletRequest)]
2020-07-21 17:01:51.762 [main] INFO  o.s.b.a.s.s.UserDetailsServiceAutoConfiguration - 

Using generated security password: 7d377ab0-8795-4081-8655-aeb1886cea61

2020-07-21 17:01:51.843 [main] INFO  o.s.security.web.DefaultSecurityFilterChain - Creating filter chain: any request, [org.springframework.security.web.context.request.async.WebAsyncManagerIntegrationFilter@60807fd9, org.springframework.security.web.context.SecurityContextPersistenceFilter@23b1aa9, org.springframework.security.web.header.HeaderWriterFilter@7f12094d, org.springframework.security.web.authentication.logout.LogoutFilter@733f1395, org.springframework.security.web.savedrequest.RequestCacheAwareFilter@4e8598d9, org.springframework.security.web.servletapi.SecurityContextHolderAwareRequestFilter@7f6b7426, org.springframework.security.web.authentication.AnonymousAuthenticationFilter@6bcdd6e4, org.springframework.security.web.session.SessionManagementFilter@402b4f81, org.springframework.security.web.access.ExceptionTranslationFilter@214b342f, org.springframework.security.web.access.intercept.FilterSecurityInterceptor@504497fa]
2020-07-21 17:01:51.975 [main] INFO  o.s.scheduling.concurrent.ThreadPoolTaskExecutor - Initializing ExecutorService 'applicationTaskExecutor'
2020-07-21 17:01:52.165 [main] INFO  s.d.s.web.plugins.DocumentationPluginsBootstrapper - Context refreshed
2020-07-21 17:01:52.179 [main] INFO  s.d.s.web.plugins.DocumentationPluginsBootstrapper - Found 1 custom documentation plugin(s)
2020-07-21 17:01:52.204 [main] INFO  s.d.spring.web.scanners.ApiListingReferenceScanner - Scanning for api listing references
2020-07-21 17:01:52.282 [main] INFO  s.d.s.w.r.operation.CachingOperationNameGenerator - Generating unique operation named: getChapterListByBookIdUsingGET_1
2020-07-21 17:01:52.371 [main] INFO  s.d.s.w.r.operation.CachingOperationNameGenerator - Generating unique operation named: uploadHeadUsingPOST_1
2020-07-21 17:01:52.378 [main] INFO  s.d.s.w.r.operation.CachingOperationNameGenerator - Generating unique operation named: addChapterUsingPOST_1
2020-07-21 17:01:52.424 [main] INFO  s.d.s.w.r.operation.CachingOperationNameGenerator - Generating unique operation named: addBookUsingPOST_1
2020-07-21 17:01:52.433 [main] INFO  s.d.s.w.r.operation.CachingOperationNameGenerator - Generating unique operation named: findByIdUsingGET_1
2020-07-21 17:01:52.440 [main] INFO  s.d.s.w.r.operation.CachingOperationNameGenerator - Generating unique operation named: uploadHeadUsingPOST_2
2020-07-21 17:01:52.441 [main] INFO  s.d.s.w.r.operation.CachingOperationNameGenerator - Generating unique operation named: getBookUsingGET_1
2020-07-21 17:01:52.442 [main] INFO  s.d.s.w.r.operation.CachingOperationNameGenerator - Generating unique operation named: getChapterUsingGET_1
2020-07-21 17:01:52.443 [main] INFO  s.d.s.w.r.operation.CachingOperationNameGenerator - Generating unique operation named: getBookUsingGET_2
2020-07-21 17:01:52.443 [main] INFO  s.d.s.w.r.operation.CachingOperationNameGenerator - Generating unique operation named: getChapterUsingGET_2
2020-07-21 17:01:52.459 [main] INFO  org.apache.coyote.http11.Http11NioProtocol - Starting ProtocolHandler ["http-nio-9004"]
2020-07-21 17:01:52.481 [main] INFO  o.s.boot.web.embedded.tomcat.TomcatWebServer - Tomcat started on port(s): 9004 (http) with context path ''
2020-07-21 17:01:52.483 [main] INFO  com.nine.one.yuedu.read.NineOneYueDuApplication - Started NineOneYueDuApplication in 5.018 seconds (JVM running for 6.168)
2020-07-21 17:02:06.504 [http-nio-9004-exec-1] INFO  o.a.c.core.ContainerBase.[Tomcat].[localhost].[/] - Initializing Spring DispatcherServlet 'dispatcherServlet'
2020-07-21 17:02:06.505 [http-nio-9004-exec-1] INFO  org.springframework.web.servlet.DispatcherServlet - Initializing Servlet 'dispatcherServlet'
2020-07-21 17:02:06.520 [http-nio-9004-exec-1] INFO  org.springframework.web.servlet.DispatcherServlet - Completed initialization in 15 ms
2020-07-21 17:21:18.770 [main] INFO  com.nine.one.yuedu.read.NineOneYueDuApplication - Starting NineOneYueDuApplication on LAPTOP-VRL8D1D5 with PID 39064 (D:\JXTC\91yuedu-read\target\classes started by asus in D:\JXTC\91yuedu-read)
2020-07-21 17:21:18.772 [main] INFO  com.nine.one.yuedu.read.NineOneYueDuApplication - The following profiles are active: test
2020-07-21 17:21:19.743 [main] INFO  o.s.d.r.config.RepositoryConfigurationDelegate - Multiple Spring Data modules found, entering strict repository configuration mode!
2020-07-21 17:21:19.744 [main] INFO  o.s.d.r.config.RepositoryConfigurationDelegate - Bootstrapping Spring Data Redis repositories in DEFAULT mode.
2020-07-21 17:21:19.792 [main] INFO  o.s.d.r.config.RepositoryConfigurationDelegate - Finished Spring Data repository scanning in 38ms. Found 0 Redis repository interfaces.
2020-07-21 17:21:20.230 [main] INFO  o.s.boot.web.embedded.tomcat.TomcatWebServer - Tomcat initialized with port(s): 9004 (http)
2020-07-21 17:21:20.237 [main] INFO  org.apache.coyote.http11.Http11NioProtocol - Initializing ProtocolHandler ["http-nio-9004"]
2020-07-21 17:21:20.237 [main] INFO  org.apache.catalina.core.StandardService - Starting service [Tomcat]
2020-07-21 17:21:20.237 [main] INFO  org.apache.catalina.core.StandardEngine - Starting Servlet engine: [Apache Tomcat/9.0.33]
2020-07-21 17:21:20.370 [main] INFO  o.a.c.core.ContainerBase.[Tomcat].[localhost].[/] - Initializing Spring embedded WebApplicationContext
2020-07-21 17:21:20.370 [main] INFO  org.springframework.web.context.ContextLoader - Root WebApplicationContext: initialization completed in 1553 ms
2020-07-21 17:21:20.544 [main] INFO  c.a.d.s.b.a.DruidDataSourceAutoConfigure - Init DruidDataSource
2020-07-21 17:21:20.815 [main] INFO  com.alibaba.druid.pool.DruidDataSource - {dataSource-1} inited
2020-07-21 17:21:22.286 [main] INFO  com.alibaba.druid.pool.DruidDataSource - {dataSource-1} closed
2020-07-21 17:21:22.288 [main] INFO  org.apache.catalina.core.StandardService - Stopping service [Tomcat]
2020-07-21 17:21:22.295 [main] INFO  o.s.b.a.l.ConditionEvaluationReportLoggingListener - 

Error starting ApplicationContext. To display the conditions report re-run your application with 'debug' enabled.
2020-07-21 17:21:45.627 [main] INFO  com.nine.one.yuedu.read.NineOneYueDuApplication - Starting NineOneYueDuApplication on LAPTOP-VRL8D1D5 with PID 138132 (D:\JXTC\91yuedu-read\target\classes started by asus in D:\JXTC\91yuedu-read)
2020-07-21 17:21:45.631 [main] INFO  com.nine.one.yuedu.read.NineOneYueDuApplication - The following profiles are active: test
2020-07-21 17:21:46.651 [main] INFO  o.s.d.r.config.RepositoryConfigurationDelegate - Multiple Spring Data modules found, entering strict repository configuration mode!
2020-07-21 17:21:46.653 [main] INFO  o.s.d.r.config.RepositoryConfigurationDelegate - Bootstrapping Spring Data Redis repositories in DEFAULT mode.
2020-07-21 17:21:46.709 [main] INFO  o.s.d.r.config.RepositoryConfigurationDelegate - Finished Spring Data repository scanning in 41ms. Found 0 Redis repository interfaces.
2020-07-21 17:21:47.361 [main] INFO  o.s.boot.web.embedded.tomcat.TomcatWebServer - Tomcat initialized with port(s): 9004 (http)
2020-07-21 17:21:47.368 [main] INFO  org.apache.coyote.http11.Http11NioProtocol - Initializing ProtocolHandler ["http-nio-9004"]
2020-07-21 17:21:47.369 [main] INFO  org.apache.catalina.core.StandardService - Starting service [Tomcat]
2020-07-21 17:21:47.369 [main] INFO  org.apache.catalina.core.StandardEngine - Starting Servlet engine: [Apache Tomcat/9.0.33]
2020-07-21 17:21:47.539 [main] INFO  o.a.c.core.ContainerBase.[Tomcat].[localhost].[/] - Initializing Spring embedded WebApplicationContext
2020-07-21 17:21:47.540 [main] INFO  org.springframework.web.context.ContextLoader - Root WebApplicationContext: initialization completed in 1780 ms
2020-07-21 17:21:47.679 [main] INFO  c.a.d.s.b.a.DruidDataSourceAutoConfigure - Init DruidDataSource
2020-07-21 17:21:47.937 [main] INFO  com.alibaba.druid.pool.DruidDataSource - {dataSource-1} inited
2020-07-21 17:21:49.555 [main] INFO  com.alibaba.druid.pool.DruidDataSource - {dataSource-1} closed
2020-07-21 17:21:49.558 [main] INFO  org.apache.catalina.core.StandardService - Stopping service [Tomcat]
2020-07-21 17:21:49.566 [main] INFO  o.s.b.a.l.ConditionEvaluationReportLoggingListener - 

Error starting ApplicationContext. To display the conditions report re-run your application with 'debug' enabled.
2020-07-21 17:23:03.574 [main] INFO  com.nine.one.yuedu.read.NineOneYueDuApplication - Starting NineOneYueDuApplication on LAPTOP-VRL8D1D5 with PID 143460 (D:\JXTC\91yuedu-read\target\classes started by asus in D:\JXTC\91yuedu-read)
2020-07-21 17:23:03.578 [main] INFO  com.nine.one.yuedu.read.NineOneYueDuApplication - The following profiles are active: test
2020-07-21 17:23:04.678 [main] INFO  o.s.d.r.config.RepositoryConfigurationDelegate - Multiple Spring Data modules found, entering strict repository configuration mode!
2020-07-21 17:23:04.680 [main] INFO  o.s.d.r.config.RepositoryConfigurationDelegate - Bootstrapping Spring Data Redis repositories in DEFAULT mode.
2020-07-21 17:23:04.733 [main] INFO  o.s.d.r.config.RepositoryConfigurationDelegate - Finished Spring Data repository scanning in 41ms. Found 0 Redis repository interfaces.
2020-07-21 17:23:05.304 [main] INFO  o.s.boot.web.embedded.tomcat.TomcatWebServer - Tomcat initialized with port(s): 9004 (http)
2020-07-21 17:23:05.313 [main] INFO  org.apache.coyote.http11.Http11NioProtocol - Initializing ProtocolHandler ["http-nio-9004"]
2020-07-21 17:23:05.314 [main] INFO  org.apache.catalina.core.StandardService - Starting service [Tomcat]
2020-07-21 17:23:05.314 [main] INFO  org.apache.catalina.core.StandardEngine - Starting Servlet engine: [Apache Tomcat/9.0.33]
2020-07-21 17:23:05.517 [main] INFO  o.a.c.core.ContainerBase.[Tomcat].[localhost].[/] - Initializing Spring embedded WebApplicationContext
2020-07-21 17:23:05.517 [main] INFO  org.springframework.web.context.ContextLoader - Root WebApplicationContext: initialization completed in 1848 ms
2020-07-21 17:23:05.669 [main] INFO  c.a.d.s.b.a.DruidDataSourceAutoConfigure - Init DruidDataSource
2020-07-21 17:23:05.955 [main] INFO  com.alibaba.druid.pool.DruidDataSource - {dataSource-1} inited
2020-07-21 17:23:07.493 [main] INFO  com.alibaba.druid.pool.DruidDataSource - {dataSource-1} closed
2020-07-21 17:23:07.495 [main] INFO  org.apache.catalina.core.StandardService - Stopping service [Tomcat]
2020-07-21 17:23:07.503 [main] INFO  o.s.b.a.l.ConditionEvaluationReportLoggingListener - 

Error starting ApplicationContext. To display the conditions report re-run your application with 'debug' enabled.
2020-07-21 17:25:12.980 [main] INFO  com.nine.one.yuedu.read.NineOneYueDuApplication - Starting NineOneYueDuApplication on LAPTOP-VRL8D1D5 with PID 51500 (D:\JXTC\91yuedu-read\target\classes started by asus in D:\JXTC\91yuedu-read)
2020-07-21 17:25:12.982 [main] INFO  com.nine.one.yuedu.read.NineOneYueDuApplication - The following profiles are active: test
2020-07-21 17:25:14.014 [main] INFO  o.s.d.r.config.RepositoryConfigurationDelegate - Multiple Spring Data modules found, entering strict repository configuration mode!
2020-07-21 17:25:14.016 [main] INFO  o.s.d.r.config.RepositoryConfigurationDelegate - Bootstrapping Spring Data Redis repositories in DEFAULT mode.
2020-07-21 17:25:14.067 [main] INFO  o.s.d.r.config.RepositoryConfigurationDelegate - Finished Spring Data repository scanning in 40ms. Found 0 Redis repository interfaces.
2020-07-21 17:25:14.492 [main] INFO  o.s.boot.web.embedded.tomcat.TomcatWebServer - Tomcat initialized with port(s): 9004 (http)
2020-07-21 17:25:14.500 [main] INFO  org.apache.coyote.http11.Http11NioProtocol - Initializing ProtocolHandler ["http-nio-9004"]
2020-07-21 17:25:14.501 [main] INFO  org.apache.catalina.core.StandardService - Starting service [Tomcat]
2020-07-21 17:25:14.501 [main] INFO  org.apache.catalina.core.StandardEngine - Starting Servlet engine: [Apache Tomcat/9.0.33]
2020-07-21 17:25:14.646 [main] INFO  o.a.c.core.ContainerBase.[Tomcat].[localhost].[/] - Initializing Spring embedded WebApplicationContext
2020-07-21 17:25:14.646 [main] INFO  org.springframework.web.context.ContextLoader - Root WebApplicationContext: initialization completed in 1631 ms
2020-07-21 17:25:14.830 [main] INFO  c.a.d.s.b.a.DruidDataSourceAutoConfigure - Init DruidDataSource
2020-07-21 17:25:15.205 [main] INFO  com.alibaba.druid.pool.DruidDataSource - {dataSource-1} inited
2020-07-21 17:25:16.749 [main] INFO  s.d.s.w.PropertySourcedRequestMappingHandlerMapping - Mapped URL path [/v2/api-docs] onto method [springfox.documentation.swagger2.web.Swagger2Controller#getDocumentation(String, HttpServletRequest)]
2020-07-21 17:25:16.799 [main] INFO  o.s.b.a.s.s.UserDetailsServiceAutoConfiguration - 

Using generated security password: 39d5ca6a-015f-42bf-8571-81d913ee90ae

2020-07-21 17:25:16.875 [main] INFO  o.s.security.web.DefaultSecurityFilterChain - Creating filter chain: any request, [org.springframework.security.web.context.request.async.WebAsyncManagerIntegrationFilter@274fdea6, org.springframework.security.web.context.SecurityContextPersistenceFilter@1d99ee1b, org.springframework.security.web.header.HeaderWriterFilter@14457a95, org.springframework.security.web.authentication.logout.LogoutFilter@15369d73, org.springframework.security.web.savedrequest.RequestCacheAwareFilter@167a21b, org.springframework.security.web.servletapi.SecurityContextHolderAwareRequestFilter@24e5389c, org.springframework.security.web.authentication.AnonymousAuthenticationFilter@74c121d4, org.springframework.security.web.session.SessionManagementFilter@70091872, org.springframework.security.web.access.ExceptionTranslationFilter@5ac044ef, org.springframework.security.web.access.intercept.FilterSecurityInterceptor@5ebbde60]
2020-07-21 17:25:16.965 [main] INFO  o.s.scheduling.concurrent.ThreadPoolTaskExecutor - Initializing ExecutorService 'applicationTaskExecutor'
2020-07-21 17:25:17.166 [main] INFO  s.d.s.web.plugins.DocumentationPluginsBootstrapper - Context refreshed
2020-07-21 17:25:17.190 [main] INFO  s.d.s.web.plugins.DocumentationPluginsBootstrapper - Found 1 custom documentation plugin(s)
2020-07-21 17:25:17.217 [main] INFO  s.d.spring.web.scanners.ApiListingReferenceScanner - Scanning for api listing references
2020-07-21 17:25:17.288 [main] INFO  s.d.s.w.r.operation.CachingOperationNameGenerator - Generating unique operation named: getChapterListByBookIdUsingGET_1
2020-07-21 17:25:17.406 [main] INFO  s.d.s.w.r.operation.CachingOperationNameGenerator - Generating unique operation named: uploadHeadUsingPOST_1
2020-07-21 17:25:17.414 [main] INFO  s.d.s.w.r.operation.CachingOperationNameGenerator - Generating unique operation named: addChapterUsingPOST_1
2020-07-21 17:25:17.460 [main] INFO  s.d.s.w.r.operation.CachingOperationNameGenerator - Generating unique operation named: addBookUsingPOST_1
2020-07-21 17:25:17.469 [main] INFO  s.d.s.w.r.operation.CachingOperationNameGenerator - Generating unique operation named: findByIdUsingGET_1
2020-07-21 17:25:17.474 [main] INFO  s.d.s.w.r.operation.CachingOperationNameGenerator - Generating unique operation named: uploadHeadUsingPOST_2
2020-07-21 17:25:17.475 [main] INFO  s.d.s.w.r.operation.CachingOperationNameGenerator - Generating unique operation named: getBookUsingGET_1
2020-07-21 17:25:17.475 [main] INFO  s.d.s.w.r.operation.CachingOperationNameGenerator - Generating unique operation named: getChapterUsingGET_1
2020-07-21 17:25:17.476 [main] INFO  s.d.s.w.r.operation.CachingOperationNameGenerator - Generating unique operation named: getBookUsingGET_2
2020-07-21 17:25:17.477 [main] INFO  s.d.s.w.r.operation.CachingOperationNameGenerator - Generating unique operation named: getChapterUsingGET_2
2020-07-21 17:25:17.494 [main] INFO  org.apache.coyote.http11.Http11NioProtocol - Starting ProtocolHandler ["http-nio-9004"]
2020-07-21 17:25:17.521 [main] INFO  o.s.boot.web.embedded.tomcat.TomcatWebServer - Tomcat started on port(s): 9004 (http) with context path ''
2020-07-21 17:25:17.524 [main] INFO  com.nine.one.yuedu.read.NineOneYueDuApplication - Started NineOneYueDuApplication in 4.863 seconds (JVM running for 5.957)
2020-07-21 17:25:45.785 [http-nio-9004-exec-1] INFO  o.a.c.core.ContainerBase.[Tomcat].[localhost].[/] - Initializing Spring DispatcherServlet 'dispatcherServlet'
2020-07-21 17:25:45.786 [http-nio-9004-exec-1] INFO  org.springframework.web.servlet.DispatcherServlet - Initializing Servlet 'dispatcherServlet'
2020-07-21 17:25:45.795 [http-nio-9004-exec-1] INFO  org.springframework.web.servlet.DispatcherServlet - Completed initialization in 9 ms
2020-07-21 17:31:44.497 [main] INFO  com.nine.one.yuedu.read.NineOneYueDuApplication - Starting NineOneYueDuApplication on LAPTOP-VRL8D1D5 with PID 140036 (D:\JXTC\91yuedu-read\target\classes started by asus in D:\JXTC\91yuedu-read)
2020-07-21 17:31:44.504 [main] INFO  com.nine.one.yuedu.read.NineOneYueDuApplication - The following profiles are active: test
2020-07-21 17:31:47.897 [main] INFO  o.s.d.r.config.RepositoryConfigurationDelegate - Multiple Spring Data modules found, entering strict repository configuration mode!
2020-07-21 17:31:47.909 [main] INFO  o.s.d.r.config.RepositoryConfigurationDelegate - Bootstrapping Spring Data Redis repositories in DEFAULT mode.
2020-07-21 17:31:48.035 [main] INFO  o.s.d.r.config.RepositoryConfigurationDelegate - Finished Spring Data repository scanning in 67ms. Found 0 Redis repository interfaces.
2020-07-21 17:31:48.815 [main] INFO  o.s.boot.web.embedded.tomcat.TomcatWebServer - Tomcat initialized with port(s): 9004 (http)
2020-07-21 17:31:48.826 [main] INFO  org.apache.coyote.http11.Http11NioProtocol - Initializing ProtocolHandler ["http-nio-9004"]
2020-07-21 17:31:48.827 [main] INFO  org.apache.catalina.core.StandardService - Starting service [Tomcat]
2020-07-21 17:31:48.827 [main] INFO  org.apache.catalina.core.StandardEngine - Starting Servlet engine: [Apache Tomcat/9.0.33]
2020-07-21 17:31:49.062 [main] INFO  o.a.c.core.ContainerBase.[Tomcat].[localhost].[/] - Initializing Spring embedded WebApplicationContext
2020-07-21 17:31:49.062 [main] INFO  org.springframework.web.context.ContextLoader - Root WebApplicationContext: initialization completed in 4422 ms
2020-07-21 17:31:49.500 [main] INFO  c.a.d.s.b.a.DruidDataSourceAutoConfigure - Init DruidDataSource
2020-07-21 17:31:49.903 [main] INFO  com.alibaba.druid.pool.DruidDataSource - {dataSource-1} inited
2020-07-21 17:31:52.982 [main] INFO  s.d.s.w.PropertySourcedRequestMappingHandlerMapping - Mapped URL path [/v2/api-docs] onto method [springfox.documentation.swagger2.web.Swagger2Controller#getDocumentation(String, HttpServletRequest)]
2020-07-21 17:31:53.178 [main] INFO  o.s.b.a.s.s.UserDetailsServiceAutoConfiguration - 

Using generated security password: 9819854a-4a98-47b3-bdc7-80698b605694

2020-07-21 17:31:53.383 [main] INFO  o.s.security.web.DefaultSecurityFilterChain - Creating filter chain: any request, [org.springframework.security.web.context.request.async.WebAsyncManagerIntegrationFilter@402b4f81, org.springframework.security.web.context.SecurityContextPersistenceFilter@799f354a, org.springframework.security.web.header.HeaderWriterFilter@15369d73, org.springframework.security.web.authentication.logout.LogoutFilter@4e17442f, org.springframework.security.web.savedrequest.RequestCacheAwareFilter@159ac15f, org.springframework.security.web.servletapi.SecurityContextHolderAwareRequestFilter@59b492ec, org.springframework.security.web.authentication.AnonymousAuthenticationFilter@13ef7fa1, org.springframework.security.web.session.SessionManagementFilter@6befbb12, org.springframework.security.web.access.ExceptionTranslationFilter@25699aa7, org.springframework.security.web.access.intercept.FilterSecurityInterceptor@7f12094d]
2020-07-21 17:31:53.589 [main] INFO  o.s.scheduling.concurrent.ThreadPoolTaskExecutor - Initializing ExecutorService 'applicationTaskExecutor'
2020-07-21 17:31:53.890 [main] INFO  s.d.s.web.plugins.DocumentationPluginsBootstrapper - Context refreshed
2020-07-21 17:31:53.934 [main] INFO  s.d.s.web.plugins.DocumentationPluginsBootstrapper - Found 1 custom documentation plugin(s)
2020-07-21 17:31:53.985 [main] INFO  s.d.spring.web.scanners.ApiListingReferenceScanner - Scanning for api listing references
2020-07-21 17:31:54.094 [main] INFO  s.d.s.w.r.operation.CachingOperationNameGenerator - Generating unique operation named: getChapterListByBookIdUsingGET_1
2020-07-21 17:31:54.317 [main] INFO  s.d.s.w.r.operation.CachingOperationNameGenerator - Generating unique operation named: uploadHeadUsingPOST_1
2020-07-21 17:31:54.335 [main] INFO  s.d.s.w.r.operation.CachingOperationNameGenerator - Generating unique operation named: addChapterUsingPOST_1
2020-07-21 17:31:54.468 [main] INFO  s.d.s.w.r.operation.CachingOperationNameGenerator - Generating unique operation named: addBookUsingPOST_1
2020-07-21 17:31:54.496 [main] INFO  s.d.s.w.r.operation.CachingOperationNameGenerator - Generating unique operation named: findByIdUsingGET_1
2020-07-21 17:31:54.517 [main] INFO  s.d.s.w.r.operation.CachingOperationNameGenerator - Generating unique operation named: uploadHeadUsingPOST_2
2020-07-21 17:31:54.520 [main] INFO  s.d.s.w.r.operation.CachingOperationNameGenerator - Generating unique operation named: getBookUsingGET_1
2020-07-21 17:31:54.524 [main] INFO  s.d.s.w.r.operation.CachingOperationNameGenerator - Generating unique operation named: getChapterUsingGET_1
2020-07-21 17:31:54.529 [main] INFO  s.d.s.w.r.operation.CachingOperationNameGenerator - Generating unique operation named: getBookUsingGET_2
2020-07-21 17:31:54.533 [main] INFO  s.d.s.w.r.operation.CachingOperationNameGenerator - Generating unique operation named: getChapterUsingGET_2
2020-07-21 17:31:54.585 [main] INFO  org.apache.coyote.http11.Http11NioProtocol - Starting ProtocolHandler ["http-nio-9004"]
2020-07-21 17:31:54.668 [main] INFO  o.s.boot.web.embedded.tomcat.TomcatWebServer - Tomcat started on port(s): 9004 (http) with context path ''
2020-07-21 17:31:54.681 [main] INFO  com.nine.one.yuedu.read.NineOneYueDuApplication - Started NineOneYueDuApplication in 11.064 seconds (JVM running for 13.667)
2020-07-21 17:32:27.258 [http-nio-9004-exec-1] INFO  o.a.c.core.ContainerBase.[Tomcat].[localhost].[/] - Initializing Spring DispatcherServlet 'dispatcherServlet'
2020-07-21 17:32:27.259 [http-nio-9004-exec-1] INFO  org.springframework.web.servlet.DispatcherServlet - Initializing Servlet 'dispatcherServlet'
2020-07-21 17:32:27.267 [http-nio-9004-exec-1] INFO  org.springframework.web.servlet.DispatcherServlet - Completed initialization in 8 ms
2020-07-21 17:33:17.176 [main] INFO  com.nine.one.yuedu.read.NineOneYueDuApplication - Starting NineOneYueDuApplication on LAPTOP-VRL8D1D5 with PID 142916 (D:\JXTC\91yuedu-read\target\classes started by asus in D:\JXTC\91yuedu-read)
2020-07-21 17:33:17.179 [main] INFO  com.nine.one.yuedu.read.NineOneYueDuApplication - The following profiles are active: test
2020-07-21 17:33:18.256 [main] INFO  o.s.d.r.config.RepositoryConfigurationDelegate - Multiple Spring Data modules found, entering strict repository configuration mode!
2020-07-21 17:33:18.258 [main] INFO  o.s.d.r.config.RepositoryConfigurationDelegate - Bootstrapping Spring Data Redis repositories in DEFAULT mode.
2020-07-21 17:33:18.317 [main] INFO  o.s.d.r.config.RepositoryConfigurationDelegate - Finished Spring Data repository scanning in 44ms. Found 0 Redis repository interfaces.
2020-07-21 17:33:18.829 [main] INFO  o.s.boot.web.embedded.tomcat.TomcatWebServer - Tomcat initialized with port(s): 9004 (http)
2020-07-21 17:33:18.843 [main] INFO  org.apache.coyote.http11.Http11NioProtocol - Initializing ProtocolHandler ["http-nio-9004"]
2020-07-21 17:33:18.844 [main] INFO  org.apache.catalina.core.StandardService - Starting service [Tomcat]
2020-07-21 17:33:18.844 [main] INFO  org.apache.catalina.core.StandardEngine - Starting Servlet engine: [Apache Tomcat/9.0.33]
2020-07-21 17:33:18.962 [main] INFO  o.a.c.core.ContainerBase.[Tomcat].[localhost].[/] - Initializing Spring embedded WebApplicationContext
2020-07-21 17:33:18.962 [main] INFO  org.springframework.web.context.ContextLoader - Root WebApplicationContext: initialization completed in 1715 ms
2020-07-21 17:33:19.137 [main] INFO  c.a.d.s.b.a.DruidDataSourceAutoConfigure - Init DruidDataSource
2020-07-21 17:33:19.356 [main] INFO  com.alibaba.druid.pool.DruidDataSource - {dataSource-1} inited
2020-07-21 17:33:21.777 [main] INFO  s.d.s.w.PropertySourcedRequestMappingHandlerMapping - Mapped URL path [/v2/api-docs] onto method [springfox.documentation.swagger2.web.Swagger2Controller#getDocumentation(String, HttpServletRequest)]
2020-07-21 17:33:21.862 [main] INFO  o.s.b.a.s.s.UserDetailsServiceAutoConfiguration - 

Using generated security password: 2e979a65-49ce-40bb-b00c-e71a1d08db98

2020-07-21 17:33:22.016 [main] INFO  o.s.security.web.DefaultSecurityFilterChain - Creating filter chain: any request, [org.springframework.security.web.context.request.async.WebAsyncManagerIntegrationFilter@4b4a2fa8, org.springframework.security.web.context.SecurityContextPersistenceFilter@2edb2f8b, org.springframework.security.web.header.HeaderWriterFilter@28989415, org.springframework.security.web.authentication.logout.LogoutFilter@177ede17, org.springframework.security.web.savedrequest.RequestCacheAwareFilter@21dea711, org.springframework.security.web.servletapi.SecurityContextHolderAwareRequestFilter@14b8a751, org.springframework.security.web.authentication.AnonymousAuthenticationFilter@5da6b13d, org.springframework.security.web.session.SessionManagementFilter@307c59ea, org.springframework.security.web.access.ExceptionTranslationFilter@6c8f4bc7, org.springframework.security.web.access.intercept.FilterSecurityInterceptor@2a136383]
2020-07-21 17:33:22.250 [main] INFO  o.s.scheduling.concurrent.ThreadPoolTaskExecutor - Initializing ExecutorService 'applicationTaskExecutor'
2020-07-21 17:33:22.751 [main] INFO  s.d.s.web.plugins.DocumentationPluginsBootstrapper - Context refreshed
2020-07-21 17:33:22.795 [main] INFO  s.d.s.web.plugins.DocumentationPluginsBootstrapper - Found 1 custom documentation plugin(s)
2020-07-21 17:33:22.850 [main] INFO  s.d.spring.web.scanners.ApiListingReferenceScanner - Scanning for api listing references
2020-07-21 17:33:23.015 [main] INFO  s.d.s.w.r.operation.CachingOperationNameGenerator - Generating unique operation named: getChapterListByBookIdUsingGET_1
2020-07-21 17:33:23.215 [main] INFO  s.d.s.w.r.operation.CachingOperationNameGenerator - Generating unique operation named: uploadHeadUsingPOST_1
2020-07-21 17:33:23.234 [main] INFO  s.d.s.w.r.operation.CachingOperationNameGenerator - Generating unique operation named: addChapterUsingPOST_1
2020-07-21 17:33:23.331 [main] INFO  s.d.s.w.r.operation.CachingOperationNameGenerator - Generating unique operation named: addBookUsingPOST_1
2020-07-21 17:33:23.350 [main] INFO  s.d.s.w.r.operation.CachingOperationNameGenerator - Generating unique operation named: findByIdUsingGET_1
2020-07-21 17:33:23.364 [main] INFO  s.d.s.w.r.operation.CachingOperationNameGenerator - Generating unique operation named: uploadHeadUsingPOST_2
2020-07-21 17:33:23.365 [main] INFO  s.d.s.w.r.operation.CachingOperationNameGenerator - Generating unique operation named: getBookUsingGET_1
2020-07-21 17:33:23.366 [main] INFO  s.d.s.w.r.operation.CachingOperationNameGenerator - Generating unique operation named: getChapterUsingGET_1
2020-07-21 17:33:23.367 [main] INFO  s.d.s.w.r.operation.CachingOperationNameGenerator - Generating unique operation named: getBookUsingGET_2
2020-07-21 17:33:23.369 [main] INFO  s.d.s.w.r.operation.CachingOperationNameGenerator - Generating unique operation named: getChapterUsingGET_2
2020-07-21 17:33:23.397 [main] INFO  org.apache.coyote.http11.Http11NioProtocol - Starting ProtocolHandler ["http-nio-9004"]
2020-07-21 17:33:23.439 [main] INFO  o.s.boot.web.embedded.tomcat.TomcatWebServer - Tomcat started on port(s): 9004 (http) with context path ''
2020-07-21 17:33:23.443 [main] INFO  com.nine.one.yuedu.read.NineOneYueDuApplication - Started NineOneYueDuApplication in 6.63 seconds (JVM running for 7.726)
2020-07-21 17:33:24.017 [http-nio-9004-exec-1] INFO  o.a.c.core.ContainerBase.[Tomcat].[localhost].[/] - Initializing Spring DispatcherServlet 'dispatcherServlet'
2020-07-21 17:33:24.018 [http-nio-9004-exec-1] INFO  org.springframework.web.servlet.DispatcherServlet - Initializing Servlet 'dispatcherServlet'
2020-07-21 17:33:24.028 [http-nio-9004-exec-1] INFO  org.springframework.web.servlet.DispatcherServlet - Completed initialization in 10 ms
2020-07-21 18:03:38.765 [main] INFO  com.nine.one.yuedu.read.NineOneYueDuApplication - Starting NineOneYueDuApplication on LAPTOP-VRL8D1D5 with PID 145472 (D:\JXTC\91yuedu-read\target\classes started by asus in D:\JXTC\91yuedu-read)
2020-07-21 18:03:38.769 [main] INFO  com.nine.one.yuedu.read.NineOneYueDuApplication - The following profiles are active: test
2020-07-21 18:03:39.933 [main] INFO  o.s.d.r.config.RepositoryConfigurationDelegate - Multiple Spring Data modules found, entering strict repository configuration mode!
2020-07-21 18:03:39.936 [main] INFO  o.s.d.r.config.RepositoryConfigurationDelegate - Bootstrapping Spring Data Redis repositories in DEFAULT mode.
2020-07-21 18:03:39.990 [main] INFO  o.s.d.r.config.RepositoryConfigurationDelegate - Finished Spring Data repository scanning in 40ms. Found 0 Redis repository interfaces.
2020-07-21 18:03:40.510 [main] INFO  o.s.boot.web.embedded.tomcat.TomcatWebServer - Tomcat initialized with port(s): 9004 (http)
2020-07-21 18:03:40.530 [main] INFO  org.apache.coyote.http11.Http11NioProtocol - Initializing ProtocolHandler ["http-nio-9004"]
2020-07-21 18:03:40.530 [main] INFO  org.apache.catalina.core.StandardService - Starting service [Tomcat]
2020-07-21 18:03:40.530 [main] INFO  org.apache.catalina.core.StandardEngine - Starting Servlet engine: [Apache Tomcat/9.0.33]
2020-07-21 18:03:40.711 [main] INFO  o.a.c.core.ContainerBase.[Tomcat].[localhost].[/] - Initializing Spring embedded WebApplicationContext
2020-07-21 18:03:40.712 [main] INFO  org.springframework.web.context.ContextLoader - Root WebApplicationContext: initialization completed in 1864 ms
2020-07-21 18:03:40.863 [main] INFO  c.a.d.s.b.a.DruidDataSourceAutoConfigure - Init DruidDataSource
2020-07-21 18:03:41.152 [main] INFO  com.alibaba.druid.pool.DruidDataSource - {dataSource-1} inited
2020-07-21 18:03:42.901 [main] INFO  s.d.s.w.PropertySourcedRequestMappingHandlerMapping - Mapped URL path [/v2/api-docs] onto method [springfox.documentation.swagger2.web.Swagger2Controller#getDocumentation(String, HttpServletRequest)]
2020-07-21 18:03:42.959 [main] INFO  o.s.b.a.s.s.UserDetailsServiceAutoConfiguration - 

Using generated security password: ab119787-e444-4b81-b192-679f8a5ccd7f

2020-07-21 18:03:43.044 [main] INFO  o.s.security.web.DefaultSecurityFilterChain - Creating filter chain: any request, [org.springframework.security.web.context.request.async.WebAsyncManagerIntegrationFilter@1d008e61, org.springframework.security.web.context.SecurityContextPersistenceFilter@4822ab4d, org.springframework.security.web.header.HeaderWriterFilter@647af13d, org.springframework.security.web.authentication.logout.LogoutFilter@4c9cce17, org.springframework.security.web.savedrequest.RequestCacheAwareFilter@1ad1f167, org.springframework.security.web.servletapi.SecurityContextHolderAwareRequestFilter@40b01718, org.springframework.security.web.authentication.AnonymousAuthenticationFilter@191b44ca, org.springframework.security.web.session.SessionManagementFilter@62c53685, org.springframework.security.web.access.ExceptionTranslationFilter@740ee00f, org.springframework.security.web.access.intercept.FilterSecurityInterceptor@6e66b498]
2020-07-21 18:03:43.150 [main] INFO  o.s.scheduling.concurrent.ThreadPoolTaskExecutor - Initializing ExecutorService 'applicationTaskExecutor'
2020-07-21 18:03:43.411 [main] INFO  s.d.s.web.plugins.DocumentationPluginsBootstrapper - Context refreshed
2020-07-21 18:03:43.434 [main] INFO  s.d.s.web.plugins.DocumentationPluginsBootstrapper - Found 1 custom documentation plugin(s)
2020-07-21 18:03:43.466 [main] INFO  s.d.spring.web.scanners.ApiListingReferenceScanner - Scanning for api listing references
2020-07-21 18:03:43.560 [main] INFO  s.d.s.w.r.operation.CachingOperationNameGenerator - Generating unique operation named: getChapterListByBookIdUsingGET_1
2020-07-21 18:03:43.687 [main] INFO  s.d.s.w.r.operation.CachingOperationNameGenerator - Generating unique operation named: uploadHeadUsingPOST_1
2020-07-21 18:03:43.695 [main] INFO  s.d.s.w.r.operation.CachingOperationNameGenerator - Generating unique operation named: addChapterUsingPOST_1
2020-07-21 18:03:43.742 [main] INFO  s.d.s.w.r.operation.CachingOperationNameGenerator - Generating unique operation named: addBookUsingPOST_1
2020-07-21 18:03:43.750 [main] INFO  s.d.s.w.r.operation.CachingOperationNameGenerator - Generating unique operation named: findByIdUsingGET_1
2020-07-21 18:03:43.756 [main] INFO  s.d.s.w.r.operation.CachingOperationNameGenerator - Generating unique operation named: uploadHeadUsingPOST_2
2020-07-21 18:03:43.757 [main] INFO  s.d.s.w.r.operation.CachingOperationNameGenerator - Generating unique operation named: getBookUsingGET_1
2020-07-21 18:03:43.757 [main] INFO  s.d.s.w.r.operation.CachingOperationNameGenerator - Generating unique operation named: getChapterUsingGET_1
2020-07-21 18:03:43.759 [main] INFO  s.d.s.w.r.operation.CachingOperationNameGenerator - Generating unique operation named: getBookUsingGET_2
2020-07-21 18:03:43.759 [main] INFO  s.d.s.w.r.operation.CachingOperationNameGenerator - Generating unique operation named: getChapterUsingGET_2
2020-07-21 18:03:43.779 [main] INFO  org.apache.coyote.http11.Http11NioProtocol - Starting ProtocolHandler ["http-nio-9004"]
2020-07-21 18:03:43.810 [main] INFO  o.s.boot.web.embedded.tomcat.TomcatWebServer - Tomcat started on port(s): 9004 (http) with context path ''
2020-07-21 18:03:43.814 [main] INFO  com.nine.one.yuedu.read.NineOneYueDuApplication - Started NineOneYueDuApplication in 5.523 seconds (JVM running for 6.895)
2020-07-21 18:04:02.458 [http-nio-9004-exec-1] INFO  o.a.c.core.ContainerBase.[Tomcat].[localhost].[/] - Initializing Spring DispatcherServlet 'dispatcherServlet'
2020-07-21 18:04:02.458 [http-nio-9004-exec-1] INFO  org.springframework.web.servlet.DispatcherServlet - Initializing Servlet 'dispatcherServlet'
2020-07-21 18:04:02.469 [http-nio-9004-exec-1] INFO  org.springframework.web.servlet.DispatcherServlet - Completed initialization in 11 ms
2020-07-21 18:12:20.863 [SpringContextShutdownHook] INFO  o.s.scheduling.concurrent.ThreadPoolTaskExecutor - Shutting down ExecutorService 'applicationTaskExecutor'
2020-07-21 18:12:20.944 [SpringContextShutdownHook] INFO  com.alibaba.druid.pool.DruidDataSource - {dataSource-1} closed
2020-07-21 18:12:38.638 [main] INFO  com.nine.one.yuedu.read.NineOneYueDuApplication - Starting NineOneYueDuApplication on LAPTOP-VRL8D1D5 with PID 146440 (D:\JXTC\91yuedu-read\target\classes started by asus in D:\JXTC\91yuedu-read)
2020-07-21 18:12:38.641 [main] INFO  com.nine.one.yuedu.read.NineOneYueDuApplication - The following profiles are active: test
2020-07-21 18:12:39.799 [main] INFO  o.s.d.r.config.RepositoryConfigurationDelegate - Multiple Spring Data modules found, entering strict repository configuration mode!
2020-07-21 18:12:39.801 [main] INFO  o.s.d.r.config.RepositoryConfigurationDelegate - Bootstrapping Spring Data Redis repositories in DEFAULT mode.
2020-07-21 18:12:39.849 [main] INFO  o.s.d.r.config.RepositoryConfigurationDelegate - Finished Spring Data repository scanning in 38ms. Found 0 Redis repository interfaces.
2020-07-21 18:12:40.279 [main] INFO  o.s.boot.web.embedded.tomcat.TomcatWebServer - Tomcat initialized with port(s): 9004 (http)
2020-07-21 18:12:40.286 [main] INFO  org.apache.coyote.http11.Http11NioProtocol - Initializing ProtocolHandler ["http-nio-9004"]
2020-07-21 18:12:40.286 [main] INFO  org.apache.catalina.core.StandardService - Starting service [Tomcat]
2020-07-21 18:12:40.287 [main] INFO  org.apache.catalina.core.StandardEngine - Starting Servlet engine: [Apache Tomcat/9.0.33]
2020-07-21 18:12:40.409 [main] INFO  o.a.c.core.ContainerBase.[Tomcat].[localhost].[/] - Initializing Spring embedded WebApplicationContext
2020-07-21 18:12:40.409 [main] INFO  org.springframework.web.context.ContextLoader - Root WebApplicationContext: initialization completed in 1674 ms
2020-07-21 18:12:40.572 [main] INFO  c.a.d.s.b.a.DruidDataSourceAutoConfigure - Init DruidDataSource
2020-07-21 18:12:40.943 [main] INFO  com.alibaba.druid.pool.DruidDataSource - {dataSource-1} inited
2020-07-21 18:12:42.806 [main] INFO  s.d.s.w.PropertySourcedRequestMappingHandlerMapping - Mapped URL path [/v2/api-docs] onto method [springfox.documentation.swagger2.web.Swagger2Controller#getDocumentation(String, HttpServletRequest)]
2020-07-21 18:12:42.863 [main] INFO  o.s.b.a.s.s.UserDetailsServiceAutoConfiguration - 

Using generated security password: f3b1b27f-91ca-45f1-a53d-2b42bfdad97a

2020-07-21 18:12:42.952 [main] INFO  o.s.security.web.DefaultSecurityFilterChain - Creating filter chain: any request, [org.springframework.security.web.context.request.async.WebAsyncManagerIntegrationFilter@5da6b13d, org.springframework.security.web.context.SecurityContextPersistenceFilter@733f1395, org.springframework.security.web.header.HeaderWriterFilter@6eda012b, org.springframework.security.web.authentication.logout.LogoutFilter@17176b18, org.springframework.security.web.savedrequest.RequestCacheAwareFilter@7772d266, org.springframework.security.web.servletapi.SecurityContextHolderAwareRequestFilter@7345f97d, org.springframework.security.web.authentication.AnonymousAuthenticationFilter@3dc39459, org.springframework.security.web.session.SessionManagementFilter@57e03347, org.springframework.security.web.access.ExceptionTranslationFilter@714e861f, org.springframework.security.web.access.intercept.FilterSecurityInterceptor@b01cb8d]
2020-07-21 18:12:43.139 [main] INFO  o.s.scheduling.concurrent.ThreadPoolTaskExecutor - Initializing ExecutorService 'applicationTaskExecutor'
2020-07-21 18:12:43.358 [main] INFO  s.d.s.web.plugins.DocumentationPluginsBootstrapper - Context refreshed
2020-07-21 18:12:43.372 [main] INFO  s.d.s.web.plugins.DocumentationPluginsBootstrapper - Found 1 custom documentation plugin(s)
2020-07-21 18:12:43.394 [main] INFO  s.d.spring.web.scanners.ApiListingReferenceScanner - Scanning for api listing references
2020-07-21 18:12:43.450 [main] INFO  s.d.s.w.r.operation.CachingOperationNameGenerator - Generating unique operation named: getChapterListByBookIdUsingGET_1
2020-07-21 18:12:43.537 [main] INFO  s.d.s.w.r.operation.CachingOperationNameGenerator - Generating unique operation named: uploadHeadUsingPOST_1
2020-07-21 18:12:43.544 [main] INFO  s.d.s.w.r.operation.CachingOperationNameGenerator - Generating unique operation named: addChapterUsingPOST_1
2020-07-21 18:12:43.586 [main] INFO  s.d.s.w.r.operation.CachingOperationNameGenerator - Generating unique operation named: addBookUsingPOST_1
2020-07-21 18:12:43.594 [main] INFO  s.d.s.w.r.operation.CachingOperationNameGenerator - Generating unique operation named: findByIdUsingGET_1
2020-07-21 18:12:43.599 [main] INFO  s.d.s.w.r.operation.CachingOperationNameGenerator - Generating unique operation named: uploadHeadUsingPOST_2
2020-07-21 18:12:43.600 [main] INFO  s.d.s.w.r.operation.CachingOperationNameGenerator - Generating unique operation named: getBookUsingGET_1
2020-07-21 18:12:43.601 [main] INFO  s.d.s.w.r.operation.CachingOperationNameGenerator - Generating unique operation named: getChapterUsingGET_1
2020-07-21 18:12:43.601 [main] INFO  s.d.s.w.r.operation.CachingOperationNameGenerator - Generating unique operation named: getBookUsingGET_2
2020-07-21 18:12:43.602 [main] INFO  s.d.s.w.r.operation.CachingOperationNameGenerator - Generating unique operation named: getChapterUsingGET_2
2020-07-21 18:12:43.616 [main] INFO  org.apache.coyote.http11.Http11NioProtocol - Starting ProtocolHandler ["http-nio-9004"]
2020-07-21 18:12:43.638 [main] INFO  o.s.boot.web.embedded.tomcat.TomcatWebServer - Tomcat started on port(s): 9004 (http) with context path ''
2020-07-21 18:12:43.640 [main] INFO  com.nine.one.yuedu.read.NineOneYueDuApplication - Started NineOneYueDuApplication in 5.411 seconds (JVM running for 6.539)
2020-07-21 18:12:55.379 [http-nio-9004-exec-1] INFO  o.a.c.core.ContainerBase.[Tomcat].[localhost].[/] - Initializing Spring DispatcherServlet 'dispatcherServlet'
2020-07-21 18:12:55.382 [http-nio-9004-exec-1] INFO  org.springframework.web.servlet.DispatcherServlet - Initializing Servlet 'dispatcherServlet'
2020-07-21 18:12:55.392 [http-nio-9004-exec-1] INFO  org.springframework.web.servlet.DispatcherServlet - Completed initialization in 9 ms
2020-07-21 18:18:59.609 [main] INFO  com.nine.one.yuedu.read.NineOneYueDuApplication - Starting NineOneYueDuApplication on LAPTOP-VRL8D1D5 with PID 139876 (D:\JXTC\91yuedu-read\target\classes started by asus in D:\JXTC\91yuedu-read)
2020-07-21 18:18:59.614 [main] INFO  com.nine.one.yuedu.read.NineOneYueDuApplication - The following profiles are active: test
2020-07-21 18:19:01.030 [main] INFO  o.s.d.r.config.RepositoryConfigurationDelegate - Multiple Spring Data modules found, entering strict repository configuration mode!
2020-07-21 18:19:01.032 [main] INFO  o.s.d.r.config.RepositoryConfigurationDelegate - Bootstrapping Spring Data Redis repositories in DEFAULT mode.
2020-07-21 18:19:01.082 [main] INFO  o.s.d.r.config.RepositoryConfigurationDelegate - Finished Spring Data repository scanning in 38ms. Found 0 Redis repository interfaces.
2020-07-21 18:19:01.518 [main] INFO  o.s.boot.web.embedded.tomcat.TomcatWebServer - Tomcat initialized with port(s): 9004 (http)
2020-07-21 18:19:01.541 [main] INFO  org.apache.coyote.http11.Http11NioProtocol - Initializing ProtocolHandler ["http-nio-9004"]
2020-07-21 18:19:01.542 [main] INFO  org.apache.catalina.core.StandardService - Starting service [Tomcat]
2020-07-21 18:19:01.543 [main] INFO  org.apache.catalina.core.StandardEngine - Starting Servlet engine: [Apache Tomcat/9.0.33]
2020-07-21 18:19:01.866 [main] INFO  o.a.c.core.ContainerBase.[Tomcat].[localhost].[/] - Initializing Spring embedded WebApplicationContext
2020-07-21 18:19:01.866 [main] INFO  org.springframework.web.context.ContextLoader - Root WebApplicationContext: initialization completed in 2195 ms
2020-07-21 18:19:02.349 [main] INFO  c.a.d.s.b.a.DruidDataSourceAutoConfigure - Init DruidDataSource
2020-07-21 18:19:03.074 [main] INFO  com.alibaba.druid.pool.DruidDataSource - {dataSource-1} inited
2020-07-21 18:19:06.125 [main] INFO  s.d.s.w.PropertySourcedRequestMappingHandlerMapping - Mapped URL path [/v2/api-docs] onto method [springfox.documentation.swagger2.web.Swagger2Controller#getDocumentation(String, HttpServletRequest)]
2020-07-21 18:19:06.175 [main] INFO  o.s.b.a.s.s.UserDetailsServiceAutoConfiguration - 

Using generated security password: e4cde34c-7157-4b2b-9436-b08d75cd74db

2020-07-21 18:19:06.254 [main] INFO  o.s.security.web.DefaultSecurityFilterChain - Creating filter chain: any request, [org.springframework.security.web.context.request.async.WebAsyncManagerIntegrationFilter@17176b18, org.springframework.security.web.context.SecurityContextPersistenceFilter@2a484710, org.springframework.security.web.header.HeaderWriterFilter@5ebbde60, org.springframework.security.web.authentication.logout.LogoutFilter@7f12094d, org.springframework.security.web.savedrequest.RequestCacheAwareFilter@3ffd4b12, org.springframework.security.web.servletapi.SecurityContextHolderAwareRequestFilter@59e7564b, org.springframework.security.web.authentication.AnonymousAuthenticationFilter@4e4395c, org.springframework.security.web.session.SessionManagementFilter@274fdea6, org.springframework.security.web.access.ExceptionTranslationFilter@61b838f2, org.springframework.security.web.access.intercept.FilterSecurityInterceptor@55421b8d]
2020-07-21 18:19:06.342 [main] INFO  o.s.scheduling.concurrent.ThreadPoolTaskExecutor - Initializing ExecutorService 'applicationTaskExecutor'
2020-07-21 18:19:06.525 [main] INFO  s.d.s.web.plugins.DocumentationPluginsBootstrapper - Context refreshed
2020-07-21 18:19:06.558 [main] INFO  s.d.s.web.plugins.DocumentationPluginsBootstrapper - Found 1 custom documentation plugin(s)
2020-07-21 18:19:06.581 [main] INFO  s.d.spring.web.scanners.ApiListingReferenceScanner - Scanning for api listing references
2020-07-21 18:19:06.647 [main] INFO  s.d.s.w.r.operation.CachingOperationNameGenerator - Generating unique operation named: getChapterListByBookIdUsingGET_1
2020-07-21 18:19:06.739 [main] INFO  s.d.s.w.r.operation.CachingOperationNameGenerator - Generating unique operation named: uploadHeadUsingPOST_1
2020-07-21 18:19:06.747 [main] INFO  s.d.s.w.r.operation.CachingOperationNameGenerator - Generating unique operation named: addChapterUsingPOST_1
2020-07-21 18:19:06.804 [main] INFO  s.d.s.w.r.operation.CachingOperationNameGenerator - Generating unique operation named: addBookUsingPOST_1
2020-07-21 18:19:06.814 [main] INFO  s.d.s.w.r.operation.CachingOperationNameGenerator - Generating unique operation named: findByIdUsingGET_1
2020-07-21 18:19:06.822 [main] INFO  s.d.s.w.r.operation.CachingOperationNameGenerator - Generating unique operation named: uploadHeadUsingPOST_2
2020-07-21 18:19:06.824 [main] INFO  s.d.s.w.r.operation.CachingOperationNameGenerator - Generating unique operation named: getBookUsingGET_1
2020-07-21 18:19:06.824 [main] INFO  s.d.s.w.r.operation.CachingOperationNameGenerator - Generating unique operation named: getChapterUsingGET_1
2020-07-21 18:19:06.826 [main] INFO  s.d.s.w.r.operation.CachingOperationNameGenerator - Generating unique operation named: getBookUsingGET_2
2020-07-21 18:19:06.826 [main] INFO  s.d.s.w.r.operation.CachingOperationNameGenerator - Generating unique operation named: getChapterUsingGET_2
2020-07-21 18:19:06.852 [main] INFO  org.apache.coyote.http11.Http11NioProtocol - Starting ProtocolHandler ["http-nio-9004"]
2020-07-21 18:19:06.879 [main] INFO  o.s.boot.web.embedded.tomcat.TomcatWebServer - Tomcat started on port(s): 9004 (http) with context path ''
2020-07-21 18:19:06.882 [main] INFO  com.nine.one.yuedu.read.NineOneYueDuApplication - Started NineOneYueDuApplication in 7.793 seconds (JVM running for 8.953)
2020-07-21 18:19:18.959 [http-nio-9004-exec-1] INFO  o.a.c.core.ContainerBase.[Tomcat].[localhost].[/] - Initializing Spring DispatcherServlet 'dispatcherServlet'
2020-07-21 18:19:18.960 [http-nio-9004-exec-1] INFO  org.springframework.web.servlet.DispatcherServlet - Initializing Servlet 'dispatcherServlet'
2020-07-21 18:19:18.966 [http-nio-9004-exec-1] INFO  org.springframework.web.servlet.DispatcherServlet - Completed initialization in 6 ms
2020-07-21 18:20:54.852 [main] INFO  com.nine.one.yuedu.read.NineOneYueDuApplication - Starting NineOneYueDuApplication on LAPTOP-VRL8D1D5 with PID 147520 (D:\JXTC\91yuedu-read\target\classes started by asus in D:\JXTC\91yuedu-read)
2020-07-21 18:20:54.855 [main] INFO  com.nine.one.yuedu.read.NineOneYueDuApplication - The following profiles are active: test
2020-07-21 18:20:55.846 [main] INFO  o.s.d.r.config.RepositoryConfigurationDelegate - Multiple Spring Data modules found, entering strict repository configuration mode!
2020-07-21 18:20:55.848 [main] INFO  o.s.d.r.config.RepositoryConfigurationDelegate - Bootstrapping Spring Data Redis repositories in DEFAULT mode.
2020-07-21 18:20:55.896 [main] INFO  o.s.d.r.config.RepositoryConfigurationDelegate - Finished Spring Data repository scanning in 38ms. Found 0 Redis repository interfaces.
2020-07-21 18:20:56.288 [main] INFO  o.s.boot.web.embedded.tomcat.TomcatWebServer - Tomcat initialized with port(s): 9004 (http)
2020-07-21 18:20:56.294 [main] INFO  org.apache.coyote.http11.Http11NioProtocol - Initializing ProtocolHandler ["http-nio-9004"]
2020-07-21 18:20:56.294 [main] INFO  org.apache.catalina.core.StandardService - Starting service [Tomcat]
2020-07-21 18:20:56.294 [main] INFO  org.apache.catalina.core.StandardEngine - Starting Servlet engine: [Apache Tomcat/9.0.33]
2020-07-21 18:20:56.423 [main] INFO  o.a.c.core.ContainerBase.[Tomcat].[localhost].[/] - Initializing Spring embedded WebApplicationContext
2020-07-21 18:20:56.423 [main] INFO  org.springframework.web.context.ContextLoader - Root WebApplicationContext: initialization completed in 1538 ms
2020-07-21 18:20:56.596 [main] INFO  c.a.d.s.b.a.DruidDataSourceAutoConfigure - Init DruidDataSource
2020-07-21 18:20:56.825 [main] INFO  com.alibaba.druid.pool.DruidDataSource - {dataSource-1} inited
2020-07-21 18:20:58.233 [main] INFO  s.d.s.w.PropertySourcedRequestMappingHandlerMapping - Mapped URL path [/v2/api-docs] onto method [springfox.documentation.swagger2.web.Swagger2Controller#getDocumentation(String, HttpServletRequest)]
2020-07-21 18:20:58.279 [main] INFO  o.s.b.a.s.s.UserDetailsServiceAutoConfiguration - 

Using generated security password: dfd7de45-cbd9-41e0-88f4-f6f33308aece

2020-07-21 18:20:58.344 [main] INFO  o.s.security.web.DefaultSecurityFilterChain - Creating filter chain: any request, [org.springframework.security.web.context.request.async.WebAsyncManagerIntegrationFilter@74c121d4, org.springframework.security.web.context.SecurityContextPersistenceFilter@3915e7c3, org.springframework.security.web.header.HeaderWriterFilter@48567727, org.springframework.security.web.authentication.logout.LogoutFilter@1cde374, org.springframework.security.web.savedrequest.RequestCacheAwareFilter@7c0df4ab, org.springframework.security.web.servletapi.SecurityContextHolderAwareRequestFilter@3b170235, org.springframework.security.web.authentication.AnonymousAuthenticationFilter@2a484710, org.springframework.security.web.session.SessionManagementFilter@105db94d, org.springframework.security.web.access.ExceptionTranslationFilter@6afbe6a1, org.springframework.security.web.access.intercept.FilterSecurityInterceptor@a056b26]
2020-07-21 18:20:58.427 [main] INFO  o.s.scheduling.concurrent.ThreadPoolTaskExecutor - Initializing ExecutorService 'applicationTaskExecutor'
2020-07-21 18:20:58.595 [main] INFO  s.d.s.web.plugins.DocumentationPluginsBootstrapper - Context refreshed
2020-07-21 18:20:58.609 [main] INFO  s.d.s.web.plugins.DocumentationPluginsBootstrapper - Found 1 custom documentation plugin(s)
2020-07-21 18:20:58.633 [main] INFO  s.d.spring.web.scanners.ApiListingReferenceScanner - Scanning for api listing references
2020-07-21 18:20:58.705 [main] INFO  s.d.s.w.r.operation.CachingOperationNameGenerator - Generating unique operation named: getChapterListByBookIdUsingGET_1
2020-07-21 18:20:58.792 [main] INFO  s.d.s.w.r.operation.CachingOperationNameGenerator - Generating unique operation named: uploadHeadUsingPOST_1
2020-07-21 18:20:58.802 [main] INFO  s.d.s.w.r.operation.CachingOperationNameGenerator - Generating unique operation named: addChapterUsingPOST_1
2020-07-21 18:20:58.849 [main] INFO  s.d.s.w.r.operation.CachingOperationNameGenerator - Generating unique operation named: addBookUsingPOST_1
2020-07-21 18:20:58.857 [main] INFO  s.d.s.w.r.operation.CachingOperationNameGenerator - Generating unique operation named: findByIdUsingGET_1
2020-07-21 18:20:58.862 [main] INFO  s.d.s.w.r.operation.CachingOperationNameGenerator - Generating unique operation named: uploadHeadUsingPOST_2
2020-07-21 18:20:58.863 [main] INFO  s.d.s.w.r.operation.CachingOperationNameGenerator - Generating unique operation named: getBookUsingGET_1
2020-07-21 18:20:58.864 [main] INFO  s.d.s.w.r.operation.CachingOperationNameGenerator - Generating unique operation named: getChapterUsingGET_1
2020-07-21 18:20:58.865 [main] INFO  s.d.s.w.r.operation.CachingOperationNameGenerator - Generating unique operation named: getBookUsingGET_2
2020-07-21 18:20:58.865 [main] INFO  s.d.s.w.r.operation.CachingOperationNameGenerator - Generating unique operation named: getChapterUsingGET_2
2020-07-21 18:20:58.880 [main] INFO  org.apache.coyote.http11.Http11NioProtocol - Starting ProtocolHandler ["http-nio-9004"]
2020-07-21 18:20:58.904 [main] INFO  o.s.boot.web.embedded.tomcat.TomcatWebServer - Tomcat started on port(s): 9004 (http) with context path ''
2020-07-21 18:20:58.906 [main] INFO  com.nine.one.yuedu.read.NineOneYueDuApplication - Started NineOneYueDuApplication in 4.363 seconds (JVM running for 5.474)
2020-07-21 18:21:07.103 [http-nio-9004-exec-1] INFO  o.a.c.core.ContainerBase.[Tomcat].[localhost].[/] - Initializing Spring DispatcherServlet 'dispatcherServlet'
2020-07-21 18:21:07.104 [http-nio-9004-exec-1] INFO  org.springframework.web.servlet.DispatcherServlet - Initializing Servlet 'dispatcherServlet'
2020-07-21 18:21:07.112 [http-nio-9004-exec-1] INFO  org.springframework.web.servlet.DispatcherServlet - Completed initialization in 8 ms
