2020-05-19 14:12:38.574 [main] INFO  com.nine.one.yuedu.read.NineOneYueDuApplication - Starting NineOneYueDuApplication on 192.168.0.104 with PID 44962 (/Users/wangyuliang/ideaProjects/91yuedu-read/target/classes started by wangyuliang in /Users/wangyuliang/ideaProjects/91yuedu-read)
2020-05-19 14:12:38.577 [main] INFO  com.nine.one.yuedu.read.NineOneYueDuApplication - No active profile set, falling back to default profiles: default
2020-05-19 14:12:39.600 [main] INFO  o.s.d.r.config.RepositoryConfigurationDelegate - Multiple Spring Data modules found, entering strict repository configuration mode!
2020-05-19 14:12:39.604 [main] INFO  o.s.d.r.config.RepositoryConfigurationDelegate - Bootstrapping Spring Data Redis repositories in DEFAULT mode.
2020-05-19 14:12:39.651 [main] INFO  o.s.d.r.config.RepositoryConfigurationDelegate - Finished Spring Data repository scanning in 20ms. Found 0 Redis repository interfaces.
2020-05-19 14:12:40.247 [main] INFO  o.s.boot.web.embedded.tomcat.TomcatWebServer - Tomcat initialized with port(s): 9004 (http)
2020-05-19 14:12:40.260 [main] INFO  org.apache.coyote.http11.Http11NioProtocol - Initializing ProtocolHandler ["http-nio-9004"]
2020-05-19 14:12:40.260 [main] INFO  org.apache.catalina.core.StandardService - Starting service [Tomcat]
2020-05-19 14:12:40.260 [main] INFO  org.apache.catalina.core.StandardEngine - Starting Servlet engine: [Apache Tomcat/9.0.33]
2020-05-19 14:12:40.347 [main] INFO  o.a.c.core.ContainerBase.[Tomcat].[localhost].[/] - Initializing Spring embedded WebApplicationContext
2020-05-19 14:12:40.347 [main] INFO  org.springframework.web.context.ContextLoader - Root WebApplicationContext: initialization completed in 1718 ms
2020-05-19 14:12:40.547 [main] INFO  c.a.d.s.b.a.DruidDataSourceAutoConfigure - Init DruidDataSource
2020-05-19 14:12:41.140 [main] INFO  com.alibaba.druid.pool.DruidDataSource - {dataSource-1} inited
2020-05-19 14:12:42.449 [main] INFO  s.d.s.w.PropertySourcedRequestMappingHandlerMapping - Mapped URL path [/v2/api-docs] onto method [springfox.documentation.swagger2.web.Swagger2Controller#getDocumentation(String, HttpServletRequest)]
2020-05-19 14:12:42.528 [main] INFO  o.s.b.a.s.s.UserDetailsServiceAutoConfiguration - 

Using generated security password: 10a1e626-f271-4ebb-b671-c1eb4b55dffa

2020-05-19 14:12:42.659 [main] INFO  o.s.security.web.DefaultSecurityFilterChain - Creating filter chain: any request, [org.springframework.security.web.context.request.async.WebAsyncManagerIntegrationFilter@377949f1, org.springframework.security.web.context.SecurityContextPersistenceFilter@3ca14cf4, org.springframework.security.web.header.HeaderWriterFilter@70b2fa10, org.springframework.security.web.authentication.logout.LogoutFilter@2f054f70, org.springframework.security.web.savedrequest.RequestCacheAwareFilter@46c10083, org.springframework.security.web.servletapi.SecurityContextHolderAwareRequestFilter@6097fca9, org.springframework.security.web.authentication.AnonymousAuthenticationFilter@9df564f, org.springframework.security.web.session.SessionManagementFilter@184823ed, org.springframework.security.web.access.ExceptionTranslationFilter@25953be6, org.springframework.security.web.access.intercept.FilterSecurityInterceptor@677ce519]
2020-05-19 14:12:42.773 [main] INFO  o.s.scheduling.concurrent.ThreadPoolTaskExecutor - Initializing ExecutorService 'applicationTaskExecutor'
2020-05-19 14:12:43.378 [main] INFO  s.d.s.web.plugins.DocumentationPluginsBootstrapper - Context refreshed
2020-05-19 14:12:43.403 [main] INFO  s.d.s.web.plugins.DocumentationPluginsBootstrapper - Found 1 custom documentation plugin(s)
2020-05-19 14:12:43.438 [main] INFO  s.d.spring.web.scanners.ApiListingReferenceScanner - Scanning for api listing references
2020-05-19 14:12:43.619 [main] INFO  s.d.s.w.r.operation.CachingOperationNameGenerator - Generating unique operation named: uploadHeadUsingPOST_1
2020-05-19 14:12:43.653 [main] INFO  s.d.s.w.r.operation.CachingOperationNameGenerator - Generating unique operation named: findByIdUsingGET_1
2020-05-19 14:12:43.659 [main] INFO  s.d.s.w.r.operation.CachingOperationNameGenerator - Generating unique operation named: uploadHeadUsingPOST_2
2020-05-19 14:12:43.676 [main] INFO  org.apache.coyote.http11.Http11NioProtocol - Starting ProtocolHandler ["http-nio-9004"]
2020-05-19 14:12:43.705 [main] INFO  o.s.boot.web.embedded.tomcat.TomcatWebServer - Tomcat started on port(s): 9004 (http) with context path ''
2020-05-19 14:12:43.707 [main] INFO  com.nine.one.yuedu.read.NineOneYueDuApplication - Started NineOneYueDuApplication in 5.633 seconds (JVM running for 6.499)
2020-05-19 14:21:04.733 [http-nio-9004-exec-1] INFO  o.a.c.core.ContainerBase.[Tomcat].[localhost].[/] - Initializing Spring DispatcherServlet 'dispatcherServlet'
2020-05-19 14:21:04.733 [http-nio-9004-exec-1] INFO  org.springframework.web.servlet.DispatcherServlet - Initializing Servlet 'dispatcherServlet'
2020-05-19 14:21:04.739 [http-nio-9004-exec-1] INFO  org.springframework.web.servlet.DispatcherServlet - Completed initialization in 6 ms
2020-05-22 10:07:59.866 [http-nio-9004-exec-5] INFO  c.n.one.yuedu.read.service.impl.ChapterServiceImpl - 检查之后扶着太上皇走出来，太上皇如今可惜身得很，出入还得要扶着，唯恐摔倒，这可是前所未见。
元卿凌和他们在廊下说了会儿话，元卿凌猜知道原来当年他们几个住在肃王府里头，是安丰王妃带着的，长嫂如母，是真真的把他们几个当儿子看待。
“如今我们几个倒是聚得多一些，早几年，也是各有各的忙，褚小五尤其的不愿意来乾坤殿，不想见小喜，孤其实也曾生气，但罢了，他已经在外头为北唐忙得焦头烂额，也就原谅了他。”太上皇自顾自地说着，整个人的情绪处于极度的亢奋中，平南王要回来的消息，让他仿佛打了鸡血。
褚小五？元卿凌看向褚首辅，他不是叫褚大吗？怎地叫褚小五？
褚首辅笑笑，“如今一切都好了。”
阳光徐徐照着几位暮年老者，他们眼底都有一种悠远的情怀，可见大家都沉浸在当年之中，元卿凌觉得这简直是一幅最美好的画卷，少年情谊，相伴到老。
她也希望，到她年迈的时候，除了膝下儿孙环绕，昔日旧人也能一一陪伴在身侧，哪怕不能日日相见，可想见的时候，人就在不远处，如此人生，还有什么遗憾？
说了一会儿话，褚首辅与逍遥公又忙活去了，元卿凌也去了一趟前殿，给明元帝看看。
明元帝的病情没有这么严重，三天食不下饭之后，再进食就腹痛胃痛，元卿凌给了药之后，配合御医的治疗，如今已经好多，只是肝火郁结也有。
放权是他的安排，也是和宇文皓那日在御书房商议的决定，太子监国，各处衙门也定然不若原先稳固，若有人要钻空子，眼下是最好的时候。
明元帝在躺在廊前的贵妃椅上，扈妃伺候在侧，给他念着话本，整个殿中，除扈妃的声音之外，静悄悄的，再无其他声响。
元卿凌福身见过，扈妃把话本放在了竹案上，揉揉眉心，“可算是有个人来了。”
元卿凌笑笑，她知道不是无人来，而是父皇谁也不见。
元卿凌问安，“父皇可觉得好些了？”
明元帝瘦了一圈，下巴都尖了，眼底也是一圈的淤青，近乎黑色了，可见睡眠极为不好，他懒洋洋地道：“好多了，只是依旧不能入睡。”
“一直都睡不着？”元卿凌问道。
“夜里不能睡，白天也不能睡。”扈妃轻声道，眉目里染着担忧之色。
元卿凌道：“那没叫御医开安神茶？”
“开了酸枣仁茶，但是喝下去没多大效果。”扈妃也代为解答。
元卿凌打开药箱，从里头取出了一瓶药，递给扈妃，“这是安眠药，但不可多服，实在睡不着就吃一颗，只是副作用大，睡醒之后没精神。”
“那就如今吃一颗！”明元帝显然是累得很，想睡过去，好让脑子静下来。
扈妃便给他倒了一颗，他直接便咽下，扈妃刚拿水上手，见他已经吃了，道：“那就再喝一口水。”
“不喝了，搁下吧！”明元帝显得毫无精神。
扈妃轻轻叹气，“吃不下，水也不喝，这怎么成呢？除了汤药，这几天都没沾过别的。”
明元帝拍了拍她的手背，“你也不必总是在这里守着，穆如在外头呢，回去歇会儿。”
扈妃摇头，这几天，她也跟着瘦了些，“回去能休息，心不安，在这里守着你，心里头便踏实。”
明元帝缓缓地闭上眼睛，整个人觉得乏力，“你还是要把心思多放一些在老十的身上，或者帮着皇贵妃料理宫中的事，朕总有先你们而去的时候。”
扈妃听得这话，倏然而惊，“你怎可胡说？以后再不许说这样的话。”
明元帝唇角扬了扬，挤出了一个无力的笑，“终究会这样，不也不能避免。”
扈妃眼底迅速蓄泪，颤声道：“你非得这样让我难过不可么？”
明元帝便睁开眸子，伸手抓住她的手，“好，不说也罢。”
元卿凌知道因着宇文君的死，父皇心里头灰暗得很，目睹亲人的离世，除了伤心难过之外，不免也会感怀自身，她轻声道：“父皇，您要保重龙体，老五肩膀太嫩，许多东西，他背不起！”
明元帝便眯起眼睛笑了起来，“合着你到朕跟前，是为老五鸣冤了？”
“不敢！”元卿凌可还真想鸣冤，一个老五给开成几块用了，哪哪都似乎离不了他，事实上，自打宇文君的丧事之后，他们夫妻之间几天没怎么说过话了，他回来的时候她睡了，早上她没起，他已经出门，家里都成旅店，就别提去镜湖，连一起吃顿饭的时间都没。
明元帝道：“朕知道难为了他，但为君父分忧，他责无旁贷！且这江山迟早是他的，他提前辛苦一下，也并无不可，他总有登基的那一天。”
扈妃潸然泪下。
这话对她来说太残忍了，因为若太子登基，意味着他已经山崩了。
“哭什么？不过是闲话而已。”明元帝还是心疼小妻，伸手给她擦眼泪。
扈妃咬牙，杏眼圆瞪，“臣妾只求您，莫再说这样的话，这日子本就不好够了，还三番四次地提这些叫人伤心的话，就这么恨我么？”
明元帝笑了起来，眸色一下子柔和了下来，“这才是你，不要为朕担心，不要委曲求全，就这样。”
元卿凌拿开药箱，另外开一些药，他的胃病其实也比较严重，当皇帝着实也是辛苦活儿，这些年也没停下来的时候，遇到国中发生大事，常常是废寝忘餐，长久下来，胃就不行了。
等元卿凌开好药之后，走出去一看，明元帝却是睡着了，扈妃轻轻地为他搭上被褥，招呼穆如公公进来守着，她蹑手蹑脚地进了殿，拉着元卿凌的手坐下来。
“太子妃，你如实告诉我，皇上的情况是否很严重？”扈妃虽然每日守在身边，但说病情的时候，总是避开她的，她担心得不行。
“不是特别严重，但还是要注意。”元卿凌道。
扈妃眼底涩红，哽咽道：“你们休得瞒我，每一回说病情都瞒着我，且他吃不下，也睡不着，人足足瘦了一圈。”
元卿凌心道：他的病情本不是十分严重，瞒着说病情，只是不想让人知道病情尚轻，没想倒是让扈妃误会了。
正欲劝慰，却听得扈妃哭泣道：“他若有什么事，我也不活了。”

2020-05-22 10:08:06.170 [http-nio-9004-exec-6] INFO  c.n.one.yuedu.read.service.impl.ChapterServiceImpl - 北唐，楚王府凤仪阁。
蜡烛摇曳，照影着房中处处张贴的半旧大红喜字，光影从烫金边散开柔和的芒荧，漫着墙上奋力交缠着的一双影子。
元卿凌被楚王压在了身下，衣衫被大肆扯开，露出光滑柔嫩的肌肤。
她脸上没有一丝情谷欠，只有隐忍和不甘。
成亲一年，他不曾碰过她半根指头，前天入宫，太后看着她平坦的小腹，叹了口气，甚是失望，且提起了娶侧妃之事，她才不得已告知太后他们成亲一年，还没圆房。
她不想哭诉告状，她只是，不甘心啊。
从十三岁第一次见他，她的心便系在了他的身上，用尽了所有的办法，终于嫁给他为妃。本以为，再冷的石头，她也能捂热，可她始终是高估了自己。
明明是她的夫君，她却看不到他眼底有丝毫的怜悯，只有执狂的恨意。
“呃……”
身下传来尖锐的痛楚，她忍不住闷哼了一声，但在看到他眼底的冷意之后，那痛楚仿佛毒针般狠狠往心底里钻去。
心里莫名涌出一股恨意，她抱住他的身躯，费力撑起身子，用力咬住他的唇。
鲜血溢出，腥甜的血液滴入了她的口中。
他眸色一沉，修长的身体从她身上起来，一巴掌劈向她的脸，夹着玉碎般的冷意，“元卿凌，本王如你所愿与你圆房，可从今往后，本王与你形同陌路。”
元卿凌笑了起来，笑得绝望悲凉，“你果然恨我。”
出嫁之前，母亲教过她房中之事，可他喝了迷，情药前来，只破了她的身子，便再无一丝眷恋地起身。
青袍一卷，裹住了他强壮结实的身体，修长的腿一踢，桌子椅子轰然倒地，东西碎乱满地，他声音裹着冷意，凤眼尽是鄙夷，“恨？你不配，本王只是厌恶你，在本王眼中，你便如那逐臭的蝇虫，叫人憎恶，否则，本王也不需要喝药才来与你圆房。”
他旋风般出了去，她看着青袍消失在门口，只有冰冷的风从门口卷入来，瞬间便冷却了她的心。
他的声音远远地传来，“以后不必把她当主子看，只当我楚王府多养了一条狗。”
痛，真痛啊，她如愿以偿与他圆房了，但是，他却用这种方式，碾碎了她的心。
她拔出头上的簪子……
凤仪宫中，传出侍女的惊叫声。
“王妃自尽了……”
黑沉笼罩着凤仪阁，其嬷嬷送了大夫出去，转身寒着脸进了屋中。
“王妃若要死，等王爷休了你回去再死，休得脏了王府的地，再给王爷沾了晦气。”
元卿凌慢慢地睁开眼睛，看着眼前这个满脸凶恶的妇女。
“水……”
她嗓子干得要命，简直快冒烟了。
“有本事去死，就有本事自己倒水喝。”其嬷嬷说完，厌恶地看了她一眼，呸了一声便出去了。
元卿凌挣扎着起身，全身像散架一样的疼，趴在桌子上，颤巍巍地倒了一杯水，咕咚咕咚地喝下去，才觉得是真的活过来了。
她看向自己手腕上的伤口，有片刻的怔忡，到现在还不太能接受眼前所发生的一切。
她从小便被称为神童，十岁读完高三后被广市医科大学录取读现代临床医学，十六岁读博，是二十二世纪最年轻的博士研究生，之后她没有从医，而是读了生物医学，拿下博士学位之后又醉心病毒学，在病毒研究所浸淫了两年，被一家生物公司聘用研发一种刺激开发大脑的药物。


2020-05-22 10:08:20.639 [http-nio-9004-exec-7] INFO  c.n.one.yuedu.read.service.impl.ChapterServiceImpl - 检查之后扶着太上皇走出来，太上皇如今可惜身得很，出入还得要扶着，唯恐摔倒，这可是前所未见。
元卿凌和他们在廊下说了会儿话，元卿凌猜知道原来当年他们几个住在肃王府里头，是安丰王妃带着的，长嫂如母，是真真的把他们几个当儿子看待。
“如今我们几个倒是聚得多一些，早几年，也是各有各的忙，褚小五尤其的不愿意来乾坤殿，不想见小喜，孤其实也曾生气，但罢了，他已经在外头为北唐忙得焦头烂额，也就原谅了他。”太上皇自顾自地说着，整个人的情绪处于极度的亢奋中，平南王要回来的消息，让他仿佛打了鸡血。
褚小五？元卿凌看向褚首辅，他不是叫褚大吗？怎地叫褚小五？
褚首辅笑笑，“如今一切都好了。”
阳光徐徐照着几位暮年老者，他们眼底都有一种悠远的情怀，可见大家都沉浸在当年之中，元卿凌觉得这简直是一幅最美好的画卷，少年情谊，相伴到老。
她也希望，到她年迈的时候，除了膝下儿孙环绕，昔日旧人也能一一陪伴在身侧，哪怕不能日日相见，可想见的时候，人就在不远处，如此人生，还有什么遗憾？
说了一会儿话，褚首辅与逍遥公又忙活去了，元卿凌也去了一趟前殿，给明元帝看看。
明元帝的病情没有这么严重，三天食不下饭之后，再进食就腹痛胃痛，元卿凌给了药之后，配合御医的治疗，如今已经好多，只是肝火郁结也有。
放权是他的安排，也是和宇文皓那日在御书房商议的决定，太子监国，各处衙门也定然不若原先稳固，若有人要钻空子，眼下是最好的时候。
明元帝在躺在廊前的贵妃椅上，扈妃伺候在侧，给他念着话本，整个殿中，除扈妃的声音之外，静悄悄的，再无其他声响。
元卿凌福身见过，扈妃把话本放在了竹案上，揉揉眉心，“可算是有个人来了。”
元卿凌笑笑，她知道不是无人来，而是父皇谁也不见。
元卿凌问安，“父皇可觉得好些了？”
明元帝瘦了一圈，下巴都尖了，眼底也是一圈的淤青，近乎黑色了，可见睡眠极为不好，他懒洋洋地道：“好多了，只是依旧不能入睡。”
“一直都睡不着？”元卿凌问道。
“夜里不能睡，白天也不能睡。”扈妃轻声道，眉目里染着担忧之色。
元卿凌道：“那没叫御医开安神茶？”
“开了酸枣仁茶，但是喝下去没多大效果。”扈妃也代为解答。
元卿凌打开药箱，从里头取出了一瓶药，递给扈妃，“这是安眠药，但不可多服，实在睡不着就吃一颗，只是副作用大，睡醒之后没精神。”
“那就如今吃一颗！”明元帝显然是累得很，想睡过去，好让脑子静下来。
扈妃便给他倒了一颗，他直接便咽下，扈妃刚拿水上手，见他已经吃了，道：“那就再喝一口水。”
“不喝了，搁下吧！”明元帝显得毫无精神。
扈妃轻轻叹气，“吃不下，水也不喝，这怎么成呢？除了汤药，这几天都没沾过别的。”
明元帝拍了拍她的手背，“你也不必总是在这里守着，穆如在外头呢，回去歇会儿。”
扈妃摇头，这几天，她也跟着瘦了些，“回去能休息，心不安，在这里守着你，心里头便踏实。”
明元帝缓缓地闭上眼睛，整个人觉得乏力，“你还是要把心思多放一些在老十的身上，或者帮着皇贵妃料理宫中的事，朕总有先你们而去的时候。”
扈妃听得这话，倏然而惊，“你怎可胡说？以后再不许说这样的话。”
明元帝唇角扬了扬，挤出了一个无力的笑，“终究会这样，不也不能避免。”
扈妃眼底迅速蓄泪，颤声道：“你非得这样让我难过不可么？”
明元帝便睁开眸子，伸手抓住她的手，“好，不说也罢。”
元卿凌知道因着宇文君的死，父皇心里头灰暗得很，目睹亲人的离世，除了伤心难过之外，不免也会感怀自身，她轻声道：“父皇，您要保重龙体，老五肩膀太嫩，许多东西，他背不起！”
明元帝便眯起眼睛笑了起来，“合着你到朕跟前，是为老五鸣冤了？”
“不敢！”元卿凌可还真想鸣冤，一个老五给开成几块用了，哪哪都似乎离不了他，事实上，自打宇文君的丧事之后，他们夫妻之间几天没怎么说过话了，他回来的时候她睡了，早上她没起，他已经出门，家里都成旅店，就别提去镜湖，连一起吃顿饭的时间都没。
明元帝道：“朕知道难为了他，但为君父分忧，他责无旁贷！且这江山迟早是他的，他提前辛苦一下，也并无不可，他总有登基的那一天。”
扈妃潸然泪下。
这话对她来说太残忍了，因为若太子登基，意味着他已经山崩了。
“哭什么？不过是闲话而已。”明元帝还是心疼小妻，伸手给她擦眼泪。
扈妃咬牙，杏眼圆瞪，“臣妾只求您，莫再说这样的话，这日子本就不好够了，还三番四次地提这些叫人伤心的话，就这么恨我么？”
明元帝笑了起来，眸色一下子柔和了下来，“这才是你，不要为朕担心，不要委曲求全，就这样。”
元卿凌拿开药箱，另外开一些药，他的胃病其实也比较严重，当皇帝着实也是辛苦活儿，这些年也没停下来的时候，遇到国中发生大事，常常是废寝忘餐，长久下来，胃就不行了。
等元卿凌开好药之后，走出去一看，明元帝却是睡着了，扈妃轻轻地为他搭上被褥，招呼穆如公公进来守着，她蹑手蹑脚地进了殿，拉着元卿凌的手坐下来。
“太子妃，你如实告诉我，皇上的情况是否很严重？”扈妃虽然每日守在身边，但说病情的时候，总是避开她的，她担心得不行。
“不是特别严重，但还是要注意。”元卿凌道。
扈妃眼底涩红，哽咽道：“你们休得瞒我，每一回说病情都瞒着我，且他吃不下，也睡不着，人足足瘦了一圈。”
元卿凌心道：他的病情本不是十分严重，瞒着说病情，只是不想让人知道病情尚轻，没想倒是让扈妃误会了。
正欲劝慰，却听得扈妃哭泣道：“他若有什么事，我也不活了。”

2020-05-22 10:08:26.236 [http-nio-9004-exec-8] INFO  c.n.one.yuedu.read.service.impl.ChapterServiceImpl - 检查之后扶着太上皇走出来，太上皇如今可惜身得很，出入还得要扶着，唯恐摔倒，这可是前所未见。
元卿凌和他们在廊下说了会儿话，元卿凌猜知道原来当年他们几个住在肃王府里头，是安丰王妃带着的，长嫂如母，是真真的把他们几个当儿子看待。
“如今我们几个倒是聚得多一些，早几年，也是各有各的忙，褚小五尤其的不愿意来乾坤殿，不想见小喜，孤其实也曾生气，但罢了，他已经在外头为北唐忙得焦头烂额，也就原谅了他。”太上皇自顾自地说着，整个人的情绪处于极度的亢奋中，平南王要回来的消息，让他仿佛打了鸡血。
褚小五？元卿凌看向褚首辅，他不是叫褚大吗？怎地叫褚小五？
褚首辅笑笑，“如今一切都好了。”
阳光徐徐照着几位暮年老者，他们眼底都有一种悠远的情怀，可见大家都沉浸在当年之中，元卿凌觉得这简直是一幅最美好的画卷，少年情谊，相伴到老。
她也希望，到她年迈的时候，除了膝下儿孙环绕，昔日旧人也能一一陪伴在身侧，哪怕不能日日相见，可想见的时候，人就在不远处，如此人生，还有什么遗憾？
说了一会儿话，褚首辅与逍遥公又忙活去了，元卿凌也去了一趟前殿，给明元帝看看。
明元帝的病情没有这么严重，三天食不下饭之后，再进食就腹痛胃痛，元卿凌给了药之后，配合御医的治疗，如今已经好多，只是肝火郁结也有。
放权是他的安排，也是和宇文皓那日在御书房商议的决定，太子监国，各处衙门也定然不若原先稳固，若有人要钻空子，眼下是最好的时候。
明元帝在躺在廊前的贵妃椅上，扈妃伺候在侧，给他念着话本，整个殿中，除扈妃的声音之外，静悄悄的，再无其他声响。
元卿凌福身见过，扈妃把话本放在了竹案上，揉揉眉心，“可算是有个人来了。”
元卿凌笑笑，她知道不是无人来，而是父皇谁也不见。
元卿凌问安，“父皇可觉得好些了？”
明元帝瘦了一圈，下巴都尖了，眼底也是一圈的淤青，近乎黑色了，可见睡眠极为不好，他懒洋洋地道：“好多了，只是依旧不能入睡。”
“一直都睡不着？”元卿凌问道。
“夜里不能睡，白天也不能睡。”扈妃轻声道，眉目里染着担忧之色。
元卿凌道：“那没叫御医开安神茶？”
“开了酸枣仁茶，但是喝下去没多大效果。”扈妃也代为解答。
元卿凌打开药箱，从里头取出了一瓶药，递给扈妃，“这是安眠药，但不可多服，实在睡不着就吃一颗，只是副作用大，睡醒之后没精神。”
“那就如今吃一颗！”明元帝显然是累得很，想睡过去，好让脑子静下来。
扈妃便给他倒了一颗，他直接便咽下，扈妃刚拿水上手，见他已经吃了，道：“那就再喝一口水。”
“不喝了，搁下吧！”明元帝显得毫无精神。
扈妃轻轻叹气，“吃不下，水也不喝，这怎么成呢？除了汤药，这几天都没沾过别的。”
明元帝拍了拍她的手背，“你也不必总是在这里守着，穆如在外头呢，回去歇会儿。”
扈妃摇头，这几天，她也跟着瘦了些，“回去能休息，心不安，在这里守着你，心里头便踏实。”
明元帝缓缓地闭上眼睛，整个人觉得乏力，“你还是要把心思多放一些在老十的身上，或者帮着皇贵妃料理宫中的事，朕总有先你们而去的时候。”
扈妃听得这话，倏然而惊，“你怎可胡说？以后再不许说这样的话。”
明元帝唇角扬了扬，挤出了一个无力的笑，“终究会这样，不也不能避免。”
扈妃眼底迅速蓄泪，颤声道：“你非得这样让我难过不可么？”
明元帝便睁开眸子，伸手抓住她的手，“好，不说也罢。”
元卿凌知道因着宇文君的死，父皇心里头灰暗得很，目睹亲人的离世，除了伤心难过之外，不免也会感怀自身，她轻声道：“父皇，您要保重龙体，老五肩膀太嫩，许多东西，他背不起！”
明元帝便眯起眼睛笑了起来，“合着你到朕跟前，是为老五鸣冤了？”
“不敢！”元卿凌可还真想鸣冤，一个老五给开成几块用了，哪哪都似乎离不了他，事实上，自打宇文君的丧事之后，他们夫妻之间几天没怎么说过话了，他回来的时候她睡了，早上她没起，他已经出门，家里都成旅店，就别提去镜湖，连一起吃顿饭的时间都没。
明元帝道：“朕知道难为了他，但为君父分忧，他责无旁贷！且这江山迟早是他的，他提前辛苦一下，也并无不可，他总有登基的那一天。”
扈妃潸然泪下。
这话对她来说太残忍了，因为若太子登基，意味着他已经山崩了。
“哭什么？不过是闲话而已。”明元帝还是心疼小妻，伸手给她擦眼泪。
扈妃咬牙，杏眼圆瞪，“臣妾只求您，莫再说这样的话，这日子本就不好够了，还三番四次地提这些叫人伤心的话，就这么恨我么？”
明元帝笑了起来，眸色一下子柔和了下来，“这才是你，不要为朕担心，不要委曲求全，就这样。”
元卿凌拿开药箱，另外开一些药，他的胃病其实也比较严重，当皇帝着实也是辛苦活儿，这些年也没停下来的时候，遇到国中发生大事，常常是废寝忘餐，长久下来，胃就不行了。
等元卿凌开好药之后，走出去一看，明元帝却是睡着了，扈妃轻轻地为他搭上被褥，招呼穆如公公进来守着，她蹑手蹑脚地进了殿，拉着元卿凌的手坐下来。
“太子妃，你如实告诉我，皇上的情况是否很严重？”扈妃虽然每日守在身边，但说病情的时候，总是避开她的，她担心得不行。
“不是特别严重，但还是要注意。”元卿凌道。
扈妃眼底涩红，哽咽道：“你们休得瞒我，每一回说病情都瞒着我，且他吃不下，也睡不着，人足足瘦了一圈。”
元卿凌心道：他的病情本不是十分严重，瞒着说病情，只是不想让人知道病情尚轻，没想倒是让扈妃误会了。
正欲劝慰，却听得扈妃哭泣道：“他若有什么事，我也不活了。”

2020-05-22 10:08:44.772 [http-nio-9004-exec-9] INFO  c.n.one.yuedu.read.service.impl.ChapterServiceImpl - 检查之后扶着太上皇走出来，太上皇如今可惜身得很，出入还得要扶着，唯恐摔倒，这可是前所未见。
元卿凌和他们在廊下说了会儿话，元卿凌猜知道原来当年他们几个住在肃王府里头，是安丰王妃带着的，长嫂如母，是真真的把他们几个当儿子看待。
“如今我们几个倒是聚得多一些，早几年，也是各有各的忙，褚小五尤其的不愿意来乾坤殿，不想见小喜，孤其实也曾生气，但罢了，他已经在外头为北唐忙得焦头烂额，也就原谅了他。”太上皇自顾自地说着，整个人的情绪处于极度的亢奋中，平南王要回来的消息，让他仿佛打了鸡血。
褚小五？元卿凌看向褚首辅，他不是叫褚大吗？怎地叫褚小五？
褚首辅笑笑，“如今一切都好了。”
阳光徐徐照着几位暮年老者，他们眼底都有一种悠远的情怀，可见大家都沉浸在当年之中，元卿凌觉得这简直是一幅最美好的画卷，少年情谊，相伴到老。
她也希望，到她年迈的时候，除了膝下儿孙环绕，昔日旧人也能一一陪伴在身侧，哪怕不能日日相见，可想见的时候，人就在不远处，如此人生，还有什么遗憾？
说了一会儿话，褚首辅与逍遥公又忙活去了，元卿凌也去了一趟前殿，给明元帝看看。
明元帝的病情没有这么严重，三天食不下饭之后，再进食就腹痛胃痛，元卿凌给了药之后，配合御医的治疗，如今已经好多，只是肝火郁结也有。
放权是他的安排，也是和宇文皓那日在御书房商议的决定，太子监国，各处衙门也定然不若原先稳固，若有人要钻空子，眼下是最好的时候。
明元帝在躺在廊前的贵妃椅上，扈妃伺候在侧，给他念着话本，整个殿中，除扈妃的声音之外，静悄悄的，再无其他声响。
元卿凌福身见过，扈妃把话本放在了竹案上，揉揉眉心，“可算是有个人来了。”
元卿凌笑笑，她知道不是无人来，而是父皇谁也不见。
元卿凌问安，“父皇可觉得好些了？”
明元帝瘦了一圈，下巴都尖了，眼底也是一圈的淤青，近乎黑色了，可见睡眠极为不好，他懒洋洋地道：“好多了，只是依旧不能入睡。”
“一直都睡不着？”元卿凌问道。
“夜里不能睡，白天也不能睡。”扈妃轻声道，眉目里染着担忧之色。
元卿凌道：“那没叫御医开安神茶？”
“开了酸枣仁茶，但是喝下去没多大效果。”扈妃也代为解答。
元卿凌打开药箱，从里头取出了一瓶药，递给扈妃，“这是安眠药，但不可多服，实在睡不着就吃一颗，只是副作用大，睡醒之后没精神。”
“那就如今吃一颗！”明元帝显然是累得很，想睡过去，好让脑子静下来。
扈妃便给他倒了一颗，他直接便咽下，扈妃刚拿水上手，见他已经吃了，道：“那就再喝一口水。”
“不喝了，搁下吧！”明元帝显得毫无精神。
扈妃轻轻叹气，“吃不下，水也不喝，这怎么成呢？除了汤药，这几天都没沾过别的。”
明元帝拍了拍她的手背，“你也不必总是在这里守着，穆如在外头呢，回去歇会儿。”
扈妃摇头，这几天，她也跟着瘦了些，“回去能休息，心不安，在这里守着你，心里头便踏实。”
明元帝缓缓地闭上眼睛，整个人觉得乏力，“你还是要把心思多放一些在老十的身上，或者帮着皇贵妃料理宫中的事，朕总有先你们而去的时候。”
扈妃听得这话，倏然而惊，“你怎可胡说？以后再不许说这样的话。”
明元帝唇角扬了扬，挤出了一个无力的笑，“终究会这样，不也不能避免。”
扈妃眼底迅速蓄泪，颤声道：“你非得这样让我难过不可么？”
明元帝便睁开眸子，伸手抓住她的手，“好，不说也罢。”
元卿凌知道因着宇文君的死，父皇心里头灰暗得很，目睹亲人的离世，除了伤心难过之外，不免也会感怀自身，她轻声道：“父皇，您要保重龙体，老五肩膀太嫩，许多东西，他背不起！”
明元帝便眯起眼睛笑了起来，“合着你到朕跟前，是为老五鸣冤了？”
“不敢！”元卿凌可还真想鸣冤，一个老五给开成几块用了，哪哪都似乎离不了他，事实上，自打宇文君的丧事之后，他们夫妻之间几天没怎么说过话了，他回来的时候她睡了，早上她没起，他已经出门，家里都成旅店，就别提去镜湖，连一起吃顿饭的时间都没。
明元帝道：“朕知道难为了他，但为君父分忧，他责无旁贷！且这江山迟早是他的，他提前辛苦一下，也并无不可，他总有登基的那一天。”
扈妃潸然泪下。
这话对她来说太残忍了，因为若太子登基，意味着他已经山崩了。
“哭什么？不过是闲话而已。”明元帝还是心疼小妻，伸手给她擦眼泪。
扈妃咬牙，杏眼圆瞪，“臣妾只求您，莫再说这样的话，这日子本就不好够了，还三番四次地提这些叫人伤心的话，就这么恨我么？”
明元帝笑了起来，眸色一下子柔和了下来，“这才是你，不要为朕担心，不要委曲求全，就这样。”
元卿凌拿开药箱，另外开一些药，他的胃病其实也比较严重，当皇帝着实也是辛苦活儿，这些年也没停下来的时候，遇到国中发生大事，常常是废寝忘餐，长久下来，胃就不行了。
等元卿凌开好药之后，走出去一看，明元帝却是睡着了，扈妃轻轻地为他搭上被褥，招呼穆如公公进来守着，她蹑手蹑脚地进了殿，拉着元卿凌的手坐下来。
“太子妃，你如实告诉我，皇上的情况是否很严重？”扈妃虽然每日守在身边，但说病情的时候，总是避开她的，她担心得不行。
“不是特别严重，但还是要注意。”元卿凌道。
扈妃眼底涩红，哽咽道：“你们休得瞒我，每一回说病情都瞒着我，且他吃不下，也睡不着，人足足瘦了一圈。”
元卿凌心道：他的病情本不是十分严重，瞒着说病情，只是不想让人知道病情尚轻，没想倒是让扈妃误会了。
正欲劝慰，却听得扈妃哭泣道：“他若有什么事，我也不活了。”

2020-05-22 14:23:23.887 [http-nio-9004-exec-8] INFO  c.n.one.yuedu.read.service.impl.ChapterServiceImpl - 检查之后扶着太上皇走出来，太上皇如今可惜身得很，出入还得要扶着，唯恐摔倒，这可是前所未见。
元卿凌和他们在廊下说了会儿话，元卿凌猜知道原来当年他们几个住在肃王府里头，是安丰王妃带着的，长嫂如母，是真真的把他们几个当儿子看待。
“如今我们几个倒是聚得多一些，早几年，也是各有各的忙，褚小五尤其的不愿意来乾坤殿，不想见小喜，孤其实也曾生气，但罢了，他已经在外头为北唐忙得焦头烂额，也就原谅了他。”太上皇自顾自地说着，整个人的情绪处于极度的亢奋中，平南王要回来的消息，让他仿佛打了鸡血。
褚小五？元卿凌看向褚首辅，他不是叫褚大吗？怎地叫褚小五？
褚首辅笑笑，“如今一切都好了。”
阳光徐徐照着几位暮年老者，他们眼底都有一种悠远的情怀，可见大家都沉浸在当年之中，元卿凌觉得这简直是一幅最美好的画卷，少年情谊，相伴到老。
她也希望，到她年迈的时候，除了膝下儿孙环绕，昔日旧人也能一一陪伴在身侧，哪怕不能日日相见，可想见的时候，人就在不远处，如此人生，还有什么遗憾？
说了一会儿话，褚首辅与逍遥公又忙活去了，元卿凌也去了一趟前殿，给明元帝看看。
明元帝的病情没有这么严重，三天食不下饭之后，再进食就腹痛胃痛，元卿凌给了药之后，配合御医的治疗，如今已经好多，只是肝火郁结也有。
放权是他的安排，也是和宇文皓那日在御书房商议的决定，太子监国，各处衙门也定然不若原先稳固，若有人要钻空子，眼下是最好的时候。
明元帝在躺在廊前的贵妃椅上，扈妃伺候在侧，给他念着话本，整个殿中，除扈妃的声音之外，静悄悄的，再无其他声响。
元卿凌福身见过，扈妃把话本放在了竹案上，揉揉眉心，“可算是有个人来了。”
元卿凌笑笑，她知道不是无人来，而是父皇谁也不见。
元卿凌问安，“父皇可觉得好些了？”
明元帝瘦了一圈，下巴都尖了，眼底也是一圈的淤青，近乎黑色了，可见睡眠极为不好，他懒洋洋地道：“好多了，只是依旧不能入睡。”
“一直都睡不着？”元卿凌问道。
“夜里不能睡，白天也不能睡。”扈妃轻声道，眉目里染着担忧之色。
元卿凌道：“那没叫御医开安神茶？”
“开了酸枣仁茶，但是喝下去没多大效果。”扈妃也代为解答。
元卿凌打开药箱，从里头取出了一瓶药，递给扈妃，“这是安眠药，但不可多服，实在睡不着就吃一颗，只是副作用大，睡醒之后没精神。”
“那就如今吃一颗！”明元帝显然是累得很，想睡过去，好让脑子静下来。
扈妃便给他倒了一颗，他直接便咽下，扈妃刚拿水上手，见他已经吃了，道：“那就再喝一口水。”
“不喝了，搁下吧！”明元帝显得毫无精神。
扈妃轻轻叹气，“吃不下，水也不喝，这怎么成呢？除了汤药，这几天都没沾过别的。”
明元帝拍了拍她的手背，“你也不必总是在这里守着，穆如在外头呢，回去歇会儿。”
扈妃摇头，这几天，她也跟着瘦了些，“回去能休息，心不安，在这里守着你，心里头便踏实。”
明元帝缓缓地闭上眼睛，整个人觉得乏力，“你还是要把心思多放一些在老十的身上，或者帮着皇贵妃料理宫中的事，朕总有先你们而去的时候。”
扈妃听得这话，倏然而惊，“你怎可胡说？以后再不许说这样的话。”
明元帝唇角扬了扬，挤出了一个无力的笑，“终究会这样，不也不能避免。”
扈妃眼底迅速蓄泪，颤声道：“你非得这样让我难过不可么？”
明元帝便睁开眸子，伸手抓住她的手，“好，不说也罢。”
元卿凌知道因着宇文君的死，父皇心里头灰暗得很，目睹亲人的离世，除了伤心难过之外，不免也会感怀自身，她轻声道：“父皇，您要保重龙体，老五肩膀太嫩，许多东西，他背不起！”
明元帝便眯起眼睛笑了起来，“合着你到朕跟前，是为老五鸣冤了？”
“不敢！”元卿凌可还真想鸣冤，一个老五给开成几块用了，哪哪都似乎离不了他，事实上，自打宇文君的丧事之后，他们夫妻之间几天没怎么说过话了，他回来的时候她睡了，早上她没起，他已经出门，家里都成旅店，就别提去镜湖，连一起吃顿饭的时间都没。
明元帝道：“朕知道难为了他，但为君父分忧，他责无旁贷！且这江山迟早是他的，他提前辛苦一下，也并无不可，他总有登基的那一天。”
扈妃潸然泪下。
这话对她来说太残忍了，因为若太子登基，意味着他已经山崩了。
“哭什么？不过是闲话而已。”明元帝还是心疼小妻，伸手给她擦眼泪。
扈妃咬牙，杏眼圆瞪，“臣妾只求您，莫再说这样的话，这日子本就不好够了，还三番四次地提这些叫人伤心的话，就这么恨我么？”
明元帝笑了起来，眸色一下子柔和了下来，“这才是你，不要为朕担心，不要委曲求全，就这样。”
元卿凌拿开药箱，另外开一些药，他的胃病其实也比较严重，当皇帝着实也是辛苦活儿，这些年也没停下来的时候，遇到国中发生大事，常常是废寝忘餐，长久下来，胃就不行了。
等元卿凌开好药之后，走出去一看，明元帝却是睡着了，扈妃轻轻地为他搭上被褥，招呼穆如公公进来守着，她蹑手蹑脚地进了殿，拉着元卿凌的手坐下来。
“太子妃，你如实告诉我，皇上的情况是否很严重？”扈妃虽然每日守在身边，但说病情的时候，总是避开她的，她担心得不行。
“不是特别严重，但还是要注意。”元卿凌道。
扈妃眼底涩红，哽咽道：“你们休得瞒我，每一回说病情都瞒着我，且他吃不下，也睡不着，人足足瘦了一圈。”
元卿凌心道：他的病情本不是十分严重，瞒着说病情，只是不想让人知道病情尚轻，没想倒是让扈妃误会了。
正欲劝慰，却听得扈妃哭泣道：“他若有什么事，我也不活了。”

2020-05-22 14:23:24.711 [http-nio-9004-exec-10] INFO  c.n.one.yuedu.read.service.impl.ChapterServiceImpl - 北唐，楚王府凤仪阁。
蜡烛摇曳，照影着房中处处张贴的半旧大红喜字，光影从烫金边散开柔和的芒荧，漫着墙上奋力交缠着的一双影子。
元卿凌被楚王压在了身下，衣衫被大肆扯开，露出光滑柔嫩的肌肤。
她脸上没有一丝情谷欠，只有隐忍和不甘。
成亲一年，他不曾碰过她半根指头，前天入宫，太后看着她平坦的小腹，叹了口气，甚是失望，且提起了娶侧妃之事，她才不得已告知太后他们成亲一年，还没圆房。
她不想哭诉告状，她只是，不甘心啊。
从十三岁第一次见他，她的心便系在了他的身上，用尽了所有的办法，终于嫁给他为妃。本以为，再冷的石头，她也能捂热，可她始终是高估了自己。
明明是她的夫君，她却看不到他眼底有丝毫的怜悯，只有执狂的恨意。
“呃……”
身下传来尖锐的痛楚，她忍不住闷哼了一声，但在看到他眼底的冷意之后，那痛楚仿佛毒针般狠狠往心底里钻去。
心里莫名涌出一股恨意，她抱住他的身躯，费力撑起身子，用力咬住他的唇。
鲜血溢出，腥甜的血液滴入了她的口中。
他眸色一沉，修长的身体从她身上起来，一巴掌劈向她的脸，夹着玉碎般的冷意，“元卿凌，本王如你所愿与你圆房，可从今往后，本王与你形同陌路。”
元卿凌笑了起来，笑得绝望悲凉，“你果然恨我。”
出嫁之前，母亲教过她房中之事，可他喝了迷，情药前来，只破了她的身子，便再无一丝眷恋地起身。
青袍一卷，裹住了他强壮结实的身体，修长的腿一踢，桌子椅子轰然倒地，东西碎乱满地，他声音裹着冷意，凤眼尽是鄙夷，“恨？你不配，本王只是厌恶你，在本王眼中，你便如那逐臭的蝇虫，叫人憎恶，否则，本王也不需要喝药才来与你圆房。”
他旋风般出了去，她看着青袍消失在门口，只有冰冷的风从门口卷入来，瞬间便冷却了她的心。
他的声音远远地传来，“以后不必把她当主子看，只当我楚王府多养了一条狗。”
痛，真痛啊，她如愿以偿与他圆房了，但是，他却用这种方式，碾碎了她的心。
她拔出头上的簪子……
凤仪宫中，传出侍女的惊叫声。
“王妃自尽了……”
黑沉笼罩着凤仪阁，其嬷嬷送了大夫出去，转身寒着脸进了屋中。
“王妃若要死，等王爷休了你回去再死，休得脏了王府的地，再给王爷沾了晦气。”
元卿凌慢慢地睁开眼睛，看着眼前这个满脸凶恶的妇女。
“水……”
她嗓子干得要命，简直快冒烟了。
“有本事去死，就有本事自己倒水喝。”其嬷嬷说完，厌恶地看了她一眼，呸了一声便出去了。
元卿凌挣扎着起身，全身像散架一样的疼，趴在桌子上，颤巍巍地倒了一杯水，咕咚咕咚地喝下去，才觉得是真的活过来了。
她看向自己手腕上的伤口，有片刻的怔忡，到现在还不太能接受眼前所发生的一切。
她从小便被称为神童，十岁读完高三后被广市医科大学录取读现代临床医学，十六岁读博，是二十二世纪最年轻的博士研究生，之后她没有从医，而是读了生物医学，拿下博士学位之后又醉心病毒学，在病毒研究所浸淫了两年，被一家生物公司聘用研发一种刺激开发大脑的药物。


2020-05-22 14:24:04.112 [http-nio-9004-exec-3] INFO  c.n.one.yuedu.read.service.impl.ChapterServiceImpl - 她是注射了自己研发的药物之后便昏倒，醒来，便在这里了。
脑子里有些不属于她的记忆在慢慢地和自己的记忆交缠。
静候嫡女元卿凌，思慕楚王宇文皓已久，十五岁及笄后，到公主府饮宴，设下计谋陷害楚王“轻薄”了她，一番寻死觅活之下，得偿所愿成为楚王妃。
只可惜，嫁入王府一年，费尽心思，楚王连看都没看她一眼。
工科女，虽没谈过恋爱，但是从身体的酸痛和某个部位残留的撕裂疼痛告诉她，在原主死之前，应该是经历了一场侵略性的行为。
原主残留在她脑子里的记忆也证实了这一点。
从天才博士晋升到某不知名朝代的楚王妃，元卿凌唯一可惜的是她手头上的研究项目不能再进行了。
灵魂穿越这种一点都不科学的事情，发生在她的身上，她没有太过忧虑自己的处境，反而想着如果自己能再回到现代，她或许会去研究灵异学。
失血过多让她的觉得脑子昏昏沉沉，她干脆什么都不想，走回床前，倒头就睡。
也不知道过去了多久，外面，传来一声巨响，伴随着一声惨烈的痛叫声。
“快，快去叫大夫！”
门外，传来了其嬷嬷急促而凌乱的声音。
血腥的味道，从虚掩的木门透进来。
元卿凌双手扶着椅子，稳住虚浮的脚步看了出去。
只见其嬷嬷和一名侍女扶着一名小厮坐在廊前，那小厮的眼睛汩汩流血，有东西插在了眼睛里，急痛得放声大哭。
其嬷嬷着急得很，想伸手为他捂住流血的地方，可那尖锐物就突出在眼球上，她便想把那尖锐物拔掉。
元卿凌见状，也不顾身体各处都疼痛，快步走了出去，“不许动！”
其嬷嬷吓了一跳，回头见是她，没好气地道：“没王妃什么事，王妃回去吧。”
元卿凌看了一下，心中稍松，那尖锐物是一枚钉子，不是插入眼球，而是在眼角边缘擦着眼角插了进去。
钉子没入很深，若强行拔掉，会伤了角膜甚至引起眼球爆破。
“镊子，棉花，针，烈酒，再以乌头、莨菪子、麻蕡、羊踯躅，曼陀罗花熬汤拿上来，要快！”元卿凌拉开其嬷嬷，沉稳地吩咐道。
其嬷嬷一把推开她，狂怒地道：“你别碰我孙子。”
“你等到大夫……”
其嬷嬷见她还要再说，竟用了狠戾使劲推搡她进了屋中，把门关起来。
元卿凌被推跌在地上，脑子里有一句冰冷的话在回荡，“不必把她当主子看待，便当我楚王府多养了一条狗。”
她只是一条狗，自然，下人们也不会尊重她。
元卿凌慢慢地躺回了床上，听着外头那小厮的痛哭声，心里很沉重无力。
声音渐渐地远去，应该是被安置到了其他地方。
那孩子，大概就十岁左右？
可惜了，若延误治疗，伤了眼睛不说，还可能因为感染而丢了一条性命。
元卿凌没什么悲天悯人的心肠，她只认为自己学的就是医药，做的是药物和病毒研究，家人都是医生，从小在家里祖辈父辈谈论得最多的话题便是做医生的责任与救治方式。
在元家人看来，救治就是天职。
他们身体力行，用一辈子去做好这件事情。
原主的身子太虚弱了，她昏昏沉沉地睡去。
她做了一个梦，梦见自己竟然回到了她的研究室里。
公司给她安排的这个研究室，很隐秘，除了公司的董事长和她的助手之外，几乎无人知道研究室所在地。
一切都没变，她触摸着桌子，电脑，显微镜，她注射时候的针筒，丢弃在一边的试管。
电脑是开着的，她的微信在电脑上登录，有很多信息不断地弹出来，都是家人发来的信息，问她在哪里。
她触摸键盘，心底才有了从现代死亡之后的悲伤。
她是再也见不了父母家人了。
怔忡半响，她看到桌面上放着一瓶碘伏，这是她给自己注射之前拿过来的，因长期在研究所，所以，研究所里总会放有各种药物。
她打开药箱，药物几乎都没怎么动过。
若是她有这些药物，那孩子，大概还有救。
不知道睡了多久，听得咿呀的推门声，她才忽然从梦里醒来。
有侍女掌灯进来，手里捧着一碟馒头，重重地放在桌子上，冷冷地道：“王妃请用膳！”
说完，把灯放在桌子上便出去了。
元卿凌怅然若失，是梦！
她真的饿了，慢慢地起来下床走过去，脚却忽然被绊了一下，她低头看去，却见地上放着一个药箱。
她全身的血液顿时凝固。
这药箱，和她研究所里的药箱一模一样。
她迅速提起药箱拿到桌子上打开，颤抖的手慢慢地触摸着药箱里的药物，一模一样，一模一样，是她在研究所里的药箱。
呼吸屏住，她简直不能相信眼前所见。
灵魂穿越已经够匪夷所思了，而这药箱竟然也跟着来？

2020-05-22 14:24:13.747 [http-nio-9004-exec-1] INFO  c.n.one.yuedu.read.service.impl.ChapterServiceImpl - 
不，不，方才似乎没有的，是她梦了一场之后这药箱才出现。
怎么回事？
她先把怪力乱神一说摒弃脑后，试图用科学的角度去解释这件事情。
就当这里是平行空间……
不，不，解释不通，就算有平行空间，她因缘际会进了一个平行空间，但是脑子是她的，这身体不是她的，这点怎么都没办法解释。
许久，她才冷静下来。
藏好了药箱，狼吞虎咽地吃下几个馒头，她又躺回床上想继续睡觉，看还能不能做梦回到研究所。
但是，心潮澎湃，激动异常，她翻来覆去也睡不着了。
不仅如此，接下来的两天，她都没能睡着，就算身子乏得一点力气都没有，眼睛都睁不开了，可脑子还在高速运转，怎么都停不下来。
第三天，她还是没能睡着。
坐在铜镜前，她看到自己像一只鬼。
披头散发，眼窝深陷，脸色青白，眉心处结了一块小小的疤痕，手腕上的伤口已经没什么大碍，就是偶尔会传来一阵子抽痛。
这是伤口愈合的症状。
不知道那男孩怎么样了。
她慢慢地调整思绪，觉得自己再急也无用，不如先适应了眼前的生活再说。
所以，当侍女再送餐来的时候，她问：“绿芽，其嬷嬷的孙子怎么样了？”
侍女叫绿芽，她脑子里有原主的记忆。
绿芽冷冷地道：“快死了，你高兴了吧?”
她为什么会高兴？


2020-05-22 14:24:16.783 [http-nio-9004-exec-9] INFO  c.n.one.yuedu.read.service.impl.ChapterServiceImpl - 她是注射了自己研发的药物之后便昏倒，醒来，便在这里了。
脑子里有些不属于她的记忆在慢慢地和自己的记忆交缠。
静候嫡女元卿凌，思慕楚王宇文皓已久，十五岁及笄后，到公主府饮宴，设下计谋陷害楚王“轻薄”了她，一番寻死觅活之下，得偿所愿成为楚王妃。
只可惜，嫁入王府一年，费尽心思，楚王连看都没看她一眼。
工科女，虽没谈过恋爱，但是从身体的酸痛和某个部位残留的撕裂疼痛告诉她，在原主死之前，应该是经历了一场侵略性的行为。
原主残留在她脑子里的记忆也证实了这一点。
从天才博士晋升到某不知名朝代的楚王妃，元卿凌唯一可惜的是她手头上的研究项目不能再进行了。
灵魂穿越这种一点都不科学的事情，发生在她的身上，她没有太过忧虑自己的处境，反而想着如果自己能再回到现代，她或许会去研究灵异学。
失血过多让她的觉得脑子昏昏沉沉，她干脆什么都不想，走回床前，倒头就睡。
也不知道过去了多久，外面，传来一声巨响，伴随着一声惨烈的痛叫声。
“快，快去叫大夫！”
门外，传来了其嬷嬷急促而凌乱的声音。
血腥的味道，从虚掩的木门透进来。
元卿凌双手扶着椅子，稳住虚浮的脚步看了出去。
只见其嬷嬷和一名侍女扶着一名小厮坐在廊前，那小厮的眼睛汩汩流血，有东西插在了眼睛里，急痛得放声大哭。
其嬷嬷着急得很，想伸手为他捂住流血的地方，可那尖锐物就突出在眼球上，她便想把那尖锐物拔掉。
元卿凌见状，也不顾身体各处都疼痛，快步走了出去，“不许动！”
其嬷嬷吓了一跳，回头见是她，没好气地道：“没王妃什么事，王妃回去吧。”
元卿凌看了一下，心中稍松，那尖锐物是一枚钉子，不是插入眼球，而是在眼角边缘擦着眼角插了进去。
钉子没入很深，若强行拔掉，会伤了角膜甚至引起眼球爆破。
“镊子，棉花，针，烈酒，再以乌头、莨菪子、麻蕡、羊踯躅，曼陀罗花熬汤拿上来，要快！”元卿凌拉开其嬷嬷，沉稳地吩咐道。
其嬷嬷一把推开她，狂怒地道：“你别碰我孙子。”
“你等到大夫……”
其嬷嬷见她还要再说，竟用了狠戾使劲推搡她进了屋中，把门关起来。
元卿凌被推跌在地上，脑子里有一句冰冷的话在回荡，“不必把她当主子看待，便当我楚王府多养了一条狗。”
她只是一条狗，自然，下人们也不会尊重她。
元卿凌慢慢地躺回了床上，听着外头那小厮的痛哭声，心里很沉重无力。
声音渐渐地远去，应该是被安置到了其他地方。
那孩子，大概就十岁左右？
可惜了，若延误治疗，伤了眼睛不说，还可能因为感染而丢了一条性命。
元卿凌没什么悲天悯人的心肠，她只认为自己学的就是医药，做的是药物和病毒研究，家人都是医生，从小在家里祖辈父辈谈论得最多的话题便是做医生的责任与救治方式。
在元家人看来，救治就是天职。
他们身体力行，用一辈子去做好这件事情。
原主的身子太虚弱了，她昏昏沉沉地睡去。
她做了一个梦，梦见自己竟然回到了她的研究室里。
公司给她安排的这个研究室，很隐秘，除了公司的董事长和她的助手之外，几乎无人知道研究室所在地。
一切都没变，她触摸着桌子，电脑，显微镜，她注射时候的针筒，丢弃在一边的试管。
电脑是开着的，她的微信在电脑上登录，有很多信息不断地弹出来，都是家人发来的信息，问她在哪里。
她触摸键盘，心底才有了从现代死亡之后的悲伤。
她是再也见不了父母家人了。
怔忡半响，她看到桌面上放着一瓶碘伏，这是她给自己注射之前拿过来的，因长期在研究所，所以，研究所里总会放有各种药物。
她打开药箱，药物几乎都没怎么动过。
若是她有这些药物，那孩子，大概还有救。
不知道睡了多久，听得咿呀的推门声，她才忽然从梦里醒来。
有侍女掌灯进来，手里捧着一碟馒头，重重地放在桌子上，冷冷地道：“王妃请用膳！”
说完，把灯放在桌子上便出去了。
元卿凌怅然若失，是梦！
她真的饿了，慢慢地起来下床走过去，脚却忽然被绊了一下，她低头看去，却见地上放着一个药箱。
她全身的血液顿时凝固。
这药箱，和她研究所里的药箱一模一样。
她迅速提起药箱拿到桌子上打开，颤抖的手慢慢地触摸着药箱里的药物，一模一样，一模一样，是她在研究所里的药箱。
呼吸屏住，她简直不能相信眼前所见。
灵魂穿越已经够匪夷所思了，而这药箱竟然也跟着来？

2020-05-22 14:24:30.309 [http-nio-9004-exec-3] INFO  c.n.one.yuedu.read.service.impl.ChapterServiceImpl - 楚王府今日是真热闹。
平素就算与太子没什么来往的，今日都基本到场。
安王夫妇与孙王夫妇是一块进来的，孙王府的礼早就送来了，安王则手捧锦盒进来，站在宇文皓的面前，笑意盈盈，“五弟，你这算是四喜临门吗？”
宇文皓还没说话，孙王便在旁边问道：“何来的四喜？”
安王笑道：“二哥，这三胞胎便算是三喜了，加上五弟被册封为太子，又是一喜，合起来不就是四喜临门了吗？”
孙王哦了一声，笑着道：“确实算是，不过好事不嫌多，再来几喜更好。”
安王哈哈大笑，“瞧二哥说的，再来的话，可就是登基大喜了，二哥可不要害五弟啊，他哪里敢有这样的心思？若叫外人听了，岂不是要误会？”
孙王莫名其妙，“本王什么时候说登基大喜？父皇还在呢，这话是能说的吗？四弟，你是要害你五弟还是要害你二哥啊？”
安王神色一僵。
孙王的性子温吞，后知后觉，唯独对美食上有着疯狂的执着，其余一切视若等闲。
若是往日，安王说这番话，孙王估计要好一会儿才能想明白过来，想明白之后，他也不会说什么，因为二哥嘛，总是要包容弟弟的。
可现在，安王的话音刚落，他就直接怼回去了，脑筋竟是从没有过的清晰，怎不让安王诧异？
不过，诧异了一下，安王也没说什么，便想着往里头走。
殊不知，这会儿是孙王不依不挠了，一手拉住他的衣袖，“老四，说清楚，你方才这话是什么意思？是要害谁啊？这里人多口杂，免得有什么传到了父皇的耳中去，你还是说明白一下。”
安王皱起眉头，“二哥，弟弟就是随口那么一说，你倒是认真了？玩笑的话，别在意。”
孙王却正色道：“这关系我北唐储君大事，怎可开玩笑？四弟也不是那种不知分寸口没遮拦的人，今天这么高兴的场合，皇亲国戚，文武百官都在场，你说这话定有隐喻，还是说清楚吧，免得落下了什么误会，回头被人编派。”
这一次，莫说安王吃惊，就连宇文皓都有些吃惊了。
二哥的脑子什么时候这么清醒了？
安王被缠得没法，只得低声告罪，“二哥饶了弟弟吧，弟弟说错了话，自打嘴巴，行不？”
孙王看着他，正色道：“这一次便算了，但是再有下次，本王便要告知父皇，四弟，话是不能乱说的，乱说话要出人命。”
“是，多谢二哥教诲，弟弟知道了。”安王恼气得很，却也不好发火，只低低地认了个栽。
宇文皓圆了场，道：“既然四哥都知道错了，二哥，那就算了，快先进去吃汤饼。”
安王妃上前微笑道：“五弟，这是小小礼物，给孩子们的祝福，希望五弟不要嫌弃。”
说着，她接过安王手中的锦盒，递给了宇文皓。
宇文皓接过来，“怎么会嫌弃？多谢四嫂才是。”
他转手递给了身后的徐一，叮嘱道：“送到汤阳手中去，叫他记下来。”
“是！”徐一领命而去。
宇文皓看着安王，眸色浸了几分寒冷，“四哥，多谢你为孩子们准备的礼物，我一定会好好报答你的，四哥且等着就是。”
安王笑容可掬，“四哥等着。”
安王妃扑哧一声笑了，“你们兄弟怎么忽然客气起来了？不跟你们说了，我去看看太子妃，她可是我们宇文家的大功臣啊。”
安王和宇文皓相对而站，平静的面容下，是暗涌的萧杀。
安王始终维持温和的笑容，温文儒雅。
直到有客人来，宇文皓走开迎接，才见他的笑容僵冷在唇边，眼底也笼了寒气。
皇亲国戚，能走动的基本都来了。
楚王府也是前所未有的热闹，满园看去，傅粉施朱，贵客如云。
到了申时左右，按说是要带孩子出来给宾客们看看，但是，迟迟没见带出来，底下便有人在议论了，说太子可把这三胞胎守得严实，宝贵得很啊。
到了申时末，褚首辅来了，这让在场宾客都为之振奋。
要知道，首辅已经许久没凑过这样的热闹了。
显贵们齐聚一堂，气氛也是空前高涨。
一眼看过去，当朝亲王都到了，一品二品大员，也竟无一缺席，不管是真心还是假意，今天这个日子，来了是高兴，不来则有点划清界限的意思，所以，不管什么心思的，今天都不可能不来。
安王在这个时候，忽然看着宇文皓道：“老五，听说你三个孩子长得是一模一样，不如抱出来给大家看看？”
大家早就想看孩子了，毕竟今天是皇家的弄璋之喜，连孩子都没见着，算怎么回事？
且三胞也着实少见，一模一样的三张婴孩面容，怎能不叫人开开眼界？
所以，安王一说，大家便都起哄，“对，殿下，该带太孙们出来给大伙看看。”
“是啊，殿下，臣等可想见见了。”
宇文皓见大伙热烈得很，便笑着道：“好，他们这会儿也睡过午觉了，也该抱出来讨个喜。”
他扬手，叫汤阳回去准备。
众人听得说太孙们要出来，都十分期待，有人笑着说：“听方才安王殿下说，太孙们长得一模一样，那可真是奇观了。”
“这有什么奇观？双子长得一模一样，三子自然也是长得一模一样。”有人笑着打趣。
“那不是没见过么？少见得很。”
“若都一模一样，那如何区分啊？这会否认错了？”
“肯定有细微的分别，定能看出来的。”
安王含笑听着大家说，眸光里的寒气，若有若无地飘向宇文皓。
宇文皓也只是坐着静静地听，脸上挂着笑容，但是眼底却有担忧之色。
这一抹担忧之色，落在了安王的眼底，安王笑容越发大了。
他与宇文皓相隔很近，便笑着问道：“五弟，他们是否真一模一样的？”
宇文皓转头看着他，“四哥，洗三的时候，你不是见过了吗？是不是一样，你自个说呢？”
安王笑了，“那会儿见，眉目还没张开，如今可不定了。”
“那四哥可要好好地看仔细了。”宇文皓淡冷地道。

2020-05-22 14:26:10.630 [http-nio-9004-exec-2] INFO  c.n.o.yuedu.read.service.impl.BookInfoServiceImpl - 分页查询的数据为:
2020-05-22 14:26:15.320 [http-nio-9004-exec-10] INFO  c.n.o.yuedu.read.service.impl.BookInfoServiceImpl - 分页查询的数据为:
2020-05-22 14:26:18.287 [http-nio-9004-exec-3] INFO  c.n.o.yuedu.read.service.impl.BookInfoServiceImpl - 分页查询的数据为:
2020-05-22 14:30:20.673 [http-nio-9004-exec-10] INFO  c.n.o.yuedu.read.service.impl.BookInfoServiceImpl - 分页查询的数据为:
2020-05-22 14:58:51.705 [http-nio-9004-exec-1] INFO  c.n.one.yuedu.read.service.impl.ChapterServiceImpl - 
2020-05-22 14:58:55.666 [http-nio-9004-exec-4] INFO  c.n.one.yuedu.read.service.impl.ChapterServiceImpl - 
2020-05-22 14:58:58.281 [http-nio-9004-exec-7] INFO  c.n.one.yuedu.read.service.impl.ChapterServiceImpl - 
2020-05-22 15:00:26.842 [http-nio-9004-exec-9] INFO  c.n.o.yuedu.read.service.impl.BookInfoServiceImpl - 分页查询的数据为:
2020-05-22 15:04:42.768 [http-nio-9004-exec-6] INFO  c.n.o.yuedu.read.service.impl.BookInfoServiceImpl - 分页查询的数据为:
2020-05-22 15:04:45.093 [http-nio-9004-exec-2] INFO  c.n.o.yuedu.read.service.impl.BookInfoServiceImpl - 分页查询的数据为:
2020-05-22 15:04:45.499 [http-nio-9004-exec-10] INFO  c.n.o.yuedu.read.service.impl.BookInfoServiceImpl - 分页查询的数据为:
2020-05-22 15:04:45.674 [http-nio-9004-exec-3] INFO  c.n.o.yuedu.read.service.impl.BookInfoServiceImpl - 分页查询的数据为:
2020-05-22 15:04:45.855 [http-nio-9004-exec-1] INFO  c.n.o.yuedu.read.service.impl.BookInfoServiceImpl - 分页查询的数据为:
2020-05-22 15:06:25.386 [http-nio-9004-exec-6] INFO  c.n.one.yuedu.read.service.impl.ChapterServiceImpl - 
2020-05-22 15:08:21.399 [http-nio-9004-exec-1] INFO  c.n.one.yuedu.read.service.impl.ChapterServiceImpl - 
2020-05-22 15:08:49.073 [http-nio-9004-exec-2] INFO  c.n.one.yuedu.read.service.impl.ChapterServiceImpl - 检查之后扶着太上皇走出来，太上皇如今可惜身得很，出入还得要扶着，唯恐摔倒，这可是前所未见。
元卿凌和他们在廊下说了会儿话，元卿凌猜知道原来当年他们几个住在肃王府里头，是安丰王妃带着的，长嫂如母，是真真的把他们几个当儿子看待。
“如今我们几个倒是聚得多一些，早几年，也是各有各的忙，褚小五尤其的不愿意来乾坤殿，不想见小喜，孤其实也曾生气，但罢了，他已经在外头为北唐忙得焦头烂额，也就原谅了他。”太上皇自顾自地说着，整个人的情绪处于极度的亢奋中，平南王要回来的消息，让他仿佛打了鸡血。
褚小五？元卿凌看向褚首辅，他不是叫褚大吗？怎地叫褚小五？
褚首辅笑笑，“如今一切都好了。”
阳光徐徐照着几位暮年老者，他们眼底都有一种悠远的情怀，可见大家都沉浸在当年之中，元卿凌觉得这简直是一幅最美好的画卷，少年情谊，相伴到老。
她也希望，到她年迈的时候，除了膝下儿孙环绕，昔日旧人也能一一陪伴在身侧，哪怕不能日日相见，可想见的时候，人就在不远处，如此人生，还有什么遗憾？
说了一会儿话，褚首辅与逍遥公又忙活去了，元卿凌也去了一趟前殿，给明元帝看看。
明元帝的病情没有这么严重，三天食不下饭之后，再进食就腹痛胃痛，元卿凌给了药之后，配合御医的治疗，如今已经好多，只是肝火郁结也有。
放权是他的安排，也是和宇文皓那日在御书房商议的决定，太子监国，各处衙门也定然不若原先稳固，若有人要钻空子，眼下是最好的时候。
明元帝在躺在廊前的贵妃椅上，扈妃伺候在侧，给他念着话本，整个殿中，除扈妃的声音之外，静悄悄的，再无其他声响。
元卿凌福身见过，扈妃把话本放在了竹案上，揉揉眉心，“可算是有个人来了。”
元卿凌笑笑，她知道不是无人来，而是父皇谁也不见。
元卿凌问安，“父皇可觉得好些了？”
明元帝瘦了一圈，下巴都尖了，眼底也是一圈的淤青，近乎黑色了，可见睡眠极为不好，他懒洋洋地道：“好多了，只是依旧不能入睡。”
“一直都睡不着？”元卿凌问道。
“夜里不能睡，白天也不能睡。”扈妃轻声道，眉目里染着担忧之色。
元卿凌道：“那没叫御医开安神茶？”
“开了酸枣仁茶，但是喝下去没多大效果。”扈妃也代为解答。
元卿凌打开药箱，从里头取出了一瓶药，递给扈妃，“这是安眠药，但不可多服，实在睡不着就吃一颗，只是副作用大，睡醒之后没精神。”
“那就如今吃一颗！”明元帝显然是累得很，想睡过去，好让脑子静下来。
扈妃便给他倒了一颗，他直接便咽下，扈妃刚拿水上手，见他已经吃了，道：“那就再喝一口水。”
“不喝了，搁下吧！”明元帝显得毫无精神。
扈妃轻轻叹气，“吃不下，水也不喝，这怎么成呢？除了汤药，这几天都没沾过别的。”
明元帝拍了拍她的手背，“你也不必总是在这里守着，穆如在外头呢，回去歇会儿。”
扈妃摇头，这几天，她也跟着瘦了些，“回去能休息，心不安，在这里守着你，心里头便踏实。”
明元帝缓缓地闭上眼睛，整个人觉得乏力，“你还是要把心思多放一些在老十的身上，或者帮着皇贵妃料理宫中的事，朕总有先你们而去的时候。”
扈妃听得这话，倏然而惊，“你怎可胡说？以后再不许说这样的话。”
明元帝唇角扬了扬，挤出了一个无力的笑，“终究会这样，不也不能避免。”
扈妃眼底迅速蓄泪，颤声道：“你非得这样让我难过不可么？”
明元帝便睁开眸子，伸手抓住她的手，“好，不说也罢。”
元卿凌知道因着宇文君的死，父皇心里头灰暗得很，目睹亲人的离世，除了伤心难过之外，不免也会感怀自身，她轻声道：“父皇，您要保重龙体，老五肩膀太嫩，许多东西，他背不起！”
明元帝便眯起眼睛笑了起来，“合着你到朕跟前，是为老五鸣冤了？”
“不敢！”元卿凌可还真想鸣冤，一个老五给开成几块用了，哪哪都似乎离不了他，事实上，自打宇文君的丧事之后，他们夫妻之间几天没怎么说过话了，他回来的时候她睡了，早上她没起，他已经出门，家里都成旅店，就别提去镜湖，连一起吃顿饭的时间都没。
明元帝道：“朕知道难为了他，但为君父分忧，他责无旁贷！且这江山迟早是他的，他提前辛苦一下，也并无不可，他总有登基的那一天。”
扈妃潸然泪下。
这话对她来说太残忍了，因为若太子登基，意味着他已经山崩了。
“哭什么？不过是闲话而已。”明元帝还是心疼小妻，伸手给她擦眼泪。
扈妃咬牙，杏眼圆瞪，“臣妾只求您，莫再说这样的话，这日子本就不好够了，还三番四次地提这些叫人伤心的话，就这么恨我么？”
明元帝笑了起来，眸色一下子柔和了下来，“这才是你，不要为朕担心，不要委曲求全，就这样。”
元卿凌拿开药箱，另外开一些药，他的胃病其实也比较严重，当皇帝着实也是辛苦活儿，这些年也没停下来的时候，遇到国中发生大事，常常是废寝忘餐，长久下来，胃就不行了。
等元卿凌开好药之后，走出去一看，明元帝却是睡着了，扈妃轻轻地为他搭上被褥，招呼穆如公公进来守着，她蹑手蹑脚地进了殿，拉着元卿凌的手坐下来。
“太子妃，你如实告诉我，皇上的情况是否很严重？”扈妃虽然每日守在身边，但说病情的时候，总是避开她的，她担心得不行。
“不是特别严重，但还是要注意。”元卿凌道。
扈妃眼底涩红，哽咽道：“你们休得瞒我，每一回说病情都瞒着我，且他吃不下，也睡不着，人足足瘦了一圈。”
元卿凌心道：他的病情本不是十分严重，瞒着说病情，只是不想让人知道病情尚轻，没想倒是让扈妃误会了。
正欲劝慰，却听得扈妃哭泣道：“他若有什么事，我也不活了。”

2020-05-23 09:42:32.212 [SpringContextShutdownHook] INFO  o.s.scheduling.concurrent.ThreadPoolTaskExecutor - Shutting down ExecutorService 'applicationTaskExecutor'
2020-05-23 09:42:32.245 [SpringContextShutdownHook] INFO  com.alibaba.druid.pool.DruidDataSource - {dataSource-1} closed
