2020-08-04 10:32:10.636 [main] INFO  com.nine.one.yuedu.read.NineOneYueDuApplication - Starting NineOneYueDuApplication on LAPTOP-VRL8D1D5 with PID 131800 (D:\JXTC\91yuedu-read\target\classes started by asus in D:\JXTC\91yuedu-read)
2020-08-04 10:32:10.651 [main] INFO  com.nine.one.yuedu.read.NineOneYueDuApplication - The following profiles are active: test
2020-08-04 10:32:11.842 [main] INFO  o.s.d.r.config.RepositoryConfigurationDelegate - Multiple Spring Data modules found, entering strict repository configuration mode!
2020-08-04 10:32:11.842 [main] INFO  o.s.d.r.config.RepositoryConfigurationDelegate - Bootstrapping Spring Data Redis repositories in DEFAULT mode.
2020-08-04 10:32:11.889 [main] INFO  o.s.d.r.config.RepositoryConfigurationDelegate - Finished Spring Data repository scanning in 37ms. Found 0 Redis repository interfaces.
2020-08-04 10:32:12.381 [main] INFO  o.s.boot.web.embedded.tomcat.TomcatWebServer - Tomcat initialized with port(s): 9004 (http)
2020-08-04 10:32:12.381 [main] INFO  org.apache.coyote.http11.Http11NioProtocol - Initializing ProtocolHandler ["http-nio-9004"]
2020-08-04 10:32:12.381 [main] INFO  org.apache.catalina.core.StandardService - Starting service [Tomcat]
2020-08-04 10:32:12.381 [main] INFO  org.apache.catalina.core.StandardEngine - Starting Servlet engine: [Apache Tomcat/9.0.33]
2020-08-04 10:32:12.506 [main] INFO  o.a.c.core.ContainerBase.[Tomcat].[localhost].[/] - Initializing Spring embedded WebApplicationContext
2020-08-04 10:32:12.506 [main] INFO  org.springframework.web.context.ContextLoader - Root WebApplicationContext: initialization completed in 1823 ms
2020-08-04 10:32:12.725 [main] INFO  c.a.d.s.b.a.DruidDataSourceAutoConfigure - Init DruidDataSource
2020-08-04 10:32:13.037 [main] INFO  com.alibaba.druid.pool.DruidDataSource - {dataSource-1} inited
2020-08-04 10:32:14.614 [main] INFO  s.d.s.w.PropertySourcedRequestMappingHandlerMapping - Mapped URL path [/v2/api-docs] onto method [springfox.documentation.swagger2.web.Swagger2Controller#getDocumentation(String, HttpServletRequest)]
2020-08-04 10:32:14.676 [main] INFO  o.s.b.a.s.s.UserDetailsServiceAutoConfiguration - 

Using generated security password: f2ec7fa5-e20b-4778-8e45-56c682625285

2020-08-04 10:32:14.739 [main] INFO  o.s.security.web.DefaultSecurityFilterChain - Creating filter chain: any request, [org.springframework.security.web.context.request.async.WebAsyncManagerIntegrationFilter@7f4e5a39, org.springframework.security.web.context.SecurityContextPersistenceFilter@57b9389f, org.springframework.security.web.header.HeaderWriterFilter@6615237, org.springframework.security.web.authentication.logout.LogoutFilter@60b1ff3b, org.springframework.security.web.savedrequest.RequestCacheAwareFilter@41f785e3, org.springframework.security.web.servletapi.SecurityContextHolderAwareRequestFilter@664db2ca, org.springframework.security.web.authentication.AnonymousAuthenticationFilter@33de7f3d, org.springframework.security.web.session.SessionManagementFilter@1ab53860, org.springframework.security.web.access.ExceptionTranslationFilter@55421b8d, org.springframework.security.web.access.intercept.FilterSecurityInterceptor@c472300]
2020-08-04 10:32:14.848 [main] INFO  o.s.scheduling.concurrent.ThreadPoolTaskExecutor - Initializing ExecutorService 'applicationTaskExecutor'
2020-08-04 10:32:15.027 [main] INFO  s.d.s.web.plugins.DocumentationPluginsBootstrapper - Context refreshed
2020-08-04 10:32:15.058 [main] INFO  s.d.s.web.plugins.DocumentationPluginsBootstrapper - Found 1 custom documentation plugin(s)
2020-08-04 10:32:15.074 [main] INFO  s.d.spring.web.scanners.ApiListingReferenceScanner - Scanning for api listing references
2020-08-04 10:32:15.152 [main] INFO  s.d.s.w.r.operation.CachingOperationNameGenerator - Generating unique operation named: getChapterListByBookIdUsingGET_1
2020-08-04 10:32:15.261 [main] INFO  s.d.s.w.r.operation.CachingOperationNameGenerator - Generating unique operation named: uploadHeadUsingPOST_1
2020-08-04 10:32:15.277 [main] INFO  s.d.s.w.r.operation.CachingOperationNameGenerator - Generating unique operation named: addChapterUsingPOST_1
2020-08-04 10:32:15.324 [main] INFO  s.d.s.w.r.operation.CachingOperationNameGenerator - Generating unique operation named: addBookUsingPOST_1
2020-08-04 10:32:15.324 [main] INFO  s.d.s.w.r.operation.CachingOperationNameGenerator - Generating unique operation named: findByIdUsingGET_1
2020-08-04 10:32:15.339 [main] INFO  s.d.s.w.r.operation.CachingOperationNameGenerator - Generating unique operation named: uploadHeadUsingPOST_2
2020-08-04 10:32:15.339 [main] INFO  s.d.s.w.r.operation.CachingOperationNameGenerator - Generating unique operation named: getBookUsingGET_1
2020-08-04 10:32:15.339 [main] INFO  s.d.s.w.r.operation.CachingOperationNameGenerator - Generating unique operation named: getChapterUsingGET_1
2020-08-04 10:32:15.339 [main] INFO  s.d.s.w.r.operation.CachingOperationNameGenerator - Generating unique operation named: getBookUsingGET_2
2020-08-04 10:32:15.339 [main] INFO  s.d.s.w.r.operation.CachingOperationNameGenerator - Generating unique operation named: getChapterUsingGET_2
2020-08-04 10:32:15.355 [main] INFO  org.apache.coyote.http11.Http11NioProtocol - Starting ProtocolHandler ["http-nio-9004"]
2020-08-04 10:32:15.386 [main] INFO  o.s.boot.web.embedded.tomcat.TomcatWebServer - Tomcat started on port(s): 9004 (http) with context path ''
2020-08-04 10:32:15.386 [main] INFO  com.nine.one.yuedu.read.NineOneYueDuApplication - Started NineOneYueDuApplication in 5.137 seconds (JVM running for 6.297)
2020-08-04 10:33:57.630 [http-nio-9004-exec-1] INFO  o.a.c.core.ContainerBase.[Tomcat].[localhost].[/] - Initializing Spring DispatcherServlet 'dispatcherServlet'
2020-08-04 10:33:57.630 [http-nio-9004-exec-1] INFO  org.springframework.web.servlet.DispatcherServlet - Initializing Servlet 'dispatcherServlet'
2020-08-04 10:33:57.630 [http-nio-9004-exec-1] INFO  org.springframework.web.servlet.DispatcherServlet - Completed initialization in 0 ms
2020-08-04 10:36:19.692 [main] INFO  com.nine.one.yuedu.read.NineOneYueDuApplication - Starting NineOneYueDuApplication on LAPTOP-VRL8D1D5 with PID 134156 (D:\JXTC\91yuedu-read\target\classes started by asus in D:\JXTC\91yuedu-read)
2020-08-04 10:36:19.692 [main] INFO  com.nine.one.yuedu.read.NineOneYueDuApplication - The following profiles are active: test
2020-08-04 10:36:20.616 [main] INFO  o.s.d.r.config.RepositoryConfigurationDelegate - Multiple Spring Data modules found, entering strict repository configuration mode!
2020-08-04 10:36:20.631 [main] INFO  o.s.d.r.config.RepositoryConfigurationDelegate - Bootstrapping Spring Data Redis repositories in DEFAULT mode.
2020-08-04 10:36:20.678 [main] INFO  o.s.d.r.config.RepositoryConfigurationDelegate - Finished Spring Data repository scanning in 35ms. Found 0 Redis repository interfaces.
2020-08-04 10:36:21.225 [main] INFO  o.s.boot.web.embedded.tomcat.TomcatWebServer - Tomcat initialized with port(s): 9004 (http)
2020-08-04 10:36:21.233 [main] INFO  org.apache.coyote.http11.Http11NioProtocol - Initializing ProtocolHandler ["http-nio-9004"]
2020-08-04 10:36:21.234 [main] INFO  org.apache.catalina.core.StandardService - Starting service [Tomcat]
2020-08-04 10:36:21.234 [main] INFO  org.apache.catalina.core.StandardEngine - Starting Servlet engine: [Apache Tomcat/9.0.33]
2020-08-04 10:36:21.347 [main] INFO  o.a.c.core.ContainerBase.[Tomcat].[localhost].[/] - Initializing Spring embedded WebApplicationContext
2020-08-04 10:36:21.347 [main] INFO  org.springframework.web.context.ContextLoader - Root WebApplicationContext: initialization completed in 1608 ms
2020-08-04 10:36:21.519 [main] INFO  c.a.d.s.b.a.DruidDataSourceAutoConfigure - Init DruidDataSource
2020-08-04 10:36:21.785 [main] INFO  com.alibaba.druid.pool.DruidDataSource - {dataSource-1} inited
2020-08-04 10:36:23.365 [main] INFO  s.d.s.w.PropertySourcedRequestMappingHandlerMapping - Mapped URL path [/v2/api-docs] onto method [springfox.documentation.swagger2.web.Swagger2Controller#getDocumentation(String, HttpServletRequest)]
2020-08-04 10:36:23.428 [main] INFO  o.s.b.a.s.s.UserDetailsServiceAutoConfiguration - 

Using generated security password: 10973cee-8295-4816-8194-df62d95cb675

2020-08-04 10:36:23.490 [main] INFO  o.s.security.web.DefaultSecurityFilterChain - Creating filter chain: any request, [org.springframework.security.web.context.request.async.WebAsyncManagerIntegrationFilter@4607d78b, org.springframework.security.web.context.SecurityContextPersistenceFilter@935d3f9, org.springframework.security.web.header.HeaderWriterFilter@76a6f045, org.springframework.security.web.authentication.logout.LogoutFilter@6c8f4bc7, org.springframework.security.web.savedrequest.RequestCacheAwareFilter@5db0003d, org.springframework.security.web.servletapi.SecurityContextHolderAwareRequestFilter@29170a47, org.springframework.security.web.authentication.AnonymousAuthenticationFilter@3b28b7b0, org.springframework.security.web.session.SessionManagementFilter@6bf570c, org.springframework.security.web.access.ExceptionTranslationFilter@307af381, org.springframework.security.web.access.intercept.FilterSecurityInterceptor@423f8a73]
2020-08-04 10:36:23.584 [main] INFO  o.s.scheduling.concurrent.ThreadPoolTaskExecutor - Initializing ExecutorService 'applicationTaskExecutor'
2020-08-04 10:36:24.018 [main] INFO  s.d.s.web.plugins.DocumentationPluginsBootstrapper - Context refreshed
2020-08-04 10:36:24.049 [main] INFO  s.d.s.web.plugins.DocumentationPluginsBootstrapper - Found 1 custom documentation plugin(s)
2020-08-04 10:36:24.081 [main] INFO  s.d.spring.web.scanners.ApiListingReferenceScanner - Scanning for api listing references
2020-08-04 10:36:24.174 [main] INFO  s.d.s.w.r.operation.CachingOperationNameGenerator - Generating unique operation named: getChapterListByBookIdUsingGET_1
2020-08-04 10:36:24.268 [main] INFO  s.d.s.w.r.operation.CachingOperationNameGenerator - Generating unique operation named: uploadHeadUsingPOST_1
2020-08-04 10:36:24.284 [main] INFO  s.d.s.w.r.operation.CachingOperationNameGenerator - Generating unique operation named: addChapterUsingPOST_1
2020-08-04 10:36:24.315 [main] INFO  s.d.s.w.r.operation.CachingOperationNameGenerator - Generating unique operation named: addBookUsingPOST_1
2020-08-04 10:36:24.331 [main] INFO  s.d.s.w.r.operation.CachingOperationNameGenerator - Generating unique operation named: findByIdUsingGET_1
2020-08-04 10:36:24.331 [main] INFO  s.d.s.w.r.operation.CachingOperationNameGenerator - Generating unique operation named: uploadHeadUsingPOST_2
2020-08-04 10:36:24.331 [main] INFO  s.d.s.w.r.operation.CachingOperationNameGenerator - Generating unique operation named: getBookUsingGET_1
2020-08-04 10:36:24.331 [main] INFO  s.d.s.w.r.operation.CachingOperationNameGenerator - Generating unique operation named: getChapterUsingGET_1
2020-08-04 10:36:24.331 [main] INFO  s.d.s.w.r.operation.CachingOperationNameGenerator - Generating unique operation named: getBookUsingGET_2
2020-08-04 10:36:24.331 [main] INFO  s.d.s.w.r.operation.CachingOperationNameGenerator - Generating unique operation named: getChapterUsingGET_2
2020-08-04 10:36:24.346 [main] INFO  org.apache.coyote.http11.Http11NioProtocol - Starting ProtocolHandler ["http-nio-9004"]
2020-08-04 10:36:24.377 [main] INFO  o.s.boot.web.embedded.tomcat.TomcatWebServer - Tomcat started on port(s): 9004 (http) with context path ''
2020-08-04 10:36:24.377 [main] INFO  com.nine.one.yuedu.read.NineOneYueDuApplication - Started NineOneYueDuApplication in 5.06 seconds (JVM running for 6.2)
2020-08-04 10:36:25.750 [http-nio-9004-exec-1] INFO  o.a.c.core.ContainerBase.[Tomcat].[localhost].[/] - Initializing Spring DispatcherServlet 'dispatcherServlet'
2020-08-04 10:36:25.750 [http-nio-9004-exec-1] INFO  org.springframework.web.servlet.DispatcherServlet - Initializing Servlet 'dispatcherServlet'
2020-08-04 10:36:25.766 [http-nio-9004-exec-1] INFO  org.springframework.web.servlet.DispatcherServlet - Completed initialization in 16 ms
2020-08-04 10:38:41.189 [main] INFO  com.nine.one.yuedu.read.NineOneYueDuApplication - Starting NineOneYueDuApplication on LAPTOP-VRL8D1D5 with PID 140908 (D:\JXTC\91yuedu-read\target\classes started by asus in D:\JXTC\91yuedu-read)
2020-08-04 10:38:41.205 [main] INFO  com.nine.one.yuedu.read.NineOneYueDuApplication - The following profiles are active: test
2020-08-04 10:38:42.130 [main] INFO  o.s.d.r.config.RepositoryConfigurationDelegate - Multiple Spring Data modules found, entering strict repository configuration mode!
2020-08-04 10:38:42.130 [main] INFO  o.s.d.r.config.RepositoryConfigurationDelegate - Bootstrapping Spring Data Redis repositories in DEFAULT mode.
2020-08-04 10:38:42.177 [main] INFO  o.s.d.r.config.RepositoryConfigurationDelegate - Finished Spring Data repository scanning in 36ms. Found 0 Redis repository interfaces.
2020-08-04 10:38:42.567 [main] INFO  o.s.boot.web.embedded.tomcat.TomcatWebServer - Tomcat initialized with port(s): 9004 (http)
2020-08-04 10:38:42.567 [main] INFO  org.apache.coyote.http11.Http11NioProtocol - Initializing ProtocolHandler ["http-nio-9004"]
2020-08-04 10:38:42.567 [main] INFO  org.apache.catalina.core.StandardService - Starting service [Tomcat]
2020-08-04 10:38:42.567 [main] INFO  org.apache.catalina.core.StandardEngine - Starting Servlet engine: [Apache Tomcat/9.0.33]
2020-08-04 10:38:42.692 [main] INFO  o.a.c.core.ContainerBase.[Tomcat].[localhost].[/] - Initializing Spring embedded WebApplicationContext
2020-08-04 10:38:42.692 [main] INFO  org.springframework.web.context.ContextLoader - Root WebApplicationContext: initialization completed in 1456 ms
2020-08-04 10:38:42.864 [main] INFO  c.a.d.s.b.a.DruidDataSourceAutoConfigure - Init DruidDataSource
2020-08-04 10:38:43.114 [main] INFO  com.alibaba.druid.pool.DruidDataSource - {dataSource-1} inited
2020-08-04 10:38:44.469 [main] INFO  s.d.s.w.PropertySourcedRequestMappingHandlerMapping - Mapped URL path [/v2/api-docs] onto method [springfox.documentation.swagger2.web.Swagger2Controller#getDocumentation(String, HttpServletRequest)]
2020-08-04 10:38:44.525 [main] INFO  o.s.b.a.s.s.UserDetailsServiceAutoConfiguration - 

Using generated security password: 628bd6b2-67b2-4b8b-ae13-d1eae8a45536

2020-08-04 10:38:44.588 [main] INFO  o.s.security.web.DefaultSecurityFilterChain - Creating filter chain: any request, [org.springframework.security.web.context.request.async.WebAsyncManagerIntegrationFilter@423f8a73, org.springframework.security.web.context.SecurityContextPersistenceFilter@4bcdd11, org.springframework.security.web.header.HeaderWriterFilter@3cc3f13e, org.springframework.security.web.authentication.logout.LogoutFilter@6c07add6, org.springframework.security.web.savedrequest.RequestCacheAwareFilter@5514579e, org.springframework.security.web.servletapi.SecurityContextHolderAwareRequestFilter@214b342f, org.springframework.security.web.authentication.AnonymousAuthenticationFilter@1aedf08d, org.springframework.security.web.session.SessionManagementFilter@76a6f045, org.springframework.security.web.access.ExceptionTranslationFilter@424f02b8, org.springframework.security.web.access.intercept.FilterSecurityInterceptor@6c9a3661]
2020-08-04 10:38:44.666 [main] INFO  o.s.scheduling.concurrent.ThreadPoolTaskExecutor - Initializing ExecutorService 'applicationTaskExecutor'
2020-08-04 10:38:44.838 [main] INFO  s.d.s.web.plugins.DocumentationPluginsBootstrapper - Context refreshed
2020-08-04 10:38:44.853 [main] INFO  s.d.s.web.plugins.DocumentationPluginsBootstrapper - Found 1 custom documentation plugin(s)
2020-08-04 10:38:44.869 [main] INFO  s.d.spring.web.scanners.ApiListingReferenceScanner - Scanning for api listing references
2020-08-04 10:38:44.947 [main] INFO  s.d.s.w.r.operation.CachingOperationNameGenerator - Generating unique operation named: getChapterListByBookIdUsingGET_1
2020-08-04 10:38:45.025 [main] INFO  s.d.s.w.r.operation.CachingOperationNameGenerator - Generating unique operation named: uploadHeadUsingPOST_1
2020-08-04 10:38:45.041 [main] INFO  s.d.s.w.r.operation.CachingOperationNameGenerator - Generating unique operation named: addChapterUsingPOST_1
2020-08-04 10:38:45.088 [main] INFO  s.d.s.w.r.operation.CachingOperationNameGenerator - Generating unique operation named: addBookUsingPOST_1
2020-08-04 10:38:45.088 [main] INFO  s.d.s.w.r.operation.CachingOperationNameGenerator - Generating unique operation named: findByIdUsingGET_1
2020-08-04 10:38:45.088 [main] INFO  s.d.s.w.r.operation.CachingOperationNameGenerator - Generating unique operation named: uploadHeadUsingPOST_2
2020-08-04 10:38:45.103 [main] INFO  s.d.s.w.r.operation.CachingOperationNameGenerator - Generating unique operation named: getBookUsingGET_1
2020-08-04 10:38:45.103 [main] INFO  s.d.s.w.r.operation.CachingOperationNameGenerator - Generating unique operation named: getChapterUsingGET_1
2020-08-04 10:38:45.103 [main] INFO  s.d.s.w.r.operation.CachingOperationNameGenerator - Generating unique operation named: getBookUsingGET_2
2020-08-04 10:38:45.103 [main] INFO  s.d.s.w.r.operation.CachingOperationNameGenerator - Generating unique operation named: getChapterUsingGET_2
2020-08-04 10:38:45.119 [main] INFO  org.apache.coyote.http11.Http11NioProtocol - Starting ProtocolHandler ["http-nio-9004"]
2020-08-04 10:38:45.134 [main] INFO  o.s.boot.web.embedded.tomcat.TomcatWebServer - Tomcat started on port(s): 9004 (http) with context path ''
2020-08-04 10:38:45.134 [main] INFO  com.nine.one.yuedu.read.NineOneYueDuApplication - Started NineOneYueDuApplication in 4.262 seconds (JVM running for 5.24)
2020-08-04 10:39:14.676 [http-nio-9004-exec-1] INFO  o.a.c.core.ContainerBase.[Tomcat].[localhost].[/] - Initializing Spring DispatcherServlet 'dispatcherServlet'
2020-08-04 10:39:14.676 [http-nio-9004-exec-1] INFO  org.springframework.web.servlet.DispatcherServlet - Initializing Servlet 'dispatcherServlet'
2020-08-04 10:39:14.692 [http-nio-9004-exec-1] INFO  org.springframework.web.servlet.DispatcherServlet - Completed initialization in 16 ms
2020-08-04 10:40:50.452 [main] INFO  com.nine.one.yuedu.read.NineOneYueDuApplication - Starting NineOneYueDuApplication on LAPTOP-VRL8D1D5 with PID 130084 (D:\JXTC\91yuedu-read\target\classes started by asus in D:\JXTC\91yuedu-read)
2020-08-04 10:40:50.452 [main] INFO  com.nine.one.yuedu.read.NineOneYueDuApplication - The following profiles are active: test
2020-08-04 10:40:51.479 [main] INFO  o.s.d.r.config.RepositoryConfigurationDelegate - Multiple Spring Data modules found, entering strict repository configuration mode!
2020-08-04 10:40:51.479 [main] INFO  o.s.d.r.config.RepositoryConfigurationDelegate - Bootstrapping Spring Data Redis repositories in DEFAULT mode.
2020-08-04 10:40:51.526 [main] INFO  o.s.d.r.config.RepositoryConfigurationDelegate - Finished Spring Data repository scanning in 36ms. Found 0 Redis repository interfaces.
2020-08-04 10:40:51.916 [main] INFO  o.s.boot.web.embedded.tomcat.TomcatWebServer - Tomcat initialized with port(s): 9004 (http)
2020-08-04 10:40:51.933 [main] INFO  org.apache.coyote.http11.Http11NioProtocol - Initializing ProtocolHandler ["http-nio-9004"]
2020-08-04 10:40:51.933 [main] INFO  org.apache.catalina.core.StandardService - Starting service [Tomcat]
2020-08-04 10:40:51.933 [main] INFO  org.apache.catalina.core.StandardEngine - Starting Servlet engine: [Apache Tomcat/9.0.33]
2020-08-04 10:40:52.044 [main] INFO  o.a.c.core.ContainerBase.[Tomcat].[localhost].[/] - Initializing Spring embedded WebApplicationContext
2020-08-04 10:40:52.044 [main] INFO  org.springframework.web.context.ContextLoader - Root WebApplicationContext: initialization completed in 1545 ms
2020-08-04 10:40:52.234 [main] INFO  c.a.d.s.b.a.DruidDataSourceAutoConfigure - Init DruidDataSource
2020-08-04 10:40:52.511 [main] INFO  com.alibaba.druid.pool.DruidDataSource - {dataSource-1} inited
2020-08-04 10:40:53.834 [main] INFO  s.d.s.w.PropertySourcedRequestMappingHandlerMapping - Mapped URL path [/v2/api-docs] onto method [springfox.documentation.swagger2.web.Swagger2Controller#getDocumentation(String, HttpServletRequest)]
2020-08-04 10:40:53.865 [main] INFO  o.s.b.a.s.s.UserDetailsServiceAutoConfiguration - 

Using generated security password: 67788812-1e40-4840-9d6b-408b3eaaecbd

2020-08-04 10:40:53.928 [main] INFO  o.s.security.web.DefaultSecurityFilterChain - Creating filter chain: any request, [org.springframework.security.web.context.request.async.WebAsyncManagerIntegrationFilter@76d0ecd7, org.springframework.security.web.context.SecurityContextPersistenceFilter@150d6eaf, org.springframework.security.web.header.HeaderWriterFilter@b8a144e, org.springframework.security.web.authentication.logout.LogoutFilter@1491cd6c, org.springframework.security.web.savedrequest.RequestCacheAwareFilter@591f6f83, org.springframework.security.web.servletapi.SecurityContextHolderAwareRequestFilter@13e00016, org.springframework.security.web.authentication.AnonymousAuthenticationFilter@57c69937, org.springframework.security.web.session.SessionManagementFilter@3751acd7, org.springframework.security.web.access.ExceptionTranslationFilter@7772d266, org.springframework.security.web.access.intercept.FilterSecurityInterceptor@65036e8d]
2020-08-04 10:40:54.021 [main] INFO  o.s.scheduling.concurrent.ThreadPoolTaskExecutor - Initializing ExecutorService 'applicationTaskExecutor'
2020-08-04 10:40:54.193 [main] INFO  s.d.s.web.plugins.DocumentationPluginsBootstrapper - Context refreshed
2020-08-04 10:40:54.209 [main] INFO  s.d.s.web.plugins.DocumentationPluginsBootstrapper - Found 1 custom documentation plugin(s)
2020-08-04 10:40:54.240 [main] INFO  s.d.spring.web.scanners.ApiListingReferenceScanner - Scanning for api listing references
2020-08-04 10:40:54.303 [main] INFO  s.d.s.w.r.operation.CachingOperationNameGenerator - Generating unique operation named: getChapterListByBookIdUsingGET_1
2020-08-04 10:40:54.396 [main] INFO  s.d.s.w.r.operation.CachingOperationNameGenerator - Generating unique operation named: uploadHeadUsingPOST_1
2020-08-04 10:40:54.396 [main] INFO  s.d.s.w.r.operation.CachingOperationNameGenerator - Generating unique operation named: addChapterUsingPOST_1
2020-08-04 10:40:54.459 [main] INFO  s.d.s.w.r.operation.CachingOperationNameGenerator - Generating unique operation named: addBookUsingPOST_1
2020-08-04 10:40:54.474 [main] INFO  s.d.s.w.r.operation.CachingOperationNameGenerator - Generating unique operation named: findByIdUsingGET_1
2020-08-04 10:40:54.474 [main] INFO  s.d.s.w.r.operation.CachingOperationNameGenerator - Generating unique operation named: uploadHeadUsingPOST_2
2020-08-04 10:40:54.474 [main] INFO  s.d.s.w.r.operation.CachingOperationNameGenerator - Generating unique operation named: getBookUsingGET_1
2020-08-04 10:40:54.474 [main] INFO  s.d.s.w.r.operation.CachingOperationNameGenerator - Generating unique operation named: getChapterUsingGET_1
2020-08-04 10:40:54.474 [main] INFO  s.d.s.w.r.operation.CachingOperationNameGenerator - Generating unique operation named: getBookUsingGET_2
2020-08-04 10:40:54.474 [main] INFO  s.d.s.w.r.operation.CachingOperationNameGenerator - Generating unique operation named: getChapterUsingGET_2
2020-08-04 10:40:54.490 [main] INFO  org.apache.coyote.http11.Http11NioProtocol - Starting ProtocolHandler ["http-nio-9004"]
2020-08-04 10:40:54.521 [main] INFO  o.s.boot.web.embedded.tomcat.TomcatWebServer - Tomcat started on port(s): 9004 (http) with context path ''
2020-08-04 10:40:54.521 [main] INFO  com.nine.one.yuedu.read.NineOneYueDuApplication - Started NineOneYueDuApplication in 4.386 seconds (JVM running for 5.392)
2020-08-04 10:41:07.492 [http-nio-9004-exec-1] INFO  o.a.c.core.ContainerBase.[Tomcat].[localhost].[/] - Initializing Spring DispatcherServlet 'dispatcherServlet'
2020-08-04 10:41:07.492 [http-nio-9004-exec-1] INFO  org.springframework.web.servlet.DispatcherServlet - Initializing Servlet 'dispatcherServlet'
2020-08-04 10:41:07.492 [http-nio-9004-exec-1] INFO  org.springframework.web.servlet.DispatcherServlet - Completed initialization in 0 ms
2020-08-04 10:41:22.948 [http-nio-9004-exec-10] INFO  c.n.o.y.read.service.impl.UserAuthorServiceImpl - 123321
2020-08-04 10:41:38.293 [http-nio-9004-exec-1] INFO  c.n.o.y.read.service.impl.UserAuthorServiceImpl - 123
2020-08-04 10:42:18.395 [http-nio-9004-exec-10] INFO  c.n.o.y.read.service.impl.UserAuthorServiceImpl - 123
2020-08-04 10:42:40.598 [http-nio-9004-exec-9] INFO  c.n.o.y.read.service.impl.UserAuthorServiceImpl - 徐晓妮
2020-08-04 10:45:04.945 [http-nio-9004-exec-3] INFO  c.n.o.y.read.service.impl.UserAuthorServiceImpl - jx100001
2020-08-04 10:47:43.699 [http-nio-9004-exec-8] INFO  c.n.o.yuedu.read.service.impl.BookInfoServiceImpl - 分页查询的数据为:
2020-08-04 10:47:50.413 [http-nio-9004-exec-10] INFO  c.n.o.yuedu.read.service.impl.BookInfoServiceImpl - 分页查询的数据为:
2020-08-04 10:55:50.886 [http-nio-9004-exec-9] INFO  c.n.o.yuedu.read.service.impl.BookInfoServiceImpl - 分页查询的数据为:
2020-08-04 10:56:01.384 [http-nio-9004-exec-1] INFO  c.n.one.yuedu.read.service.impl.ChapterServiceImpl - 				
“沈陌尘！你别装死！”一个女声高亢尖利，划破静谧的夜空，停在那棵人抱粗老槐上的黑乌瞬间惊飞而起，惨叫而去。
一弯细月孤零零地挂在空中，俯瞰人间，黑幕上连点星光也无，只余这屋子里的呻吟低徊。
几个丫环婆子战战兢兢地跪在地上，小声抽泣着，却不敢抬起头看向来人。
“沈陌尘，别以为父亲会过来保着你，如今这情形，你早应该明白，几年前你没死成，这会儿就更不会让你死！”
说话的人明明是个妙龄少女，表情却是狰狞无比，尤其那个“死”字咬牙切齿，说不得死，却恨不得那人死的样子。
名叫沈陌尘的少女匍匐在青砖地上，人事不省。
沈陌尘依旧在浑浑噩噩中，她不知耳边那个飞扬跋扈的声音是来自谁，只依稀听到“沈陌尘”三个字，心里便是一激凌，眼睛却无法睁开。
沈陌尘......
她不是已经死了么？
沈陌尘是她，又不是她。
几天来，她一直活在这种黑暗中，很多画面来来回回、反反复复地萦在脑畔，分不清今夕何夕，此身彼身。
那些高楼大厦、车城人墙，那个血色黄昏、墓前低泣，还有那对狗男女......
沈陌尘的牙齿咬得咯咯响，又听到一声厉喝：“你们去拿桶水来！我就不信今日弄不醒这个贱人！”
“翁主......”一个声音懦懦发出，换来响亮的耳光，“狗奴才！还不快去！”
沈陌尘在几日的昏迷中，依稀听到过几次这个声音，不似她身边人。
那辆大货车向她急驶而来的时候，她还清清楚楚地看到，那对狗男女笑意盈盈彼此互望的眼神。
那个女人瞥向她的那一抹厉光，在身体飞起来的时候，她知道自己输了。
她知道，这个声音不是那个女人。
她也知道，这个身体不是她。
她想醒来。
她想看到那对狗男女不得好死，她想让妈妈含笑九泉，只是，这个愿望最终应在了她的身上。
她没有好死，她的妈妈抱恨离开人世......
好人终究不得好报！
又一个耳光响起，沈陌尘的脸颊滚烫火热，仿佛要着起火来一般，她的身体虚软无力，眼睫微眨几下，一丝光亮透了过来。
“青竹！你在干什么？”一角袍裾飞快地立在沈陌尘跟前，声音浑厚，却不是很大，根本没有一点喝止的力量。
“父亲没有看到么？我在叫醒你的女儿，可惜至今无果。碧丫，快去给你家小姐提水，一桶水下去，不醒也得醒！”
“胡闹！荒唐！”男人的声音有些抖，极力控制着，“叫你母亲知道，你又会挨一顿训斥，何苦来？何苦来！”
“呵呵，她有脸寻死，没脸醒？”
“不怕父亲知道，这正是母亲叫女儿做的，不然明日郡王世子来了，如何退得婚？不退了婚，好叫人知道我们公主府逼死你的乖女儿？”沈青竹冷哼一声，指着碧丫道，“快去！”
沈陌尘的神智已经清醒过来，依旧闭着眼睛，终于相信眼前人眼前事，再与前几日的点滴人事重合，心里苦笑一声。
她穿越了。
前世今生，她都叫沈陌尘。

2020-08-04 10:57:33.528 [http-nio-9004-exec-3] INFO  c.n.o.yuedu.read.service.impl.BookInfoServiceImpl - 分页查询的数据为:
2020-08-04 10:58:31.459 [http-nio-9004-exec-8] INFO  c.n.o.yuedu.read.service.impl.BookInfoServiceImpl - 分页查询的数据为:
2020-08-04 11:05:38.247 [http-nio-9004-exec-5] INFO  c.n.o.yuedu.read.service.impl.BookInfoServiceImpl - 分页查询的数据为:
2020-08-04 11:06:09.997 [http-nio-9004-exec-6] INFO  c.n.o.y.read.service.impl.UserAuthorServiceImpl - jx100001
2020-08-04 11:06:37.712 [http-nio-9004-exec-2] INFO  c.n.o.y.read.service.impl.UserAuthorServiceImpl - jx100001
2020-08-04 11:07:13.185 [http-nio-9004-exec-3] INFO  c.n.o.yuedu.read.service.impl.BookInfoServiceImpl - 分页查询的数据为:
2020-08-04 11:07:28.022 [http-nio-9004-exec-4] INFO  c.n.o.yuedu.read.service.impl.BookInfoServiceImpl - 分页查询的数据为:
2020-08-04 11:21:04.612 [http-nio-9004-exec-2] INFO  c.n.o.yuedu.read.service.impl.BookInfoServiceImpl - 分页查询的数据为:
2020-08-04 11:21:06.937 [http-nio-9004-exec-3] INFO  c.n.o.yuedu.read.service.impl.BookInfoServiceImpl - 分页查询的数据为:
2020-08-04 11:23:25.869 [http-nio-9004-exec-8] INFO  c.n.o.yuedu.read.service.impl.BookInfoServiceImpl - 分页查询的数据为:
2020-08-04 11:32:50.929 [http-nio-9004-exec-7] INFO  c.n.o.yuedu.read.service.impl.BookInfoServiceImpl - 分页查询的数据为:
2020-08-04 11:39:27.958 [http-nio-9004-exec-6] INFO  c.n.one.yuedu.read.service.impl.ChapterServiceImpl - 				
“沈陌尘！你别装死！”一个女声高亢尖利，划破静谧的夜空，停在那棵人抱粗老槐上的黑乌瞬间惊飞而起，惨叫而去。
一弯细月孤零零地挂在空中，俯瞰人间，黑幕上连点星光也无，只余这屋子里的呻吟低徊。
几个丫环婆子战战兢兢地跪在地上，小声抽泣着，却不敢抬起头看向来人。
“沈陌尘，别以为父亲会过来保着你，如今这情形，你早应该明白，几年前你没死成，这会儿就更不会让你死！”
说话的人明明是个妙龄少女，表情却是狰狞无比，尤其那个“死”字咬牙切齿，说不得死，却恨不得那人死的样子。
名叫沈陌尘的少女匍匐在青砖地上，人事不省。
沈陌尘依旧在浑浑噩噩中，她不知耳边那个飞扬跋扈的声音是来自谁，只依稀听到“沈陌尘”三个字，心里便是一激凌，眼睛却无法睁开。
沈陌尘......
她不是已经死了么？
沈陌尘是她，又不是她。
几天来，她一直活在这种黑暗中，很多画面来来回回、反反复复地萦在脑畔，分不清今夕何夕，此身彼身。
那些高楼大厦、车城人墙，那个血色黄昏、墓前低泣，还有那对狗男女......
沈陌尘的牙齿咬得咯咯响，又听到一声厉喝：“你们去拿桶水来！我就不信今日弄不醒这个贱人！”
“翁主......”一个声音懦懦发出，换来响亮的耳光，“狗奴才！还不快去！”
沈陌尘在几日的昏迷中，依稀听到过几次这个声音，不似她身边人。
那辆大货车向她急驶而来的时候，她还清清楚楚地看到，那对狗男女笑意盈盈彼此互望的眼神。
那个女人瞥向她的那一抹厉光，在身体飞起来的时候，她知道自己输了。
她知道，这个声音不是那个女人。
她也知道，这个身体不是她。
她想醒来。
她想看到那对狗男女不得好死，她想让妈妈含笑九泉，只是，这个愿望最终应在了她的身上。
她没有好死，她的妈妈抱恨离开人世......
好人终究不得好报！
又一个耳光响起，沈陌尘的脸颊滚烫火热，仿佛要着起火来一般，她的身体虚软无力，眼睫微眨几下，一丝光亮透了过来。
“青竹！你在干什么？”一角袍裾飞快地立在沈陌尘跟前，声音浑厚，却不是很大，根本没有一点喝止的力量。
“父亲没有看到么？我在叫醒你的女儿，可惜至今无果。碧丫，快去给你家小姐提水，一桶水下去，不醒也得醒！”
“胡闹！荒唐！”男人的声音有些抖，极力控制着，“叫你母亲知道，你又会挨一顿训斥，何苦来？何苦来！”
“呵呵，她有脸寻死，没脸醒？”
“不怕父亲知道，这正是母亲叫女儿做的，不然明日郡王世子来了，如何退得婚？不退了婚，好叫人知道我们公主府逼死你的乖女儿？”沈青竹冷哼一声，指着碧丫道，“快去！”
沈陌尘的神智已经清醒过来，依旧闭着眼睛，终于相信眼前人眼前事，再与前几日的点滴人事重合，心里苦笑一声。
她穿越了。
前世今生，她都叫沈陌尘。

2020-08-04 11:39:34.464 [http-nio-9004-exec-1] INFO  c.n.o.yuedu.read.service.impl.BookInfoServiceImpl - 分页查询的数据为:
2020-08-04 11:39:38.592 [http-nio-9004-exec-3] INFO  c.n.one.yuedu.read.service.impl.ChapterServiceImpl - 				
“沈陌尘！你别装死！”一个女声高亢尖利，划破静谧的夜空，停在那棵人抱粗老槐上的黑乌瞬间惊飞而起，惨叫而去。
一弯细月孤零零地挂在空中，俯瞰人间，黑幕上连点星光也无，只余这屋子里的呻吟低徊。
几个丫环婆子战战兢兢地跪在地上，小声抽泣着，却不敢抬起头看向来人。
“沈陌尘，别以为父亲会过来保着你，如今这情形，你早应该明白，几年前你没死成，这会儿就更不会让你死！”
说话的人明明是个妙龄少女，表情却是狰狞无比，尤其那个“死”字咬牙切齿，说不得死，却恨不得那人死的样子。
名叫沈陌尘的少女匍匐在青砖地上，人事不省。
沈陌尘依旧在浑浑噩噩中，她不知耳边那个飞扬跋扈的声音是来自谁，只依稀听到“沈陌尘”三个字，心里便是一激凌，眼睛却无法睁开。
沈陌尘......
她不是已经死了么？
沈陌尘是她，又不是她。
几天来，她一直活在这种黑暗中，很多画面来来回回、反反复复地萦在脑畔，分不清今夕何夕，此身彼身。
那些高楼大厦、车城人墙，那个血色黄昏、墓前低泣，还有那对狗男女......
沈陌尘的牙齿咬得咯咯响，又听到一声厉喝：“你们去拿桶水来！我就不信今日弄不醒这个贱人！”
“翁主......”一个声音懦懦发出，换来响亮的耳光，“狗奴才！还不快去！”
沈陌尘在几日的昏迷中，依稀听到过几次这个声音，不似她身边人。
那辆大货车向她急驶而来的时候，她还清清楚楚地看到，那对狗男女笑意盈盈彼此互望的眼神。
那个女人瞥向她的那一抹厉光，在身体飞起来的时候，她知道自己输了。
她知道，这个声音不是那个女人。
她也知道，这个身体不是她。
她想醒来。
她想看到那对狗男女不得好死，她想让妈妈含笑九泉，只是，这个愿望最终应在了她的身上。
她没有好死，她的妈妈抱恨离开人世......
好人终究不得好报！
又一个耳光响起，沈陌尘的脸颊滚烫火热，仿佛要着起火来一般，她的身体虚软无力，眼睫微眨几下，一丝光亮透了过来。
“青竹！你在干什么？”一角袍裾飞快地立在沈陌尘跟前，声音浑厚，却不是很大，根本没有一点喝止的力量。
“父亲没有看到么？我在叫醒你的女儿，可惜至今无果。碧丫，快去给你家小姐提水，一桶水下去，不醒也得醒！”
“胡闹！荒唐！”男人的声音有些抖，极力控制着，“叫你母亲知道，你又会挨一顿训斥，何苦来？何苦来！”
“呵呵，她有脸寻死，没脸醒？”
“不怕父亲知道，这正是母亲叫女儿做的，不然明日郡王世子来了，如何退得婚？不退了婚，好叫人知道我们公主府逼死你的乖女儿？”沈青竹冷哼一声，指着碧丫道，“快去！”
沈陌尘的神智已经清醒过来，依旧闭着眼睛，终于相信眼前人眼前事，再与前几日的点滴人事重合，心里苦笑一声。
她穿越了。
前世今生，她都叫沈陌尘。

2020-08-04 11:39:48.341 [http-nio-9004-exec-7] INFO  c.n.one.yuedu.read.service.impl.ChapterServiceImpl - 				
“沈陌尘！你别装死！”一个女声高亢尖利，划破静谧的夜空，停在那棵人抱粗老槐上的黑乌瞬间惊飞而起，惨叫而去。
一弯细月孤零零地挂在空中，俯瞰人间，黑幕上连点星光也无，只余这屋子里的呻吟低徊。
几个丫环婆子战战兢兢地跪在地上，小声抽泣着，却不敢抬起头看向来人。
“沈陌尘，别以为父亲会过来保着你，如今这情形，你早应该明白，几年前你没死成，这会儿就更不会让你死！”
说话的人明明是个妙龄少女，表情却是狰狞无比，尤其那个“死”字咬牙切齿，说不得死，却恨不得那人死的样子。
名叫沈陌尘的少女匍匐在青砖地上，人事不省。
沈陌尘依旧在浑浑噩噩中，她不知耳边那个飞扬跋扈的声音是来自谁，只依稀听到“沈陌尘”三个字，心里便是一激凌，眼睛却无法睁开。
沈陌尘......
她不是已经死了么？
沈陌尘是她，又不是她。
几天来，她一直活在这种黑暗中，很多画面来来回回、反反复复地萦在脑畔，分不清今夕何夕，此身彼身。
那些高楼大厦、车城人墙，那个血色黄昏、墓前低泣，还有那对狗男女......
沈陌尘的牙齿咬得咯咯响，又听到一声厉喝：“你们去拿桶水来！我就不信今日弄不醒这个贱人！”
“翁主......”一个声音懦懦发出，换来响亮的耳光，“狗奴才！还不快去！”
沈陌尘在几日的昏迷中，依稀听到过几次这个声音，不似她身边人。
那辆大货车向她急驶而来的时候，她还清清楚楚地看到，那对狗男女笑意盈盈彼此互望的眼神。
那个女人瞥向她的那一抹厉光，在身体飞起来的时候，她知道自己输了。
她知道，这个声音不是那个女人。
她也知道，这个身体不是她。
她想醒来。
她想看到那对狗男女不得好死，她想让妈妈含笑九泉，只是，这个愿望最终应在了她的身上。
她没有好死，她的妈妈抱恨离开人世......
好人终究不得好报！
又一个耳光响起，沈陌尘的脸颊滚烫火热，仿佛要着起火来一般，她的身体虚软无力，眼睫微眨几下，一丝光亮透了过来。
“青竹！你在干什么？”一角袍裾飞快地立在沈陌尘跟前，声音浑厚，却不是很大，根本没有一点喝止的力量。
“父亲没有看到么？我在叫醒你的女儿，可惜至今无果。碧丫，快去给你家小姐提水，一桶水下去，不醒也得醒！”
“胡闹！荒唐！”男人的声音有些抖，极力控制着，“叫你母亲知道，你又会挨一顿训斥，何苦来？何苦来！”
“呵呵，她有脸寻死，没脸醒？”
“不怕父亲知道，这正是母亲叫女儿做的，不然明日郡王世子来了，如何退得婚？不退了婚，好叫人知道我们公主府逼死你的乖女儿？”沈青竹冷哼一声，指着碧丫道，“快去！”
沈陌尘的神智已经清醒过来，依旧闭着眼睛，终于相信眼前人眼前事，再与前几日的点滴人事重合，心里苦笑一声。
她穿越了。
前世今生，她都叫沈陌尘。

2020-08-04 11:40:15.951 [http-nio-9004-exec-5] INFO  c.n.o.yuedu.read.service.impl.BookInfoServiceImpl - 分页查询的数据为:
2020-08-04 11:40:25.584 [http-nio-9004-exec-6] INFO  c.n.o.yuedu.read.service.impl.BookInfoServiceImpl - 分页查询的数据为:
2020-08-04 11:41:03.524 [http-nio-9004-exec-3] INFO  c.n.one.yuedu.read.service.impl.ChapterServiceImpl - “太祖母，青竹还得替大姐姐辩解一二。”
沈青竹的葫芦里究竟想卖什么药？
沈陌尘侧耳，全心战备。
“青竹想替你大姐姐说什么？”梁太后哈哈一笑，“到底是亲姐妹，哀家还没说什么呢，你个小丫头就上劲儿了。”
沈青竹并不惧怕，上前跪在沈陌尘旁边，磕头抬首道：“是青竹不懂事，是青竹叫大姐姐退了恩郡王府的婚事，才让大姐姐怒而自戗，还连累大姐姐破了相，也让母亲白白受了累，还担忧数日，父亲的心情也因此不甚好。太祖母要罚，便罚青竹吧，大姐姐心里有怨气，青竹知晓的，都怪青竹意气用事了。”
梁太后的笑声没了，笑容却还驻于面上。
“这怎么能怪你？太祖母也不偏袒谁，恩郡王世子晏清流是个有出息的，没有仗着他老子的军功索取名位，也是虎父无犬子，年纪轻轻便在西北战事中居功甚伟，你皇外祖着实看中他，刚刚调他回来任了北衙军上将军。立朝以来，除了他老子被封郡王头一份，这是第二次，他父子二人如此殊遇可是吾国立朝以来从未有过的！”
梁太后正色道：“所以，满朝内外都知道，晏清流的婚事并不只是他说了算，便是他老子，又能有几分主意？皇上看中的人，将来定是朝中股肱，这样的柱梁之臣岂能容许有不相称之人在他身侧？”
“陌尘，你认为呢？”梁太后直接相问。
沈陌尘此时心中早有计较，这一家子也真是够了，为了抢婚摆出这么大阵仗。
她是该高兴还是该得意呢？
“陌尘不敢有任何想法，但凭太祖母作主。”
“是的，太祖母，大姐姐亲口拒了恩郡王世子的婚事，奈何恩郡王世子执拗不听，大姐姐也很是苦恼呢！”沈青竹转首问沈陌尘，“大姐姐说，是也不是？”
“妹妹说是就是。”沈陌尘回。
沈青竹当下一顿，别人不知道，她却知道，沈陌尘这是给她抛了个软钉子，好似话语权都在她这个妹妹嘴上，做姐姐的不敢言，不能言。
是的，就想让你吃个瘪，憋死你。
沈陌尘心里冷道。
却听公主道：“这是干什么？太祖母面前，岂是你们顽劣的地方？快给太后老祖宗请罪！”
“祖母还请别和小儿女们计较。孙女今日回府便教训她们，说这些有的没的，平白让祖母烦心。”公主起身向太后屈膝。
“无妨，我儿快快坐下，也是祖母平日里不甚关心宫里的事。哪天问了你父皇的意思，此事再做计较，可好？”梁太后道，“这两个孩子哀家好久没见了，今日便留在宫里陪陪哀家这老人家，羽儿可是愿意？”
公主急道：“怎敢让这俩没规矩的烦扰祖母？”
王公公递了玉杯给太后润喉。
“我看青竹天真烂漫，不是个没规矩的。”太后抿了一口茶，轻笑道，“陌尘也聪明，没规矩是可以教导的。”
沈陌尘心里早就MMP了。
明褒暗贬，真是恶心他妈给恶心开门，恶心到家了！
2020-08-04 11:43:42.165 [http-nio-9004-exec-8] INFO  c.n.o.yuedu.read.service.impl.BookInfoServiceImpl - 分页查询的数据为:
2020-08-04 11:44:40.557 [http-nio-9004-exec-5] INFO  c.n.one.yuedu.read.service.impl.ChapterServiceImpl - 文本上传成功了
2020-08-04 11:44:52.530 [http-nio-9004-exec-6] INFO  c.n.one.yuedu.read.service.impl.ChapterServiceImpl - test test

2020-08-04 11:46:52.552 [http-nio-9004-exec-10] INFO  c.n.one.yuedu.read.service.impl.ChapterServiceImpl - test test

2020-08-04 11:52:07.442 [http-nio-9004-exec-5] INFO  c.n.o.yuedu.read.service.impl.BookInfoServiceImpl - 分页查询的数据为:
2020-08-04 11:52:33.156 [http-nio-9004-exec-9] INFO  c.n.o.yuedu.read.service.impl.BookInfoServiceImpl - 分页查询的数据为:
2020-08-04 12:01:15.536 [http-nio-9004-exec-3] INFO  c.n.o.yuedu.read.service.impl.BookInfoServiceImpl - 分页查询的数据为:
2020-08-04 12:01:27.692 [http-nio-9004-exec-8] INFO  c.n.o.yuedu.read.service.impl.BookInfoServiceImpl - 分页查询的数据为:
2020-08-04 12:01:29.748 [http-nio-9004-exec-10] INFO  c.n.o.yuedu.read.service.impl.BookInfoServiceImpl - 分页查询的数据为:
2020-08-04 13:31:36.055 [http-nio-9004-exec-3] INFO  c.n.one.yuedu.read.service.impl.ChapterServiceImpl - 				
“沈陌尘！你别装死！”一个女声高亢尖利，划破静谧的夜空，停在那棵人抱粗老槐上的黑乌瞬间惊飞而起，惨叫而去。
一弯细月孤零零地挂在空中，俯瞰人间，黑幕上连点星光也无，只余这屋子里的呻吟低徊。
几个丫环婆子战战兢兢地跪在地上，小声抽泣着，却不敢抬起头看向来人。
“沈陌尘，别以为父亲会过来保着你，如今这情形，你早应该明白，几年前你没死成，这会儿就更不会让你死！”
说话的人明明是个妙龄少女，表情却是狰狞无比，尤其那个“死”字咬牙切齿，说不得死，却恨不得那人死的样子。
名叫沈陌尘的少女匍匐在青砖地上，人事不省。
沈陌尘依旧在浑浑噩噩中，她不知耳边那个飞扬跋扈的声音是来自谁，只依稀听到“沈陌尘”三个字，心里便是一激凌，眼睛却无法睁开。
沈陌尘......
她不是已经死了么？
沈陌尘是她，又不是她。
几天来，她一直活在这种黑暗中，很多画面来来回回、反反复复地萦在脑畔，分不清今夕何夕，此身彼身。
那些高楼大厦、车城人墙，那个血色黄昏、墓前低泣，还有那对狗男女......
沈陌尘的牙齿咬得咯咯响，又听到一声厉喝：“你们去拿桶水来！我就不信今日弄不醒这个贱人！”
“翁主......”一个声音懦懦发出，换来响亮的耳光，“狗奴才！还不快去！”
沈陌尘在几日的昏迷中，依稀听到过几次这个声音，不似她身边人。
那辆大货车向她急驶而来的时候，她还清清楚楚地看到，那对狗男女笑意盈盈彼此互望的眼神。
那个女人瞥向她的那一抹厉光，在身体飞起来的时候，她知道自己输了。
她知道，这个声音不是那个女人。
她也知道，这个身体不是她。
她想醒来。
她想看到那对狗男女不得好死，她想让妈妈含笑九泉，只是，这个愿望最终应在了她的身上。
她没有好死，她的妈妈抱恨离开人世......
好人终究不得好报！
又一个耳光响起，沈陌尘的脸颊滚烫火热，仿佛要着起火来一般，她的身体虚软无力，眼睫微眨几下，一丝光亮透了过来。
“青竹！你在干什么？”一角袍裾飞快地立在沈陌尘跟前，声音浑厚，却不是很大，根本没有一点喝止的力量。
“父亲没有看到么？我在叫醒你的女儿，可惜至今无果。碧丫，快去给你家小姐提水，一桶水下去，不醒也得醒！”
“胡闹！荒唐！”男人的声音有些抖，极力控制着，“叫你母亲知道，你又会挨一顿训斥，何苦来？何苦来！”
“呵呵，她有脸寻死，没脸醒？”
“不怕父亲知道，这正是母亲叫女儿做的，不然明日郡王世子来了，如何退得婚？不退了婚，好叫人知道我们公主府逼死你的乖女儿？”沈青竹冷哼一声，指着碧丫道，“快去！”
沈陌尘的神智已经清醒过来，依旧闭着眼睛，终于相信眼前人眼前事，再与前几日的点滴人事重合，心里苦笑一声。
她穿越了。
前世今生，她都叫沈陌尘。

2020-08-04 13:34:28.934 [http-nio-9004-exec-8] INFO  c.n.o.yuedu.read.service.impl.BookInfoServiceImpl - 分页查询的数据为:
2020-08-04 13:34:50.024 [http-nio-9004-exec-10] INFO  c.n.o.yuedu.read.service.impl.BookInfoServiceImpl - 分页查询的数据为:
2020-08-04 13:35:16.107 [http-nio-9004-exec-7] INFO  c.n.o.yuedu.read.service.impl.BookInfoServiceImpl - 分页查询的数据为:
2020-08-04 13:48:07.464 [http-nio-9004-exec-6] INFO  c.n.o.yuedu.read.service.impl.BookInfoServiceImpl - 分页查询的数据为:
2020-08-04 13:48:23.318 [http-nio-9004-exec-2] INFO  c.n.one.yuedu.read.service.impl.ChapterServiceImpl - 				
“沈陌尘！你别装死！”一个女声高亢尖利，划破静谧的夜空，停在那棵人抱粗老槐上的黑乌瞬间惊飞而起，惨叫而去。
一弯细月孤零零地挂在空中，俯瞰人间，黑幕上连点星光也无，只余这屋子里的呻吟低徊。
几个丫环婆子战战兢兢地跪在地上，小声抽泣着，却不敢抬起头看向来人。
“沈陌尘，别以为父亲会过来保着你，如今这情形，你早应该明白，几年前你没死成，这会儿就更不会让你死！”
说话的人明明是个妙龄少女，表情却是狰狞无比，尤其那个“死”字咬牙切齿，说不得死，却恨不得那人死的样子。
名叫沈陌尘的少女匍匐在青砖地上，人事不省。
沈陌尘依旧在浑浑噩噩中，她不知耳边那个飞扬跋扈的声音是来自谁，只依稀听到“沈陌尘”三个字，心里便是一激凌，眼睛却无法睁开。
沈陌尘......
她不是已经死了么？
沈陌尘是她，又不是她。
几天来，她一直活在这种黑暗中，很多画面来来回回、反反复复地萦在脑畔，分不清今夕何夕，此身彼身。
那些高楼大厦、车城人墙，那个血色黄昏、墓前低泣，还有那对狗男女......
沈陌尘的牙齿咬得咯咯响，又听到一声厉喝：“你们去拿桶水来！我就不信今日弄不醒这个贱人！”
“翁主......”一个声音懦懦发出，换来响亮的耳光，“狗奴才！还不快去！”
沈陌尘在几日的昏迷中，依稀听到过几次这个声音，不似她身边人。
那辆大货车向她急驶而来的时候，她还清清楚楚地看到，那对狗男女笑意盈盈彼此互望的眼神。
那个女人瞥向她的那一抹厉光，在身体飞起来的时候，她知道自己输了。
她知道，这个声音不是那个女人。
她也知道，这个身体不是她。
她想醒来。
她想看到那对狗男女不得好死，她想让妈妈含笑九泉，只是，这个愿望最终应在了她的身上。
她没有好死，她的妈妈抱恨离开人世......
好人终究不得好报！
又一个耳光响起，沈陌尘的脸颊滚烫火热，仿佛要着起火来一般，她的身体虚软无力，眼睫微眨几下，一丝光亮透了过来。
“青竹！你在干什么？”一角袍裾飞快地立在沈陌尘跟前，声音浑厚，却不是很大，根本没有一点喝止的力量。
“父亲没有看到么？我在叫醒你的女儿，可惜至今无果。碧丫，快去给你家小姐提水，一桶水下去，不醒也得醒！”
“胡闹！荒唐！”男人的声音有些抖，极力控制着，“叫你母亲知道，你又会挨一顿训斥，何苦来？何苦来！”
“呵呵，她有脸寻死，没脸醒？”
“不怕父亲知道，这正是母亲叫女儿做的，不然明日郡王世子来了，如何退得婚？不退了婚，好叫人知道我们公主府逼死你的乖女儿？”沈青竹冷哼一声，指着碧丫道，“快去！”
沈陌尘的神智已经清醒过来，依旧闭着眼睛，终于相信眼前人眼前事，再与前几日的点滴人事重合，心里苦笑一声。
她穿越了。
前世今生，她都叫沈陌尘。

2020-08-04 13:50:30.600 [http-nio-9004-exec-4] INFO  c.n.o.yuedu.read.service.impl.BookInfoServiceImpl - 分页查询的数据为:
2020-08-04 13:55:00.655 [http-nio-9004-exec-6] INFO  c.n.o.yuedu.read.service.impl.BookInfoServiceImpl - 分页查询的数据为:
2020-08-04 13:55:59.891 [http-nio-9004-exec-3] INFO  c.n.o.yuedu.read.service.impl.BookInfoServiceImpl - 分页查询的数据为:
2020-08-04 13:57:45.695 [http-nio-9004-exec-10] INFO  c.n.o.yuedu.read.service.impl.BookInfoServiceImpl - 分页查询的数据为:
2020-08-04 13:58:14.753 [http-nio-9004-exec-5] INFO  c.n.one.yuedu.read.service.impl.ChapterServiceImpl - 				
“沈陌尘！你别装死！”一个女声高亢尖利，划破静谧的夜空，停在那棵人抱粗老槐上的黑乌瞬间惊飞而起，惨叫而去。
一弯细月孤零零地挂在空中，俯瞰人间，黑幕上连点星光也无，只余这屋子里的呻吟低徊。
几个丫环婆子战战兢兢地跪在地上，小声抽泣着，却不敢抬起头看向来人。
“沈陌尘，别以为父亲会过来保着你，如今这情形，你早应该明白，几年前你没死成，这会儿就更不会让你死！”
说话的人明明是个妙龄少女，表情却是狰狞无比，尤其那个“死”字咬牙切齿，说不得死，却恨不得那人死的样子。
名叫沈陌尘的少女匍匐在青砖地上，人事不省。
沈陌尘依旧在浑浑噩噩中，她不知耳边那个飞扬跋扈的声音是来自谁，只依稀听到“沈陌尘”三个字，心里便是一激凌，眼睛却无法睁开。
沈陌尘......
她不是已经死了么？
沈陌尘是她，又不是她。
几天来，她一直活在这种黑暗中，很多画面来来回回、反反复复地萦在脑畔，分不清今夕何夕，此身彼身。
那些高楼大厦、车城人墙，那个血色黄昏、墓前低泣，还有那对狗男女......
沈陌尘的牙齿咬得咯咯响，又听到一声厉喝：“你们去拿桶水来！我就不信今日弄不醒这个贱人！”
“翁主......”一个声音懦懦发出，换来响亮的耳光，“狗奴才！还不快去！”
沈陌尘在几日的昏迷中，依稀听到过几次这个声音，不似她身边人。
那辆大货车向她急驶而来的时候，她还清清楚楚地看到，那对狗男女笑意盈盈彼此互望的眼神。
那个女人瞥向她的那一抹厉光，在身体飞起来的时候，她知道自己输了。
她知道，这个声音不是那个女人。
她也知道，这个身体不是她。
她想醒来。
她想看到那对狗男女不得好死，她想让妈妈含笑九泉，只是，这个愿望最终应在了她的身上。
她没有好死，她的妈妈抱恨离开人世......
好人终究不得好报！
又一个耳光响起，沈陌尘的脸颊滚烫火热，仿佛要着起火来一般，她的身体虚软无力，眼睫微眨几下，一丝光亮透了过来。
“青竹！你在干什么？”一角袍裾飞快地立在沈陌尘跟前，声音浑厚，却不是很大，根本没有一点喝止的力量。
“父亲没有看到么？我在叫醒你的女儿，可惜至今无果。碧丫，快去给你家小姐提水，一桶水下去，不醒也得醒！”
“胡闹！荒唐！”男人的声音有些抖，极力控制着，“叫你母亲知道，你又会挨一顿训斥，何苦来？何苦来！”
“呵呵，她有脸寻死，没脸醒？”
“不怕父亲知道，这正是母亲叫女儿做的，不然明日郡王世子来了，如何退得婚？不退了婚，好叫人知道我们公主府逼死你的乖女儿？”沈青竹冷哼一声，指着碧丫道，“快去！”
沈陌尘的神智已经清醒过来，依旧闭着眼睛，终于相信眼前人眼前事，再与前几日的点滴人事重合，心里苦笑一声。
她穿越了。
前世今生，她都叫沈陌尘。

2020-08-04 13:58:41.404 [http-nio-9004-exec-9] INFO  c.n.o.yuedu.read.service.impl.BookInfoServiceImpl - 分页查询的数据为:
2020-08-04 13:59:45.283 [http-nio-9004-exec-1] INFO  c.n.o.yuedu.read.service.impl.BookInfoServiceImpl - 分页查询的数据为:
2020-08-04 14:07:31.261 [http-nio-9004-exec-3] INFO  c.n.o.yuedu.read.service.impl.BookInfoServiceImpl - 分页查询的数据为:
2020-08-04 14:58:33.783 [http-nio-9004-exec-10] INFO  c.n.o.yuedu.read.service.impl.BookInfoServiceImpl - 分页查询的数据为:
2020-08-04 15:42:28.630 [http-nio-9004-exec-5] INFO  c.n.o.yuedu.read.service.impl.BookInfoServiceImpl - 分页查询的数据为:
2020-08-04 15:44:57.056 [http-nio-9004-exec-6] INFO  c.n.o.yuedu.read.service.impl.BookInfoServiceImpl - 分页查询的数据为:
2020-08-04 15:45:52.932 [http-nio-9004-exec-1] INFO  c.n.o.yuedu.read.service.impl.BookInfoServiceImpl - 分页查询的数据为:
2020-08-04 15:48:10.691 [http-nio-9004-exec-3] INFO  c.n.o.yuedu.read.service.impl.BookInfoServiceImpl - 分页查询的数据为:
