2020-11-30 09:52:13.580 [main] INFO  com.nine.one.yuedu.read.NineOneYueDuApplication - Starting NineOneYueDuApplication on LAPTOP-VRL8D1D5 with PID 14948 (D:\JXTC\91yuedu-read\target\classes started by asus in D:\JXTC\91yuedu-read)
2020-11-30 09:52:13.580 [main] INFO  com.nine.one.yuedu.read.NineOneYueDuApplication - The following profiles are active: test
2020-11-30 09:52:14.346 [main] INFO  o.s.d.r.config.RepositoryConfigurationDelegate - Multiple Spring Data modules found, entering strict repository configuration mode!
2020-11-30 09:52:14.346 [main] INFO  o.s.d.r.config.RepositoryConfigurationDelegate - Bootstrapping Spring Data Redis repositories in DEFAULT mode.
2020-11-30 09:52:14.429 [main] INFO  o.s.d.r.config.RepositoryConfigurationDelegate - Finished Spring Data repository scanning in 50ms. Found 0 Redis repository interfaces.
2020-11-30 09:52:14.648 [main] INFO  o.s.d.r.config.RepositoryConfigurationDelegate - Multiple Spring Data modules found, entering strict repository configuration mode!
2020-11-30 09:52:14.648 [main] INFO  o.s.d.r.config.RepositoryConfigurationDelegate - Bootstrapping Spring Data Redis repositories in DEFAULT mode.
2020-11-30 09:52:14.679 [main] INFO  o.s.d.r.config.RepositoryConfigurationDelegate - Finished Spring Data repository scanning in 31ms. Found 0 Redis repository interfaces.
2020-11-30 09:52:15.242 [main] INFO  o.s.boot.web.embedded.tomcat.TomcatWebServer - Tomcat initialized with port(s): 9004 (http)
2020-11-30 09:52:15.289 [main] INFO  org.apache.coyote.http11.Http11NioProtocol - Initializing ProtocolHandler ["http-nio-9004"]
2020-11-30 09:52:15.289 [main] INFO  org.apache.catalina.core.StandardService - Starting service [Tomcat]
2020-11-30 09:52:15.289 [main] INFO  org.apache.catalina.core.StandardEngine - Starting Servlet engine: [Apache Tomcat/9.0.33]
2020-11-30 09:52:15.398 [main] INFO  o.a.c.core.ContainerBase.[Tomcat].[localhost].[/] - Initializing Spring embedded WebApplicationContext
2020-11-30 09:52:15.398 [main] INFO  org.springframework.web.context.ContextLoader - Root WebApplicationContext: initialization completed in 1755 ms
2020-11-30 09:52:15.523 [main] INFO  c.a.d.s.b.a.DruidDataSourceAutoConfigure - Init DruidDataSource
2020-11-30 09:52:15.793 [main] INFO  com.alibaba.druid.pool.DruidDataSource - {dataSource-1} inited
2020-11-30 09:52:17.629 [main] INFO  s.d.s.w.PropertySourcedRequestMappingHandlerMapping - Mapped URL path [/v2/api-docs] onto method [springfox.documentation.swagger2.web.Swagger2Controller#getDocumentation(String, HttpServletRequest)]
2020-11-30 09:52:17.676 [main] INFO  o.s.b.a.s.s.UserDetailsServiceAutoConfiguration - 

Using generated security password: d22c8fca-2fe7-40eb-b7de-a35ed5460e2f

2020-11-30 09:52:17.749 [main] INFO  o.s.security.web.DefaultSecurityFilterChain - Creating filter chain: any request, [org.springframework.security.web.context.request.async.WebAsyncManagerIntegrationFilter@d0b814d, org.springframework.security.web.context.SecurityContextPersistenceFilter@44ccd75c, org.springframework.security.web.header.HeaderWriterFilter@21733cbe, org.springframework.security.web.authentication.logout.LogoutFilter@305552d6, org.springframework.security.web.savedrequest.RequestCacheAwareFilter@2120bed, org.springframework.security.web.servletapi.SecurityContextHolderAwareRequestFilter@1ffd0114, org.springframework.security.web.authentication.AnonymousAuthenticationFilter@6ce15112, org.springframework.security.web.session.SessionManagementFilter@22b82ddf, org.springframework.security.web.access.ExceptionTranslationFilter@750cd36d, org.springframework.security.web.access.intercept.FilterSecurityInterceptor@6c96403e]
2020-11-30 09:52:17.921 [main] INFO  o.s.scheduling.concurrent.ThreadPoolTaskExecutor - Initializing ExecutorService 'applicationTaskExecutor'
2020-11-30 09:52:18.046 [main] INFO  o.s.scheduling.concurrent.ThreadPoolTaskScheduler - Initializing ExecutorService 'taskScheduler'
2020-11-30 09:52:18.077 [main] INFO  s.d.s.web.plugins.DocumentationPluginsBootstrapper - Context refreshed
2020-11-30 09:52:18.093 [main] INFO  s.d.s.web.plugins.DocumentationPluginsBootstrapper - Found 1 custom documentation plugin(s)
2020-11-30 09:52:18.124 [main] INFO  s.d.spring.web.scanners.ApiListingReferenceScanner - Scanning for api listing references
2020-11-30 09:52:18.234 [main] INFO  s.d.s.w.r.operation.CachingOperationNameGenerator - Generating unique operation named: getChapterListByBookIdUsingGET_1
2020-11-30 09:52:18.265 [main] INFO  s.d.s.w.r.operation.CachingOperationNameGenerator - Generating unique operation named: getMaxChapterIdUsingGET_1
2020-11-30 09:52:18.312 [main] INFO  s.d.s.w.r.operation.CachingOperationNameGenerator - Generating unique operation named: addBookInfoUsingPOST_1
2020-11-30 09:52:18.312 [main] INFO  s.d.s.w.r.operation.CachingOperationNameGenerator - Generating unique operation named: delBookInfoByIdUsingDELETE_1
2020-11-30 09:52:18.312 [main] INFO  s.d.s.w.r.operation.CachingOperationNameGenerator - Generating unique operation named: downBookByIdUsingGET_1
2020-11-30 09:52:18.312 [main] INFO  s.d.s.w.r.operation.CachingOperationNameGenerator - Generating unique operation named: findBookInfoByIdUsingGET_1
2020-11-30 09:52:18.312 [main] INFO  s.d.s.w.r.operation.CachingOperationNameGenerator - Generating unique operation named: findByIdUsingGET_1
2020-11-30 09:52:18.312 [main] INFO  s.d.s.w.r.operation.CachingOperationNameGenerator - Generating unique operation named: getBookInfo4PageAndParamUsingGET_1
2020-11-30 09:52:18.312 [main] INFO  s.d.s.w.r.operation.CachingOperationNameGenerator - Generating unique operation named: updateBookInfoUsingPUT_1
2020-11-30 09:52:18.312 [main] INFO  s.d.s.w.r.operation.CachingOperationNameGenerator - Generating unique operation named: uploadHeadUsingPOST_1
2020-11-30 09:52:18.327 [main] INFO  s.d.s.w.r.operation.CachingOperationNameGenerator - Generating unique operation named: addChapterUsingPOST_1
2020-11-30 09:52:18.327 [main] INFO  s.d.s.w.r.operation.CachingOperationNameGenerator - Generating unique operation named: addChapterUsingPOST_2
2020-11-30 09:52:18.327 [main] INFO  s.d.s.w.r.operation.CachingOperationNameGenerator - Generating unique operation named: delChapterByIdUsingDELETE_1
2020-11-30 09:52:18.327 [main] INFO  s.d.s.w.r.operation.CachingOperationNameGenerator - Generating unique operation named: getChapterInfoByBookIdAndChapterIdUsingGET_1
2020-11-30 09:52:18.327 [main] INFO  s.d.s.w.r.operation.CachingOperationNameGenerator - Generating unique operation named: getChapterListByBookIdPageAndSortUsingGET_1
2020-11-30 09:52:18.327 [main] INFO  s.d.s.w.r.operation.CachingOperationNameGenerator - Generating unique operation named: updateChapterUsingPUT_1
2020-11-30 09:52:18.374 [main] INFO  s.d.s.w.r.operation.CachingOperationNameGenerator - Generating unique operation named: addBookUsingPOST_1
2020-11-30 09:52:18.390 [main] INFO  s.d.s.w.r.operation.CachingOperationNameGenerator - Generating unique operation named: findByIdUsingGET_2
2020-11-30 09:52:18.390 [main] INFO  s.d.s.w.r.operation.CachingOperationNameGenerator - Generating unique operation named: loginUsingPOST_1
2020-11-30 09:52:18.390 [main] INFO  s.d.s.w.r.operation.CachingOperationNameGenerator - Generating unique operation named: uploadHeadUsingPOST_2
2020-11-30 09:52:18.405 [main] INFO  s.d.s.w.r.operation.CachingOperationNameGenerator - Generating unique operation named: getChapterUsingGET_1
2020-11-30 09:52:18.405 [main] INFO  s.d.s.w.r.operation.CachingOperationNameGenerator - Generating unique operation named: getBookUsingGET_1
2020-11-30 09:52:18.405 [main] INFO  s.d.s.w.r.operation.CachingOperationNameGenerator - Generating unique operation named: getChapterUsingGET_2
2020-11-30 09:52:18.405 [main] INFO  s.d.s.w.r.operation.CachingOperationNameGenerator - Generating unique operation named: repairUsingPOST_1
2020-11-30 09:52:18.421 [main] INFO  org.apache.coyote.http11.Http11NioProtocol - Starting ProtocolHandler ["http-nio-9004"]
2020-11-30 09:52:18.452 [main] INFO  o.s.boot.web.embedded.tomcat.TomcatWebServer - Tomcat started on port(s): 9004 (http) with context path ''
2020-11-30 09:52:18.452 [main] INFO  com.nine.one.yuedu.read.NineOneYueDuApplication - Started NineOneYueDuApplication in 5.282 seconds (JVM running for 6.417)
2020-11-30 09:57:48.987 [http-nio-9004-exec-1] INFO  o.a.c.core.ContainerBase.[Tomcat].[localhost].[/] - Initializing Spring DispatcherServlet 'dispatcherServlet'
2020-11-30 09:57:48.987 [http-nio-9004-exec-1] INFO  org.springframework.web.servlet.DispatcherServlet - Initializing Servlet 'dispatcherServlet'
2020-11-30 09:57:49.003 [http-nio-9004-exec-1] INFO  org.springframework.web.servlet.DispatcherServlet - Completed initialization in 16 ms
2020-11-30 09:57:53.600 [http-nio-9004-exec-4] INFO  c.n.o.yuedu.read.service.impl.BookInfoServiceImpl - 分页查询的数据为:
2020-11-30 10:01:18.155 [http-nio-9004-exec-10] INFO  c.n.o.yuedu.read.service.impl.BookInfoServiceImpl - 分页查询的数据为:
2020-11-30 13:34:14.403 [main] INFO  com.nine.one.yuedu.read.NineOneYueDuApplication - Starting NineOneYueDuApplication on LAPTOP-VRL8D1D5 with PID 33340 (D:\JXTC\91yuedu-read\target\classes started by asus in D:\JXTC\91yuedu-read)
2020-11-30 13:34:14.407 [main] INFO  com.nine.one.yuedu.read.NineOneYueDuApplication - The following profiles are active: test
2020-11-30 13:34:15.459 [main] INFO  o.s.d.r.config.RepositoryConfigurationDelegate - Multiple Spring Data modules found, entering strict repository configuration mode!
2020-11-30 13:34:15.460 [main] INFO  o.s.d.r.config.RepositoryConfigurationDelegate - Bootstrapping Spring Data Redis repositories in DEFAULT mode.
2020-11-30 13:34:15.532 [main] INFO  o.s.d.r.config.RepositoryConfigurationDelegate - Finished Spring Data repository scanning in 56ms. Found 0 Redis repository interfaces.
2020-11-30 13:34:15.767 [main] INFO  o.s.d.r.config.RepositoryConfigurationDelegate - Multiple Spring Data modules found, entering strict repository configuration mode!
2020-11-30 13:34:15.768 [main] INFO  o.s.d.r.config.RepositoryConfigurationDelegate - Bootstrapping Spring Data Redis repositories in DEFAULT mode.
2020-11-30 13:34:15.803 [main] INFO  o.s.d.r.config.RepositoryConfigurationDelegate - Finished Spring Data repository scanning in 35ms. Found 0 Redis repository interfaces.
2020-11-30 13:34:16.372 [main] INFO  o.s.boot.web.embedded.tomcat.TomcatWebServer - Tomcat initialized with port(s): 9004 (http)
2020-11-30 13:34:16.429 [main] INFO  org.apache.coyote.http11.Http11NioProtocol - Initializing ProtocolHandler ["http-nio-9004"]
2020-11-30 13:34:16.430 [main] INFO  org.apache.catalina.core.StandardService - Starting service [Tomcat]
2020-11-30 13:34:16.430 [main] INFO  org.apache.catalina.core.StandardEngine - Starting Servlet engine: [Apache Tomcat/9.0.33]
2020-11-30 13:34:16.560 [main] INFO  o.a.c.core.ContainerBase.[Tomcat].[localhost].[/] - Initializing Spring embedded WebApplicationContext
2020-11-30 13:34:16.561 [main] INFO  org.springframework.web.context.ContextLoader - Root WebApplicationContext: initialization completed in 2036 ms
2020-11-30 13:34:16.712 [main] INFO  c.a.d.s.b.a.DruidDataSourceAutoConfigure - Init DruidDataSource
2020-11-30 13:34:16.980 [main] INFO  com.alibaba.druid.pool.DruidDataSource - {dataSource-1} inited
2020-11-30 13:34:19.164 [main] INFO  s.d.s.w.PropertySourcedRequestMappingHandlerMapping - Mapped URL path [/v2/api-docs] onto method [springfox.documentation.swagger2.web.Swagger2Controller#getDocumentation(String, HttpServletRequest)]
2020-11-30 13:34:19.215 [main] INFO  o.s.b.a.s.s.UserDetailsServiceAutoConfiguration - 

Using generated security password: 01b44ab1-f631-431f-b85d-62d7d9054a70

2020-11-30 13:34:19.290 [main] INFO  o.s.security.web.DefaultSecurityFilterChain - Creating filter chain: any request, [org.springframework.security.web.context.request.async.WebAsyncManagerIntegrationFilter@36463b09, org.springframework.security.web.context.SecurityContextPersistenceFilter@14a1769d, org.springframework.security.web.header.HeaderWriterFilter@36211bbc, org.springframework.security.web.authentication.logout.LogoutFilter@63db743d, org.springframework.security.web.savedrequest.RequestCacheAwareFilter@33751d49, org.springframework.security.web.servletapi.SecurityContextHolderAwareRequestFilter@4c5da4f9, org.springframework.security.web.authentication.AnonymousAuthenticationFilter@4adf3582, org.springframework.security.web.session.SessionManagementFilter@77ea806f, org.springframework.security.web.access.ExceptionTranslationFilter@6def0632, org.springframework.security.web.access.intercept.FilterSecurityInterceptor@5458c71e]
2020-11-30 13:34:19.424 [main] INFO  o.s.scheduling.concurrent.ThreadPoolTaskExecutor - Initializing ExecutorService 'applicationTaskExecutor'
2020-11-30 13:34:19.577 [main] INFO  o.s.scheduling.concurrent.ThreadPoolTaskScheduler - Initializing ExecutorService 'taskScheduler'
2020-11-30 13:34:19.612 [main] INFO  s.d.s.web.plugins.DocumentationPluginsBootstrapper - Context refreshed
2020-11-30 13:34:19.630 [main] INFO  s.d.s.web.plugins.DocumentationPluginsBootstrapper - Found 1 custom documentation plugin(s)
2020-11-30 13:34:19.659 [main] INFO  s.d.spring.web.scanners.ApiListingReferenceScanner - Scanning for api listing references
2020-11-30 13:34:19.790 [main] INFO  s.d.s.w.r.operation.CachingOperationNameGenerator - Generating unique operation named: getChapterListByBookIdUsingGET_1
2020-11-30 13:34:19.836 [main] INFO  s.d.s.w.r.operation.CachingOperationNameGenerator - Generating unique operation named: getMaxChapterIdUsingGET_1
2020-11-30 13:34:19.889 [main] INFO  s.d.s.w.r.operation.CachingOperationNameGenerator - Generating unique operation named: addBookInfoUsingPOST_1
2020-11-30 13:34:19.890 [main] INFO  s.d.s.w.r.operation.CachingOperationNameGenerator - Generating unique operation named: delBookInfoByIdUsingDELETE_1
2020-11-30 13:34:19.891 [main] INFO  s.d.s.w.r.operation.CachingOperationNameGenerator - Generating unique operation named: downBookByIdUsingGET_1
2020-11-30 13:34:19.900 [main] INFO  s.d.s.w.r.operation.CachingOperationNameGenerator - Generating unique operation named: findBookInfoByIdUsingGET_1
2020-11-30 13:34:19.902 [main] INFO  s.d.s.w.r.operation.CachingOperationNameGenerator - Generating unique operation named: findByIdUsingGET_1
2020-11-30 13:34:19.905 [main] INFO  s.d.s.w.r.operation.CachingOperationNameGenerator - Generating unique operation named: getBookInfo4PageAndParamUsingGET_1
2020-11-30 13:34:19.906 [main] INFO  s.d.s.w.r.operation.CachingOperationNameGenerator - Generating unique operation named: updateBookInfoUsingPUT_1
2020-11-30 13:34:19.907 [main] INFO  s.d.s.w.r.operation.CachingOperationNameGenerator - Generating unique operation named: uploadHeadUsingPOST_1
2020-11-30 13:34:19.915 [main] INFO  s.d.s.w.r.operation.CachingOperationNameGenerator - Generating unique operation named: addChapterUsingPOST_1
2020-11-30 13:34:19.917 [main] INFO  s.d.s.w.r.operation.CachingOperationNameGenerator - Generating unique operation named: addChapterUsingPOST_2
2020-11-30 13:34:19.919 [main] INFO  s.d.s.w.r.operation.CachingOperationNameGenerator - Generating unique operation named: delChapterByIdUsingDELETE_1
2020-11-30 13:34:19.920 [main] INFO  s.d.s.w.r.operation.CachingOperationNameGenerator - Generating unique operation named: getChapterInfoByBookIdAndChapterIdUsingGET_1
2020-11-30 13:34:19.921 [main] INFO  s.d.s.w.r.operation.CachingOperationNameGenerator - Generating unique operation named: getChapterListByBookIdPageAndSortUsingGET_1
2020-11-30 13:34:19.922 [main] INFO  s.d.s.w.r.operation.CachingOperationNameGenerator - Generating unique operation named: updateChapterUsingPUT_1
2020-11-30 13:34:19.989 [main] INFO  s.d.s.w.r.operation.CachingOperationNameGenerator - Generating unique operation named: addBookUsingPOST_1
2020-11-30 13:34:20.004 [main] INFO  s.d.s.w.r.operation.CachingOperationNameGenerator - Generating unique operation named: findByIdUsingGET_2
2020-11-30 13:34:20.007 [main] INFO  s.d.s.w.r.operation.CachingOperationNameGenerator - Generating unique operation named: loginUsingPOST_1
2020-11-30 13:34:20.009 [main] INFO  s.d.s.w.r.operation.CachingOperationNameGenerator - Generating unique operation named: uploadHeadUsingPOST_2
2020-11-30 13:34:20.017 [main] INFO  s.d.s.w.r.operation.CachingOperationNameGenerator - Generating unique operation named: getChapterUsingGET_1
2020-11-30 13:34:20.024 [main] INFO  s.d.s.w.r.operation.CachingOperationNameGenerator - Generating unique operation named: getBookUsingGET_1
2020-11-30 13:34:20.024 [main] INFO  s.d.s.w.r.operation.CachingOperationNameGenerator - Generating unique operation named: getChapterUsingGET_2
2020-11-30 13:34:20.027 [main] INFO  s.d.s.w.r.operation.CachingOperationNameGenerator - Generating unique operation named: repairUsingPOST_1
2020-11-30 13:34:20.054 [main] INFO  org.apache.coyote.http11.Http11NioProtocol - Starting ProtocolHandler ["http-nio-9004"]
2020-11-30 13:34:20.083 [main] INFO  o.s.boot.web.embedded.tomcat.TomcatWebServer - Tomcat started on port(s): 9004 (http) with context path ''
2020-11-30 13:34:20.087 [main] INFO  com.nine.one.yuedu.read.NineOneYueDuApplication - Started NineOneYueDuApplication in 6.188 seconds (JVM running for 7.546)
2020-11-30 13:34:34.834 [http-nio-9004-exec-1] INFO  o.a.c.core.ContainerBase.[Tomcat].[localhost].[/] - Initializing Spring DispatcherServlet 'dispatcherServlet'
2020-11-30 13:34:34.835 [http-nio-9004-exec-1] INFO  org.springframework.web.servlet.DispatcherServlet - Initializing Servlet 'dispatcherServlet'
2020-11-30 13:34:34.843 [http-nio-9004-exec-1] INFO  org.springframework.web.servlet.DispatcherServlet - Completed initialization in 8 ms
2020-11-30 13:35:16.615 [http-nio-9004-exec-5] INFO  c.n.o.yuedu.read.service.impl.BookInfoServiceImpl - 分页查询的数据为:
2020-11-30 13:37:10.188 [main] INFO  com.nine.one.yuedu.read.NineOneYueDuApplication - Starting NineOneYueDuApplication on LAPTOP-VRL8D1D5 with PID 11180 (D:\JXTC\91yuedu-read\target\classes started by asus in D:\JXTC\91yuedu-read)
2020-11-30 13:37:10.194 [main] INFO  com.nine.one.yuedu.read.NineOneYueDuApplication - The following profiles are active: test
2020-11-30 13:37:11.230 [main] INFO  o.s.d.r.config.RepositoryConfigurationDelegate - Multiple Spring Data modules found, entering strict repository configuration mode!
2020-11-30 13:37:11.231 [main] INFO  o.s.d.r.config.RepositoryConfigurationDelegate - Bootstrapping Spring Data Redis repositories in DEFAULT mode.
2020-11-30 13:37:11.309 [main] INFO  o.s.d.r.config.RepositoryConfigurationDelegate - Finished Spring Data repository scanning in 56ms. Found 0 Redis repository interfaces.
2020-11-30 13:37:11.541 [main] INFO  o.s.d.r.config.RepositoryConfigurationDelegate - Multiple Spring Data modules found, entering strict repository configuration mode!
2020-11-30 13:37:11.542 [main] INFO  o.s.d.r.config.RepositoryConfigurationDelegate - Bootstrapping Spring Data Redis repositories in DEFAULT mode.
2020-11-30 13:37:11.577 [main] INFO  o.s.d.r.config.RepositoryConfigurationDelegate - Finished Spring Data repository scanning in 34ms. Found 0 Redis repository interfaces.
2020-11-30 13:37:12.082 [main] INFO  o.s.boot.web.embedded.tomcat.TomcatWebServer - Tomcat initialized with port(s): 9004 (http)
2020-11-30 13:37:12.138 [main] INFO  org.apache.coyote.http11.Http11NioProtocol - Initializing ProtocolHandler ["http-nio-9004"]
2020-11-30 13:37:12.138 [main] INFO  org.apache.catalina.core.StandardService - Starting service [Tomcat]
2020-11-30 13:37:12.138 [main] INFO  org.apache.catalina.core.StandardEngine - Starting Servlet engine: [Apache Tomcat/9.0.33]
2020-11-30 13:37:12.253 [main] INFO  o.a.c.core.ContainerBase.[Tomcat].[localhost].[/] - Initializing Spring embedded WebApplicationContext
2020-11-30 13:37:12.253 [main] INFO  org.springframework.web.context.ContextLoader - Root WebApplicationContext: initialization completed in 1903 ms
2020-11-30 13:37:12.395 [main] INFO  c.a.d.s.b.a.DruidDataSourceAutoConfigure - Init DruidDataSource
2020-11-30 13:37:12.738 [main] INFO  com.alibaba.druid.pool.DruidDataSource - {dataSource-1} inited
2020-11-30 13:37:15.014 [main] INFO  s.d.s.w.PropertySourcedRequestMappingHandlerMapping - Mapped URL path [/v2/api-docs] onto method [springfox.documentation.swagger2.web.Swagger2Controller#getDocumentation(String, HttpServletRequest)]
2020-11-30 13:37:15.066 [main] INFO  o.s.b.a.s.s.UserDetailsServiceAutoConfiguration - 

Using generated security password: 82ec9ff9-0c66-43ae-9bc0-cf64abe2f01d

2020-11-30 13:37:15.140 [main] INFO  o.s.security.web.DefaultSecurityFilterChain - Creating filter chain: any request, [org.springframework.security.web.context.request.async.WebAsyncManagerIntegrationFilter@2353354a, org.springframework.security.web.context.SecurityContextPersistenceFilter@19105a87, org.springframework.security.web.header.HeaderWriterFilter@634aa81e, org.springframework.security.web.authentication.logout.LogoutFilter@57e4b86c, org.springframework.security.web.savedrequest.RequestCacheAwareFilter@2bb717d7, org.springframework.security.web.servletapi.SecurityContextHolderAwareRequestFilter@566fe83c, org.springframework.security.web.authentication.AnonymousAuthenticationFilter@7c7ed72a, org.springframework.security.web.session.SessionManagementFilter@64c8fcfb, org.springframework.security.web.access.ExceptionTranslationFilter@4aa3fc9a, org.springframework.security.web.access.intercept.FilterSecurityInterceptor@50778bde]
2020-11-30 13:37:15.282 [main] INFO  o.s.scheduling.concurrent.ThreadPoolTaskExecutor - Initializing ExecutorService 'applicationTaskExecutor'
2020-11-30 13:37:15.410 [main] INFO  o.s.scheduling.concurrent.ThreadPoolTaskScheduler - Initializing ExecutorService 'taskScheduler'
2020-11-30 13:37:15.445 [main] INFO  s.d.s.web.plugins.DocumentationPluginsBootstrapper - Context refreshed
2020-11-30 13:37:15.459 [main] INFO  s.d.s.web.plugins.DocumentationPluginsBootstrapper - Found 1 custom documentation plugin(s)
2020-11-30 13:37:15.486 [main] INFO  s.d.spring.web.scanners.ApiListingReferenceScanner - Scanning for api listing references
2020-11-30 13:37:15.597 [main] INFO  s.d.s.w.r.operation.CachingOperationNameGenerator - Generating unique operation named: getChapterListByBookIdUsingGET_1
2020-11-30 13:37:15.638 [main] INFO  s.d.s.w.r.operation.CachingOperationNameGenerator - Generating unique operation named: getMaxChapterIdUsingGET_1
2020-11-30 13:37:15.679 [main] INFO  s.d.s.w.r.operation.CachingOperationNameGenerator - Generating unique operation named: addBookInfoUsingPOST_1
2020-11-30 13:37:15.680 [main] INFO  s.d.s.w.r.operation.CachingOperationNameGenerator - Generating unique operation named: delBookInfoByIdUsingDELETE_1
2020-11-30 13:37:15.682 [main] INFO  s.d.s.w.r.operation.CachingOperationNameGenerator - Generating unique operation named: downBookByIdUsingGET_1
2020-11-30 13:37:15.692 [main] INFO  s.d.s.w.r.operation.CachingOperationNameGenerator - Generating unique operation named: findBookInfoByIdUsingGET_1
2020-11-30 13:37:15.693 [main] INFO  s.d.s.w.r.operation.CachingOperationNameGenerator - Generating unique operation named: findByIdUsingGET_1
2020-11-30 13:37:15.696 [main] INFO  s.d.s.w.r.operation.CachingOperationNameGenerator - Generating unique operation named: getBookInfo4PageAndParamUsingGET_1
2020-11-30 13:37:15.697 [main] INFO  s.d.s.w.r.operation.CachingOperationNameGenerator - Generating unique operation named: updateBookInfoUsingPUT_1
2020-11-30 13:37:15.698 [main] INFO  s.d.s.w.r.operation.CachingOperationNameGenerator - Generating unique operation named: uploadHeadUsingPOST_1
2020-11-30 13:37:15.705 [main] INFO  s.d.s.w.r.operation.CachingOperationNameGenerator - Generating unique operation named: addChapterUsingPOST_1
2020-11-30 13:37:15.706 [main] INFO  s.d.s.w.r.operation.CachingOperationNameGenerator - Generating unique operation named: addChapterUsingPOST_2
2020-11-30 13:37:15.707 [main] INFO  s.d.s.w.r.operation.CachingOperationNameGenerator - Generating unique operation named: delChapterByIdUsingDELETE_1
2020-11-30 13:37:15.708 [main] INFO  s.d.s.w.r.operation.CachingOperationNameGenerator - Generating unique operation named: getChapterInfoByBookIdAndChapterIdUsingGET_1
2020-11-30 13:37:15.710 [main] INFO  s.d.s.w.r.operation.CachingOperationNameGenerator - Generating unique operation named: getChapterListByBookIdPageAndSortUsingGET_1
2020-11-30 13:37:15.711 [main] INFO  s.d.s.w.r.operation.CachingOperationNameGenerator - Generating unique operation named: updateChapterUsingPUT_1
2020-11-30 13:37:15.777 [main] INFO  s.d.s.w.r.operation.CachingOperationNameGenerator - Generating unique operation named: addBookUsingPOST_1
2020-11-30 13:37:15.793 [main] INFO  s.d.s.w.r.operation.CachingOperationNameGenerator - Generating unique operation named: findByIdUsingGET_2
2020-11-30 13:37:15.796 [main] INFO  s.d.s.w.r.operation.CachingOperationNameGenerator - Generating unique operation named: loginUsingPOST_1
2020-11-30 13:37:15.799 [main] INFO  s.d.s.w.r.operation.CachingOperationNameGenerator - Generating unique operation named: uploadHeadUsingPOST_2
2020-11-30 13:37:15.808 [main] INFO  s.d.s.w.r.operation.CachingOperationNameGenerator - Generating unique operation named: getChapterUsingGET_1
2020-11-30 13:37:15.814 [main] INFO  s.d.s.w.r.operation.CachingOperationNameGenerator - Generating unique operation named: getBookUsingGET_1
2020-11-30 13:37:15.814 [main] INFO  s.d.s.w.r.operation.CachingOperationNameGenerator - Generating unique operation named: getChapterUsingGET_2
2020-11-30 13:37:15.817 [main] INFO  s.d.s.w.r.operation.CachingOperationNameGenerator - Generating unique operation named: repairUsingPOST_1
2020-11-30 13:37:15.836 [main] INFO  org.apache.coyote.http11.Http11NioProtocol - Starting ProtocolHandler ["http-nio-9004"]
2020-11-30 13:37:15.858 [main] INFO  o.s.boot.web.embedded.tomcat.TomcatWebServer - Tomcat started on port(s): 9004 (http) with context path ''
2020-11-30 13:37:15.862 [main] INFO  com.nine.one.yuedu.read.NineOneYueDuApplication - Started NineOneYueDuApplication in 6.144 seconds (JVM running for 7.287)
2020-11-30 13:37:23.830 [http-nio-9004-exec-1] INFO  o.a.c.core.ContainerBase.[Tomcat].[localhost].[/] - Initializing Spring DispatcherServlet 'dispatcherServlet'
2020-11-30 13:37:23.830 [http-nio-9004-exec-1] INFO  org.springframework.web.servlet.DispatcherServlet - Initializing Servlet 'dispatcherServlet'
2020-11-30 13:37:23.839 [http-nio-9004-exec-1] INFO  org.springframework.web.servlet.DispatcherServlet - Completed initialization in 9 ms
2020-11-30 13:38:13.935 [main] INFO  com.nine.one.yuedu.read.NineOneYueDuApplication - Starting NineOneYueDuApplication on LAPTOP-VRL8D1D5 with PID 11212 (D:\JXTC\91yuedu-read\target\classes started by asus in D:\JXTC\91yuedu-read)
2020-11-30 13:38:13.937 [main] INFO  com.nine.one.yuedu.read.NineOneYueDuApplication - The following profiles are active: test
2020-11-30 13:38:14.821 [main] INFO  o.s.d.r.config.RepositoryConfigurationDelegate - Multiple Spring Data modules found, entering strict repository configuration mode!
2020-11-30 13:38:14.822 [main] INFO  o.s.d.r.config.RepositoryConfigurationDelegate - Bootstrapping Spring Data Redis repositories in DEFAULT mode.
2020-11-30 13:38:14.888 [main] INFO  o.s.d.r.config.RepositoryConfigurationDelegate - Finished Spring Data repository scanning in 53ms. Found 0 Redis repository interfaces.
2020-11-30 13:38:15.106 [main] INFO  o.s.d.r.config.RepositoryConfigurationDelegate - Multiple Spring Data modules found, entering strict repository configuration mode!
2020-11-30 13:38:15.106 [main] INFO  o.s.d.r.config.RepositoryConfigurationDelegate - Bootstrapping Spring Data Redis repositories in DEFAULT mode.
2020-11-30 13:38:15.140 [main] INFO  o.s.d.r.config.RepositoryConfigurationDelegate - Finished Spring Data repository scanning in 33ms. Found 0 Redis repository interfaces.
2020-11-30 13:38:15.628 [main] INFO  o.s.boot.web.embedded.tomcat.TomcatWebServer - Tomcat initialized with port(s): 9004 (http)
2020-11-30 13:38:15.682 [main] INFO  org.apache.coyote.http11.Http11NioProtocol - Initializing ProtocolHandler ["http-nio-9004"]
2020-11-30 13:38:15.683 [main] INFO  org.apache.catalina.core.StandardService - Starting service [Tomcat]
2020-11-30 13:38:15.683 [main] INFO  org.apache.catalina.core.StandardEngine - Starting Servlet engine: [Apache Tomcat/9.0.33]
2020-11-30 13:38:15.801 [main] INFO  o.a.c.core.ContainerBase.[Tomcat].[localhost].[/] - Initializing Spring embedded WebApplicationContext
2020-11-30 13:38:15.801 [main] INFO  org.springframework.web.context.ContextLoader - Root WebApplicationContext: initialization completed in 1739 ms
2020-11-30 13:38:15.945 [main] INFO  c.a.d.s.b.a.DruidDataSourceAutoConfigure - Init DruidDataSource
2020-11-30 13:38:16.203 [main] INFO  com.alibaba.druid.pool.DruidDataSource - {dataSource-1} inited
2020-11-30 13:38:18.093 [main] INFO  s.d.s.w.PropertySourcedRequestMappingHandlerMapping - Mapped URL path [/v2/api-docs] onto method [springfox.documentation.swagger2.web.Swagger2Controller#getDocumentation(String, HttpServletRequest)]
2020-11-30 13:38:18.143 [main] INFO  o.s.b.a.s.s.UserDetailsServiceAutoConfiguration - 

Using generated security password: 7938f0f8-7bdb-459b-bd6b-717d3a394ddd

2020-11-30 13:38:18.217 [main] INFO  o.s.security.web.DefaultSecurityFilterChain - Creating filter chain: any request, [org.springframework.security.web.context.request.async.WebAsyncManagerIntegrationFilter@b75b890, org.springframework.security.web.context.SecurityContextPersistenceFilter@6704df84, org.springframework.security.web.header.HeaderWriterFilter@51eb0e84, org.springframework.security.web.authentication.logout.LogoutFilter@586843bc, org.springframework.security.web.savedrequest.RequestCacheAwareFilter@53bb71e5, org.springframework.security.web.servletapi.SecurityContextHolderAwareRequestFilter@3407aa4f, org.springframework.security.web.authentication.AnonymousAuthenticationFilter@70c491b8, org.springframework.security.web.session.SessionManagementFilter@7fc7152e, org.springframework.security.web.access.ExceptionTranslationFilter@5fb7ab9c, org.springframework.security.web.access.intercept.FilterSecurityInterceptor@3b96f8b0]
2020-11-30 13:38:18.352 [main] INFO  o.s.scheduling.concurrent.ThreadPoolTaskExecutor - Initializing ExecutorService 'applicationTaskExecutor'
2020-11-30 13:38:18.494 [main] INFO  o.s.scheduling.concurrent.ThreadPoolTaskScheduler - Initializing ExecutorService 'taskScheduler'
2020-11-30 13:38:18.528 [main] INFO  s.d.s.web.plugins.DocumentationPluginsBootstrapper - Context refreshed
2020-11-30 13:38:18.542 [main] INFO  s.d.s.web.plugins.DocumentationPluginsBootstrapper - Found 1 custom documentation plugin(s)
2020-11-30 13:38:18.573 [main] INFO  s.d.spring.web.scanners.ApiListingReferenceScanner - Scanning for api listing references
2020-11-30 13:38:18.687 [main] INFO  s.d.s.w.r.operation.CachingOperationNameGenerator - Generating unique operation named: getChapterListByBookIdUsingGET_1
2020-11-30 13:38:18.731 [main] INFO  s.d.s.w.r.operation.CachingOperationNameGenerator - Generating unique operation named: getMaxChapterIdUsingGET_1
2020-11-30 13:38:18.776 [main] INFO  s.d.s.w.r.operation.CachingOperationNameGenerator - Generating unique operation named: addBookInfoUsingPOST_1
2020-11-30 13:38:18.777 [main] INFO  s.d.s.w.r.operation.CachingOperationNameGenerator - Generating unique operation named: delBookInfoByIdUsingDELETE_1
2020-11-30 13:38:18.779 [main] INFO  s.d.s.w.r.operation.CachingOperationNameGenerator - Generating unique operation named: downBookByIdUsingGET_1
2020-11-30 13:38:18.788 [main] INFO  s.d.s.w.r.operation.CachingOperationNameGenerator - Generating unique operation named: findBookInfoByIdUsingGET_1
2020-11-30 13:38:18.789 [main] INFO  s.d.s.w.r.operation.CachingOperationNameGenerator - Generating unique operation named: findByIdUsingGET_1
2020-11-30 13:38:18.791 [main] INFO  s.d.s.w.r.operation.CachingOperationNameGenerator - Generating unique operation named: getBookInfo4PageAndParamUsingGET_1
2020-11-30 13:38:18.792 [main] INFO  s.d.s.w.r.operation.CachingOperationNameGenerator - Generating unique operation named: updateBookInfoUsingPUT_1
2020-11-30 13:38:18.793 [main] INFO  s.d.s.w.r.operation.CachingOperationNameGenerator - Generating unique operation named: uploadHeadUsingPOST_1
2020-11-30 13:38:18.800 [main] INFO  s.d.s.w.r.operation.CachingOperationNameGenerator - Generating unique operation named: addChapterUsingPOST_1
2020-11-30 13:38:18.801 [main] INFO  s.d.s.w.r.operation.CachingOperationNameGenerator - Generating unique operation named: addChapterUsingPOST_2
2020-11-30 13:38:18.802 [main] INFO  s.d.s.w.r.operation.CachingOperationNameGenerator - Generating unique operation named: delChapterByIdUsingDELETE_1
2020-11-30 13:38:18.803 [main] INFO  s.d.s.w.r.operation.CachingOperationNameGenerator - Generating unique operation named: getChapterInfoByBookIdAndChapterIdUsingGET_1
2020-11-30 13:38:18.804 [main] INFO  s.d.s.w.r.operation.CachingOperationNameGenerator - Generating unique operation named: getChapterListByBookIdPageAndSortUsingGET_1
2020-11-30 13:38:18.805 [main] INFO  s.d.s.w.r.operation.CachingOperationNameGenerator - Generating unique operation named: updateChapterUsingPUT_1
2020-11-30 13:38:18.864 [main] INFO  s.d.s.w.r.operation.CachingOperationNameGenerator - Generating unique operation named: addBookUsingPOST_1
2020-11-30 13:38:18.878 [main] INFO  s.d.s.w.r.operation.CachingOperationNameGenerator - Generating unique operation named: findByIdUsingGET_2
2020-11-30 13:38:18.880 [main] INFO  s.d.s.w.r.operation.CachingOperationNameGenerator - Generating unique operation named: loginUsingPOST_1
2020-11-30 13:38:18.883 [main] INFO  s.d.s.w.r.operation.CachingOperationNameGenerator - Generating unique operation named: uploadHeadUsingPOST_2
2020-11-30 13:38:18.889 [main] INFO  s.d.s.w.r.operation.CachingOperationNameGenerator - Generating unique operation named: getChapterUsingGET_1
2020-11-30 13:38:18.895 [main] INFO  s.d.s.w.r.operation.CachingOperationNameGenerator - Generating unique operation named: getBookUsingGET_1
2020-11-30 13:38:18.896 [main] INFO  s.d.s.w.r.operation.CachingOperationNameGenerator - Generating unique operation named: getChapterUsingGET_2
2020-11-30 13:38:18.898 [main] INFO  s.d.s.w.r.operation.CachingOperationNameGenerator - Generating unique operation named: repairUsingPOST_1
2020-11-30 13:38:18.916 [main] INFO  org.apache.coyote.http11.Http11NioProtocol - Starting ProtocolHandler ["http-nio-9004"]
2020-11-30 13:38:18.937 [main] INFO  o.s.boot.web.embedded.tomcat.TomcatWebServer - Tomcat started on port(s): 9004 (http) with context path ''
2020-11-30 13:38:18.940 [main] INFO  com.nine.one.yuedu.read.NineOneYueDuApplication - Started NineOneYueDuApplication in 5.757 seconds (JVM running for 7.194)
2020-11-30 13:39:33.934 [http-nio-9004-exec-1] INFO  o.a.c.core.ContainerBase.[Tomcat].[localhost].[/] - Initializing Spring DispatcherServlet 'dispatcherServlet'
2020-11-30 13:39:33.935 [http-nio-9004-exec-1] INFO  org.springframework.web.servlet.DispatcherServlet - Initializing Servlet 'dispatcherServlet'
2020-11-30 13:39:33.946 [http-nio-9004-exec-1] INFO  org.springframework.web.servlet.DispatcherServlet - Completed initialization in 11 ms
2020-11-30 13:47:20.228 [http-nio-9004-exec-10] INFO  c.n.o.yuedu.read.service.impl.BookInfoServiceImpl - 分页查询的数据为:
2020-11-30 13:50:36.365 [main] INFO  com.nine.one.yuedu.read.NineOneYueDuApplication - Starting NineOneYueDuApplication on LAPTOP-VRL8D1D5 with PID 36136 (D:\JXTC\91yuedu-read\target\classes started by asus in D:\JXTC\91yuedu-read)
2020-11-30 13:50:36.369 [main] INFO  com.nine.one.yuedu.read.NineOneYueDuApplication - The following profiles are active: test
2020-11-30 13:50:37.513 [main] INFO  o.s.d.r.config.RepositoryConfigurationDelegate - Multiple Spring Data modules found, entering strict repository configuration mode!
2020-11-30 13:50:37.517 [main] INFO  o.s.d.r.config.RepositoryConfigurationDelegate - Bootstrapping Spring Data Redis repositories in DEFAULT mode.
2020-11-30 13:50:37.612 [main] INFO  o.s.d.r.config.RepositoryConfigurationDelegate - Finished Spring Data repository scanning in 64ms. Found 0 Redis repository interfaces.
2020-11-30 13:50:37.849 [main] INFO  o.s.d.r.config.RepositoryConfigurationDelegate - Multiple Spring Data modules found, entering strict repository configuration mode!
2020-11-30 13:50:37.850 [main] INFO  o.s.d.r.config.RepositoryConfigurationDelegate - Bootstrapping Spring Data Redis repositories in DEFAULT mode.
2020-11-30 13:50:37.888 [main] INFO  o.s.d.r.config.RepositoryConfigurationDelegate - Finished Spring Data repository scanning in 37ms. Found 0 Redis repository interfaces.
2020-11-30 13:50:38.724 [main] INFO  o.s.boot.web.embedded.tomcat.TomcatWebServer - Tomcat initialized with port(s): 9004 (http)
2020-11-30 13:50:38.777 [main] INFO  org.apache.coyote.http11.Http11NioProtocol - Initializing ProtocolHandler ["http-nio-9004"]
2020-11-30 13:50:38.778 [main] INFO  org.apache.catalina.core.StandardService - Starting service [Tomcat]
2020-11-30 13:50:38.778 [main] INFO  org.apache.catalina.core.StandardEngine - Starting Servlet engine: [Apache Tomcat/9.0.33]
2020-11-30 13:50:38.893 [main] INFO  o.a.c.core.ContainerBase.[Tomcat].[localhost].[/] - Initializing Spring embedded WebApplicationContext
2020-11-30 13:50:38.893 [main] INFO  org.springframework.web.context.ContextLoader - Root WebApplicationContext: initialization completed in 2398 ms
2020-11-30 13:50:39.039 [main] INFO  c.a.d.s.b.a.DruidDataSourceAutoConfigure - Init DruidDataSource
2020-11-30 13:50:39.300 [main] INFO  com.alibaba.druid.pool.DruidDataSource - {dataSource-1} inited
2020-11-30 13:50:41.188 [main] INFO  s.d.s.w.PropertySourcedRequestMappingHandlerMapping - Mapped URL path [/v2/api-docs] onto method [springfox.documentation.swagger2.web.Swagger2Controller#getDocumentation(String, HttpServletRequest)]
2020-11-30 13:50:41.239 [main] INFO  o.s.b.a.s.s.UserDetailsServiceAutoConfiguration - 

Using generated security password: 1e082be0-2c5e-4291-96fe-28990bc2bd2f

2020-11-30 13:50:41.312 [main] INFO  o.s.security.web.DefaultSecurityFilterChain - Creating filter chain: any request, [org.springframework.security.web.context.request.async.WebAsyncManagerIntegrationFilter@3c28181b, org.springframework.security.web.context.SecurityContextPersistenceFilter@3407aa4f, org.springframework.security.web.header.HeaderWriterFilter@13d289c7, org.springframework.security.web.authentication.logout.LogoutFilter@1d1bf7bf, org.springframework.security.web.savedrequest.RequestCacheAwareFilter@538b3c88, org.springframework.security.web.servletapi.SecurityContextHolderAwareRequestFilter@51d8f2f2, org.springframework.security.web.authentication.AnonymousAuthenticationFilter@73aaec54, org.springframework.security.web.session.SessionManagementFilter@698d6d30, org.springframework.security.web.access.ExceptionTranslationFilter@7c91fe86, org.springframework.security.web.access.intercept.FilterSecurityInterceptor@70c491b8]
2020-11-30 13:50:41.448 [main] INFO  o.s.scheduling.concurrent.ThreadPoolTaskExecutor - Initializing ExecutorService 'applicationTaskExecutor'
2020-11-30 13:50:41.578 [main] INFO  o.s.scheduling.concurrent.ThreadPoolTaskScheduler - Initializing ExecutorService 'taskScheduler'
2020-11-30 13:50:41.611 [main] INFO  s.d.s.web.plugins.DocumentationPluginsBootstrapper - Context refreshed
2020-11-30 13:50:41.626 [main] INFO  s.d.s.web.plugins.DocumentationPluginsBootstrapper - Found 1 custom documentation plugin(s)
2020-11-30 13:50:41.651 [main] INFO  s.d.spring.web.scanners.ApiListingReferenceScanner - Scanning for api listing references
2020-11-30 13:50:41.766 [main] INFO  s.d.s.w.r.operation.CachingOperationNameGenerator - Generating unique operation named: getChapterListByBookIdUsingGET_1
2020-11-30 13:50:41.810 [main] INFO  s.d.s.w.r.operation.CachingOperationNameGenerator - Generating unique operation named: getMaxChapterIdUsingGET_1
2020-11-30 13:50:41.859 [main] INFO  s.d.s.w.r.operation.CachingOperationNameGenerator - Generating unique operation named: addBookInfoUsingPOST_1
2020-11-30 13:50:41.860 [main] INFO  s.d.s.w.r.operation.CachingOperationNameGenerator - Generating unique operation named: delBookInfoByIdUsingDELETE_1
2020-11-30 13:50:41.863 [main] INFO  s.d.s.w.r.operation.CachingOperationNameGenerator - Generating unique operation named: downBookByIdUsingGET_1
2020-11-30 13:50:41.873 [main] INFO  s.d.s.w.r.operation.CachingOperationNameGenerator - Generating unique operation named: findBookInfoByIdUsingGET_1
2020-11-30 13:50:41.874 [main] INFO  s.d.s.w.r.operation.CachingOperationNameGenerator - Generating unique operation named: findByIdUsingGET_1
2020-11-30 13:50:41.877 [main] INFO  s.d.s.w.r.operation.CachingOperationNameGenerator - Generating unique operation named: getBookInfo4PageAndParamUsingGET_1
2020-11-30 13:50:41.878 [main] INFO  s.d.s.w.r.operation.CachingOperationNameGenerator - Generating unique operation named: updateBookInfoUsingPUT_1
2020-11-30 13:50:41.878 [main] INFO  s.d.s.w.r.operation.CachingOperationNameGenerator - Generating unique operation named: uploadHeadUsingPOST_1
2020-11-30 13:50:41.886 [main] INFO  s.d.s.w.r.operation.CachingOperationNameGenerator - Generating unique operation named: addChapterUsingPOST_1
2020-11-30 13:50:41.887 [main] INFO  s.d.s.w.r.operation.CachingOperationNameGenerator - Generating unique operation named: addChapterUsingPOST_2
2020-11-30 13:50:41.889 [main] INFO  s.d.s.w.r.operation.CachingOperationNameGenerator - Generating unique operation named: delChapterByIdUsingDELETE_1
2020-11-30 13:50:41.890 [main] INFO  s.d.s.w.r.operation.CachingOperationNameGenerator - Generating unique operation named: getChapterInfoByBookIdAndChapterIdUsingGET_1
2020-11-30 13:50:41.892 [main] INFO  s.d.s.w.r.operation.CachingOperationNameGenerator - Generating unique operation named: getChapterListByBookIdPageAndSortUsingGET_1
2020-11-30 13:50:41.893 [main] INFO  s.d.s.w.r.operation.CachingOperationNameGenerator - Generating unique operation named: updateChapterUsingPUT_1
2020-11-30 13:50:41.957 [main] INFO  s.d.s.w.r.operation.CachingOperationNameGenerator - Generating unique operation named: addBookUsingPOST_1
2020-11-30 13:50:41.970 [main] INFO  s.d.s.w.r.operation.CachingOperationNameGenerator - Generating unique operation named: findByIdUsingGET_2
2020-11-30 13:50:41.973 [main] INFO  s.d.s.w.r.operation.CachingOperationNameGenerator - Generating unique operation named: loginUsingPOST_1
2020-11-30 13:50:41.976 [main] INFO  s.d.s.w.r.operation.CachingOperationNameGenerator - Generating unique operation named: uploadHeadUsingPOST_2
2020-11-30 13:50:41.982 [main] INFO  s.d.s.w.r.operation.CachingOperationNameGenerator - Generating unique operation named: getChapterUsingGET_1
2020-11-30 13:50:41.988 [main] INFO  s.d.s.w.r.operation.CachingOperationNameGenerator - Generating unique operation named: getBookUsingGET_1
2020-11-30 13:50:41.989 [main] INFO  s.d.s.w.r.operation.CachingOperationNameGenerator - Generating unique operation named: getChapterUsingGET_2
2020-11-30 13:50:41.990 [main] INFO  s.d.s.w.r.operation.CachingOperationNameGenerator - Generating unique operation named: repairUsingPOST_1
2020-11-30 13:50:42.008 [main] INFO  org.apache.coyote.http11.Http11NioProtocol - Starting ProtocolHandler ["http-nio-9004"]
2020-11-30 13:50:42.030 [main] INFO  o.s.boot.web.embedded.tomcat.TomcatWebServer - Tomcat started on port(s): 9004 (http) with context path ''
2020-11-30 13:50:42.033 [main] INFO  com.nine.one.yuedu.read.NineOneYueDuApplication - Started NineOneYueDuApplication in 6.168 seconds (JVM running for 7.321)
2020-11-30 13:52:22.348 [http-nio-9004-exec-2] INFO  o.a.c.core.ContainerBase.[Tomcat].[localhost].[/] - Initializing Spring DispatcherServlet 'dispatcherServlet'
2020-11-30 13:52:22.349 [http-nio-9004-exec-2] INFO  org.springframework.web.servlet.DispatcherServlet - Initializing Servlet 'dispatcherServlet'
2020-11-30 13:52:22.355 [http-nio-9004-exec-2] INFO  org.springframework.web.servlet.DispatcherServlet - Completed initialization in 6 ms
2020-11-30 13:57:06.666 [main] INFO  com.nine.one.yuedu.read.NineOneYueDuApplication - Starting NineOneYueDuApplication on LAPTOP-VRL8D1D5 with PID 22980 (D:\JXTC\91yuedu-read\target\classes started by asus in D:\JXTC\91yuedu-read)
2020-11-30 13:57:06.670 [main] INFO  com.nine.one.yuedu.read.NineOneYueDuApplication - The following profiles are active: test
2020-11-30 13:57:07.559 [main] INFO  o.s.d.r.config.RepositoryConfigurationDelegate - Multiple Spring Data modules found, entering strict repository configuration mode!
2020-11-30 13:57:07.561 [main] INFO  o.s.d.r.config.RepositoryConfigurationDelegate - Bootstrapping Spring Data Redis repositories in DEFAULT mode.
2020-11-30 13:57:07.682 [main] INFO  o.s.d.r.config.RepositoryConfigurationDelegate - Finished Spring Data repository scanning in 83ms. Found 0 Redis repository interfaces.
2020-11-30 13:57:07.919 [main] INFO  o.s.d.r.config.RepositoryConfigurationDelegate - Multiple Spring Data modules found, entering strict repository configuration mode!
2020-11-30 13:57:07.919 [main] INFO  o.s.d.r.config.RepositoryConfigurationDelegate - Bootstrapping Spring Data Redis repositories in DEFAULT mode.
2020-11-30 13:57:07.953 [main] INFO  o.s.d.r.config.RepositoryConfigurationDelegate - Finished Spring Data repository scanning in 33ms. Found 0 Redis repository interfaces.
2020-11-30 13:57:08.462 [main] INFO  o.s.boot.web.embedded.tomcat.TomcatWebServer - Tomcat initialized with port(s): 9004 (http)
2020-11-30 13:57:08.517 [main] INFO  org.apache.coyote.http11.Http11NioProtocol - Initializing ProtocolHandler ["http-nio-9004"]
2020-11-30 13:57:08.517 [main] INFO  org.apache.catalina.core.StandardService - Starting service [Tomcat]
2020-11-30 13:57:08.518 [main] INFO  org.apache.catalina.core.StandardEngine - Starting Servlet engine: [Apache Tomcat/9.0.33]
2020-11-30 13:57:08.630 [main] INFO  o.a.c.core.ContainerBase.[Tomcat].[localhost].[/] - Initializing Spring embedded WebApplicationContext
2020-11-30 13:57:08.630 [main] INFO  org.springframework.web.context.ContextLoader - Root WebApplicationContext: initialization completed in 1853 ms
2020-11-30 13:57:08.789 [main] INFO  c.a.d.s.b.a.DruidDataSourceAutoConfigure - Init DruidDataSource
2020-11-30 13:57:09.342 [main] INFO  com.alibaba.druid.pool.DruidDataSource - {dataSource-1} inited
2020-11-30 13:57:11.585 [main] INFO  s.d.s.w.PropertySourcedRequestMappingHandlerMapping - Mapped URL path [/v2/api-docs] onto method [springfox.documentation.swagger2.web.Swagger2Controller#getDocumentation(String, HttpServletRequest)]
2020-11-30 13:57:11.636 [main] INFO  o.s.b.a.s.s.UserDetailsServiceAutoConfiguration - 

Using generated security password: 1193a2c8-5431-4da9-a2cd-ceab5b9a1067

2020-11-30 13:57:11.705 [main] INFO  o.s.security.web.DefaultSecurityFilterChain - Creating filter chain: any request, [org.springframework.security.web.context.request.async.WebAsyncManagerIntegrationFilter@2bb717d7, org.springframework.security.web.context.SecurityContextPersistenceFilter@5a3cf824, org.springframework.security.web.header.HeaderWriterFilter@2b170932, org.springframework.security.web.authentication.logout.LogoutFilter@4eeb14e0, org.springframework.security.web.savedrequest.RequestCacheAwareFilter@28367da7, org.springframework.security.web.servletapi.SecurityContextHolderAwareRequestFilter@117b2cc6, org.springframework.security.web.authentication.AnonymousAuthenticationFilter@7afe0e67, org.springframework.security.web.session.SessionManagementFilter@70c491b8, org.springframework.security.web.access.ExceptionTranslationFilter@2c2e3460, org.springframework.security.web.access.intercept.FilterSecurityInterceptor@3302035b]
2020-11-30 13:57:11.855 [main] INFO  o.s.scheduling.concurrent.ThreadPoolTaskExecutor - Initializing ExecutorService 'applicationTaskExecutor'
2020-11-30 13:57:11.984 [main] INFO  o.s.scheduling.concurrent.ThreadPoolTaskScheduler - Initializing ExecutorService 'taskScheduler'
2020-11-30 13:57:12.020 [main] INFO  s.d.s.web.plugins.DocumentationPluginsBootstrapper - Context refreshed
2020-11-30 13:57:12.036 [main] INFO  s.d.s.web.plugins.DocumentationPluginsBootstrapper - Found 1 custom documentation plugin(s)
2020-11-30 13:57:12.063 [main] INFO  s.d.spring.web.scanners.ApiListingReferenceScanner - Scanning for api listing references
2020-11-30 13:57:12.178 [main] INFO  s.d.s.w.r.operation.CachingOperationNameGenerator - Generating unique operation named: getChapterListByBookIdUsingGET_1
2020-11-30 13:57:12.221 [main] INFO  s.d.s.w.r.operation.CachingOperationNameGenerator - Generating unique operation named: getMaxChapterIdUsingGET_1
2020-11-30 13:57:12.267 [main] INFO  s.d.s.w.r.operation.CachingOperationNameGenerator - Generating unique operation named: addBookInfoUsingPOST_1
2020-11-30 13:57:12.268 [main] INFO  s.d.s.w.r.operation.CachingOperationNameGenerator - Generating unique operation named: delBookInfoByIdUsingDELETE_1
2020-11-30 13:57:12.270 [main] INFO  s.d.s.w.r.operation.CachingOperationNameGenerator - Generating unique operation named: downBookByIdUsingGET_1
2020-11-30 13:57:12.278 [main] INFO  s.d.s.w.r.operation.CachingOperationNameGenerator - Generating unique operation named: findBookInfoByIdUsingGET_1
2020-11-30 13:57:12.279 [main] INFO  s.d.s.w.r.operation.CachingOperationNameGenerator - Generating unique operation named: findByIdUsingGET_1
2020-11-30 13:57:12.282 [main] INFO  s.d.s.w.r.operation.CachingOperationNameGenerator - Generating unique operation named: getBookInfo4PageAndParamUsingGET_1
2020-11-30 13:57:12.283 [main] INFO  s.d.s.w.r.operation.CachingOperationNameGenerator - Generating unique operation named: updateBookInfoUsingPUT_1
2020-11-30 13:57:12.284 [main] INFO  s.d.s.w.r.operation.CachingOperationNameGenerator - Generating unique operation named: uploadHeadUsingPOST_1
2020-11-30 13:57:12.291 [main] INFO  s.d.s.w.r.operation.CachingOperationNameGenerator - Generating unique operation named: addChapterUsingPOST_1
2020-11-30 13:57:12.292 [main] INFO  s.d.s.w.r.operation.CachingOperationNameGenerator - Generating unique operation named: addChapterUsingPOST_2
2020-11-30 13:57:12.293 [main] INFO  s.d.s.w.r.operation.CachingOperationNameGenerator - Generating unique operation named: delChapterByIdUsingDELETE_1
2020-11-30 13:57:12.294 [main] INFO  s.d.s.w.r.operation.CachingOperationNameGenerator - Generating unique operation named: getChapterInfoByBookIdAndChapterIdUsingGET_1
2020-11-30 13:57:12.295 [main] INFO  s.d.s.w.r.operation.CachingOperationNameGenerator - Generating unique operation named: getChapterListByBookIdPageAndSortUsingGET_1
2020-11-30 13:57:12.296 [main] INFO  s.d.s.w.r.operation.CachingOperationNameGenerator - Generating unique operation named: updateChapterUsingPUT_1
2020-11-30 13:57:12.353 [main] INFO  s.d.s.w.r.operation.CachingOperationNameGenerator - Generating unique operation named: addBookUsingPOST_1
2020-11-30 13:57:12.367 [main] INFO  s.d.s.w.r.operation.CachingOperationNameGenerator - Generating unique operation named: findByIdUsingGET_2
2020-11-30 13:57:12.369 [main] INFO  s.d.s.w.r.operation.CachingOperationNameGenerator - Generating unique operation named: loginUsingPOST_1
2020-11-30 13:57:12.372 [main] INFO  s.d.s.w.r.operation.CachingOperationNameGenerator - Generating unique operation named: uploadHeadUsingPOST_2
2020-11-30 13:57:12.378 [main] INFO  s.d.s.w.r.operation.CachingOperationNameGenerator - Generating unique operation named: getChapterUsingGET_1
2020-11-30 13:57:12.384 [main] INFO  s.d.s.w.r.operation.CachingOperationNameGenerator - Generating unique operation named: getBookUsingGET_1
2020-11-30 13:57:12.384 [main] INFO  s.d.s.w.r.operation.CachingOperationNameGenerator - Generating unique operation named: getChapterUsingGET_2
2020-11-30 13:57:12.386 [main] INFO  s.d.s.w.r.operation.CachingOperationNameGenerator - Generating unique operation named: repairUsingPOST_1
2020-11-30 13:57:12.404 [main] INFO  org.apache.coyote.http11.Http11NioProtocol - Starting ProtocolHandler ["http-nio-9004"]
2020-11-30 13:57:12.426 [main] INFO  o.s.boot.web.embedded.tomcat.TomcatWebServer - Tomcat started on port(s): 9004 (http) with context path ''
2020-11-30 13:57:12.428 [main] INFO  com.nine.one.yuedu.read.NineOneYueDuApplication - Started NineOneYueDuApplication in 6.237 seconds (JVM running for 7.497)
2020-11-30 13:57:38.157 [http-nio-9004-exec-1] INFO  o.a.c.core.ContainerBase.[Tomcat].[localhost].[/] - Initializing Spring DispatcherServlet 'dispatcherServlet'
2020-11-30 13:57:38.157 [http-nio-9004-exec-1] INFO  org.springframework.web.servlet.DispatcherServlet - Initializing Servlet 'dispatcherServlet'
2020-11-30 13:57:38.164 [http-nio-9004-exec-1] INFO  org.springframework.web.servlet.DispatcherServlet - Completed initialization in 7 ms
2020-11-30 14:14:29.092 [http-nio-9004-exec-1] INFO  c.n.o.yuedu.read.service.impl.BookInfoServiceImpl - 分页查询的数据为:
2020-11-30 14:23:24.742 [http-nio-9004-exec-2] INFO  c.n.o.yuedu.read.service.impl.BookInfoServiceImpl - 分页查询的数据为:
2020-11-30 14:40:19.177 [http-nio-9004-exec-9] INFO  c.n.o.yuedu.read.service.impl.BookInfoServiceImpl - 分页查询的数据为:
2020-11-30 14:57:34.290 [http-nio-9004-exec-5] INFO  c.n.o.yuedu.read.service.impl.BookInfoServiceImpl - 分页查询的数据为:
2020-11-30 15:00:19.402 [http-nio-9004-exec-3] INFO  c.n.o.yuedu.read.service.impl.BookInfoServiceImpl - 分页查询的数据为:
2020-11-30 15:17:22.796 [main] INFO  com.nine.one.yuedu.read.NineOneYueDuApplication - Starting NineOneYueDuApplication on LAPTOP-VRL8D1D5 with PID 2384 (D:\JXTC\91yuedu-read\target\classes started by asus in D:\JXTC\91yuedu-read)
2020-11-30 15:17:22.798 [main] INFO  com.nine.one.yuedu.read.NineOneYueDuApplication - The following profiles are active: test
2020-11-30 15:17:23.505 [main] INFO  o.s.d.r.config.RepositoryConfigurationDelegate - Multiple Spring Data modules found, entering strict repository configuration mode!
2020-11-30 15:17:23.505 [main] INFO  o.s.d.r.config.RepositoryConfigurationDelegate - Bootstrapping Spring Data Redis repositories in DEFAULT mode.
2020-11-30 15:17:23.564 [main] INFO  o.s.d.r.config.RepositoryConfigurationDelegate - Finished Spring Data repository scanning in 48ms. Found 0 Redis repository interfaces.
2020-11-30 15:17:23.748 [main] INFO  o.s.d.r.config.RepositoryConfigurationDelegate - Multiple Spring Data modules found, entering strict repository configuration mode!
2020-11-30 15:17:23.748 [main] INFO  o.s.d.r.config.RepositoryConfigurationDelegate - Bootstrapping Spring Data Redis repositories in DEFAULT mode.
2020-11-30 15:17:23.779 [main] INFO  o.s.d.r.config.RepositoryConfigurationDelegate - Finished Spring Data repository scanning in 30ms. Found 0 Redis repository interfaces.
2020-11-30 15:17:24.228 [main] INFO  o.s.boot.web.embedded.tomcat.TomcatWebServer - Tomcat initialized with port(s): 9004 (http)
2020-11-30 15:17:24.276 [main] INFO  org.apache.coyote.http11.Http11NioProtocol - Initializing ProtocolHandler ["http-nio-9004"]
2020-11-30 15:17:24.276 [main] INFO  org.apache.catalina.core.StandardService - Starting service [Tomcat]
2020-11-30 15:17:24.276 [main] INFO  org.apache.catalina.core.StandardEngine - Starting Servlet engine: [Apache Tomcat/9.0.33]
2020-11-30 15:17:24.384 [main] INFO  o.a.c.core.ContainerBase.[Tomcat].[localhost].[/] - Initializing Spring embedded WebApplicationContext
2020-11-30 15:17:24.384 [main] INFO  org.springframework.web.context.ContextLoader - Root WebApplicationContext: initialization completed in 1512 ms
2020-11-30 15:17:24.506 [main] INFO  c.a.d.s.b.a.DruidDataSourceAutoConfigure - Init DruidDataSource
2020-11-30 15:17:24.750 [main] INFO  com.alibaba.druid.pool.DruidDataSource - {dataSource-1} inited
2020-11-30 15:17:26.411 [main] INFO  s.d.s.w.PropertySourcedRequestMappingHandlerMapping - Mapped URL path [/v2/api-docs] onto method [springfox.documentation.swagger2.web.Swagger2Controller#getDocumentation(String, HttpServletRequest)]
2020-11-30 15:17:26.465 [main] INFO  o.s.b.a.s.s.UserDetailsServiceAutoConfiguration - 

Using generated security password: e93c30c7-1698-4661-892e-ba7893b2f721

2020-11-30 15:17:26.525 [main] INFO  o.s.security.web.DefaultSecurityFilterChain - Creating filter chain: any request, [org.springframework.security.web.context.request.async.WebAsyncManagerIntegrationFilter@45dde6ac, org.springframework.security.web.context.SecurityContextPersistenceFilter@38089dae, org.springframework.security.web.header.HeaderWriterFilter@2de3b052, org.springframework.security.web.authentication.logout.LogoutFilter@7757025d, org.springframework.security.web.savedrequest.RequestCacheAwareFilter@5dfd31f4, org.springframework.security.web.servletapi.SecurityContextHolderAwareRequestFilter@6df791a4, org.springframework.security.web.authentication.AnonymousAuthenticationFilter@14ed7ddf, org.springframework.security.web.session.SessionManagementFilter@4052913c, org.springframework.security.web.access.ExceptionTranslationFilter@566fe83c, org.springframework.security.web.access.intercept.FilterSecurityInterceptor@1ac0cdb0]
2020-11-30 15:17:26.646 [main] INFO  o.s.scheduling.concurrent.ThreadPoolTaskExecutor - Initializing ExecutorService 'applicationTaskExecutor'
2020-11-30 15:17:26.754 [main] INFO  o.s.scheduling.concurrent.ThreadPoolTaskScheduler - Initializing ExecutorService 'taskScheduler'
2020-11-30 15:17:26.783 [main] INFO  s.d.s.web.plugins.DocumentationPluginsBootstrapper - Context refreshed
2020-11-30 15:17:26.797 [main] INFO  s.d.s.web.plugins.DocumentationPluginsBootstrapper - Found 1 custom documentation plugin(s)
2020-11-30 15:17:26.819 [main] INFO  s.d.spring.web.scanners.ApiListingReferenceScanner - Scanning for api listing references
2020-11-30 15:17:26.919 [main] INFO  s.d.s.w.r.operation.CachingOperationNameGenerator - Generating unique operation named: getChapterListByBookIdUsingGET_1
2020-11-30 15:17:26.956 [main] INFO  s.d.s.w.r.operation.CachingOperationNameGenerator - Generating unique operation named: getMaxChapterIdUsingGET_1
2020-11-30 15:17:26.991 [main] INFO  s.d.s.w.r.operation.CachingOperationNameGenerator - Generating unique operation named: addBookInfoUsingPOST_1
2020-11-30 15:17:26.992 [main] INFO  s.d.s.w.r.operation.CachingOperationNameGenerator - Generating unique operation named: delBookInfoByIdUsingDELETE_1
2020-11-30 15:17:26.994 [main] INFO  s.d.s.w.r.operation.CachingOperationNameGenerator - Generating unique operation named: downBookByIdUsingGET_1
2020-11-30 15:17:27.001 [main] INFO  s.d.s.w.r.operation.CachingOperationNameGenerator - Generating unique operation named: findBookInfoByIdUsingGET_1
2020-11-30 15:17:27.001 [main] INFO  s.d.s.w.r.operation.CachingOperationNameGenerator - Generating unique operation named: findByIdUsingGET_1
2020-11-30 15:17:27.003 [main] INFO  s.d.s.w.r.operation.CachingOperationNameGenerator - Generating unique operation named: getBookInfo4PageAndParamUsingGET_1
2020-11-30 15:17:27.004 [main] INFO  s.d.s.w.r.operation.CachingOperationNameGenerator - Generating unique operation named: updateBookInfoUsingPUT_1
2020-11-30 15:17:27.005 [main] INFO  s.d.s.w.r.operation.CachingOperationNameGenerator - Generating unique operation named: uploadHeadUsingPOST_1
2020-11-30 15:17:27.011 [main] INFO  s.d.s.w.r.operation.CachingOperationNameGenerator - Generating unique operation named: addChapterUsingPOST_1
2020-11-30 15:17:27.012 [main] INFO  s.d.s.w.r.operation.CachingOperationNameGenerator - Generating unique operation named: addChapterUsingPOST_2
2020-11-30 15:17:27.012 [main] INFO  s.d.s.w.r.operation.CachingOperationNameGenerator - Generating unique operation named: delChapterByIdUsingDELETE_1
2020-11-30 15:17:27.013 [main] INFO  s.d.s.w.r.operation.CachingOperationNameGenerator - Generating unique operation named: getChapterInfoByBookIdAndChapterIdUsingGET_1
2020-11-30 15:17:27.014 [main] INFO  s.d.s.w.r.operation.CachingOperationNameGenerator - Generating unique operation named: getChapterListByBookIdPageAndSortUsingGET_1
2020-11-30 15:17:27.015 [main] INFO  s.d.s.w.r.operation.CachingOperationNameGenerator - Generating unique operation named: updateChapterUsingPUT_1
2020-11-30 15:17:27.080 [main] INFO  s.d.s.w.r.operation.CachingOperationNameGenerator - Generating unique operation named: addBookUsingPOST_1
2020-11-30 15:17:27.094 [main] INFO  s.d.s.w.r.operation.CachingOperationNameGenerator - Generating unique operation named: findByIdUsingGET_2
2020-11-30 15:17:27.096 [main] INFO  s.d.s.w.r.operation.CachingOperationNameGenerator - Generating unique operation named: loginUsingPOST_1
2020-11-30 15:17:27.098 [main] INFO  s.d.s.w.r.operation.CachingOperationNameGenerator - Generating unique operation named: uploadHeadUsingPOST_2
2020-11-30 15:17:27.103 [main] INFO  s.d.s.w.r.operation.CachingOperationNameGenerator - Generating unique operation named: getChapterUsingGET_1
2020-11-30 15:17:27.109 [main] INFO  s.d.s.w.r.operation.CachingOperationNameGenerator - Generating unique operation named: getBookUsingGET_1
2020-11-30 15:17:27.109 [main] INFO  s.d.s.w.r.operation.CachingOperationNameGenerator - Generating unique operation named: getChapterUsingGET_2
2020-11-30 15:17:27.111 [main] INFO  s.d.s.w.r.operation.CachingOperationNameGenerator - Generating unique operation named: repairUsingPOST_1
2020-11-30 15:17:27.127 [main] INFO  org.apache.coyote.http11.Http11NioProtocol - Starting ProtocolHandler ["http-nio-9004"]
2020-11-30 15:17:27.146 [main] INFO  o.s.boot.web.embedded.tomcat.TomcatWebServer - Tomcat started on port(s): 9004 (http) with context path ''
2020-11-30 15:17:27.148 [main] INFO  com.nine.one.yuedu.read.NineOneYueDuApplication - Started NineOneYueDuApplication in 4.687 seconds (JVM running for 5.683)
2020-11-30 15:17:35.115 [http-nio-9004-exec-1] INFO  o.a.c.core.ContainerBase.[Tomcat].[localhost].[/] - Initializing Spring DispatcherServlet 'dispatcherServlet'
2020-11-30 15:17:35.115 [http-nio-9004-exec-1] INFO  org.springframework.web.servlet.DispatcherServlet - Initializing Servlet 'dispatcherServlet'
2020-11-30 15:17:35.121 [http-nio-9004-exec-1] INFO  org.springframework.web.servlet.DispatcherServlet - Completed initialization in 6 ms
