2020-08-22 19:53:38.714 [main] INFO  com.nine.one.yuedu.read.NineOneYueDuApplication - Starting NineOneYueDuApplication on LAPTOP-VRL8D1D5 with PID 33752 (D:\JXTC\91yuedu-read\target\classes started by asus in D:\JXTC\91yuedu-read)
2020-08-22 19:53:38.717 [main] INFO  com.nine.one.yuedu.read.NineOneYueDuApplication - The following profiles are active: test
2020-08-22 19:53:39.645 [main] INFO  o.s.d.r.config.RepositoryConfigurationDelegate - Multiple Spring Data modules found, entering strict repository configuration mode!
2020-08-22 19:53:39.646 [main] INFO  o.s.d.r.config.RepositoryConfigurationDelegate - Bootstrapping Spring Data Redis repositories in DEFAULT mode.
2020-08-22 19:53:39.702 [main] INFO  o.s.d.r.config.RepositoryConfigurationDelegate - Finished Spring Data repository scanning in 40ms. Found 0 Redis repository interfaces.
2020-08-22 19:53:40.163 [main] INFO  o.s.boot.web.embedded.tomcat.TomcatWebServer - Tomcat initialized with port(s): 9004 (http)
2020-08-22 19:53:40.170 [main] INFO  org.apache.coyote.http11.Http11NioProtocol - Initializing ProtocolHandler ["http-nio-9004"]
2020-08-22 19:53:40.171 [main] INFO  org.apache.catalina.core.StandardService - Starting service [Tomcat]
2020-08-22 19:53:40.171 [main] INFO  org.apache.catalina.core.StandardEngine - Starting Servlet engine: [Apache Tomcat/9.0.33]
2020-08-22 19:53:40.299 [main] INFO  o.a.c.core.ContainerBase.[Tomcat].[localhost].[/] - Initializing Spring embedded WebApplicationContext
2020-08-22 19:53:40.300 [main] INFO  org.springframework.web.context.ContextLoader - Root WebApplicationContext: initialization completed in 1522 ms
2020-08-22 19:53:40.467 [main] INFO  c.a.d.s.b.a.DruidDataSourceAutoConfigure - Init DruidDataSource
2020-08-22 19:53:41.160 [main] INFO  com.alibaba.druid.pool.DruidDataSource - {dataSource-1} inited
2020-08-22 19:53:42.975 [main] INFO  s.d.s.w.PropertySourcedRequestMappingHandlerMapping - Mapped URL path [/v2/api-docs] onto method [springfox.documentation.swagger2.web.Swagger2Controller#getDocumentation(String, HttpServletRequest)]
2020-08-22 19:53:43.034 [main] INFO  o.s.b.a.s.s.UserDetailsServiceAutoConfiguration - 

Using generated security password: 9a7739d7-0c26-4777-a0ba-675021e990b1

2020-08-22 19:53:43.107 [main] INFO  o.s.security.web.DefaultSecurityFilterChain - Creating filter chain: any request, [org.springframework.security.web.context.request.async.WebAsyncManagerIntegrationFilter@852ef8d, org.springframework.security.web.context.SecurityContextPersistenceFilter@42c54bad, org.springframework.security.web.header.HeaderWriterFilter@6b5c134e, org.springframework.security.web.authentication.logout.LogoutFilter@685d7ba5, org.springframework.security.web.savedrequest.RequestCacheAwareFilter@5cc1bf20, org.springframework.security.web.servletapi.SecurityContextHolderAwareRequestFilter@b01cb8d, org.springframework.security.web.authentication.AnonymousAuthenticationFilter@44dd0d38, org.springframework.security.web.session.SessionManagementFilter@3b218c74, org.springframework.security.web.access.ExceptionTranslationFilter@52aa7742, org.springframework.security.web.access.intercept.FilterSecurityInterceptor@4628a02b]
2020-08-22 19:53:43.190 [main] INFO  o.s.scheduling.concurrent.ThreadPoolTaskExecutor - Initializing ExecutorService 'applicationTaskExecutor'
2020-08-22 19:53:43.357 [main] INFO  s.d.s.web.plugins.DocumentationPluginsBootstrapper - Context refreshed
2020-08-22 19:53:43.372 [main] INFO  s.d.s.web.plugins.DocumentationPluginsBootstrapper - Found 1 custom documentation plugin(s)
2020-08-22 19:53:43.399 [main] INFO  s.d.spring.web.scanners.ApiListingReferenceScanner - Scanning for api listing references
2020-08-22 19:53:43.462 [main] INFO  s.d.s.w.r.operation.CachingOperationNameGenerator - Generating unique operation named: getChapterListByBookIdUsingGET_1
2020-08-22 19:53:43.543 [main] INFO  s.d.s.w.r.operation.CachingOperationNameGenerator - Generating unique operation named: addBookInfoUsingPOST_1
2020-08-22 19:53:43.545 [main] INFO  s.d.s.w.r.operation.CachingOperationNameGenerator - Generating unique operation named: downBookByIdUsingGET_1
2020-08-22 19:53:43.553 [main] INFO  s.d.s.w.r.operation.CachingOperationNameGenerator - Generating unique operation named: findBookInfoByIdUsingGET_1
2020-08-22 19:53:43.556 [main] INFO  s.d.s.w.r.operation.CachingOperationNameGenerator - Generating unique operation named: getBookInfo4PageAndParamUsingGET_1
2020-08-22 19:53:43.557 [main] INFO  s.d.s.w.r.operation.CachingOperationNameGenerator - Generating unique operation named: uploadHeadUsingPOST_1
2020-08-22 19:53:43.565 [main] INFO  s.d.s.w.r.operation.CachingOperationNameGenerator - Generating unique operation named: addChapterUsingPOST_1
2020-08-22 19:53:43.568 [main] INFO  s.d.s.w.r.operation.CachingOperationNameGenerator - Generating unique operation named: getChapterListByBookIdPageAndSortUsingGET_1
2020-08-22 19:53:43.608 [main] INFO  s.d.s.w.r.operation.CachingOperationNameGenerator - Generating unique operation named: addBookUsingPOST_1
2020-08-22 19:53:43.615 [main] INFO  s.d.s.w.r.operation.CachingOperationNameGenerator - Generating unique operation named: findByIdUsingGET_1
2020-08-22 19:53:43.620 [main] INFO  s.d.s.w.r.operation.CachingOperationNameGenerator - Generating unique operation named: uploadHeadUsingPOST_2
2020-08-22 19:53:43.620 [main] INFO  s.d.s.w.r.operation.CachingOperationNameGenerator - Generating unique operation named: getChapterUsingGET_1
2020-08-22 19:53:43.627 [main] INFO  s.d.s.w.r.operation.CachingOperationNameGenerator - Generating unique operation named: getBookUsingGET_1
2020-08-22 19:53:43.627 [main] INFO  s.d.s.w.r.operation.CachingOperationNameGenerator - Generating unique operation named: getChapterUsingGET_2
2020-08-22 19:53:43.644 [main] INFO  org.apache.coyote.http11.Http11NioProtocol - Starting ProtocolHandler ["http-nio-9004"]
2020-08-22 19:53:43.665 [main] INFO  o.s.boot.web.embedded.tomcat.TomcatWebServer - Tomcat started on port(s): 9004 (http) with context path ''
2020-08-22 19:53:43.667 [main] INFO  com.nine.one.yuedu.read.NineOneYueDuApplication - Started NineOneYueDuApplication in 5.349 seconds (JVM running for 6.471)
2020-08-22 20:07:03.615 [http-nio-9004-exec-1] INFO  o.a.c.core.ContainerBase.[Tomcat].[localhost].[/] - Initializing Spring DispatcherServlet 'dispatcherServlet'
2020-08-22 20:07:03.615 [http-nio-9004-exec-1] INFO  org.springframework.web.servlet.DispatcherServlet - Initializing Servlet 'dispatcherServlet'
2020-08-22 20:07:03.622 [http-nio-9004-exec-1] INFO  org.springframework.web.servlet.DispatcherServlet - Completed initialization in 7 ms
2020-08-22 20:46:56.152 [main] INFO  com.nine.one.yuedu.read.NineOneYueDuApplication - Starting NineOneYueDuApplication on LAPTOP-VRL8D1D5 with PID 47608 (D:\JXTC\91yuedu-read\target\classes started by asus in D:\JXTC\91yuedu-read)
2020-08-22 20:46:56.156 [main] INFO  com.nine.one.yuedu.read.NineOneYueDuApplication - The following profiles are active: test
2020-08-22 20:46:57.082 [main] INFO  o.s.d.r.config.RepositoryConfigurationDelegate - Multiple Spring Data modules found, entering strict repository configuration mode!
2020-08-22 20:46:57.084 [main] INFO  o.s.d.r.config.RepositoryConfigurationDelegate - Bootstrapping Spring Data Redis repositories in DEFAULT mode.
2020-08-22 20:46:57.133 [main] INFO  o.s.d.r.config.RepositoryConfigurationDelegate - Finished Spring Data repository scanning in 39ms. Found 0 Redis repository interfaces.
2020-08-22 20:46:57.555 [main] INFO  o.s.boot.web.embedded.tomcat.TomcatWebServer - Tomcat initialized with port(s): 9004 (http)
2020-08-22 20:46:57.562 [main] INFO  org.apache.coyote.http11.Http11NioProtocol - Initializing ProtocolHandler ["http-nio-9004"]
2020-08-22 20:46:57.563 [main] INFO  org.apache.catalina.core.StandardService - Starting service [Tomcat]
2020-08-22 20:46:57.563 [main] INFO  org.apache.catalina.core.StandardEngine - Starting Servlet engine: [Apache Tomcat/9.0.33]
2020-08-22 20:46:57.677 [main] INFO  o.a.c.core.ContainerBase.[Tomcat].[localhost].[/] - Initializing Spring embedded WebApplicationContext
2020-08-22 20:46:57.677 [main] INFO  org.springframework.web.context.ContextLoader - Root WebApplicationContext: initialization completed in 1472 ms
2020-08-22 20:46:57.842 [main] INFO  c.a.d.s.b.a.DruidDataSourceAutoConfigure - Init DruidDataSource
2020-08-22 20:46:58.642 [main] INFO  com.alibaba.druid.pool.DruidDataSource - {dataSource-1} inited
2020-08-22 20:47:00.392 [main] INFO  s.d.s.w.PropertySourcedRequestMappingHandlerMapping - Mapped URL path [/v2/api-docs] onto method [springfox.documentation.swagger2.web.Swagger2Controller#getDocumentation(String, HttpServletRequest)]
2020-08-22 20:47:00.435 [main] INFO  o.s.b.a.s.s.UserDetailsServiceAutoConfiguration - 

Using generated security password: 9fd01302-e24e-4f63-9c8b-87a91f3fdaa3

2020-08-22 20:47:00.494 [main] INFO  o.s.security.web.DefaultSecurityFilterChain - Creating filter chain: any request, [org.springframework.security.web.context.request.async.WebAsyncManagerIntegrationFilter@34d9df9f, org.springframework.security.web.context.SecurityContextPersistenceFilter@402b4f81, org.springframework.security.web.header.HeaderWriterFilter@214b342f, org.springframework.security.web.authentication.logout.LogoutFilter@57e03347, org.springframework.security.web.savedrequest.RequestCacheAwareFilter@23b1aa9, org.springframework.security.web.servletapi.SecurityContextHolderAwareRequestFilter@2094bf3d, org.springframework.security.web.authentication.AnonymousAuthenticationFilter@35c8be21, org.springframework.security.web.session.SessionManagementFilter@29170a47, org.springframework.security.web.access.ExceptionTranslationFilter@1796b2d4, org.springframework.security.web.access.intercept.FilterSecurityInterceptor@566c1e71]
2020-08-22 20:47:00.575 [main] INFO  o.s.scheduling.concurrent.ThreadPoolTaskExecutor - Initializing ExecutorService 'applicationTaskExecutor'
2020-08-22 20:47:00.729 [main] INFO  s.d.s.web.plugins.DocumentationPluginsBootstrapper - Context refreshed
2020-08-22 20:47:00.741 [main] INFO  s.d.s.web.plugins.DocumentationPluginsBootstrapper - Found 1 custom documentation plugin(s)
2020-08-22 20:47:00.762 [main] INFO  s.d.spring.web.scanners.ApiListingReferenceScanner - Scanning for api listing references
2020-08-22 20:47:00.816 [main] INFO  s.d.s.w.r.operation.CachingOperationNameGenerator - Generating unique operation named: getChapterListByBookIdUsingGET_1
2020-08-22 20:47:00.893 [main] INFO  s.d.s.w.r.operation.CachingOperationNameGenerator - Generating unique operation named: addBookInfoUsingPOST_1
2020-08-22 20:47:00.895 [main] INFO  s.d.s.w.r.operation.CachingOperationNameGenerator - Generating unique operation named: downBookByIdUsingGET_1
2020-08-22 20:47:00.902 [main] INFO  s.d.s.w.r.operation.CachingOperationNameGenerator - Generating unique operation named: findBookInfoByIdUsingGET_1
2020-08-22 20:47:00.905 [main] INFO  s.d.s.w.r.operation.CachingOperationNameGenerator - Generating unique operation named: getBookInfo4PageAndParamUsingGET_1
2020-08-22 20:47:00.907 [main] INFO  s.d.s.w.r.operation.CachingOperationNameGenerator - Generating unique operation named: uploadHeadUsingPOST_1
2020-08-22 20:47:00.914 [main] INFO  s.d.s.w.r.operation.CachingOperationNameGenerator - Generating unique operation named: addChapterUsingPOST_1
2020-08-22 20:47:00.917 [main] INFO  s.d.s.w.r.operation.CachingOperationNameGenerator - Generating unique operation named: getChapterListByBookIdPageAndSortUsingGET_1
2020-08-22 20:47:00.959 [main] INFO  s.d.s.w.r.operation.CachingOperationNameGenerator - Generating unique operation named: addBookUsingPOST_1
2020-08-22 20:47:00.967 [main] INFO  s.d.s.w.r.operation.CachingOperationNameGenerator - Generating unique operation named: findByIdUsingGET_1
2020-08-22 20:47:00.971 [main] INFO  s.d.s.w.r.operation.CachingOperationNameGenerator - Generating unique operation named: uploadHeadUsingPOST_2
2020-08-22 20:47:00.972 [main] INFO  s.d.s.w.r.operation.CachingOperationNameGenerator - Generating unique operation named: getChapterUsingGET_1
2020-08-22 20:47:00.979 [main] INFO  s.d.s.w.r.operation.CachingOperationNameGenerator - Generating unique operation named: getBookUsingGET_1
2020-08-22 20:47:00.979 [main] INFO  s.d.s.w.r.operation.CachingOperationNameGenerator - Generating unique operation named: getChapterUsingGET_2
2020-08-22 20:47:01.009 [main] INFO  org.apache.coyote.http11.Http11NioProtocol - Starting ProtocolHandler ["http-nio-9004"]
2020-08-22 20:47:01.031 [main] INFO  o.s.boot.web.embedded.tomcat.TomcatWebServer - Tomcat started on port(s): 9004 (http) with context path ''
2020-08-22 20:47:01.033 [main] INFO  com.nine.one.yuedu.read.NineOneYueDuApplication - Started NineOneYueDuApplication in 5.211 seconds (JVM running for 6.192)
2020-08-22 20:47:06.880 [http-nio-9004-exec-1] INFO  o.a.c.core.ContainerBase.[Tomcat].[localhost].[/] - Initializing Spring DispatcherServlet 'dispatcherServlet'
2020-08-22 20:47:06.880 [http-nio-9004-exec-1] INFO  org.springframework.web.servlet.DispatcherServlet - Initializing Servlet 'dispatcherServlet'
2020-08-22 20:47:06.891 [http-nio-9004-exec-1] INFO  org.springframework.web.servlet.DispatcherServlet - Completed initialization in 11 ms
2020-08-22 20:47:18.355 [http-nio-9004-exec-8] INFO  c.n.o.yuedu.read.service.impl.BookInfoServiceImpl - 分页查询的数据为:
2020-08-22 20:48:54.391 [http-nio-9004-exec-7] INFO  c.n.o.yuedu.read.service.impl.BookInfoServiceImpl - 分页查询的数据为:
2020-08-23 00:53:18.110 [http-nio-9004-exec-5] INFO  c.n.o.yuedu.read.service.impl.BookInfoServiceImpl - 分页查询的数据为:
2020-08-23 00:53:24.906 [http-nio-9004-exec-3] INFO  c.n.o.yuedu.read.service.impl.BookInfoServiceImpl - 分页查询的数据为:
2020-08-23 00:53:42.675 [http-nio-9004-exec-9] INFO  c.n.o.yuedu.read.service.impl.BookInfoServiceImpl - 分页查询的数据为:
